count,p,oType
20548,http://www4.wiwiss.fu-berlin.de/bizer/bsbm/v01/vocabulary/productFeature,http://www4.wiwiss.fu-berlin.de/bizer/bsbm/v01/vocabulary/ProductFeature
4000,http://www.w3.org/1999/02/22-rdf-syntax-ns#type,http://www4.wiwiss.fu-berlin.de/bizer/bsbm/v01/vocabulary/ProductType
150,http://www.w3.org/2000/01/rdf-schema#subClassOf,http://www4.wiwiss.fu-berlin.de/bizer/bsbm/v01/vocabulary/ProductType
149,http://www4.wiwiss.fu-berlin.de/bizer/bsbm/v01/vocabulary/product,http://www4.wiwiss.fu-berlin.de/bizer/bsbm/v01/instances/ProductType39
73,http://www4.wiwiss.fu-berlin.de/bizer/bsbm/v01/vocabulary/reviewFor,http://www4.wiwiss.fu-berlin.de/bizer/bsbm/v01/instances/ProductType39
4382,http://www4.wiwiss.fu-berlin.de/bizer/bsbm/v01/vocabulary/product,http://www4.wiwiss.fu-berlin.de/bizer/bsbm/v01/instances/ProductType4
2257,http://www4.wiwiss.fu-berlin.de/bizer/bsbm/v01/vocabulary/reviewFor,http://www4.wiwiss.fu-berlin.de/bizer/bsbm/v01/instances/ProductType4
339,http://www4.wiwiss.fu-berlin.de/bizer/bsbm/v01/vocabulary/product,http://www4.wiwiss.fu-berlin.de/bizer/bsbm/v01/instances/ProductType56
441,http://www4.wiwiss.fu-berlin.de/bizer/bsbm/v01/vocabulary/product,http://www4.wiwiss.fu-berlin.de/bizer/bsbm/v01/instances/ProductType57
220,http://www4.wiwiss.fu-berlin.de/bizer/bsbm/v01/vocabulary/reviewFor,http://www4.wiwiss.fu-berlin.de/bizer/bsbm/v01/instances/ProductType57
185,http://www4.wiwiss.fu-berlin.de/bizer/bsbm/v01/vocabulary/product,http://www4.wiwiss.fu-berlin.de/bizer/bsbm/v01/instances/ProductType58
117,http://www4.wiwiss.fu-berlin.de/bizer/bsbm/v01/vocabulary/reviewFor,http://www4.wiwiss.fu-berlin.de/bizer/bsbm/v01/instances/ProductType58
780,http://www4.wiwiss.fu-berlin.de/bizer/bsbm/v01/vocabulary/product,http://www4.wiwiss.fu-berlin.de/bizer/bsbm/v01/instances/ProductType8
380,http://www4.wiwiss.fu-berlin.de/bizer/bsbm/v01/vocabulary/reviewFor,http://www4.wiwiss.fu-berlin.de/bizer/bsbm/v01/instances/ProductType8
378,http://www4.wiwiss.fu-berlin.de/bizer/bsbm/v01/vocabulary/product,http://www4.wiwiss.fu-berlin.de/bizer/bsbm/v01/instances/ProductType86
182,http://www4.wiwiss.fu-berlin.de/bizer/bsbm/v01/vocabulary/reviewFor,http://www4.wiwiss.fu-berlin.de/bizer/bsbm/v01/instances/ProductType86
303,http://www4.wiwiss.fu-berlin.de/bizer/bsbm/v01/vocabulary/product,http://www4.wiwiss.fu-berlin.de/bizer/bsbm/v01/instances/ProductType89
154,http://www4.wiwiss.fu-berlin.de/bizer/bsbm/v01/vocabulary/reviewFor,http://www4.wiwiss.fu-berlin.de/bizer/bsbm/v01/instances/ProductType89
360,http://www4.wiwiss.fu-berlin.de/bizer/bsbm/v01/vocabulary/product,http://www4.wiwiss.fu-berlin.de/bizer/bsbm/v01/instances/ProductType9
213,http://www4.wiwiss.fu-berlin.de/bizer/bsbm/v01/vocabulary/reviewFor,http://www4.wiwiss.fu-berlin.de/bizer/bsbm/v01/instances/ProductType9
1022,http://purl.org/dc/elements/1.1/publisher,http://www4.wiwiss.fu-berlin.de/bizer/bsbm/v01/vocabulary/Producer
1000,http://www4.wiwiss.fu-berlin.de/bizer/bsbm/v01/vocabulary/producer,http://www4.wiwiss.fu-berlin.de/bizer/bsbm/v01/vocabulary/Producer
20000,http://www4.wiwiss.fu-berlin.de/bizer/bsbm/v01/vocabulary/product,http://www4.wiwiss.fu-berlin.de/bizer/bsbm/v01/instances/ProductType1
10000,http://www4.wiwiss.fu-berlin.de/bizer/bsbm/v01/vocabulary/reviewFor,http://www4.wiwiss.fu-berlin.de/bizer/bsbm/v01/instances/ProductType1
713,http://www4.wiwiss.fu-berlin.de/bizer/bsbm/v01/vocabulary/product,http://www4.wiwiss.fu-berlin.de/bizer/bsbm/v01/instances/ProductType24
390,http://www4.wiwiss.fu-berlin.de/bizer/bsbm/v01/vocabulary/reviewFor,http://www4.wiwiss.fu-berlin.de/bizer/bsbm/v01/instances/ProductType24
20000,http://www4.wiwiss.fu-berlin.de/bizer/bsbm/v01/vocabulary/product,http://www4.wiwiss.fu-berlin.de/bizer/bsbm/v01/vocabulary/Product
10000,http://www4.wiwiss.fu-berlin.de/bizer/bsbm/v01/vocabulary/reviewFor,http://www4.wiwiss.fu-berlin.de/bizer/bsbm/v01/vocabulary/Product
630,http://www4.wiwiss.fu-berlin.de/bizer/bsbm/v01/vocabulary/product,http://www4.wiwiss.fu-berlin.de/bizer/bsbm/v01/instances/ProductType23
328,http://www4.wiwiss.fu-berlin.de/bizer/bsbm/v01/vocabulary/reviewFor,http://www4.wiwiss.fu-berlin.de/bizer/bsbm/v01/instances/ProductType23
4661,http://www4.wiwiss.fu-berlin.de/bizer/bsbm/v01/vocabulary/product,http://www4.wiwiss.fu-berlin.de/bizer/bsbm/v01/instances/ProductType3
2291,http://www4.wiwiss.fu-berlin.de/bizer/bsbm/v01/vocabulary/reviewFor,http://www4.wiwiss.fu-berlin.de/bizer/bsbm/v01/instances/ProductType3
5084,http://www4.wiwiss.fu-berlin.de/bizer/bsbm/v01/vocabulary/product,http://www4.wiwiss.fu-berlin.de/bizer/bsbm/v01/instances/ProductType2
2576,http://www4.wiwiss.fu-berlin.de/bizer/bsbm/v01/vocabulary/reviewFor,http://www4.wiwiss.fu-berlin.de/bizer/bsbm/v01/instances/ProductType2
93,http://www4.wiwiss.fu-berlin.de/bizer/bsbm/v01/vocabulary/product,http://www4.wiwiss.fu-berlin.de/bizer/bsbm/v01/instances/ProductType118
44,http://www4.wiwiss.fu-berlin.de/bizer/bsbm/v01/vocabulary/reviewFor,http://www4.wiwiss.fu-berlin.de/bizer/bsbm/v01/instances/ProductType118
2960,http://www4.wiwiss.fu-berlin.de/bizer/bsbm/v01/vocabulary/product,http://www4.wiwiss.fu-berlin.de/bizer/bsbm/v01/instances/ProductType5
1443,http://www4.wiwiss.fu-berlin.de/bizer/bsbm/v01/vocabulary/reviewFor,http://www4.wiwiss.fu-berlin.de/bizer/bsbm/v01/instances/ProductType5
359,http://www4.wiwiss.fu-berlin.de/bizer/bsbm/v01/vocabulary/product,http://www4.wiwiss.fu-berlin.de/bizer/bsbm/v01/instances/ProductType22
167,http://www4.wiwiss.fu-berlin.de/bizer/bsbm/v01/vocabulary/reviewFor,http://www4.wiwiss.fu-berlin.de/bizer/bsbm/v01/instances/ProductType22
175,http://www4.wiwiss.fu-berlin.de/bizer/bsbm/v01/vocabulary/product,http://www4.wiwiss.fu-berlin.de/bizer/bsbm/v01/instances/ProductType85
79,http://www4.wiwiss.fu-berlin.de/bizer/bsbm/v01/vocabulary/reviewFor,http://www4.wiwiss.fu-berlin.de/bizer/bsbm/v01/instances/ProductType85
711,http://www4.wiwiss.fu-berlin.de/bizer/bsbm/v01/vocabulary/product,http://www4.wiwiss.fu-berlin.de/bizer/bsbm/v01/instances/ProductType12
350,http://www4.wiwiss.fu-berlin.de/bizer/bsbm/v01/vocabulary/reviewFor,http://www4.wiwiss.fu-berlin.de/bizer/bsbm/v01/instances/ProductType12
407,http://www4.wiwiss.fu-berlin.de/bizer/bsbm/v01/vocabulary/product,http://www4.wiwiss.fu-berlin.de/bizer/bsbm/v01/instances/ProductType65
220,http://www4.wiwiss.fu-berlin.de/bizer/bsbm/v01/vocabulary/reviewFor,http://www4.wiwiss.fu-berlin.de/bizer/bsbm/v01/instances/ProductType65
34,http://www4.wiwiss.fu-berlin.de/bizer/bsbm/v01/vocabulary/product,http://www4.wiwiss.fu-berlin.de/bizer/bsbm/v01/instances/ProductType149
15,http://www4.wiwiss.fu-berlin.de/bizer/bsbm/v01/vocabulary/reviewFor,http://www4.wiwiss.fu-berlin.de/bizer/bsbm/v01/instances/ProductType149
56,http://www4.wiwiss.fu-berlin.de/bizer/bsbm/v01/vocabulary/product,http://www4.wiwiss.fu-berlin.de/bizer/bsbm/v01/instances/ProductType54
27,http://www4.wiwiss.fu-berlin.de/bizer/bsbm/v01/vocabulary/reviewFor,http://www4.wiwiss.fu-berlin.de/bizer/bsbm/v01/instances/ProductType54
1008,http://www4.wiwiss.fu-berlin.de/bizer/bsbm/v01/vocabulary/product,http://www4.wiwiss.fu-berlin.de/bizer/bsbm/v01/instances/ProductType7
466,http://www4.wiwiss.fu-berlin.de/bizer/bsbm/v01/vocabulary/reviewFor,http://www4.wiwiss.fu-berlin.de/bizer/bsbm/v01/instances/ProductType7
711,http://www4.wiwiss.fu-berlin.de/bizer/bsbm/v01/vocabulary/product,http://www4.wiwiss.fu-berlin.de/bizer/bsbm/v01/instances/ProductType10
386,http://www4.wiwiss.fu-berlin.de/bizer/bsbm/v01/vocabulary/reviewFor,http://www4.wiwiss.fu-berlin.de/bizer/bsbm/v01/instances/ProductType10
380,http://www4.wiwiss.fu-berlin.de/bizer/bsbm/v01/vocabulary/product,http://www4.wiwiss.fu-berlin.de/bizer/bsbm/v01/instances/ProductType60
214,http://www4.wiwiss.fu-berlin.de/bizer/bsbm/v01/vocabulary/reviewFor,http://www4.wiwiss.fu-berlin.de/bizer/bsbm/v01/instances/ProductType60
147,http://www4.wiwiss.fu-berlin.de/bizer/bsbm/v01/vocabulary/product,http://www4.wiwiss.fu-berlin.de/bizer/bsbm/v01/instances/ProductType110
91,http://www4.wiwiss.fu-berlin.de/bizer/bsbm/v01/vocabulary/reviewFor,http://www4.wiwiss.fu-berlin.de/bizer/bsbm/v01/instances/ProductType110
375,http://www4.wiwiss.fu-berlin.de/bizer/bsbm/v01/vocabulary/product,http://www4.wiwiss.fu-berlin.de/bizer/bsbm/v01/instances/ProductType35
193,http://www4.wiwiss.fu-berlin.de/bizer/bsbm/v01/vocabulary/reviewFor,http://www4.wiwiss.fu-berlin.de/bizer/bsbm/v01/instances/ProductType35
778,http://www4.wiwiss.fu-berlin.de/bizer/bsbm/v01/vocabulary/product,http://www4.wiwiss.fu-berlin.de/bizer/bsbm/v01/instances/ProductType13
384,http://www4.wiwiss.fu-berlin.de/bizer/bsbm/v01/vocabulary/product,http://www4.wiwiss.fu-berlin.de/bizer/bsbm/v01/instances/ProductType67
22,http://www4.wiwiss.fu-berlin.de/bizer/bsbm/v01/vocabulary/product,http://www4.wiwiss.fu-berlin.de/bizer/bsbm/v01/instances/ProductType148
12,http://www4.wiwiss.fu-berlin.de/bizer/bsbm/v01/vocabulary/reviewFor,http://www4.wiwiss.fu-berlin.de/bizer/bsbm/v01/instances/ProductType148
56,http://www4.wiwiss.fu-berlin.de/bizer/bsbm/v01/vocabulary/product,http://www4.wiwiss.fu-berlin.de/bizer/bsbm/v01/instances/ProductType119
29,http://www4.wiwiss.fu-berlin.de/bizer/bsbm/v01/vocabulary/reviewFor,http://www4.wiwiss.fu-berlin.de/bizer/bsbm/v01/instances/ProductType119
250,http://www4.wiwiss.fu-berlin.de/bizer/bsbm/v01/vocabulary/product,http://www4.wiwiss.fu-berlin.de/bizer/bsbm/v01/instances/ProductType107
122,http://www4.wiwiss.fu-berlin.de/bizer/bsbm/v01/vocabulary/reviewFor,http://www4.wiwiss.fu-berlin.de/bizer/bsbm/v01/instances/ProductType107
428,http://www4.wiwiss.fu-berlin.de/bizer/bsbm/v01/vocabulary/product,http://www4.wiwiss.fu-berlin.de/bizer/bsbm/v01/instances/ProductType33
194,http://www4.wiwiss.fu-berlin.de/bizer/bsbm/v01/vocabulary/reviewFor,http://www4.wiwiss.fu-berlin.de/bizer/bsbm/v01/instances/ProductType33
133,http://www4.wiwiss.fu-berlin.de/bizer/bsbm/v01/vocabulary/product,http://www4.wiwiss.fu-berlin.de/bizer/bsbm/v01/instances/ProductType130
65,http://www4.wiwiss.fu-berlin.de/bizer/bsbm/v01/vocabulary/reviewFor,http://www4.wiwiss.fu-berlin.de/bizer/bsbm/v01/instances/ProductType130
227,http://www4.wiwiss.fu-berlin.de/bizer/bsbm/v01/vocabulary/product,http://www4.wiwiss.fu-berlin.de/bizer/bsbm/v01/instances/ProductType45
110,http://www4.wiwiss.fu-berlin.de/bizer/bsbm/v01/vocabulary/reviewFor,http://www4.wiwiss.fu-berlin.de/bizer/bsbm/v01/instances/ProductType45
1905,http://www4.wiwiss.fu-berlin.de/bizer/bsbm/v01/vocabulary/product,http://www4.wiwiss.fu-berlin.de/bizer/bsbm/v01/instances/ProductType6
967,http://www4.wiwiss.fu-berlin.de/bizer/bsbm/v01/vocabulary/reviewFor,http://www4.wiwiss.fu-berlin.de/bizer/bsbm/v01/instances/ProductType6
194,http://www4.wiwiss.fu-berlin.de/bizer/bsbm/v01/vocabulary/product,http://www4.wiwiss.fu-berlin.de/bizer/bsbm/v01/instances/ProductType115
87,http://www4.wiwiss.fu-berlin.de/bizer/bsbm/v01/vocabulary/reviewFor,http://www4.wiwiss.fu-berlin.de/bizer/bsbm/v01/instances/ProductType115
552,http://www4.wiwiss.fu-berlin.de/bizer/bsbm/v01/vocabulary/product,http://www4.wiwiss.fu-berlin.de/bizer/bsbm/v01/instances/ProductType37
248,http://www4.wiwiss.fu-berlin.de/bizer/bsbm/v01/vocabulary/reviewFor,http://www4.wiwiss.fu-berlin.de/bizer/bsbm/v01/instances/ProductType37
559,http://www4.wiwiss.fu-berlin.de/bizer/bsbm/v01/vocabulary/product,http://www4.wiwiss.fu-berlin.de/bizer/bsbm/v01/instances/ProductType16
260,http://www4.wiwiss.fu-berlin.de/bizer/bsbm/v01/vocabulary/reviewFor,http://www4.wiwiss.fu-berlin.de/bizer/bsbm/v01/instances/ProductType16
284,http://www4.wiwiss.fu-berlin.de/bizer/bsbm/v01/vocabulary/product,http://www4.wiwiss.fu-berlin.de/bizer/bsbm/v01/instances/ProductType73
127,http://www4.wiwiss.fu-berlin.de/bizer/bsbm/v01/vocabulary/reviewFor,http://www4.wiwiss.fu-berlin.de/bizer/bsbm/v01/instances/ProductType73
34,http://www4.wiwiss.fu-berlin.de/bizer/bsbm/v01/vocabulary/product,http://www4.wiwiss.fu-berlin.de/bizer/bsbm/v01/instances/ProductType116
21,http://www4.wiwiss.fu-berlin.de/bizer/bsbm/v01/vocabulary/reviewFor,http://www4.wiwiss.fu-berlin.de/bizer/bsbm/v01/instances/ProductType116
144,http://www4.wiwiss.fu-berlin.de/bizer/bsbm/v01/vocabulary/product,http://www4.wiwiss.fu-berlin.de/bizer/bsbm/v01/instances/ProductType38
63,http://www4.wiwiss.fu-berlin.de/bizer/bsbm/v01/vocabulary/reviewFor,http://www4.wiwiss.fu-berlin.de/bizer/bsbm/v01/instances/ProductType38
67,http://www4.wiwiss.fu-berlin.de/bizer/bsbm/v01/vocabulary/product,http://www4.wiwiss.fu-berlin.de/bizer/bsbm/v01/instances/ProductType133
23,http://www4.wiwiss.fu-berlin.de/bizer/bsbm/v01/vocabulary/reviewFor,http://www4.wiwiss.fu-berlin.de/bizer/bsbm/v01/instances/ProductType133
152,http://www4.wiwiss.fu-berlin.de/bizer/bsbm/v01/vocabulary/product,http://www4.wiwiss.fu-berlin.de/bizer/bsbm/v01/instances/ProductType46
71,http://www4.wiwiss.fu-berlin.de/bizer/bsbm/v01/vocabulary/reviewFor,http://www4.wiwiss.fu-berlin.de/bizer/bsbm/v01/instances/ProductType46
758,http://www4.wiwiss.fu-berlin.de/bizer/bsbm/v01/vocabulary/product,http://www4.wiwiss.fu-berlin.de/bizer/bsbm/v01/instances/ProductType18
358,http://www4.wiwiss.fu-berlin.de/bizer/bsbm/v01/vocabulary/reviewFor,http://www4.wiwiss.fu-berlin.de/bizer/bsbm/v01/instances/ProductType18
311,http://www4.wiwiss.fu-berlin.de/bizer/bsbm/v01/vocabulary/product,http://www4.wiwiss.fu-berlin.de/bizer/bsbm/v01/instances/ProductType76
150,http://www4.wiwiss.fu-berlin.de/bizer/bsbm/v01/vocabulary/reviewFor,http://www4.wiwiss.fu-berlin.de/bizer/bsbm/v01/instances/ProductType76
252,http://www4.wiwiss.fu-berlin.de/bizer/bsbm/v01/vocabulary/product,http://www4.wiwiss.fu-berlin.de/bizer/bsbm/v01/instances/ProductType87
146,http://www4.wiwiss.fu-berlin.de/bizer/bsbm/v01/vocabulary/reviewFor,http://www4.wiwiss.fu-berlin.de/bizer/bsbm/v01/instances/ProductType87
663,http://www4.wiwiss.fu-berlin.de/bizer/bsbm/v01/vocabulary/product,http://www4.wiwiss.fu-berlin.de/bizer/bsbm/v01/instances/ProductType17
280,http://www4.wiwiss.fu-berlin.de/bizer/bsbm/v01/vocabulary/reviewFor,http://www4.wiwiss.fu-berlin.de/bizer/bsbm/v01/instances/ProductType17
414,http://www4.wiwiss.fu-berlin.de/bizer/bsbm/v01/vocabulary/product,http://www4.wiwiss.fu-berlin.de/bizer/bsbm/v01/instances/ProductType75
176,http://www4.wiwiss.fu-berlin.de/bizer/bsbm/v01/vocabulary/reviewFor,http://www4.wiwiss.fu-berlin.de/bizer/bsbm/v01/instances/ProductType75
103,http://www4.wiwiss.fu-berlin.de/bizer/bsbm/v01/vocabulary/product,http://www4.wiwiss.fu-berlin.de/bizer/bsbm/v01/instances/ProductType146
50,http://www4.wiwiss.fu-berlin.de/bizer/bsbm/v01/vocabulary/reviewFor,http://www4.wiwiss.fu-berlin.de/bizer/bsbm/v01/instances/ProductType146
191,http://www4.wiwiss.fu-berlin.de/bizer/bsbm/v01/vocabulary/product,http://www4.wiwiss.fu-berlin.de/bizer/bsbm/v01/instances/ProductType53
93,http://www4.wiwiss.fu-berlin.de/bizer/bsbm/v01/vocabulary/reviewFor,http://www4.wiwiss.fu-berlin.de/bizer/bsbm/v01/instances/ProductType53
153,http://www4.wiwiss.fu-berlin.de/bizer/bsbm/v01/vocabulary/product,http://www4.wiwiss.fu-berlin.de/bizer/bsbm/v01/instances/ProductType124
75,http://www4.wiwiss.fu-berlin.de/bizer/bsbm/v01/vocabulary/reviewFor,http://www4.wiwiss.fu-berlin.de/bizer/bsbm/v01/instances/ProductType124
318,http://www4.wiwiss.fu-berlin.de/bizer/bsbm/v01/vocabulary/product,http://www4.wiwiss.fu-berlin.de/bizer/bsbm/v01/instances/ProductType42
152,http://www4.wiwiss.fu-berlin.de/bizer/bsbm/v01/vocabulary/reviewFor,http://www4.wiwiss.fu-berlin.de/bizer/bsbm/v01/instances/ProductType42
673,http://www4.wiwiss.fu-berlin.de/bizer/bsbm/v01/vocabulary/product,http://www4.wiwiss.fu-berlin.de/bizer/bsbm/v01/instances/ProductType14
337,http://www4.wiwiss.fu-berlin.de/bizer/bsbm/v01/vocabulary/reviewFor,http://www4.wiwiss.fu-berlin.de/bizer/bsbm/v01/instances/ProductType14
390,http://www4.wiwiss.fu-berlin.de/bizer/bsbm/v01/vocabulary/product,http://www4.wiwiss.fu-berlin.de/bizer/bsbm/v01/instances/ProductType69
203,http://www4.wiwiss.fu-berlin.de/bizer/bsbm/v01/vocabulary/reviewFor,http://www4.wiwiss.fu-berlin.de/bizer/bsbm/v01/instances/ProductType69
133,http://www4.wiwiss.fu-berlin.de/bizer/bsbm/v01/vocabulary/product,http://www4.wiwiss.fu-berlin.de/bizer/bsbm/v01/instances/ProductType122
79,http://www4.wiwiss.fu-berlin.de/bizer/bsbm/v01/vocabulary/reviewFor,http://www4.wiwiss.fu-berlin.de/bizer/bsbm/v01/instances/ProductType122
254,http://www4.wiwiss.fu-berlin.de/bizer/bsbm/v01/vocabulary/product,http://www4.wiwiss.fu-berlin.de/bizer/bsbm/v01/instances/ProductType41
157,http://www4.wiwiss.fu-berlin.de/bizer/bsbm/v01/vocabulary/reviewFor,http://www4.wiwiss.fu-berlin.de/bizer/bsbm/v01/instances/ProductType41
85,http://www4.wiwiss.fu-berlin.de/bizer/bsbm/v01/vocabulary/product,http://www4.wiwiss.fu-berlin.de/bizer/bsbm/v01/instances/ProductType132
48,http://www4.wiwiss.fu-berlin.de/bizer/bsbm/v01/vocabulary/reviewFor,http://www4.wiwiss.fu-berlin.de/bizer/bsbm/v01/instances/ProductType132
489,http://www4.wiwiss.fu-berlin.de/bizer/bsbm/v01/vocabulary/product,http://www4.wiwiss.fu-berlin.de/bizer/bsbm/v01/instances/ProductType28
241,http://www4.wiwiss.fu-berlin.de/bizer/bsbm/v01/vocabulary/reviewFor,http://www4.wiwiss.fu-berlin.de/bizer/bsbm/v01/instances/ProductType28
251,http://www4.wiwiss.fu-berlin.de/bizer/bsbm/v01/vocabulary/product,http://www4.wiwiss.fu-berlin.de/bizer/bsbm/v01/instances/ProductType96
550,http://www4.wiwiss.fu-berlin.de/bizer/bsbm/v01/vocabulary/product,http://www4.wiwiss.fu-berlin.de/bizer/bsbm/v01/instances/ProductType21
256,http://www4.wiwiss.fu-berlin.de/bizer/bsbm/v01/vocabulary/reviewFor,http://www4.wiwiss.fu-berlin.de/bizer/bsbm/v01/instances/ProductType21
243,http://www4.wiwiss.fu-berlin.de/bizer/bsbm/v01/vocabulary/product,http://www4.wiwiss.fu-berlin.de/bizer/bsbm/v01/instances/ProductType83
108,http://www4.wiwiss.fu-berlin.de/bizer/bsbm/v01/vocabulary/reviewFor,http://www4.wiwiss.fu-berlin.de/bizer/bsbm/v01/instances/ProductType83
561,http://www4.wiwiss.fu-berlin.de/bizer/bsbm/v01/vocabulary/product,http://www4.wiwiss.fu-berlin.de/bizer/bsbm/v01/instances/ProductType11
264,http://www4.wiwiss.fu-berlin.de/bizer/bsbm/v01/vocabulary/reviewFor,http://www4.wiwiss.fu-berlin.de/bizer/bsbm/v01/instances/ProductType11
238,http://www4.wiwiss.fu-berlin.de/bizer/bsbm/v01/vocabulary/product,http://www4.wiwiss.fu-berlin.de/bizer/bsbm/v01/instances/ProductType63
97,http://www4.wiwiss.fu-berlin.de/bizer/bsbm/v01/vocabulary/reviewFor,http://www4.wiwiss.fu-berlin.de/bizer/bsbm/v01/instances/ProductType63
220,http://www4.wiwiss.fu-berlin.de/bizer/bsbm/v01/vocabulary/product,http://www4.wiwiss.fu-berlin.de/bizer/bsbm/v01/instances/ProductType112
89,http://www4.wiwiss.fu-berlin.de/bizer/bsbm/v01/vocabulary/reviewFor,http://www4.wiwiss.fu-berlin.de/bizer/bsbm/v01/instances/ProductType112
344,http://www4.wiwiss.fu-berlin.de/bizer/bsbm/v01/vocabulary/product,http://www4.wiwiss.fu-berlin.de/bizer/bsbm/v01/instances/ProductType36
141,http://www4.wiwiss.fu-berlin.de/bizer/bsbm/v01/vocabulary/reviewFor,http://www4.wiwiss.fu-berlin.de/bizer/bsbm/v01/instances/ProductType36
380,http://www4.wiwiss.fu-berlin.de/bizer/bsbm/v01/vocabulary/reviewFor,http://www4.wiwiss.fu-berlin.de/bizer/bsbm/v01/instances/ProductType13
177,http://www4.wiwiss.fu-berlin.de/bizer/bsbm/v01/vocabulary/reviewFor,http://www4.wiwiss.fu-berlin.de/bizer/bsbm/v01/instances/ProductType67
238,http://www4.wiwiss.fu-berlin.de/bizer/bsbm/v01/vocabulary/product,http://www4.wiwiss.fu-berlin.de/bizer/bsbm/v01/instances/ProductType97
122,http://www4.wiwiss.fu-berlin.de/bizer/bsbm/v01/vocabulary/reviewFor,http://www4.wiwiss.fu-berlin.de/bizer/bsbm/v01/instances/ProductType97
475,http://www4.wiwiss.fu-berlin.de/bizer/bsbm/v01/vocabulary/product,http://www4.wiwiss.fu-berlin.de/bizer/bsbm/v01/instances/ProductType29
243,http://www4.wiwiss.fu-berlin.de/bizer/bsbm/v01/vocabulary/reviewFor,http://www4.wiwiss.fu-berlin.de/bizer/bsbm/v01/instances/ProductType29
205,http://www4.wiwiss.fu-berlin.de/bizer/bsbm/v01/vocabulary/product,http://www4.wiwiss.fu-berlin.de/bizer/bsbm/v01/instances/ProductType99
110,http://www4.wiwiss.fu-berlin.de/bizer/bsbm/v01/vocabulary/reviewFor,http://www4.wiwiss.fu-berlin.de/bizer/bsbm/v01/instances/ProductType99
121,http://www4.wiwiss.fu-berlin.de/bizer/bsbm/v01/vocabulary/product,http://www4.wiwiss.fu-berlin.de/bizer/bsbm/v01/instances/ProductType123
78,http://www4.wiwiss.fu-berlin.de/bizer/bsbm/v01/vocabulary/reviewFor,http://www4.wiwiss.fu-berlin.de/bizer/bsbm/v01/instances/ProductType123
130,http://www4.wiwiss.fu-berlin.de/bizer/bsbm/v01/vocabulary/product,http://www4.wiwiss.fu-berlin.de/bizer/bsbm/v01/instances/ProductType127
63,http://www4.wiwiss.fu-berlin.de/bizer/bsbm/v01/vocabulary/reviewFor,http://www4.wiwiss.fu-berlin.de/bizer/bsbm/v01/instances/ProductType127
268,http://www4.wiwiss.fu-berlin.de/bizer/bsbm/v01/vocabulary/product,http://www4.wiwiss.fu-berlin.de/bizer/bsbm/v01/instances/ProductType43
127,http://www4.wiwiss.fu-berlin.de/bizer/bsbm/v01/vocabulary/reviewFor,http://www4.wiwiss.fu-berlin.de/bizer/bsbm/v01/instances/ProductType43
510,http://www4.wiwiss.fu-berlin.de/bizer/bsbm/v01/vocabulary/product,http://www4.wiwiss.fu-berlin.de/bizer/bsbm/v01/instances/ProductType15
266,http://www4.wiwiss.fu-berlin.de/bizer/bsbm/v01/vocabulary/reviewFor,http://www4.wiwiss.fu-berlin.de/bizer/bsbm/v01/instances/ProductType15
267,http://www4.wiwiss.fu-berlin.de/bizer/bsbm/v01/vocabulary/product,http://www4.wiwiss.fu-berlin.de/bizer/bsbm/v01/instances/ProductType71
137,http://www4.wiwiss.fu-berlin.de/bizer/bsbm/v01/vocabulary/reviewFor,http://www4.wiwiss.fu-berlin.de/bizer/bsbm/v01/instances/ProductType71
410,http://www4.wiwiss.fu-berlin.de/bizer/bsbm/v01/vocabulary/product,http://www4.wiwiss.fu-berlin.de/bizer/bsbm/v01/instances/ProductType88
236,http://www4.wiwiss.fu-berlin.de/bizer/bsbm/v01/vocabulary/reviewFor,http://www4.wiwiss.fu-berlin.de/bizer/bsbm/v01/instances/ProductType88
424,http://www4.wiwiss.fu-berlin.de/bizer/bsbm/v01/vocabulary/product,http://www4.wiwiss.fu-berlin.de/bizer/bsbm/v01/instances/ProductType19
267,http://www4.wiwiss.fu-berlin.de/bizer/bsbm/v01/vocabulary/reviewFor,http://www4.wiwiss.fu-berlin.de/bizer/bsbm/v01/instances/ProductType19
226,http://www4.wiwiss.fu-berlin.de/bizer/bsbm/v01/vocabulary/product,http://www4.wiwiss.fu-berlin.de/bizer/bsbm/v01/instances/ProductType78
137,http://www4.wiwiss.fu-berlin.de/bizer/bsbm/v01/vocabulary/reviewFor,http://www4.wiwiss.fu-berlin.de/bizer/bsbm/v01/instances/ProductType78
283,http://www4.wiwiss.fu-berlin.de/bizer/bsbm/v01/vocabulary/product,http://www4.wiwiss.fu-berlin.de/bizer/bsbm/v01/instances/ProductType68
134,http://www4.wiwiss.fu-berlin.de/bizer/bsbm/v01/vocabulary/reviewFor,http://www4.wiwiss.fu-berlin.de/bizer/bsbm/v01/instances/ProductType68
323,http://www4.wiwiss.fu-berlin.de/bizer/bsbm/v01/vocabulary/product,http://www4.wiwiss.fu-berlin.de/bizer/bsbm/v01/instances/ProductType62
167,http://www4.wiwiss.fu-berlin.de/bizer/bsbm/v01/vocabulary/reviewFor,http://www4.wiwiss.fu-berlin.de/bizer/bsbm/v01/instances/ProductType62
447,http://www4.wiwiss.fu-berlin.de/bizer/bsbm/v01/vocabulary/product,http://www4.wiwiss.fu-berlin.de/bizer/bsbm/v01/instances/ProductType77
208,http://www4.wiwiss.fu-berlin.de/bizer/bsbm/v01/vocabulary/reviewFor,http://www4.wiwiss.fu-berlin.de/bizer/bsbm/v01/instances/ProductType77
307,http://www4.wiwiss.fu-berlin.de/bizer/bsbm/v01/vocabulary/product,http://www4.wiwiss.fu-berlin.de/bizer/bsbm/v01/instances/ProductType82
148,http://www4.wiwiss.fu-berlin.de/bizer/bsbm/v01/vocabulary/reviewFor,http://www4.wiwiss.fu-berlin.de/bizer/bsbm/v01/instances/ProductType82
442,http://www4.wiwiss.fu-berlin.de/bizer/bsbm/v01/vocabulary/product,http://www4.wiwiss.fu-berlin.de/bizer/bsbm/v01/instances/ProductType27
230,http://www4.wiwiss.fu-berlin.de/bizer/bsbm/v01/vocabulary/reviewFor,http://www4.wiwiss.fu-berlin.de/bizer/bsbm/v01/instances/ProductType27
106,http://www4.wiwiss.fu-berlin.de/bizer/bsbm/v01/vocabulary/product,http://www4.wiwiss.fu-berlin.de/bizer/bsbm/v01/instances/ProductType94
68,http://www4.wiwiss.fu-berlin.de/bizer/bsbm/v01/vocabulary/reviewFor,http://www4.wiwiss.fu-berlin.de/bizer/bsbm/v01/instances/ProductType94
718,http://www4.wiwiss.fu-berlin.de/bizer/bsbm/v01/vocabulary/product,http://www4.wiwiss.fu-berlin.de/bizer/bsbm/v01/instances/ProductType20
375,http://www4.wiwiss.fu-berlin.de/bizer/bsbm/v01/vocabulary/reviewFor,http://www4.wiwiss.fu-berlin.de/bizer/bsbm/v01/instances/ProductType20
326,http://www4.wiwiss.fu-berlin.de/bizer/bsbm/v01/vocabulary/product,http://www4.wiwiss.fu-berlin.de/bizer/bsbm/v01/instances/ProductType81
149,http://www4.wiwiss.fu-berlin.de/bizer/bsbm/v01/vocabulary/reviewFor,http://www4.wiwiss.fu-berlin.de/bizer/bsbm/v01/instances/ProductType81
165,http://www4.wiwiss.fu-berlin.de/bizer/bsbm/v01/vocabulary/product,http://www4.wiwiss.fu-berlin.de/bizer/bsbm/v01/instances/ProductType125
77,http://www4.wiwiss.fu-berlin.de/bizer/bsbm/v01/vocabulary/reviewFor,http://www4.wiwiss.fu-berlin.de/bizer/bsbm/v01/instances/ProductType125
295,http://www4.wiwiss.fu-berlin.de/bizer/bsbm/v01/vocabulary/product,http://www4.wiwiss.fu-berlin.de/bizer/bsbm/v01/instances/ProductType109
532,http://www4.wiwiss.fu-berlin.de/bizer/bsbm/v01/vocabulary/product,http://www4.wiwiss.fu-berlin.de/bizer/bsbm/v01/instances/ProductType34
110,http://www4.wiwiss.fu-berlin.de/bizer/bsbm/v01/vocabulary/product,http://www4.wiwiss.fu-berlin.de/bizer/bsbm/v01/instances/ProductType117
42,http://www4.wiwiss.fu-berlin.de/bizer/bsbm/v01/vocabulary/reviewFor,http://www4.wiwiss.fu-berlin.de/bizer/bsbm/v01/instances/ProductType117
555,http://www4.wiwiss.fu-berlin.de/bizer/bsbm/v01/vocabulary/product,http://www4.wiwiss.fu-berlin.de/bizer/bsbm/v01/instances/ProductType25
308,http://www4.wiwiss.fu-berlin.de/bizer/bsbm/v01/vocabulary/reviewFor,http://www4.wiwiss.fu-berlin.de/bizer/bsbm/v01/instances/ProductType25
219,http://www4.wiwiss.fu-berlin.de/bizer/bsbm/v01/vocabulary/product,http://www4.wiwiss.fu-berlin.de/bizer/bsbm/v01/instances/ProductType91
112,http://www4.wiwiss.fu-berlin.de/bizer/bsbm/v01/vocabulary/reviewFor,http://www4.wiwiss.fu-berlin.de/bizer/bsbm/v01/instances/ProductType91
125,http://www4.wiwiss.fu-berlin.de/bizer/bsbm/v01/vocabulary/product,http://www4.wiwiss.fu-berlin.de/bizer/bsbm/v01/instances/ProductType144
52,http://www4.wiwiss.fu-berlin.de/bizer/bsbm/v01/vocabulary/reviewFor,http://www4.wiwiss.fu-berlin.de/bizer/bsbm/v01/instances/ProductType144
125,http://www4.wiwiss.fu-berlin.de/bizer/bsbm/v01/vocabulary/product,http://www4.wiwiss.fu-berlin.de/bizer/bsbm/v01/instances/ProductType52
52,http://www4.wiwiss.fu-berlin.de/bizer/bsbm/v01/vocabulary/reviewFor,http://www4.wiwiss.fu-berlin.de/bizer/bsbm/v01/instances/ProductType52
392,http://www4.wiwiss.fu-berlin.de/bizer/bsbm/v01/vocabulary/product,http://www4.wiwiss.fu-berlin.de/bizer/bsbm/v01/instances/ProductType80
226,http://www4.wiwiss.fu-berlin.de/bizer/bsbm/v01/vocabulary/reviewFor,http://www4.wiwiss.fu-berlin.de/bizer/bsbm/v01/instances/ProductType80
91,http://www4.wiwiss.fu-berlin.de/bizer/bsbm/v01/vocabulary/product,http://www4.wiwiss.fu-berlin.de/bizer/bsbm/v01/instances/ProductType129
44,http://www4.wiwiss.fu-berlin.de/bizer/bsbm/v01/vocabulary/reviewFor,http://www4.wiwiss.fu-berlin.de/bizer/bsbm/v01/instances/ProductType129
151,http://www4.wiwiss.fu-berlin.de/bizer/bsbm/v01/vocabulary/product,http://www4.wiwiss.fu-berlin.de/bizer/bsbm/v01/instances/ProductType44
75,http://www4.wiwiss.fu-berlin.de/bizer/bsbm/v01/vocabulary/reviewFor,http://www4.wiwiss.fu-berlin.de/bizer/bsbm/v01/instances/ProductType44
60,http://www4.wiwiss.fu-berlin.de/bizer/bsbm/v01/vocabulary/product,http://www4.wiwiss.fu-berlin.de/bizer/bsbm/v01/instances/ProductType128
31,http://www4.wiwiss.fu-berlin.de/bizer/bsbm/v01/vocabulary/reviewFor,http://www4.wiwiss.fu-berlin.de/bizer/bsbm/v01/instances/ProductType128
199,http://www4.wiwiss.fu-berlin.de/bizer/bsbm/v01/vocabulary/product,http://www4.wiwiss.fu-berlin.de/bizer/bsbm/v01/instances/ProductType100
89,http://www4.wiwiss.fu-berlin.de/bizer/bsbm/v01/vocabulary/reviewFor,http://www4.wiwiss.fu-berlin.de/bizer/bsbm/v01/instances/ProductType100
613,http://www4.wiwiss.fu-berlin.de/bizer/bsbm/v01/vocabulary/product,http://www4.wiwiss.fu-berlin.de/bizer/bsbm/v01/instances/ProductType30
307,http://www4.wiwiss.fu-berlin.de/bizer/bsbm/v01/vocabulary/reviewFor,http://www4.wiwiss.fu-berlin.de/bizer/bsbm/v01/instances/ProductType30
139,http://www4.wiwiss.fu-berlin.de/bizer/bsbm/v01/vocabulary/reviewFor,http://www4.wiwiss.fu-berlin.de/bizer/bsbm/v01/instances/ProductType109
285,http://www4.wiwiss.fu-berlin.de/bizer/bsbm/v01/vocabulary/reviewFor,http://www4.wiwiss.fu-berlin.de/bizer/bsbm/v01/instances/ProductType34
160,http://www4.wiwiss.fu-berlin.de/bizer/bsbm/v01/vocabulary/reviewFor,http://www4.wiwiss.fu-berlin.de/bizer/bsbm/v01/instances/ProductType56
228,http://www4.wiwiss.fu-berlin.de/bizer/bsbm/v01/vocabulary/product,http://www4.wiwiss.fu-berlin.de/bizer/bsbm/v01/instances/ProductType111
102,http://www4.wiwiss.fu-berlin.de/bizer/bsbm/v01/vocabulary/reviewFor,http://www4.wiwiss.fu-berlin.de/bizer/bsbm/v01/instances/ProductType111
304,http://www4.wiwiss.fu-berlin.de/bizer/bsbm/v01/vocabulary/product,http://www4.wiwiss.fu-berlin.de/bizer/bsbm/v01/instances/ProductType64
130,http://www4.wiwiss.fu-berlin.de/bizer/bsbm/v01/vocabulary/reviewFor,http://www4.wiwiss.fu-berlin.de/bizer/bsbm/v01/instances/ProductType64
358,http://www4.wiwiss.fu-berlin.de/bizer/bsbm/v01/vocabulary/product,http://www4.wiwiss.fu-berlin.de/bizer/bsbm/v01/instances/ProductType114
161,http://www4.wiwiss.fu-berlin.de/bizer/bsbm/v01/vocabulary/reviewFor,http://www4.wiwiss.fu-berlin.de/bizer/bsbm/v01/instances/ProductType114
249,http://www4.wiwiss.fu-berlin.de/bizer/bsbm/v01/vocabulary/product,http://www4.wiwiss.fu-berlin.de/bizer/bsbm/v01/instances/ProductType74
104,http://www4.wiwiss.fu-berlin.de/bizer/bsbm/v01/vocabulary/reviewFor,http://www4.wiwiss.fu-berlin.de/bizer/bsbm/v01/instances/ProductType74
175,http://www4.wiwiss.fu-berlin.de/bizer/bsbm/v01/vocabulary/product,http://www4.wiwiss.fu-berlin.de/bizer/bsbm/v01/instances/ProductType59
96,http://www4.wiwiss.fu-berlin.de/bizer/bsbm/v01/vocabulary/reviewFor,http://www4.wiwiss.fu-berlin.de/bizer/bsbm/v01/instances/ProductType59
119,http://www4.wiwiss.fu-berlin.de/bizer/bsbm/v01/vocabulary/reviewFor,http://www4.wiwiss.fu-berlin.de/bizer/bsbm/v01/instances/ProductType96
218,http://www4.wiwiss.fu-berlin.de/bizer/bsbm/v01/vocabulary/product,http://www4.wiwiss.fu-berlin.de/bizer/bsbm/v01/instances/ProductType105
116,http://www4.wiwiss.fu-berlin.de/bizer/bsbm/v01/vocabulary/reviewFor,http://www4.wiwiss.fu-berlin.de/bizer/bsbm/v01/instances/ProductType105
436,http://www4.wiwiss.fu-berlin.de/bizer/bsbm/v01/vocabulary/product,http://www4.wiwiss.fu-berlin.de/bizer/bsbm/v01/instances/ProductType32
246,http://www4.wiwiss.fu-berlin.de/bizer/bsbm/v01/vocabulary/reviewFor,http://www4.wiwiss.fu-berlin.de/bizer/bsbm/v01/instances/ProductType32
336,http://www4.wiwiss.fu-berlin.de/bizer/bsbm/v01/vocabulary/product,http://www4.wiwiss.fu-berlin.de/bizer/bsbm/v01/instances/ProductType95
162,http://www4.wiwiss.fu-berlin.de/bizer/bsbm/v01/vocabulary/reviewFor,http://www4.wiwiss.fu-berlin.de/bizer/bsbm/v01/instances/ProductType95
35,http://www4.wiwiss.fu-berlin.de/bizer/bsbm/v01/vocabulary/product,http://www4.wiwiss.fu-berlin.de/bizer/bsbm/v01/instances/ProductType150
19,http://www4.wiwiss.fu-berlin.de/bizer/bsbm/v01/vocabulary/reviewFor,http://www4.wiwiss.fu-berlin.de/bizer/bsbm/v01/instances/ProductType150
59,http://www4.wiwiss.fu-berlin.de/bizer/bsbm/v01/vocabulary/product,http://www4.wiwiss.fu-berlin.de/bizer/bsbm/v01/instances/ProductType55
30,http://www4.wiwiss.fu-berlin.de/bizer/bsbm/v01/vocabulary/reviewFor,http://www4.wiwiss.fu-berlin.de/bizer/bsbm/v01/instances/ProductType55
331,http://www4.wiwiss.fu-berlin.de/bizer/bsbm/v01/vocabulary/product,http://www4.wiwiss.fu-berlin.de/bizer/bsbm/v01/instances/ProductType61
172,http://www4.wiwiss.fu-berlin.de/bizer/bsbm/v01/vocabulary/reviewFor,http://www4.wiwiss.fu-berlin.de/bizer/bsbm/v01/instances/ProductType61
394,http://www4.wiwiss.fu-berlin.de/bizer/bsbm/v01/vocabulary/product,http://www4.wiwiss.fu-berlin.de/bizer/bsbm/v01/instances/ProductType66
203,http://www4.wiwiss.fu-berlin.de/bizer/bsbm/v01/vocabulary/reviewFor,http://www4.wiwiss.fu-berlin.de/bizer/bsbm/v01/instances/ProductType66
275,http://www4.wiwiss.fu-berlin.de/bizer/bsbm/v01/vocabulary/product,http://www4.wiwiss.fu-berlin.de/bizer/bsbm/v01/instances/ProductType72
133,http://www4.wiwiss.fu-berlin.de/bizer/bsbm/v01/vocabulary/reviewFor,http://www4.wiwiss.fu-berlin.de/bizer/bsbm/v01/instances/ProductType72
237,http://www4.wiwiss.fu-berlin.de/bizer/bsbm/v01/vocabulary/product,http://www4.wiwiss.fu-berlin.de/bizer/bsbm/v01/instances/ProductType108
146,http://www4.wiwiss.fu-berlin.de/bizer/bsbm/v01/vocabulary/reviewFor,http://www4.wiwiss.fu-berlin.de/bizer/bsbm/v01/instances/ProductType108
243,http://www4.wiwiss.fu-berlin.de/bizer/bsbm/v01/vocabulary/product,http://www4.wiwiss.fu-berlin.de/bizer/bsbm/v01/instances/ProductType70
129,http://www4.wiwiss.fu-berlin.de/bizer/bsbm/v01/vocabulary/reviewFor,http://www4.wiwiss.fu-berlin.de/bizer/bsbm/v01/instances/ProductType70
336,http://www4.wiwiss.fu-berlin.de/bizer/bsbm/v01/vocabulary/product,http://www4.wiwiss.fu-berlin.de/bizer/bsbm/v01/instances/ProductType90
196,http://www4.wiwiss.fu-berlin.de/bizer/bsbm/v01/vocabulary/reviewFor,http://www4.wiwiss.fu-berlin.de/bizer/bsbm/v01/instances/ProductType90
88,http://www4.wiwiss.fu-berlin.de/bizer/bsbm/v01/vocabulary/product,http://www4.wiwiss.fu-berlin.de/bizer/bsbm/v01/instances/ProductType147
43,http://www4.wiwiss.fu-berlin.de/bizer/bsbm/v01/vocabulary/reviewFor,http://www4.wiwiss.fu-berlin.de/bizer/bsbm/v01/instances/ProductType147
411,http://www4.wiwiss.fu-berlin.de/bizer/bsbm/v01/vocabulary/product,http://www4.wiwiss.fu-berlin.de/bizer/bsbm/v01/instances/ProductType102
207,http://www4.wiwiss.fu-berlin.de/bizer/bsbm/v01/vocabulary/reviewFor,http://www4.wiwiss.fu-berlin.de/bizer/bsbm/v01/instances/ProductType102
638,http://www4.wiwiss.fu-berlin.de/bizer/bsbm/v01/vocabulary/product,http://www4.wiwiss.fu-berlin.de/bizer/bsbm/v01/instances/ProductType31
299,http://www4.wiwiss.fu-berlin.de/bizer/bsbm/v01/vocabulary/reviewFor,http://www4.wiwiss.fu-berlin.de/bizer/bsbm/v01/instances/ProductType31
414,http://www4.wiwiss.fu-berlin.de/bizer/bsbm/v01/vocabulary/product,http://www4.wiwiss.fu-berlin.de/bizer/bsbm/v01/instances/ProductType101
218,http://www4.wiwiss.fu-berlin.de/bizer/bsbm/v01/vocabulary/reviewFor,http://www4.wiwiss.fu-berlin.de/bizer/bsbm/v01/instances/ProductType101
138,http://www4.wiwiss.fu-berlin.de/bizer/bsbm/v01/vocabulary/product,http://www4.wiwiss.fu-berlin.de/bizer/bsbm/v01/instances/ProductType126
64,http://www4.wiwiss.fu-berlin.de/bizer/bsbm/v01/vocabulary/reviewFor,http://www4.wiwiss.fu-berlin.de/bizer/bsbm/v01/instances/ProductType126
227,http://www4.wiwiss.fu-berlin.de/bizer/bsbm/v01/vocabulary/product,http://www4.wiwiss.fu-berlin.de/bizer/bsbm/v01/instances/ProductType103
92,http://www4.wiwiss.fu-berlin.de/bizer/bsbm/v01/vocabulary/reviewFor,http://www4.wiwiss.fu-berlin.de/bizer/bsbm/v01/instances/ProductType103
86,http://www4.wiwiss.fu-berlin.de/bizer/bsbm/v01/vocabulary/product,http://www4.wiwiss.fu-berlin.de/bizer/bsbm/v01/instances/ProductType135
48,http://www4.wiwiss.fu-berlin.de/bizer/bsbm/v01/vocabulary/reviewFor,http://www4.wiwiss.fu-berlin.de/bizer/bsbm/v01/instances/ProductType135
182,http://www4.wiwiss.fu-berlin.de/bizer/bsbm/v01/vocabulary/product,http://www4.wiwiss.fu-berlin.de/bizer/bsbm/v01/instances/ProductType47
84,http://www4.wiwiss.fu-berlin.de/bizer/bsbm/v01/vocabulary/reviewFor,http://www4.wiwiss.fu-berlin.de/bizer/bsbm/v01/instances/ProductType47
270,http://www4.wiwiss.fu-berlin.de/bizer/bsbm/v01/vocabulary/product,http://www4.wiwiss.fu-berlin.de/bizer/bsbm/v01/instances/ProductType98
133,http://www4.wiwiss.fu-berlin.de/bizer/bsbm/v01/vocabulary/reviewFor,http://www4.wiwiss.fu-berlin.de/bizer/bsbm/v01/instances/ProductType98
128,http://www4.wiwiss.fu-berlin.de/bizer/bsbm/v01/vocabulary/product,http://www4.wiwiss.fu-berlin.de/bizer/bsbm/v01/instances/ProductType136
60,http://www4.wiwiss.fu-berlin.de/bizer/bsbm/v01/vocabulary/reviewFor,http://www4.wiwiss.fu-berlin.de/bizer/bsbm/v01/instances/ProductType136
144,http://www4.wiwiss.fu-berlin.de/bizer/bsbm/v01/vocabulary/product,http://www4.wiwiss.fu-berlin.de/bizer/bsbm/v01/instances/ProductType48
67,http://www4.wiwiss.fu-berlin.de/bizer/bsbm/v01/vocabulary/reviewFor,http://www4.wiwiss.fu-berlin.de/bizer/bsbm/v01/instances/ProductType48
198,http://www4.wiwiss.fu-berlin.de/bizer/bsbm/v01/vocabulary/product,http://www4.wiwiss.fu-berlin.de/bizer/bsbm/v01/instances/ProductType79
130,http://www4.wiwiss.fu-berlin.de/bizer/bsbm/v01/vocabulary/reviewFor,http://www4.wiwiss.fu-berlin.de/bizer/bsbm/v01/instances/ProductType79
457,http://www4.wiwiss.fu-berlin.de/bizer/bsbm/v01/vocabulary/product,http://www4.wiwiss.fu-berlin.de/bizer/bsbm/v01/instances/ProductType26
239,http://www4.wiwiss.fu-berlin.de/bizer/bsbm/v01/vocabulary/reviewFor,http://www4.wiwiss.fu-berlin.de/bizer/bsbm/v01/instances/ProductType26
195,http://www4.wiwiss.fu-berlin.de/bizer/bsbm/v01/vocabulary/product,http://www4.wiwiss.fu-berlin.de/bizer/bsbm/v01/instances/ProductType93
101,http://www4.wiwiss.fu-berlin.de/bizer/bsbm/v01/vocabulary/reviewFor,http://www4.wiwiss.fu-berlin.de/bizer/bsbm/v01/instances/ProductType93
62,http://www4.wiwiss.fu-berlin.de/bizer/bsbm/v01/vocabulary/product,http://www4.wiwiss.fu-berlin.de/bizer/bsbm/v01/instances/ProductType141
30,http://www4.wiwiss.fu-berlin.de/bizer/bsbm/v01/vocabulary/reviewFor,http://www4.wiwiss.fu-berlin.de/bizer/bsbm/v01/instances/ProductType141
96,http://www4.wiwiss.fu-berlin.de/bizer/bsbm/v01/vocabulary/product,http://www4.wiwiss.fu-berlin.de/bizer/bsbm/v01/instances/ProductType50
48,http://www4.wiwiss.fu-berlin.de/bizer/bsbm/v01/vocabulary/reviewFor,http://www4.wiwiss.fu-berlin.de/bizer/bsbm/v01/instances/ProductType50
184,http://www4.wiwiss.fu-berlin.de/bizer/bsbm/v01/vocabulary/product,http://www4.wiwiss.fu-berlin.de/bizer/bsbm/v01/instances/ProductType84
88,http://www4.wiwiss.fu-berlin.de/bizer/bsbm/v01/vocabulary/reviewFor,http://www4.wiwiss.fu-berlin.de/bizer/bsbm/v01/instances/ProductType84
218,http://www4.wiwiss.fu-berlin.de/bizer/bsbm/v01/vocabulary/product,http://www4.wiwiss.fu-berlin.de/bizer/bsbm/v01/instances/ProductType104
130,http://www4.wiwiss.fu-berlin.de/bizer/bsbm/v01/vocabulary/reviewFor,http://www4.wiwiss.fu-berlin.de/bizer/bsbm/v01/instances/ProductType104
178,http://www4.wiwiss.fu-berlin.de/bizer/bsbm/v01/vocabulary/product,http://www4.wiwiss.fu-berlin.de/bizer/bsbm/v01/instances/ProductType106
72,http://www4.wiwiss.fu-berlin.de/bizer/bsbm/v01/vocabulary/reviewFor,http://www4.wiwiss.fu-berlin.de/bizer/bsbm/v01/instances/ProductType106
262,http://www4.wiwiss.fu-berlin.de/bizer/bsbm/v01/vocabulary/product,http://www4.wiwiss.fu-berlin.de/bizer/bsbm/v01/instances/ProductType92
138,http://www4.wiwiss.fu-berlin.de/bizer/bsbm/v01/vocabulary/reviewFor,http://www4.wiwiss.fu-berlin.de/bizer/bsbm/v01/instances/ProductType92
107,http://www4.wiwiss.fu-berlin.de/bizer/bsbm/v01/vocabulary/product,http://www4.wiwiss.fu-berlin.de/bizer/bsbm/v01/instances/ProductType139
55,http://www4.wiwiss.fu-berlin.de/bizer/bsbm/v01/vocabulary/reviewFor,http://www4.wiwiss.fu-berlin.de/bizer/bsbm/v01/instances/ProductType139
203,http://www4.wiwiss.fu-berlin.de/bizer/bsbm/v01/vocabulary/product,http://www4.wiwiss.fu-berlin.de/bizer/bsbm/v01/instances/ProductType49
96,http://www4.wiwiss.fu-berlin.de/bizer/bsbm/v01/vocabulary/reviewFor,http://www4.wiwiss.fu-berlin.de/bizer/bsbm/v01/instances/ProductType49
96,http://www4.wiwiss.fu-berlin.de/bizer/bsbm/v01/vocabulary/product,http://www4.wiwiss.fu-berlin.de/bizer/bsbm/v01/instances/ProductType134
36,http://www4.wiwiss.fu-berlin.de/bizer/bsbm/v01/vocabulary/reviewFor,http://www4.wiwiss.fu-berlin.de/bizer/bsbm/v01/instances/ProductType134
84,http://www4.wiwiss.fu-berlin.de/bizer/bsbm/v01/vocabulary/product,http://www4.wiwiss.fu-berlin.de/bizer/bsbm/v01/instances/ProductType142
33,http://www4.wiwiss.fu-berlin.de/bizer/bsbm/v01/vocabulary/reviewFor,http://www4.wiwiss.fu-berlin.de/bizer/bsbm/v01/instances/ProductType142
134,http://www4.wiwiss.fu-berlin.de/bizer/bsbm/v01/vocabulary/product,http://www4.wiwiss.fu-berlin.de/bizer/bsbm/v01/instances/ProductType51
53,http://www4.wiwiss.fu-berlin.de/bizer/bsbm/v01/vocabulary/reviewFor,http://www4.wiwiss.fu-berlin.de/bizer/bsbm/v01/instances/ProductType51
261,http://www4.wiwiss.fu-berlin.de/bizer/bsbm/v01/vocabulary/product,http://www4.wiwiss.fu-berlin.de/bizer/bsbm/v01/instances/ProductType120
145,http://www4.wiwiss.fu-berlin.de/bizer/bsbm/v01/vocabulary/reviewFor,http://www4.wiwiss.fu-berlin.de/bizer/bsbm/v01/instances/ProductType120
353,http://www4.wiwiss.fu-berlin.de/bizer/bsbm/v01/vocabulary/product,http://www4.wiwiss.fu-berlin.de/bizer/bsbm/v01/instances/ProductType40
191,http://www4.wiwiss.fu-berlin.de/bizer/bsbm/v01/vocabulary/reviewFor,http://www4.wiwiss.fu-berlin.de/bizer/bsbm/v01/instances/ProductType40
96,http://www4.wiwiss.fu-berlin.de/bizer/bsbm/v01/vocabulary/product,http://www4.wiwiss.fu-berlin.de/bizer/bsbm/v01/instances/ProductType138
41,http://www4.wiwiss.fu-berlin.de/bizer/bsbm/v01/vocabulary/reviewFor,http://www4.wiwiss.fu-berlin.de/bizer/bsbm/v01/instances/ProductType138
124,http://www4.wiwiss.fu-berlin.de/bizer/bsbm/v01/vocabulary/product,http://www4.wiwiss.fu-berlin.de/bizer/bsbm/v01/instances/ProductType113
52,http://www4.wiwiss.fu-berlin.de/bizer/bsbm/v01/vocabulary/reviewFor,http://www4.wiwiss.fu-berlin.de/bizer/bsbm/v01/instances/ProductType113
92,http://www4.wiwiss.fu-berlin.de/bizer/bsbm/v01/vocabulary/product,http://www4.wiwiss.fu-berlin.de/bizer/bsbm/v01/instances/ProductType121
46,http://www4.wiwiss.fu-berlin.de/bizer/bsbm/v01/vocabulary/reviewFor,http://www4.wiwiss.fu-berlin.de/bizer/bsbm/v01/instances/ProductType121
16,http://www4.wiwiss.fu-berlin.de/bizer/bsbm/v01/vocabulary/product,http://www4.wiwiss.fu-berlin.de/bizer/bsbm/v01/instances/ProductType137
7,http://www4.wiwiss.fu-berlin.de/bizer/bsbm/v01/vocabulary/reviewFor,http://www4.wiwiss.fu-berlin.de/bizer/bsbm/v01/instances/ProductType137
34,http://www4.wiwiss.fu-berlin.de/bizer/bsbm/v01/vocabulary/product,http://www4.wiwiss.fu-berlin.de/bizer/bsbm/v01/instances/ProductType140
18,http://www4.wiwiss.fu-berlin.de/bizer/bsbm/v01/vocabulary/reviewFor,http://www4.wiwiss.fu-berlin.de/bizer/bsbm/v01/instances/ProductType140
94,http://www4.wiwiss.fu-berlin.de/bizer/bsbm/v01/vocabulary/product,http://www4.wiwiss.fu-berlin.de/bizer/bsbm/v01/instances/ProductType131
45,http://www4.wiwiss.fu-berlin.de/bizer/bsbm/v01/vocabulary/reviewFor,http://www4.wiwiss.fu-berlin.de/bizer/bsbm/v01/instances/ProductType131
50,http://www4.wiwiss.fu-berlin.de/bizer/bsbm/v01/vocabulary/product,http://www4.wiwiss.fu-berlin.de/bizer/bsbm/v01/instances/ProductType143
20,http://www4.wiwiss.fu-berlin.de/bizer/bsbm/v01/vocabulary/reviewFor,http://www4.wiwiss.fu-berlin.de/bizer/bsbm/v01/instances/ProductType143
24,http://www4.wiwiss.fu-berlin.de/bizer/bsbm/v01/vocabulary/product,http://www4.wiwiss.fu-berlin.de/bizer/bsbm/v01/instances/ProductType151
11,http://www4.wiwiss.fu-berlin.de/bizer/bsbm/v01/vocabulary/reviewFor,http://www4.wiwiss.fu-berlin.de/bizer/bsbm/v01/instances/ProductType151
10000,http://purl.org/stuff/rev#reviewer,http://xmlns.com/foaf/0.1/Person
20012,http://purl.org/dc/elements/1.1/publisher,http://www4.wiwiss.fu-berlin.de/bizer/bsbm/v01/vocabulary/Vendor
20000,http://www4.wiwiss.fu-berlin.de/bizer/bsbm/v01/vocabulary/vendor,http://www4.wiwiss.fu-berlin.de/bizer/bsbm/v01/vocabulary/Vendor
