"count","p"
16,"http://www.w3.org/1999/02/22-rdf-syntax-ns#type"
18,"http://www.w3.org/1999/02/22-rdf-syntax-ns#type"
999,"http://www.w3.org/2000/01/rdf-schema#comment"
21,"http://www.w3.org/2000/01/rdf-schema#comment"
3,"http://www.w3.org/2000/01/rdf-schema#comment"
100,"http://www.w3.org/2000/01/rdf-schema#comment"
3,"http://www.w3.org/2000/01/rdf-schema#comment"
8,"http://www.w3.org/2000/01/rdf-schema#label"
8,"http://www.w3.org/2000/01/rdf-schema#comment"
3,"http://purl.org/dc/elements/1.1/date"
10,"http://purl.org/dc/elements/1.1/publisher"
1000,"http://purl.org/dc/elements/1.1/title"
2000,"http://www4.wiwiss.fu-berlin.de/bizer/bsbm/v01/vocabulary/product"
7,"http://www4.wiwiss.fu-berlin.de/bizer/bsbm/v01/vocabulary/producer"
2375,"http://www4.wiwiss.fu-berlin.de/bizer/bsbm/v01/vocabulary/productFeature"
140,"http://www4.wiwiss.fu-berlin.de/bizer/bsbm/v01/vocabulary/productFeature"
7,"http://www4.wiwiss.fu-berlin.de/bizer/bsbm/v01/vocabulary/productPropertyTextual1"
100,"http://www4.wiwiss.fu-berlin.de/bizer/bsbm/v01/vocabulary/productPropertyTextual3"
2,"http://www4.wiwiss.fu-berlin.de/bizer/bsbm/v01/vocabulary/productPropertyNumeric4"
5,"http://www4.wiwiss.fu-berlin.de/bizer/bsbm/v01/vocabulary/productPropertyTextual3"
7,"http://www4.wiwiss.fu-berlin.de/bizer/bsbm/v01/vocabulary/productPropertyNumeric3"
4,"http://www4.wiwiss.fu-berlin.de/bizer/bsbm/v01/vocabulary/productPropertyNumeric4"
5,"http://www4.wiwiss.fu-berlin.de/bizer/bsbm/v01/vocabulary/productPropertyNumeric5"
14,"http://www4.wiwiss.fu-berlin.de/bizer/bsbm/v01/vocabulary/productPropertyNumeric2"
3,"http://www4.wiwiss.fu-berlin.de/bizer/bsbm/v01/vocabulary/productPropertyNumeric5"
6,"http://www4.wiwiss.fu-berlin.de/bizer/bsbm/v01/vocabulary/productPropertyNumeric2"
4,"http://www4.wiwiss.fu-berlin.de/bizer/bsbm/v01/vocabulary/productPropertyTextual4"
7,"http://www4.wiwiss.fu-berlin.de/bizer/bsbm/v01/vocabulary/productPropertyNumeric3"
7,"http://www4.wiwiss.fu-berlin.de/bizer/bsbm/v01/vocabulary/productPropertyTextual2"
1,"http://www4.wiwiss.fu-berlin.de/bizer/bsbm/v01/vocabulary/productPropertyNumeric4"
1,"http://www4.wiwiss.fu-berlin.de/bizer/bsbm/v01/vocabulary/productPropertyTextual6"
7,"http://www.w3.org/2000/01/rdf-schema#label"
1,"http://www.w3.org/2000/01/rdf-schema#comment"
8,"http://www.w3.org/2000/01/rdf-schema#label"
20,"http://www.w3.org/2000/01/rdf-schema#subClassOf"
9,"http://www.w3.org/2000/01/rdf-schema#comment"
21,"http://purl.org/dc/elements/1.1/date"
100,"http://purl.org/dc/elements/1.1/date"
5,"http://purl.org/dc/elements/1.1/date"
14,"http://purl.org/dc/elements/1.1/date"
1,"http://purl.org/dc/elements/1.1/publisher"
1000,"http://purl.org/stuff/rev#reviewer"
3,"http://www4.wiwiss.fu-berlin.de/bizer/bsbm/v01/vocabulary/country"
1,"http://www4.wiwiss.fu-berlin.de/bizer/bsbm/v01/vocabulary/country"
3,"http://www4.wiwiss.fu-berlin.de/bizer/bsbm/v01/vocabulary/producer"
226,"http://www4.wiwiss.fu-berlin.de/bizer/bsbm/v01/vocabulary/productFeature"
7,"http://www4.wiwiss.fu-berlin.de/bizer/bsbm/v01/vocabulary/productPropertyNumeric2"
7,"http://www4.wiwiss.fu-berlin.de/bizer/bsbm/v01/vocabulary/productPropertyNumeric3"
7,"http://www4.wiwiss.fu-berlin.de/bizer/bsbm/v01/vocabulary/productPropertyTextual2"
7,"http://www4.wiwiss.fu-berlin.de/bizer/bsbm/v01/vocabulary/productPropertyTextual1"
7,"http://www4.wiwiss.fu-berlin.de/bizer/bsbm/v01/vocabulary/productPropertyTextual2"
14,"http://www4.wiwiss.fu-berlin.de/bizer/bsbm/v01/vocabulary/productPropertyTextual2"
8,"http://www4.wiwiss.fu-berlin.de/bizer/bsbm/v01/vocabulary/productPropertyNumeric1"
9,"http://www4.wiwiss.fu-berlin.de/bizer/bsbm/v01/vocabulary/productPropertyTextual1"
1,"http://www4.wiwiss.fu-berlin.de/bizer/bsbm/v01/vocabulary/productPropertyNumeric6"
6,"http://www4.wiwiss.fu-berlin.de/bizer/bsbm/v01/vocabulary/productPropertyNumeric3"
3,"http://www4.wiwiss.fu-berlin.de/bizer/bsbm/v01/vocabulary/productPropertyNumeric4"
1,"http://www4.wiwiss.fu-berlin.de/bizer/bsbm/v01/vocabulary/productPropertyNumeric4"
53,"http://www4.wiwiss.fu-berlin.de/bizer/bsbm/v01/vocabulary/productPropertyTextual5"
3,"http://www4.wiwiss.fu-berlin.de/bizer/bsbm/v01/vocabulary/productPropertyTextual5"
3,"http://www4.wiwiss.fu-berlin.de/bizer/bsbm/v01/vocabulary/productPropertyTextual6"
3,"http://www4.wiwiss.fu-berlin.de/bizer/bsbm/v01/vocabulary/productPropertyTextual5"
1,"http://www4.wiwiss.fu-berlin.de/bizer/bsbm/v01/vocabulary/productPropertyTextual6"
3,"http://xmlns.com/foaf/0.1/homepage"
2000,"http://www.w3.org/1999/02/22-rdf-syntax-ns#type"
28,"http://www.w3.org/1999/02/22-rdf-syntax-ns#type"
10,"http://www.w3.org/2000/01/rdf-schema#comment"
6,"http://www.w3.org/2000/01/rdf-schema#comment"
6,"http://www.w3.org/2000/01/rdf-schema#label"
3,"http://www.w3.org/2000/01/rdf-schema#comment"
10,"http://purl.org/dc/elements/1.1/date"
3,"http://purl.org/dc/elements/1.1/publisher"
3,"http://purl.org/dc/elements/1.1/publisher"
7,"http://purl.org/dc/elements/1.1/publisher"
7,"http://purl.org/dc/elements/1.1/publisher"
691,"http://www4.wiwiss.fu-berlin.de/bizer/bsbm/v01/vocabulary/rating3"
2000,"http://www4.wiwiss.fu-berlin.de/bizer/bsbm/v01/vocabulary/validFrom"
5,"http://www4.wiwiss.fu-berlin.de/bizer/bsbm/v01/vocabulary/productPropertyNumeric1"
5,"http://www4.wiwiss.fu-berlin.de/bizer/bsbm/v01/vocabulary/productPropertyTextual1"
10,"http://www4.wiwiss.fu-berlin.de/bizer/bsbm/v01/vocabulary/productPropertyTextual3"
3,"http://www4.wiwiss.fu-berlin.de/bizer/bsbm/v01/vocabulary/productPropertyNumeric2"
6,"http://www4.wiwiss.fu-berlin.de/bizer/bsbm/v01/vocabulary/productPropertyNumeric5"
7,"http://www4.wiwiss.fu-berlin.de/bizer/bsbm/v01/vocabulary/productPropertyNumeric1"
8,"http://www4.wiwiss.fu-berlin.de/bizer/bsbm/v01/vocabulary/productPropertyNumeric2"
8,"http://www4.wiwiss.fu-berlin.de/bizer/bsbm/v01/vocabulary/productPropertyTextual3"
14,"http://www4.wiwiss.fu-berlin.de/bizer/bsbm/v01/vocabulary/productPropertyTextual3"
9,"http://www4.wiwiss.fu-berlin.de/bizer/bsbm/v01/vocabulary/productPropertyNumeric1"
6,"http://www4.wiwiss.fu-berlin.de/bizer/bsbm/v01/vocabulary/productPropertyTextual1"
3,"http://www4.wiwiss.fu-berlin.de/bizer/bsbm/v01/vocabulary/productPropertyTextual5"
2,"http://www4.wiwiss.fu-berlin.de/bizer/bsbm/v01/vocabulary/productPropertyTextual5"
4,"http://www4.wiwiss.fu-berlin.de/bizer/bsbm/v01/vocabulary/productPropertyTextual5"
1000,"http://purl.org/stuff/rev#text"
1000,"http://www.w3.org/1999/02/22-rdf-syntax-ns#type"
12,"http://www.w3.org/1999/02/22-rdf-syntax-ns#type"
14,"http://www.w3.org/1999/02/22-rdf-syntax-ns#type"
6,"http://www.w3.org/1999/02/22-rdf-syntax-ns#type"
3,"http://www.w3.org/2000/01/rdf-schema#label"
10,"http://www.w3.org/2000/01/rdf-schema#label"
7,"http://www.w3.org/2000/01/rdf-schema#label"
50,"http://purl.org/dc/elements/1.1/publisher"
7,"http://purl.org/dc/elements/1.1/publisher"
5,"http://purl.org/dc/elements/1.1/publisher"
188,"http://www4.wiwiss.fu-berlin.de/bizer/bsbm/v01/vocabulary/productFeature"
156,"http://www4.wiwiss.fu-berlin.de/bizer/bsbm/v01/vocabulary/productFeature"
176,"http://www4.wiwiss.fu-berlin.de/bizer/bsbm/v01/vocabulary/productFeature"
100,"http://www4.wiwiss.fu-berlin.de/bizer/bsbm/v01/vocabulary/productPropertyNumeric1"
53,"http://www4.wiwiss.fu-berlin.de/bizer/bsbm/v01/vocabulary/productPropertyNumeric5"
49,"http://www4.wiwiss.fu-berlin.de/bizer/bsbm/v01/vocabulary/productPropertyTextual4"
1,"http://www4.wiwiss.fu-berlin.de/bizer/bsbm/v01/vocabulary/productPropertyNumeric6"
7,"http://www4.wiwiss.fu-berlin.de/bizer/bsbm/v01/vocabulary/productPropertyNumeric1"
7,"http://www4.wiwiss.fu-berlin.de/bizer/bsbm/v01/vocabulary/productPropertyTextual2"
7,"http://www4.wiwiss.fu-berlin.de/bizer/bsbm/v01/vocabulary/productPropertyTextual3"
3,"http://www4.wiwiss.fu-berlin.de/bizer/bsbm/v01/vocabulary/productPropertyTextual2"
3,"http://www4.wiwiss.fu-berlin.de/bizer/bsbm/v01/vocabulary/productPropertyTextual3"
8,"http://www4.wiwiss.fu-berlin.de/bizer/bsbm/v01/vocabulary/productPropertyNumeric3"
5,"http://www4.wiwiss.fu-berlin.de/bizer/bsbm/v01/vocabulary/productPropertyNumeric4"
3,"http://www4.wiwiss.fu-berlin.de/bizer/bsbm/v01/vocabulary/productPropertyTextual3"
2,"http://www4.wiwiss.fu-berlin.de/bizer/bsbm/v01/vocabulary/productPropertyTextual4"
8,"http://www4.wiwiss.fu-berlin.de/bizer/bsbm/v01/vocabulary/productPropertyTextual2"
9,"http://www4.wiwiss.fu-berlin.de/bizer/bsbm/v01/vocabulary/productPropertyNumeric2"
6,"http://www4.wiwiss.fu-berlin.de/bizer/bsbm/v01/vocabulary/productPropertyNumeric1"
4,"http://www4.wiwiss.fu-berlin.de/bizer/bsbm/v01/vocabulary/productPropertyNumeric6"
7,"http://www4.wiwiss.fu-berlin.de/bizer/bsbm/v01/vocabulary/productPropertyNumeric1"
999,"http://www.w3.org/1999/02/22-rdf-syntax-ns#type"
20,"http://www.w3.org/1999/02/22-rdf-syntax-ns#type"
14,"http://www.w3.org/1999/02/22-rdf-syntax-ns#type"
6,"http://www.w3.org/2000/01/rdf-schema#label"
7,"http://www.w3.org/2000/01/rdf-schema#label"
7,"http://www.w3.org/2000/01/rdf-schema#comment"
1000,"http://purl.org/dc/elements/1.1/date"
2000,"http://purl.org/dc/elements/1.1/date"
7,"http://purl.org/dc/elements/1.1/date"
8,"http://purl.org/dc/elements/1.1/publisher"
14,"http://purl.org/dc/elements/1.1/publisher"
9,"http://purl.org/dc/elements/1.1/publisher"
701,"http://www4.wiwiss.fu-berlin.de/bizer/bsbm/v01/vocabulary/rating4"
50,"http://www4.wiwiss.fu-berlin.de/bizer/bsbm/v01/vocabulary/country"
10,"http://www4.wiwiss.fu-berlin.de/bizer/bsbm/v01/vocabulary/producer"
14,"http://www4.wiwiss.fu-berlin.de/bizer/bsbm/v01/vocabulary/producer"
9,"http://www4.wiwiss.fu-berlin.de/bizer/bsbm/v01/vocabulary/producer"
73,"http://www4.wiwiss.fu-berlin.de/bizer/bsbm/v01/vocabulary/productFeature"
10,"http://www4.wiwiss.fu-berlin.de/bizer/bsbm/v01/vocabulary/productPropertyNumeric3"
6,"http://www4.wiwiss.fu-berlin.de/bizer/bsbm/v01/vocabulary/productPropertyTextual3"
8,"http://www4.wiwiss.fu-berlin.de/bizer/bsbm/v01/vocabulary/productPropertyTextual1"
3,"http://www4.wiwiss.fu-berlin.de/bizer/bsbm/v01/vocabulary/productPropertyNumeric5"
3,"http://www4.wiwiss.fu-berlin.de/bizer/bsbm/v01/vocabulary/productPropertyNumeric5"
2,"http://www4.wiwiss.fu-berlin.de/bizer/bsbm/v01/vocabulary/productPropertyNumeric5"
3,"http://www4.wiwiss.fu-berlin.de/bizer/bsbm/v01/vocabulary/productPropertyNumeric5"
4,"http://www4.wiwiss.fu-berlin.de/bizer/bsbm/v01/vocabulary/productPropertyTextual5"
4,"http://www4.wiwiss.fu-berlin.de/bizer/bsbm/v01/vocabulary/productPropertyTextual5"
21,"http://www.w3.org/1999/02/22-rdf-syntax-ns#type"
3,"http://www.w3.org/1999/02/22-rdf-syntax-ns#type"
100,"http://www.w3.org/2000/01/rdf-schema#label"
14,"http://www.w3.org/2000/01/rdf-schema#comment"
6,"http://purl.org/dc/elements/1.1/date"
7,"http://purl.org/dc/elements/1.1/date"
3,"http://purl.org/dc/elements/1.1/publisher"
3,"http://www4.wiwiss.fu-berlin.de/bizer/bsbm/v01/vocabulary/producer"
6,"http://www4.wiwiss.fu-berlin.de/bizer/bsbm/v01/vocabulary/producer"
6,"http://www4.wiwiss.fu-berlin.de/bizer/bsbm/v01/vocabulary/producer"
232,"http://www4.wiwiss.fu-berlin.de/bizer/bsbm/v01/vocabulary/productFeature"
5,"http://www4.wiwiss.fu-berlin.de/bizer/bsbm/v01/vocabulary/productPropertyTextual2"
4,"http://www4.wiwiss.fu-berlin.de/bizer/bsbm/v01/vocabulary/productPropertyTextual4"
14,"http://www4.wiwiss.fu-berlin.de/bizer/bsbm/v01/vocabulary/productPropertyNumeric1"
2,"http://www4.wiwiss.fu-berlin.de/bizer/bsbm/v01/vocabulary/productPropertyNumeric6"
4,"http://www4.wiwiss.fu-berlin.de/bizer/bsbm/v01/vocabulary/productPropertyTextual4"
7,"http://www4.wiwiss.fu-berlin.de/bizer/bsbm/v01/vocabulary/productPropertyTextual1"
2,"http://www4.wiwiss.fu-berlin.de/bizer/bsbm/v01/vocabulary/productPropertyTextual4"
5,"http://www4.wiwiss.fu-berlin.de/bizer/bsbm/v01/vocabulary/productPropertyTextual5"
1,"http://www4.wiwiss.fu-berlin.de/bizer/bsbm/v01/vocabulary/productPropertyTextual6"
1,"http://www4.wiwiss.fu-berlin.de/bizer/bsbm/v01/vocabulary/productPropertyTextual6"
1,"http://xmlns.com/foaf/0.1/homepage"
50,"http://www.w3.org/1999/02/22-rdf-syntax-ns#type"
999,"http://www.w3.org/2000/01/rdf-schema#label"
21,"http://www.w3.org/2000/01/rdf-schema#label"
7,"http://www.w3.org/2000/01/rdf-schema#label"
50,"http://purl.org/dc/elements/1.1/date"
6,"http://www.w3.org/2000/01/rdf-schema#comment"
8,"http://purl.org/dc/elements/1.1/date"
2000,"http://purl.org/dc/elements/1.1/publisher"
21,"http://purl.org/dc/elements/1.1/publisher"
7,"http://purl.org/dc/elements/1.1/publisher"
8,"http://purl.org/dc/elements/1.1/publisher"
6,"http://purl.org/dc/elements/1.1/publisher"
713,"http://www4.wiwiss.fu-berlin.de/bizer/bsbm/v01/vocabulary/rating2"
1000,"http://www4.wiwiss.fu-berlin.de/bizer/bsbm/v01/vocabulary/reviewFor"
100,"http://www4.wiwiss.fu-berlin.de/bizer/bsbm/v01/vocabulary/producer"
179,"http://www4.wiwiss.fu-berlin.de/bizer/bsbm/v01/vocabulary/productFeature"
142,"http://www4.wiwiss.fu-berlin.de/bizer/bsbm/v01/vocabulary/productFeature"
100,"http://www4.wiwiss.fu-berlin.de/bizer/bsbm/v01/vocabulary/productPropertyNumeric2"
10,"http://www4.wiwiss.fu-berlin.de/bizer/bsbm/v01/vocabulary/productPropertyTextual1"
2,"http://www4.wiwiss.fu-berlin.de/bizer/bsbm/v01/vocabulary/productPropertyNumeric4"
6,"http://www4.wiwiss.fu-berlin.de/bizer/bsbm/v01/vocabulary/productPropertyNumeric2"
14,"http://www4.wiwiss.fu-berlin.de/bizer/bsbm/v01/vocabulary/productPropertyNumeric3"
14,"http://www4.wiwiss.fu-berlin.de/bizer/bsbm/v01/vocabulary/productPropertyTextual1"
3,"http://www4.wiwiss.fu-berlin.de/bizer/bsbm/v01/vocabulary/productPropertyNumeric2"
2,"http://www4.wiwiss.fu-berlin.de/bizer/bsbm/v01/vocabulary/productPropertyNumeric4"
3,"http://www4.wiwiss.fu-berlin.de/bizer/bsbm/v01/vocabulary/productPropertyTextual2"
8,"http://www4.wiwiss.fu-berlin.de/bizer/bsbm/v01/vocabulary/productPropertyNumeric3"
8,"http://www4.wiwiss.fu-berlin.de/bizer/bsbm/v01/vocabulary/productPropertyTextual3"
9,"http://www4.wiwiss.fu-berlin.de/bizer/bsbm/v01/vocabulary/productPropertyNumeric3"
1,"http://www4.wiwiss.fu-berlin.de/bizer/bsbm/v01/vocabulary/productPropertyNumeric6"
2,"http://www4.wiwiss.fu-berlin.de/bizer/bsbm/v01/vocabulary/productPropertyTextual5"
3,"http://www4.wiwiss.fu-berlin.de/bizer/bsbm/v01/vocabulary/productPropertyTextual5"
1,"http://www4.wiwiss.fu-berlin.de/bizer/bsbm/v01/vocabulary/productPropertyTextual6"
50,"http://xmlns.com/foaf/0.1/name"
14,"http://www.w3.org/1999/02/22-rdf-syntax-ns#type"
7,"http://www.w3.org/2000/01/rdf-schema#comment"
9,"http://www.w3.org/2000/01/rdf-schema#label"
1,"http://purl.org/dc/elements/1.1/date"
2000,"http://www4.wiwiss.fu-berlin.de/bizer/bsbm/v01/vocabulary/price"
7,"http://www4.wiwiss.fu-berlin.de/bizer/bsbm/v01/vocabulary/producer"
8,"http://www4.wiwiss.fu-berlin.de/bizer/bsbm/v01/vocabulary/producer"
7,"http://www4.wiwiss.fu-berlin.de/bizer/bsbm/v01/vocabulary/producer"
169,"http://www4.wiwiss.fu-berlin.de/bizer/bsbm/v01/vocabulary/productFeature"
143,"http://www4.wiwiss.fu-berlin.de/bizer/bsbm/v01/vocabulary/productFeature"
5,"http://www4.wiwiss.fu-berlin.de/bizer/bsbm/v01/vocabulary/productPropertyNumeric3"
16,"http://www4.wiwiss.fu-berlin.de/bizer/bsbm/v01/vocabulary/productPropertyNumeric6"
7,"http://www4.wiwiss.fu-berlin.de/bizer/bsbm/v01/vocabulary/productPropertyNumeric2"
9,"http://www4.wiwiss.fu-berlin.de/bizer/bsbm/v01/vocabulary/productPropertyTextual3"
3,"http://www4.wiwiss.fu-berlin.de/bizer/bsbm/v01/vocabulary/productPropertyNumeric5"
3,"http://www4.wiwiss.fu-berlin.de/bizer/bsbm/v01/vocabulary/productPropertyNumeric4"
2,"http://www4.wiwiss.fu-berlin.de/bizer/bsbm/v01/vocabulary/productPropertyTextual4"
5,"http://www4.wiwiss.fu-berlin.de/bizer/bsbm/v01/vocabulary/productPropertyTextual5"
3,"http://www4.wiwiss.fu-berlin.de/bizer/bsbm/v01/vocabulary/productPropertyTextual6"
1,"http://www4.wiwiss.fu-berlin.de/bizer/bsbm/v01/vocabulary/productPropertyTextual6"
200,"http://www.w3.org/1999/02/22-rdf-syntax-ns#type"
1,"http://www.w3.org/1999/02/22-rdf-syntax-ns#type"
14,"http://www.w3.org/2000/01/rdf-schema#label"
7,"http://www.w3.org/2000/01/rdf-schema#comment"
3,"http://purl.org/dc/elements/1.1/date"
7,"http://purl.org/dc/elements/1.1/date"
3,"http://purl.org/dc/elements/1.1/date"
9,"http://purl.org/dc/elements/1.1/date"
1000,"http://purl.org/dc/elements/1.1/publisher"
100,"http://purl.org/dc/elements/1.1/publisher"
717,"http://www4.wiwiss.fu-berlin.de/bizer/bsbm/v01/vocabulary/rating1"
2000,"http://www4.wiwiss.fu-berlin.de/bizer/bsbm/v01/vocabulary/validTo"
100,"http://www4.wiwiss.fu-berlin.de/bizer/bsbm/v01/vocabulary/productPropertyNumeric3"
4,"http://www4.wiwiss.fu-berlin.de/bizer/bsbm/v01/vocabulary/productPropertyNumeric5"
100,"http://www4.wiwiss.fu-berlin.de/bizer/bsbm/v01/vocabulary/productPropertyTextual1"
10,"http://www4.wiwiss.fu-berlin.de/bizer/bsbm/v01/vocabulary/productPropertyNumeric1"
3,"http://www4.wiwiss.fu-berlin.de/bizer/bsbm/v01/vocabulary/productPropertyNumeric4"
3,"http://www4.wiwiss.fu-berlin.de/bizer/bsbm/v01/vocabulary/productPropertyNumeric1"
2,"http://www4.wiwiss.fu-berlin.de/bizer/bsbm/v01/vocabulary/productPropertyNumeric5"
6,"http://www4.wiwiss.fu-berlin.de/bizer/bsbm/v01/vocabulary/productPropertyTextual1"
6,"http://www4.wiwiss.fu-berlin.de/bizer/bsbm/v01/vocabulary/productPropertyTextual2"
7,"http://www4.wiwiss.fu-berlin.de/bizer/bsbm/v01/vocabulary/productPropertyNumeric2"
8,"http://www4.wiwiss.fu-berlin.de/bizer/bsbm/v01/vocabulary/productPropertyNumeric1"
6,"http://www4.wiwiss.fu-berlin.de/bizer/bsbm/v01/vocabulary/productPropertyTextual4"
5,"http://www4.wiwiss.fu-berlin.de/bizer/bsbm/v01/vocabulary/productPropertyTextual4"
7,"http://www4.wiwiss.fu-berlin.de/bizer/bsbm/v01/vocabulary/productPropertyNumeric4"
7,"http://www4.wiwiss.fu-berlin.de/bizer/bsbm/v01/vocabulary/productPropertyTextual4"
3,"http://www4.wiwiss.fu-berlin.de/bizer/bsbm/v01/vocabulary/productPropertyTextual1"
7,"http://www4.wiwiss.fu-berlin.de/bizer/bsbm/v01/vocabulary/productPropertyTextual3"
2,"http://www4.wiwiss.fu-berlin.de/bizer/bsbm/v01/vocabulary/productPropertyNumeric6"
2,"http://www4.wiwiss.fu-berlin.de/bizer/bsbm/v01/vocabulary/productPropertyTextual6"
10,"http://www.w3.org/1999/02/22-rdf-syntax-ns#type"
6,"http://www.w3.org/1999/02/22-rdf-syntax-ns#type"
5,"http://www.w3.org/2000/01/rdf-schema#comment"
7,"http://www.w3.org/2000/01/rdf-schema#comment"
999,"http://purl.org/dc/elements/1.1/date"
6,"http://purl.org/dc/elements/1.1/date"
8,"http://purl.org/dc/elements/1.1/date"
999,"http://purl.org/dc/elements/1.1/publisher"
6,"http://purl.org/dc/elements/1.1/publisher"
2000,"http://www4.wiwiss.fu-berlin.de/bizer/bsbm/v01/vocabulary/offerWebpage"
1000,"http://www4.wiwiss.fu-berlin.de/bizer/bsbm/v01/vocabulary/reviewDate"
7,"http://www4.wiwiss.fu-berlin.de/bizer/bsbm/v01/vocabulary/producer"
8,"http://www4.wiwiss.fu-berlin.de/bizer/bsbm/v01/vocabulary/producer"
130,"http://www4.wiwiss.fu-berlin.de/bizer/bsbm/v01/vocabulary/productFeature"
81,"http://www4.wiwiss.fu-berlin.de/bizer/bsbm/v01/vocabulary/productFeature"
340,"http://www4.wiwiss.fu-berlin.de/bizer/bsbm/v01/vocabulary/productFeature"
7,"http://www4.wiwiss.fu-berlin.de/bizer/bsbm/v01/vocabulary/productPropertyNumeric1"
44,"http://www4.wiwiss.fu-berlin.de/bizer/bsbm/v01/vocabulary/productPropertyNumeric4"
3,"http://www4.wiwiss.fu-berlin.de/bizer/bsbm/v01/vocabulary/productPropertyTextual1"
6,"http://www4.wiwiss.fu-berlin.de/bizer/bsbm/v01/vocabulary/productPropertyNumeric1"
7,"http://www4.wiwiss.fu-berlin.de/bizer/bsbm/v01/vocabulary/productPropertyNumeric3"
7,"http://www4.wiwiss.fu-berlin.de/bizer/bsbm/v01/vocabulary/productPropertyTextual3"
2,"http://www4.wiwiss.fu-berlin.de/bizer/bsbm/v01/vocabulary/productPropertyNumeric6"
8,"http://www4.wiwiss.fu-berlin.de/bizer/bsbm/v01/vocabulary/productPropertyNumeric5"
9,"http://www4.wiwiss.fu-berlin.de/bizer/bsbm/v01/vocabulary/productPropertyTextual2"
4,"http://www4.wiwiss.fu-berlin.de/bizer/bsbm/v01/vocabulary/productPropertyNumeric4"
6,"http://www4.wiwiss.fu-berlin.de/bizer/bsbm/v01/vocabulary/productPropertyTextual3"
7,"http://www4.wiwiss.fu-berlin.de/bizer/bsbm/v01/vocabulary/productPropertyNumeric2"
3,"http://www4.wiwiss.fu-berlin.de/bizer/bsbm/v01/vocabulary/productPropertyNumeric5"
2,"http://www4.wiwiss.fu-berlin.de/bizer/bsbm/v01/vocabulary/productPropertyNumeric6"
1,"http://www4.wiwiss.fu-berlin.de/bizer/bsbm/v01/vocabulary/productPropertyNumeric6"
1,"http://www4.wiwiss.fu-berlin.de/bizer/bsbm/v01/vocabulary/productPropertyTextual4"
2000,"http://www4.wiwiss.fu-berlin.de/bizer/bsbm/v01/vocabulary/vendor"
17,"http://www4.wiwiss.fu-berlin.de/bizer/bsbm/v01/vocabulary/productPropertyTextual6"
4,"http://www4.wiwiss.fu-berlin.de/bizer/bsbm/v01/vocabulary/productPropertyTextual5"
2,"http://www4.wiwiss.fu-berlin.de/bizer/bsbm/v01/vocabulary/productPropertyTextual6"
16,"http://www.w3.org/1999/02/22-rdf-syntax-ns#type"
12,"http://www.w3.org/1999/02/22-rdf-syntax-ns#type"
14,"http://www.w3.org/1999/02/22-rdf-syntax-ns#type"
5,"http://www.w3.org/2000/01/rdf-schema#label"
3,"http://www.w3.org/2000/01/rdf-schema#label"
1,"http://www.w3.org/2000/01/rdf-schema#label"
3,"http://www.w3.org/2000/01/rdf-schema#label"
8,"http://www.w3.org/2000/01/rdf-schema#comment"
7,"http://purl.org/dc/elements/1.1/date"
2000,"http://www4.wiwiss.fu-berlin.de/bizer/bsbm/v01/vocabulary/deliveryDays"
5,"http://www4.wiwiss.fu-berlin.de/bizer/bsbm/v01/vocabulary/producer"
100,"http://www4.wiwiss.fu-berlin.de/bizer/bsbm/v01/vocabulary/productPropertyTextual2"
7,"http://www4.wiwiss.fu-berlin.de/bizer/bsbm/v01/vocabulary/productPropertyTextual3"
3,"http://www4.wiwiss.fu-berlin.de/bizer/bsbm/v01/vocabulary/productPropertyTextual4"
5,"http://www4.wiwiss.fu-berlin.de/bizer/bsbm/v01/vocabulary/productPropertyNumeric2"
10,"http://www4.wiwiss.fu-berlin.de/bizer/bsbm/v01/vocabulary/productPropertyNumeric2"
10,"http://www4.wiwiss.fu-berlin.de/bizer/bsbm/v01/vocabulary/productPropertyTextual2"
7,"http://www4.wiwiss.fu-berlin.de/bizer/bsbm/v01/vocabulary/productPropertyTextual1"
2,"http://www4.wiwiss.fu-berlin.de/bizer/bsbm/v01/vocabulary/productPropertyTextual4"
3,"http://www4.wiwiss.fu-berlin.de/bizer/bsbm/v01/vocabulary/productPropertyNumeric3"
6,"http://www4.wiwiss.fu-berlin.de/bizer/bsbm/v01/vocabulary/productPropertyNumeric3"
5,"http://www4.wiwiss.fu-berlin.de/bizer/bsbm/v01/vocabulary/productPropertyNumeric5"
8,"http://www4.wiwiss.fu-berlin.de/bizer/bsbm/v01/vocabulary/productPropertyTextual2"
6,"http://www4.wiwiss.fu-berlin.de/bizer/bsbm/v01/vocabulary/productPropertyNumeric4"
3,"http://www4.wiwiss.fu-berlin.de/bizer/bsbm/v01/vocabulary/productPropertyNumeric1"
3,"http://www4.wiwiss.fu-berlin.de/bizer/bsbm/v01/vocabulary/productPropertyNumeric3"
3,"http://www4.wiwiss.fu-berlin.de/bizer/bsbm/v01/vocabulary/productPropertyNumeric5"
8,"http://www4.wiwiss.fu-berlin.de/bizer/bsbm/v01/vocabulary/productPropertyNumeric2"
8,"http://www4.wiwiss.fu-berlin.de/bizer/bsbm/v01/vocabulary/productPropertyTextual1"
4,"http://www4.wiwiss.fu-berlin.de/bizer/bsbm/v01/vocabulary/productPropertyTextual4"
6,"http://www4.wiwiss.fu-berlin.de/bizer/bsbm/v01/vocabulary/productPropertyTextual2"
3,"http://www4.wiwiss.fu-berlin.de/bizer/bsbm/v01/vocabulary/productPropertyTextual4"
1,"http://www4.wiwiss.fu-berlin.de/bizer/bsbm/v01/vocabulary/productPropertyNumeric4"
1,"http://www4.wiwiss.fu-berlin.de/bizer/bsbm/v01/vocabulary/productPropertyTextual6"
9,"http://www4.wiwiss.fu-berlin.de/bizer/bsbm/v01/vocabulary/productPropertyTextual5"
2,"http://www4.wiwiss.fu-berlin.de/bizer/bsbm/v01/vocabulary/productPropertyTextual5"
50,"http://xmlns.com/foaf/0.1/mbox_sha1sum"

