count,c
4745,http://www4.wiwiss.fu-berlin.de/bizer/bsbm/v01/vocabulary/ProductFeature
151,http://www4.wiwiss.fu-berlin.de/bizer/bsbm/v01/vocabulary/ProductType
10,http://www4.wiwiss.fu-berlin.de/bizer/bsbm/v01/instances/ProductType39
211,http://www4.wiwiss.fu-berlin.de/bizer/bsbm/v01/instances/ProductType4
15,http://www4.wiwiss.fu-berlin.de/bizer/bsbm/v01/instances/ProductType56
23,http://www4.wiwiss.fu-berlin.de/bizer/bsbm/v01/instances/ProductType57
14,http://www4.wiwiss.fu-berlin.de/bizer/bsbm/v01/instances/ProductType58
38,http://www4.wiwiss.fu-berlin.de/bizer/bsbm/v01/instances/ProductType8
20,http://www4.wiwiss.fu-berlin.de/bizer/bsbm/v01/instances/ProductType86
14,http://www4.wiwiss.fu-berlin.de/bizer/bsbm/v01/instances/ProductType89
23,http://www4.wiwiss.fu-berlin.de/bizer/bsbm/v01/instances/ProductType9
22,http://www4.wiwiss.fu-berlin.de/bizer/bsbm/v01/vocabulary/Producer
1000,http://www4.wiwiss.fu-berlin.de/bizer/bsbm/v01/instances/ProductType1
37,http://www4.wiwiss.fu-berlin.de/bizer/bsbm/v01/instances/ProductType24
1000,http://www4.wiwiss.fu-berlin.de/bizer/bsbm/v01/vocabulary/Product
32,http://www4.wiwiss.fu-berlin.de/bizer/bsbm/v01/instances/ProductType23
225,http://www4.wiwiss.fu-berlin.de/bizer/bsbm/v01/instances/ProductType3
267,http://www4.wiwiss.fu-berlin.de/bizer/bsbm/v01/instances/ProductType2
6,http://www4.wiwiss.fu-berlin.de/bizer/bsbm/v01/instances/ProductType118
144,http://www4.wiwiss.fu-berlin.de/bizer/bsbm/v01/instances/ProductType5
20,http://www4.wiwiss.fu-berlin.de/bizer/bsbm/v01/instances/ProductType22
11,http://www4.wiwiss.fu-berlin.de/bizer/bsbm/v01/instances/ProductType85
33,http://www4.wiwiss.fu-berlin.de/bizer/bsbm/v01/instances/ProductType12
20,http://www4.wiwiss.fu-berlin.de/bizer/bsbm/v01/instances/ProductType65
2,http://www4.wiwiss.fu-berlin.de/bizer/bsbm/v01/instances/ProductType149
5,http://www4.wiwiss.fu-berlin.de/bizer/bsbm/v01/instances/ProductType54
48,http://www4.wiwiss.fu-berlin.de/bizer/bsbm/v01/instances/ProductType7
38,http://www4.wiwiss.fu-berlin.de/bizer/bsbm/v01/instances/ProductType10
20,http://www4.wiwiss.fu-berlin.de/bizer/bsbm/v01/instances/ProductType60
8,http://www4.wiwiss.fu-berlin.de/bizer/bsbm/v01/instances/ProductType110
18,http://www4.wiwiss.fu-berlin.de/bizer/bsbm/v01/instances/ProductType35
40,http://www4.wiwiss.fu-berlin.de/bizer/bsbm/v01/instances/ProductType13
22,http://www4.wiwiss.fu-berlin.de/bizer/bsbm/v01/instances/ProductType67
3,http://www4.wiwiss.fu-berlin.de/bizer/bsbm/v01/instances/ProductType148
4,http://www4.wiwiss.fu-berlin.de/bizer/bsbm/v01/instances/ProductType119
11,http://www4.wiwiss.fu-berlin.de/bizer/bsbm/v01/instances/ProductType107
19,http://www4.wiwiss.fu-berlin.de/bizer/bsbm/v01/instances/ProductType33
7,http://www4.wiwiss.fu-berlin.de/bizer/bsbm/v01/instances/ProductType130
14,http://www4.wiwiss.fu-berlin.de/bizer/bsbm/v01/instances/ProductType45
105,http://www4.wiwiss.fu-berlin.de/bizer/bsbm/v01/instances/ProductType6
10,http://www4.wiwiss.fu-berlin.de/bizer/bsbm/v01/instances/ProductType115
25,http://www4.wiwiss.fu-berlin.de/bizer/bsbm/v01/instances/ProductType37
23,http://www4.wiwiss.fu-berlin.de/bizer/bsbm/v01/instances/ProductType16
11,http://www4.wiwiss.fu-berlin.de/bizer/bsbm/v01/instances/ProductType73
3,http://www4.wiwiss.fu-berlin.de/bizer/bsbm/v01/instances/ProductType116
8,http://www4.wiwiss.fu-berlin.de/bizer/bsbm/v01/instances/ProductType38
5,http://www4.wiwiss.fu-berlin.de/bizer/bsbm/v01/instances/ProductType133
11,http://www4.wiwiss.fu-berlin.de/bizer/bsbm/v01/instances/ProductType46
34,http://www4.wiwiss.fu-berlin.de/bizer/bsbm/v01/instances/ProductType18
15,http://www4.wiwiss.fu-berlin.de/bizer/bsbm/v01/instances/ProductType76
12,http://www4.wiwiss.fu-berlin.de/bizer/bsbm/v01/instances/ProductType87
32,http://www4.wiwiss.fu-berlin.de/bizer/bsbm/v01/instances/ProductType17
19,http://www4.wiwiss.fu-berlin.de/bizer/bsbm/v01/instances/ProductType75
6,http://www4.wiwiss.fu-berlin.de/bizer/bsbm/v01/instances/ProductType146
10,http://www4.wiwiss.fu-berlin.de/bizer/bsbm/v01/instances/ProductType53
10,http://www4.wiwiss.fu-berlin.de/bizer/bsbm/v01/instances/ProductType124
19,http://www4.wiwiss.fu-berlin.de/bizer/bsbm/v01/instances/ProductType42
34,http://www4.wiwiss.fu-berlin.de/bizer/bsbm/v01/instances/ProductType14
19,http://www4.wiwiss.fu-berlin.de/bizer/bsbm/v01/instances/ProductType69
9,http://www4.wiwiss.fu-berlin.de/bizer/bsbm/v01/instances/ProductType122
16,http://www4.wiwiss.fu-berlin.de/bizer/bsbm/v01/instances/ProductType41
6,http://www4.wiwiss.fu-berlin.de/bizer/bsbm/v01/instances/ProductType132
23,http://www4.wiwiss.fu-berlin.de/bizer/bsbm/v01/instances/ProductType28
13,http://www4.wiwiss.fu-berlin.de/bizer/bsbm/v01/instances/ProductType96
30,http://www4.wiwiss.fu-berlin.de/bizer/bsbm/v01/instances/ProductType21
15,http://www4.wiwiss.fu-berlin.de/bizer/bsbm/v01/instances/ProductType83
33,http://www4.wiwiss.fu-berlin.de/bizer/bsbm/v01/instances/ProductType11
12,http://www4.wiwiss.fu-berlin.de/bizer/bsbm/v01/instances/ProductType63
12,http://www4.wiwiss.fu-berlin.de/bizer/bsbm/v01/instances/ProductType112
20,http://www4.wiwiss.fu-berlin.de/bizer/bsbm/v01/instances/ProductType36
10,http://www4.wiwiss.fu-berlin.de/bizer/bsbm/v01/instances/ProductType97
20,http://www4.wiwiss.fu-berlin.de/bizer/bsbm/v01/instances/ProductType29
9,http://www4.wiwiss.fu-berlin.de/bizer/bsbm/v01/instances/ProductType99
7,http://www4.wiwiss.fu-berlin.de/bizer/bsbm/v01/instances/ProductType123
6,http://www4.wiwiss.fu-berlin.de/bizer/bsbm/v01/instances/ProductType127
12,http://www4.wiwiss.fu-berlin.de/bizer/bsbm/v01/instances/ProductType43
28,http://www4.wiwiss.fu-berlin.de/bizer/bsbm/v01/instances/ProductType15
16,http://www4.wiwiss.fu-berlin.de/bizer/bsbm/v01/instances/ProductType71
23,http://www4.wiwiss.fu-berlin.de/bizer/bsbm/v01/instances/ProductType88
21,http://www4.wiwiss.fu-berlin.de/bizer/bsbm/v01/instances/ProductType19
11,http://www4.wiwiss.fu-berlin.de/bizer/bsbm/v01/instances/ProductType78
15,http://www4.wiwiss.fu-berlin.de/bizer/bsbm/v01/instances/ProductType68
21,http://www4.wiwiss.fu-berlin.de/bizer/bsbm/v01/instances/ProductType62
19,http://www4.wiwiss.fu-berlin.de/bizer/bsbm/v01/instances/ProductType77
15,http://www4.wiwiss.fu-berlin.de/bizer/bsbm/v01/instances/ProductType82
21,http://www4.wiwiss.fu-berlin.de/bizer/bsbm/v01/instances/ProductType27
8,http://www4.wiwiss.fu-berlin.de/bizer/bsbm/v01/instances/ProductType94
33,http://www4.wiwiss.fu-berlin.de/bizer/bsbm/v01/instances/ProductType20
14,http://www4.wiwiss.fu-berlin.de/bizer/bsbm/v01/instances/ProductType81
9,http://www4.wiwiss.fu-berlin.de/bizer/bsbm/v01/instances/ProductType125
13,http://www4.wiwiss.fu-berlin.de/bizer/bsbm/v01/instances/ProductType109
24,http://www4.wiwiss.fu-berlin.de/bizer/bsbm/v01/instances/ProductType34
5,http://www4.wiwiss.fu-berlin.de/bizer/bsbm/v01/instances/ProductType117
32,http://www4.wiwiss.fu-berlin.de/bizer/bsbm/v01/instances/ProductType25
13,http://www4.wiwiss.fu-berlin.de/bizer/bsbm/v01/instances/ProductType91
4,http://www4.wiwiss.fu-berlin.de/bizer/bsbm/v01/instances/ProductType144
4,http://www4.wiwiss.fu-berlin.de/bizer/bsbm/v01/instances/ProductType52
19,http://www4.wiwiss.fu-berlin.de/bizer/bsbm/v01/instances/ProductType80
3,http://www4.wiwiss.fu-berlin.de/bizer/bsbm/v01/instances/ProductType129
8,http://www4.wiwiss.fu-berlin.de/bizer/bsbm/v01/instances/ProductType44
5,http://www4.wiwiss.fu-berlin.de/bizer/bsbm/v01/instances/ProductType128
9,http://www4.wiwiss.fu-berlin.de/bizer/bsbm/v01/instances/ProductType100
29,http://www4.wiwiss.fu-berlin.de/bizer/bsbm/v01/instances/ProductType30
10,http://www4.wiwiss.fu-berlin.de/bizer/bsbm/v01/instances/ProductType111
13,http://www4.wiwiss.fu-berlin.de/bizer/bsbm/v01/instances/ProductType64
15,http://www4.wiwiss.fu-berlin.de/bizer/bsbm/v01/instances/ProductType114
13,http://www4.wiwiss.fu-berlin.de/bizer/bsbm/v01/instances/ProductType74
9,http://www4.wiwiss.fu-berlin.de/bizer/bsbm/v01/instances/ProductType59
9,http://www4.wiwiss.fu-berlin.de/bizer/bsbm/v01/instances/ProductType105
20,http://www4.wiwiss.fu-berlin.de/bizer/bsbm/v01/instances/ProductType32
13,http://www4.wiwiss.fu-berlin.de/bizer/bsbm/v01/instances/ProductType95
1,http://www4.wiwiss.fu-berlin.de/bizer/bsbm/v01/instances/ProductType150
2,http://www4.wiwiss.fu-berlin.de/bizer/bsbm/v01/instances/ProductType55
18,http://www4.wiwiss.fu-berlin.de/bizer/bsbm/v01/instances/ProductType61
18,http://www4.wiwiss.fu-berlin.de/bizer/bsbm/v01/instances/ProductType66
12,http://www4.wiwiss.fu-berlin.de/bizer/bsbm/v01/instances/ProductType72
11,http://www4.wiwiss.fu-berlin.de/bizer/bsbm/v01/instances/ProductType108
12,http://www4.wiwiss.fu-berlin.de/bizer/bsbm/v01/instances/ProductType70
19,http://www4.wiwiss.fu-berlin.de/bizer/bsbm/v01/instances/ProductType90
4,http://www4.wiwiss.fu-berlin.de/bizer/bsbm/v01/instances/ProductType147
17,http://www4.wiwiss.fu-berlin.de/bizer/bsbm/v01/instances/ProductType102
26,http://www4.wiwiss.fu-berlin.de/bizer/bsbm/v01/instances/ProductType31
20,http://www4.wiwiss.fu-berlin.de/bizer/bsbm/v01/instances/ProductType101
6,http://www4.wiwiss.fu-berlin.de/bizer/bsbm/v01/instances/ProductType126
9,http://www4.wiwiss.fu-berlin.de/bizer/bsbm/v01/instances/ProductType103
4,http://www4.wiwiss.fu-berlin.de/bizer/bsbm/v01/instances/ProductType135
8,http://www4.wiwiss.fu-berlin.de/bizer/bsbm/v01/instances/ProductType47
11,http://www4.wiwiss.fu-berlin.de/bizer/bsbm/v01/instances/ProductType98
6,http://www4.wiwiss.fu-berlin.de/bizer/bsbm/v01/instances/ProductType136
7,http://www4.wiwiss.fu-berlin.de/bizer/bsbm/v01/instances/ProductType48
10,http://www4.wiwiss.fu-berlin.de/bizer/bsbm/v01/instances/ProductType79
23,http://www4.wiwiss.fu-berlin.de/bizer/bsbm/v01/instances/ProductType26
10,http://www4.wiwiss.fu-berlin.de/bizer/bsbm/v01/instances/ProductType93
2,http://www4.wiwiss.fu-berlin.de/bizer/bsbm/v01/instances/ProductType141
5,http://www4.wiwiss.fu-berlin.de/bizer/bsbm/v01/instances/ProductType50
9,http://www4.wiwiss.fu-berlin.de/bizer/bsbm/v01/instances/ProductType84
11,http://www4.wiwiss.fu-berlin.de/bizer/bsbm/v01/instances/ProductType104
8,http://www4.wiwiss.fu-berlin.de/bizer/bsbm/v01/instances/ProductType106
13,http://www4.wiwiss.fu-berlin.de/bizer/bsbm/v01/instances/ProductType92
6,http://www4.wiwiss.fu-berlin.de/bizer/bsbm/v01/instances/ProductType139
10,http://www4.wiwiss.fu-berlin.de/bizer/bsbm/v01/instances/ProductType49
4,http://www4.wiwiss.fu-berlin.de/bizer/bsbm/v01/instances/ProductType134
3,http://www4.wiwiss.fu-berlin.de/bizer/bsbm/v01/instances/ProductType142
5,http://www4.wiwiss.fu-berlin.de/bizer/bsbm/v01/instances/ProductType51
12,http://www4.wiwiss.fu-berlin.de/bizer/bsbm/v01/instances/ProductType120
17,http://www4.wiwiss.fu-berlin.de/bizer/bsbm/v01/instances/ProductType40
4,http://www4.wiwiss.fu-berlin.de/bizer/bsbm/v01/instances/ProductType138
8,http://www4.wiwiss.fu-berlin.de/bizer/bsbm/v01/instances/ProductType113
5,http://www4.wiwiss.fu-berlin.de/bizer/bsbm/v01/instances/ProductType121
1,http://www4.wiwiss.fu-berlin.de/bizer/bsbm/v01/instances/ProductType137
3,http://www4.wiwiss.fu-berlin.de/bizer/bsbm/v01/instances/ProductType140
7,http://www4.wiwiss.fu-berlin.de/bizer/bsbm/v01/instances/ProductType131
2,http://www4.wiwiss.fu-berlin.de/bizer/bsbm/v01/instances/ProductType143
1,http://www4.wiwiss.fu-berlin.de/bizer/bsbm/v01/instances/ProductType151
503,http://xmlns.com/foaf/0.1/Person
12,http://www4.wiwiss.fu-berlin.de/bizer/bsbm/v01/vocabulary/Vendor
10000,http://www4.wiwiss.fu-berlin.de/bizer/bsbm/v01/vocabulary/Review
20000,http://www4.wiwiss.fu-berlin.de/bizer/bsbm/v01/vocabulary/Offer
