count,p,oType
59,http://www4.wiwiss.fu-berlin.de/bizer/bsbm/v01/vocabulary/product,http://www4.wiwiss.fu-berlin.de/bizer/bsbm/v01/instances/ProductType55
384,http://www4.wiwiss.fu-berlin.de/bizer/bsbm/v01/vocabulary/product,http://www4.wiwiss.fu-berlin.de/bizer/bsbm/v01/instances/ProductType67
198,http://www4.wiwiss.fu-berlin.de/bizer/bsbm/v01/vocabulary/product,http://www4.wiwiss.fu-berlin.de/bizer/bsbm/v01/instances/ProductType79
133,http://www4.wiwiss.fu-berlin.de/bizer/bsbm/v01/vocabulary/reviewFor,http://www4.wiwiss.fu-berlin.de/bizer/bsbm/v01/instances/ProductType72
214,http://www4.wiwiss.fu-berlin.de/bizer/bsbm/v01/vocabulary/reviewFor,http://www4.wiwiss.fu-berlin.de/bizer/bsbm/v01/instances/ProductType60
119,http://www4.wiwiss.fu-berlin.de/bizer/bsbm/v01/vocabulary/reviewFor,http://www4.wiwiss.fu-berlin.de/bizer/bsbm/v01/instances/ProductType96
88,http://www4.wiwiss.fu-berlin.de/bizer/bsbm/v01/vocabulary/reviewFor,http://www4.wiwiss.fu-berlin.de/bizer/bsbm/v01/instances/ProductType84
48,http://www4.wiwiss.fu-berlin.de/bizer/bsbm/v01/vocabulary/reviewFor,http://www4.wiwiss.fu-berlin.de/bizer/bsbm/v01/instances/ProductType132
52,http://www4.wiwiss.fu-berlin.de/bizer/bsbm/v01/vocabulary/reviewFor,http://www4.wiwiss.fu-berlin.de/bizer/bsbm/v01/instances/ProductType144
145,http://www4.wiwiss.fu-berlin.de/bizer/bsbm/v01/vocabulary/reviewFor,http://www4.wiwiss.fu-berlin.de/bizer/bsbm/v01/instances/ProductType120
260,http://www4.wiwiss.fu-berlin.de/bizer/bsbm/v01/vocabulary/reviewFor,http://www4.wiwiss.fu-berlin.de/bizer/bsbm/v01/instances/ProductType16
4661,http://www4.wiwiss.fu-berlin.de/bizer/bsbm/v01/vocabulary/product,http://www4.wiwiss.fu-berlin.de/bizer/bsbm/v01/instances/ProductType3
241,http://www4.wiwiss.fu-berlin.de/bizer/bsbm/v01/vocabulary/reviewFor,http://www4.wiwiss.fu-berlin.de/bizer/bsbm/v01/instances/ProductType28
218,http://www4.wiwiss.fu-berlin.de/bizer/bsbm/v01/vocabulary/product,http://www4.wiwiss.fu-berlin.de/bizer/bsbm/v01/instances/ProductType104
638,http://www4.wiwiss.fu-berlin.de/bizer/bsbm/v01/vocabulary/product,http://www4.wiwiss.fu-berlin.de/bizer/bsbm/v01/instances/ProductType31
268,http://www4.wiwiss.fu-berlin.de/bizer/bsbm/v01/vocabulary/product,http://www4.wiwiss.fu-berlin.de/bizer/bsbm/v01/instances/ProductType43
60,http://www4.wiwiss.fu-berlin.de/bizer/bsbm/v01/vocabulary/product,http://www4.wiwiss.fu-berlin.de/bizer/bsbm/v01/instances/ProductType128
34,http://www4.wiwiss.fu-berlin.de/bizer/bsbm/v01/vocabulary/product,http://www4.wiwiss.fu-berlin.de/bizer/bsbm/v01/instances/ProductType116
394,http://www4.wiwiss.fu-berlin.de/bizer/bsbm/v01/vocabulary/product,http://www4.wiwiss.fu-berlin.de/bizer/bsbm/v01/instances/ProductType66
226,http://www4.wiwiss.fu-berlin.de/bizer/bsbm/v01/vocabulary/product,http://www4.wiwiss.fu-berlin.de/bizer/bsbm/v01/instances/ProductType78
20000,http://www4.wiwiss.fu-berlin.de/bizer/bsbm/v01/vocabulary/product,http://www4.wiwiss.fu-berlin.de/bizer/bsbm/v01/instances/ProductType1
172,http://www4.wiwiss.fu-berlin.de/bizer/bsbm/v01/vocabulary/reviewFor,http://www4.wiwiss.fu-berlin.de/bizer/bsbm/v01/instances/ProductType61
79,http://www4.wiwiss.fu-berlin.de/bizer/bsbm/v01/vocabulary/reviewFor,http://www4.wiwiss.fu-berlin.de/bizer/bsbm/v01/instances/ProductType85
127,http://www4.wiwiss.fu-berlin.de/bizer/bsbm/v01/vocabulary/reviewFor,http://www4.wiwiss.fu-berlin.de/bizer/bsbm/v01/instances/ProductType73
36,http://www4.wiwiss.fu-berlin.de/bizer/bsbm/v01/vocabulary/reviewFor,http://www4.wiwiss.fu-berlin.de/bizer/bsbm/v01/instances/ProductType134
50,http://www4.wiwiss.fu-berlin.de/bizer/bsbm/v01/vocabulary/reviewFor,http://www4.wiwiss.fu-berlin.de/bizer/bsbm/v01/instances/ProductType146
122,http://www4.wiwiss.fu-berlin.de/bizer/bsbm/v01/vocabulary/reviewFor,http://www4.wiwiss.fu-berlin.de/bizer/bsbm/v01/instances/ProductType97
46,http://www4.wiwiss.fu-berlin.de/bizer/bsbm/v01/vocabulary/reviewFor,http://www4.wiwiss.fu-berlin.de/bizer/bsbm/v01/instances/ProductType121
23,http://www4.wiwiss.fu-berlin.de/bizer/bsbm/v01/vocabulary/reviewFor,http://www4.wiwiss.fu-berlin.de/bizer/bsbm/v01/instances/ProductType133
243,http://www4.wiwiss.fu-berlin.de/bizer/bsbm/v01/vocabulary/reviewFor,http://www4.wiwiss.fu-berlin.de/bizer/bsbm/v01/instances/ProductType29
5084,http://www4.wiwiss.fu-berlin.de/bizer/bsbm/v01/vocabulary/product,http://www4.wiwiss.fu-berlin.de/bizer/bsbm/v01/instances/ProductType2
280,http://www4.wiwiss.fu-berlin.de/bizer/bsbm/v01/vocabulary/reviewFor,http://www4.wiwiss.fu-berlin.de/bizer/bsbm/v01/instances/ProductType17
194,http://www4.wiwiss.fu-berlin.de/bizer/bsbm/v01/vocabulary/product,http://www4.wiwiss.fu-berlin.de/bizer/bsbm/v01/instances/ProductType115
227,http://www4.wiwiss.fu-berlin.de/bizer/bsbm/v01/vocabulary/product,http://www4.wiwiss.fu-berlin.de/bizer/bsbm/v01/instances/ProductType103
613,http://www4.wiwiss.fu-berlin.de/bizer/bsbm/v01/vocabulary/product,http://www4.wiwiss.fu-berlin.de/bizer/bsbm/v01/instances/ProductType30
318,http://www4.wiwiss.fu-berlin.de/bizer/bsbm/v01/vocabulary/product,http://www4.wiwiss.fu-berlin.de/bizer/bsbm/v01/instances/ProductType42
56,http://www4.wiwiss.fu-berlin.de/bizer/bsbm/v01/vocabulary/product,http://www4.wiwiss.fu-berlin.de/bizer/bsbm/v01/instances/ProductType54
107,http://www4.wiwiss.fu-berlin.de/bizer/bsbm/v01/vocabulary/product,http://www4.wiwiss.fu-berlin.de/bizer/bsbm/v01/instances/ProductType139
130,http://www4.wiwiss.fu-berlin.de/bizer/bsbm/v01/vocabulary/product,http://www4.wiwiss.fu-berlin.de/bizer/bsbm/v01/instances/ProductType127
447,http://www4.wiwiss.fu-berlin.de/bizer/bsbm/v01/vocabulary/product,http://www4.wiwiss.fu-berlin.de/bizer/bsbm/v01/instances/ProductType77
303,http://www4.wiwiss.fu-berlin.de/bizer/bsbm/v01/vocabulary/product,http://www4.wiwiss.fu-berlin.de/bizer/bsbm/v01/instances/ProductType89
4000,http://www.w3.org/1999/02/22-rdf-syntax-ns#type,http://www4.wiwiss.fu-berlin.de/bizer/bsbm/v01/vocabulary/ProductType
48,http://www4.wiwiss.fu-berlin.de/bizer/bsbm/v01/vocabulary/reviewFor,http://www4.wiwiss.fu-berlin.de/bizer/bsbm/v01/instances/ProductType50
104,http://www4.wiwiss.fu-berlin.de/bizer/bsbm/v01/vocabulary/reviewFor,http://www4.wiwiss.fu-berlin.de/bizer/bsbm/v01/instances/ProductType74
43,http://www4.wiwiss.fu-berlin.de/bizer/bsbm/v01/vocabulary/reviewFor,http://www4.wiwiss.fu-berlin.de/bizer/bsbm/v01/instances/ProductType147
167,http://www4.wiwiss.fu-berlin.de/bizer/bsbm/v01/vocabulary/reviewFor,http://www4.wiwiss.fu-berlin.de/bizer/bsbm/v01/instances/ProductType62
133,http://www4.wiwiss.fu-berlin.de/bizer/bsbm/v01/vocabulary/reviewFor,http://www4.wiwiss.fu-berlin.de/bizer/bsbm/v01/instances/ProductType98
78,http://www4.wiwiss.fu-berlin.de/bizer/bsbm/v01/vocabulary/reviewFor,http://www4.wiwiss.fu-berlin.de/bizer/bsbm/v01/instances/ProductType123
20000,http://www4.wiwiss.fu-berlin.de/bizer/bsbm/v01/vocabulary/product,http://www4.wiwiss.fu-berlin.de/bizer/bsbm/v01/vocabulary/Product
182,http://www4.wiwiss.fu-berlin.de/bizer/bsbm/v01/vocabulary/reviewFor,http://www4.wiwiss.fu-berlin.de/bizer/bsbm/v01/instances/ProductType86
48,http://www4.wiwiss.fu-berlin.de/bizer/bsbm/v01/vocabulary/reviewFor,http://www4.wiwiss.fu-berlin.de/bizer/bsbm/v01/instances/ProductType135
91,http://www4.wiwiss.fu-berlin.de/bizer/bsbm/v01/vocabulary/reviewFor,http://www4.wiwiss.fu-berlin.de/bizer/bsbm/v01/instances/ProductType110
79,http://www4.wiwiss.fu-berlin.de/bizer/bsbm/v01/vocabulary/reviewFor,http://www4.wiwiss.fu-berlin.de/bizer/bsbm/v01/instances/ProductType122
2960,http://www4.wiwiss.fu-berlin.de/bizer/bsbm/v01/vocabulary/product,http://www4.wiwiss.fu-berlin.de/bizer/bsbm/v01/instances/ProductType5
358,http://www4.wiwiss.fu-berlin.de/bizer/bsbm/v01/vocabulary/reviewFor,http://www4.wiwiss.fu-berlin.de/bizer/bsbm/v01/instances/ProductType18
138,http://www4.wiwiss.fu-berlin.de/bizer/bsbm/v01/vocabulary/product,http://www4.wiwiss.fu-berlin.de/bizer/bsbm/v01/instances/ProductType126
254,http://www4.wiwiss.fu-berlin.de/bizer/bsbm/v01/vocabulary/product,http://www4.wiwiss.fu-berlin.de/bizer/bsbm/v01/instances/ProductType41
358,http://www4.wiwiss.fu-berlin.de/bizer/bsbm/v01/vocabulary/product,http://www4.wiwiss.fu-berlin.de/bizer/bsbm/v01/instances/ProductType114
191,http://www4.wiwiss.fu-berlin.de/bizer/bsbm/v01/vocabulary/product,http://www4.wiwiss.fu-berlin.de/bizer/bsbm/v01/instances/ProductType53
411,http://www4.wiwiss.fu-berlin.de/bizer/bsbm/v01/vocabulary/product,http://www4.wiwiss.fu-berlin.de/bizer/bsbm/v01/instances/ProductType102
407,http://www4.wiwiss.fu-berlin.de/bizer/bsbm/v01/vocabulary/product,http://www4.wiwiss.fu-berlin.de/bizer/bsbm/v01/instances/ProductType65
20012,http://purl.org/dc/elements/1.1/publisher,http://www4.wiwiss.fu-berlin.de/bizer/bsbm/v01/vocabulary/Vendor
96,http://www4.wiwiss.fu-berlin.de/bizer/bsbm/v01/vocabulary/product,http://www4.wiwiss.fu-berlin.de/bizer/bsbm/v01/instances/ProductType138
410,http://www4.wiwiss.fu-berlin.de/bizer/bsbm/v01/vocabulary/product,http://www4.wiwiss.fu-berlin.de/bizer/bsbm/v01/instances/ProductType88
199,http://www4.wiwiss.fu-berlin.de/bizer/bsbm/v01/vocabulary/product,http://www4.wiwiss.fu-berlin.de/bizer/bsbm/v01/instances/ProductType100
60,http://www4.wiwiss.fu-berlin.de/bizer/bsbm/v01/vocabulary/reviewFor,http://www4.wiwiss.fu-berlin.de/bizer/bsbm/v01/instances/ProductType136
97,http://www4.wiwiss.fu-berlin.de/bizer/bsbm/v01/vocabulary/reviewFor,http://www4.wiwiss.fu-berlin.de/bizer/bsbm/v01/instances/ProductType63
12,http://www4.wiwiss.fu-berlin.de/bizer/bsbm/v01/vocabulary/reviewFor,http://www4.wiwiss.fu-berlin.de/bizer/bsbm/v01/instances/ProductType148
53,http://www4.wiwiss.fu-berlin.de/bizer/bsbm/v01/vocabulary/reviewFor,http://www4.wiwiss.fu-berlin.de/bizer/bsbm/v01/instances/ProductType51
146,http://www4.wiwiss.fu-berlin.de/bizer/bsbm/v01/vocabulary/reviewFor,http://www4.wiwiss.fu-berlin.de/bizer/bsbm/v01/instances/ProductType87
89,http://www4.wiwiss.fu-berlin.de/bizer/bsbm/v01/vocabulary/reviewFor,http://www4.wiwiss.fu-berlin.de/bizer/bsbm/v01/instances/ProductType112
176,http://www4.wiwiss.fu-berlin.de/bizer/bsbm/v01/vocabulary/reviewFor,http://www4.wiwiss.fu-berlin.de/bizer/bsbm/v01/instances/ProductType75
75,http://www4.wiwiss.fu-berlin.de/bizer/bsbm/v01/vocabulary/reviewFor,http://www4.wiwiss.fu-berlin.de/bizer/bsbm/v01/instances/ProductType124
110,http://www4.wiwiss.fu-berlin.de/bizer/bsbm/v01/vocabulary/reviewFor,http://www4.wiwiss.fu-berlin.de/bizer/bsbm/v01/instances/ProductType99
102,http://www4.wiwiss.fu-berlin.de/bizer/bsbm/v01/vocabulary/reviewFor,http://www4.wiwiss.fu-berlin.de/bizer/bsbm/v01/instances/ProductType111
4382,http://www4.wiwiss.fu-berlin.de/bizer/bsbm/v01/vocabulary/product,http://www4.wiwiss.fu-berlin.de/bizer/bsbm/v01/instances/ProductType4
150,http://www.w3.org/2000/01/rdf-schema#subClassOf,http://www4.wiwiss.fu-berlin.de/bizer/bsbm/v01/vocabulary/ProductType
16,http://www4.wiwiss.fu-berlin.de/bizer/bsbm/v01/vocabulary/product,http://www4.wiwiss.fu-berlin.de/bizer/bsbm/v01/instances/ProductType137
353,http://www4.wiwiss.fu-berlin.de/bizer/bsbm/v01/vocabulary/product,http://www4.wiwiss.fu-berlin.de/bizer/bsbm/v01/instances/ProductType40
267,http://www4.wiwiss.fu-berlin.de/bizer/bsbm/v01/vocabulary/reviewFor,http://www4.wiwiss.fu-berlin.de/bizer/bsbm/v01/instances/ProductType19
165,http://www4.wiwiss.fu-berlin.de/bizer/bsbm/v01/vocabulary/product,http://www4.wiwiss.fu-berlin.de/bizer/bsbm/v01/instances/ProductType125
125,http://www4.wiwiss.fu-berlin.de/bizer/bsbm/v01/vocabulary/product,http://www4.wiwiss.fu-berlin.de/bizer/bsbm/v01/instances/ProductType52
124,http://www4.wiwiss.fu-berlin.de/bizer/bsbm/v01/vocabulary/product,http://www4.wiwiss.fu-berlin.de/bizer/bsbm/v01/instances/ProductType113
304,http://www4.wiwiss.fu-berlin.de/bizer/bsbm/v01/vocabulary/product,http://www4.wiwiss.fu-berlin.de/bizer/bsbm/v01/instances/ProductType64
414,http://www4.wiwiss.fu-berlin.de/bizer/bsbm/v01/vocabulary/product,http://www4.wiwiss.fu-berlin.de/bizer/bsbm/v01/instances/ProductType101
311,http://www4.wiwiss.fu-berlin.de/bizer/bsbm/v01/vocabulary/product,http://www4.wiwiss.fu-berlin.de/bizer/bsbm/v01/instances/ProductType76
34,http://www4.wiwiss.fu-berlin.de/bizer/bsbm/v01/vocabulary/product,http://www4.wiwiss.fu-berlin.de/bizer/bsbm/v01/instances/ProductType149
175,http://www4.wiwiss.fu-berlin.de/bizer/bsbm/v01/vocabulary/product,http://www4.wiwiss.fu-berlin.de/bizer/bsbm/v01/instances/ProductType59
24,http://www4.wiwiss.fu-berlin.de/bizer/bsbm/v01/vocabulary/product,http://www4.wiwiss.fu-berlin.de/bizer/bsbm/v01/instances/ProductType151
561,http://www4.wiwiss.fu-berlin.de/bizer/bsbm/v01/vocabulary/product,http://www4.wiwiss.fu-berlin.de/bizer/bsbm/v01/instances/ProductType11
630,http://www4.wiwiss.fu-berlin.de/bizer/bsbm/v01/vocabulary/product,http://www4.wiwiss.fu-berlin.de/bizer/bsbm/v01/instances/ProductType23
375,http://www4.wiwiss.fu-berlin.de/bizer/bsbm/v01/vocabulary/product,http://www4.wiwiss.fu-berlin.de/bizer/bsbm/v01/instances/ProductType35
139,http://www4.wiwiss.fu-berlin.de/bizer/bsbm/v01/vocabulary/reviewFor,http://www4.wiwiss.fu-berlin.de/bizer/bsbm/v01/instances/ProductType109
182,http://www4.wiwiss.fu-berlin.de/bizer/bsbm/v01/vocabulary/product,http://www4.wiwiss.fu-berlin.de/bizer/bsbm/v01/instances/ProductType47
138,http://www4.wiwiss.fu-berlin.de/bizer/bsbm/v01/vocabulary/reviewFor,http://www4.wiwiss.fu-berlin.de/bizer/bsbm/v01/instances/ProductType92
226,http://www4.wiwiss.fu-berlin.de/bizer/bsbm/v01/vocabulary/reviewFor,http://www4.wiwiss.fu-berlin.de/bizer/bsbm/v01/instances/ProductType80
350,http://www4.wiwiss.fu-berlin.de/bizer/bsbm/v01/vocabulary/reviewFor,http://www4.wiwiss.fu-berlin.de/bizer/bsbm/v01/instances/ProductType12
141,http://www4.wiwiss.fu-berlin.de/bizer/bsbm/v01/vocabulary/reviewFor,http://www4.wiwiss.fu-berlin.de/bizer/bsbm/v01/instances/ProductType36
1008,http://www4.wiwiss.fu-berlin.de/bizer/bsbm/v01/vocabulary/product,http://www4.wiwiss.fu-berlin.de/bizer/bsbm/v01/instances/ProductType7
390,http://www4.wiwiss.fu-berlin.de/bizer/bsbm/v01/vocabulary/reviewFor,http://www4.wiwiss.fu-berlin.de/bizer/bsbm/v01/instances/ProductType24
67,http://www4.wiwiss.fu-berlin.de/bizer/bsbm/v01/vocabulary/reviewFor,http://www4.wiwiss.fu-berlin.de/bizer/bsbm/v01/instances/ProductType48
18,http://www4.wiwiss.fu-berlin.de/bizer/bsbm/v01/vocabulary/reviewFor,http://www4.wiwiss.fu-berlin.de/bizer/bsbm/v01/instances/ProductType140
20548,http://www4.wiwiss.fu-berlin.de/bizer/bsbm/v01/vocabulary/productFeature,http://www4.wiwiss.fu-berlin.de/bizer/bsbm/v01/vocabulary/ProductFeature
237,http://www4.wiwiss.fu-berlin.de/bizer/bsbm/v01/vocabulary/product,http://www4.wiwiss.fu-berlin.de/bizer/bsbm/v01/instances/ProductType108
219,http://www4.wiwiss.fu-berlin.de/bizer/bsbm/v01/vocabulary/product,http://www4.wiwiss.fu-berlin.de/bizer/bsbm/v01/instances/ProductType91
35,http://www4.wiwiss.fu-berlin.de/bizer/bsbm/v01/vocabulary/product,http://www4.wiwiss.fu-berlin.de/bizer/bsbm/v01/instances/ProductType150
359,http://www4.wiwiss.fu-berlin.de/bizer/bsbm/v01/vocabulary/product,http://www4.wiwiss.fu-berlin.de/bizer/bsbm/v01/instances/ProductType22
532,http://www4.wiwiss.fu-berlin.de/bizer/bsbm/v01/vocabulary/product,http://www4.wiwiss.fu-berlin.de/bizer/bsbm/v01/instances/ProductType34
152,http://www4.wiwiss.fu-berlin.de/bizer/bsbm/v01/vocabulary/product,http://www4.wiwiss.fu-berlin.de/bizer/bsbm/v01/instances/ProductType46
185,http://www4.wiwiss.fu-berlin.de/bizer/bsbm/v01/vocabulary/product,http://www4.wiwiss.fu-berlin.de/bizer/bsbm/v01/instances/ProductType58
149,http://www4.wiwiss.fu-berlin.de/bizer/bsbm/v01/vocabulary/reviewFor,http://www4.wiwiss.fu-berlin.de/bizer/bsbm/v01/instances/ProductType81
101,http://www4.wiwiss.fu-berlin.de/bizer/bsbm/v01/vocabulary/reviewFor,http://www4.wiwiss.fu-berlin.de/bizer/bsbm/v01/instances/ProductType93
1905,http://www4.wiwiss.fu-berlin.de/bizer/bsbm/v01/vocabulary/product,http://www4.wiwiss.fu-berlin.de/bizer/bsbm/v01/instances/ProductType6
308,http://www4.wiwiss.fu-berlin.de/bizer/bsbm/v01/vocabulary/reviewFor,http://www4.wiwiss.fu-berlin.de/bizer/bsbm/v01/instances/ProductType25
30,http://www4.wiwiss.fu-berlin.de/bizer/bsbm/v01/vocabulary/reviewFor,http://www4.wiwiss.fu-berlin.de/bizer/bsbm/v01/instances/ProductType141
380,http://www4.wiwiss.fu-berlin.de/bizer/bsbm/v01/vocabulary/reviewFor,http://www4.wiwiss.fu-berlin.de/bizer/bsbm/v01/instances/ProductType13
336,http://www4.wiwiss.fu-berlin.de/bizer/bsbm/v01/vocabulary/product,http://www4.wiwiss.fu-berlin.de/bizer/bsbm/v01/instances/ProductType90
96,http://www4.wiwiss.fu-berlin.de/bizer/bsbm/v01/vocabulary/reviewFor,http://www4.wiwiss.fu-berlin.de/bizer/bsbm/v01/instances/ProductType49
248,http://www4.wiwiss.fu-berlin.de/bizer/bsbm/v01/vocabulary/reviewFor,http://www4.wiwiss.fu-berlin.de/bizer/bsbm/v01/instances/ProductType37
711,http://www4.wiwiss.fu-berlin.de/bizer/bsbm/v01/vocabulary/product,http://www4.wiwiss.fu-berlin.de/bizer/bsbm/v01/instances/ProductType10
56,http://www4.wiwiss.fu-berlin.de/bizer/bsbm/v01/vocabulary/product,http://www4.wiwiss.fu-berlin.de/bizer/bsbm/v01/instances/ProductType119
250,http://www4.wiwiss.fu-berlin.de/bizer/bsbm/v01/vocabulary/product,http://www4.wiwiss.fu-berlin.de/bizer/bsbm/v01/instances/ProductType107
10000,http://purl.org/stuff/rev#reviewer,http://xmlns.com/foaf/0.1/Person
428,http://www4.wiwiss.fu-berlin.de/bizer/bsbm/v01/vocabulary/product,http://www4.wiwiss.fu-berlin.de/bizer/bsbm/v01/instances/ProductType33
227,http://www4.wiwiss.fu-berlin.de/bizer/bsbm/v01/vocabulary/product,http://www4.wiwiss.fu-berlin.de/bizer/bsbm/v01/instances/ProductType45
441,http://www4.wiwiss.fu-berlin.de/bizer/bsbm/v01/vocabulary/product,http://www4.wiwiss.fu-berlin.de/bizer/bsbm/v01/instances/ProductType57
390,http://www4.wiwiss.fu-berlin.de/bizer/bsbm/v01/vocabulary/product,http://www4.wiwiss.fu-berlin.de/bizer/bsbm/v01/instances/ProductType69
129,http://www4.wiwiss.fu-berlin.de/bizer/bsbm/v01/vocabulary/reviewFor,http://www4.wiwiss.fu-berlin.de/bizer/bsbm/v01/instances/ProductType70
68,http://www4.wiwiss.fu-berlin.de/bizer/bsbm/v01/vocabulary/reviewFor,http://www4.wiwiss.fu-berlin.de/bizer/bsbm/v01/instances/ProductType94
148,http://www4.wiwiss.fu-berlin.de/bizer/bsbm/v01/vocabulary/reviewFor,http://www4.wiwiss.fu-berlin.de/bizer/bsbm/v01/instances/ProductType82
360,http://www4.wiwiss.fu-berlin.de/bizer/bsbm/v01/vocabulary/product,http://www4.wiwiss.fu-berlin.de/bizer/bsbm/v01/instances/ProductType9
337,http://www4.wiwiss.fu-berlin.de/bizer/bsbm/v01/vocabulary/reviewFor,http://www4.wiwiss.fu-berlin.de/bizer/bsbm/v01/instances/ProductType14
65,http://www4.wiwiss.fu-berlin.de/bizer/bsbm/v01/vocabulary/reviewFor,http://www4.wiwiss.fu-berlin.de/bizer/bsbm/v01/instances/ProductType130
33,http://www4.wiwiss.fu-berlin.de/bizer/bsbm/v01/vocabulary/reviewFor,http://www4.wiwiss.fu-berlin.de/bizer/bsbm/v01/instances/ProductType142
63,http://www4.wiwiss.fu-berlin.de/bizer/bsbm/v01/vocabulary/reviewFor,http://www4.wiwiss.fu-berlin.de/bizer/bsbm/v01/instances/ProductType38
239,http://www4.wiwiss.fu-berlin.de/bizer/bsbm/v01/vocabulary/reviewFor,http://www4.wiwiss.fu-berlin.de/bizer/bsbm/v01/instances/ProductType26
550,http://www4.wiwiss.fu-berlin.de/bizer/bsbm/v01/vocabulary/product,http://www4.wiwiss.fu-berlin.de/bizer/bsbm/v01/instances/ProductType21
93,http://www4.wiwiss.fu-berlin.de/bizer/bsbm/v01/vocabulary/product,http://www4.wiwiss.fu-berlin.de/bizer/bsbm/v01/instances/ProductType118
178,http://www4.wiwiss.fu-berlin.de/bizer/bsbm/v01/vocabulary/product,http://www4.wiwiss.fu-berlin.de/bizer/bsbm/v01/instances/ProductType106
151,http://www4.wiwiss.fu-berlin.de/bizer/bsbm/v01/vocabulary/product,http://www4.wiwiss.fu-berlin.de/bizer/bsbm/v01/instances/ProductType44
339,http://www4.wiwiss.fu-berlin.de/bizer/bsbm/v01/vocabulary/product,http://www4.wiwiss.fu-berlin.de/bizer/bsbm/v01/instances/ProductType56
1022,http://purl.org/dc/elements/1.1/publisher,http://www4.wiwiss.fu-berlin.de/bizer/bsbm/v01/vocabulary/Producer
283,http://www4.wiwiss.fu-berlin.de/bizer/bsbm/v01/vocabulary/product,http://www4.wiwiss.fu-berlin.de/bizer/bsbm/v01/instances/ProductType68
108,http://www4.wiwiss.fu-berlin.de/bizer/bsbm/v01/vocabulary/reviewFor,http://www4.wiwiss.fu-berlin.de/bizer/bsbm/v01/instances/ProductType83
137,http://www4.wiwiss.fu-berlin.de/bizer/bsbm/v01/vocabulary/reviewFor,http://www4.wiwiss.fu-berlin.de/bizer/bsbm/v01/instances/ProductType71
162,http://www4.wiwiss.fu-berlin.de/bizer/bsbm/v01/vocabulary/reviewFor,http://www4.wiwiss.fu-berlin.de/bizer/bsbm/v01/instances/ProductType95
20,http://www4.wiwiss.fu-berlin.de/bizer/bsbm/v01/vocabulary/reviewFor,http://www4.wiwiss.fu-berlin.de/bizer/bsbm/v01/instances/ProductType143
780,http://www4.wiwiss.fu-berlin.de/bizer/bsbm/v01/vocabulary/product,http://www4.wiwiss.fu-berlin.de/bizer/bsbm/v01/instances/ProductType8
45,http://www4.wiwiss.fu-berlin.de/bizer/bsbm/v01/vocabulary/reviewFor,http://www4.wiwiss.fu-berlin.de/bizer/bsbm/v01/instances/ProductType131
230,http://www4.wiwiss.fu-berlin.de/bizer/bsbm/v01/vocabulary/reviewFor,http://www4.wiwiss.fu-berlin.de/bizer/bsbm/v01/instances/ProductType27
266,http://www4.wiwiss.fu-berlin.de/bizer/bsbm/v01/vocabulary/reviewFor,http://www4.wiwiss.fu-berlin.de/bizer/bsbm/v01/instances/ProductType15
73,http://www4.wiwiss.fu-berlin.de/bizer/bsbm/v01/vocabulary/reviewFor,http://www4.wiwiss.fu-berlin.de/bizer/bsbm/v01/instances/ProductType39
718,http://www4.wiwiss.fu-berlin.de/bizer/bsbm/v01/vocabulary/product,http://www4.wiwiss.fu-berlin.de/bizer/bsbm/v01/instances/ProductType20
436,http://www4.wiwiss.fu-berlin.de/bizer/bsbm/v01/vocabulary/product,http://www4.wiwiss.fu-berlin.de/bizer/bsbm/v01/instances/ProductType32
91,http://www4.wiwiss.fu-berlin.de/bizer/bsbm/v01/vocabulary/product,http://www4.wiwiss.fu-berlin.de/bizer/bsbm/v01/instances/ProductType129
110,http://www4.wiwiss.fu-berlin.de/bizer/bsbm/v01/vocabulary/product,http://www4.wiwiss.fu-berlin.de/bizer/bsbm/v01/instances/ProductType117
218,http://www4.wiwiss.fu-berlin.de/bizer/bsbm/v01/vocabulary/product,http://www4.wiwiss.fu-berlin.de/bizer/bsbm/v01/instances/ProductType105
510,http://www4.wiwiss.fu-berlin.de/bizer/bsbm/v01/vocabulary/product,http://www4.wiwiss.fu-berlin.de/bizer/bsbm/v01/instances/ProductType15
442,http://www4.wiwiss.fu-berlin.de/bizer/bsbm/v01/vocabulary/product,http://www4.wiwiss.fu-berlin.de/bizer/bsbm/v01/instances/ProductType27
149,http://www4.wiwiss.fu-berlin.de/bizer/bsbm/v01/vocabulary/product,http://www4.wiwiss.fu-berlin.de/bizer/bsbm/v01/instances/ProductType39
50,http://www4.wiwiss.fu-berlin.de/bizer/bsbm/v01/vocabulary/product,http://www4.wiwiss.fu-berlin.de/bizer/bsbm/v01/instances/ProductType143
380,http://www4.wiwiss.fu-berlin.de/bizer/bsbm/v01/vocabulary/reviewFor,http://www4.wiwiss.fu-berlin.de/bizer/bsbm/v01/instances/ProductType8
94,http://www4.wiwiss.fu-berlin.de/bizer/bsbm/v01/vocabulary/product,http://www4.wiwiss.fu-berlin.de/bizer/bsbm/v01/instances/ProductType131
44,http://www4.wiwiss.fu-berlin.de/bizer/bsbm/v01/vocabulary/reviewFor,http://www4.wiwiss.fu-berlin.de/bizer/bsbm/v01/instances/ProductType129
116,http://www4.wiwiss.fu-berlin.de/bizer/bsbm/v01/vocabulary/reviewFor,http://www4.wiwiss.fu-berlin.de/bizer/bsbm/v01/instances/ProductType105
42,http://www4.wiwiss.fu-berlin.de/bizer/bsbm/v01/vocabulary/reviewFor,http://www4.wiwiss.fu-berlin.de/bizer/bsbm/v01/instances/ProductType117
246,http://www4.wiwiss.fu-berlin.de/bizer/bsbm/v01/vocabulary/reviewFor,http://www4.wiwiss.fu-berlin.de/bizer/bsbm/v01/instances/ProductType32
375,http://www4.wiwiss.fu-berlin.de/bizer/bsbm/v01/vocabulary/reviewFor,http://www4.wiwiss.fu-berlin.de/bizer/bsbm/v01/instances/ProductType20
160,http://www4.wiwiss.fu-berlin.de/bizer/bsbm/v01/vocabulary/reviewFor,http://www4.wiwiss.fu-berlin.de/bizer/bsbm/v01/instances/ProductType56
75,http://www4.wiwiss.fu-berlin.de/bizer/bsbm/v01/vocabulary/reviewFor,http://www4.wiwiss.fu-berlin.de/bizer/bsbm/v01/instances/ProductType44
134,http://www4.wiwiss.fu-berlin.de/bizer/bsbm/v01/vocabulary/reviewFor,http://www4.wiwiss.fu-berlin.de/bizer/bsbm/v01/instances/ProductType68
336,http://www4.wiwiss.fu-berlin.de/bizer/bsbm/v01/vocabulary/product,http://www4.wiwiss.fu-berlin.de/bizer/bsbm/v01/instances/ProductType95
267,http://www4.wiwiss.fu-berlin.de/bizer/bsbm/v01/vocabulary/product,http://www4.wiwiss.fu-berlin.de/bizer/bsbm/v01/instances/ProductType71
243,http://www4.wiwiss.fu-berlin.de/bizer/bsbm/v01/vocabulary/product,http://www4.wiwiss.fu-berlin.de/bizer/bsbm/v01/instances/ProductType83
457,http://www4.wiwiss.fu-berlin.de/bizer/bsbm/v01/vocabulary/product,http://www4.wiwiss.fu-berlin.de/bizer/bsbm/v01/instances/ProductType26
144,http://www4.wiwiss.fu-berlin.de/bizer/bsbm/v01/vocabulary/product,http://www4.wiwiss.fu-berlin.de/bizer/bsbm/v01/instances/ProductType38
213,http://www4.wiwiss.fu-berlin.de/bizer/bsbm/v01/vocabulary/reviewFor,http://www4.wiwiss.fu-berlin.de/bizer/bsbm/v01/instances/ProductType9
84,http://www4.wiwiss.fu-berlin.de/bizer/bsbm/v01/vocabulary/product,http://www4.wiwiss.fu-berlin.de/bizer/bsbm/v01/instances/ProductType142
673,http://www4.wiwiss.fu-berlin.de/bizer/bsbm/v01/vocabulary/product,http://www4.wiwiss.fu-berlin.de/bizer/bsbm/v01/instances/ProductType14
133,http://www4.wiwiss.fu-berlin.de/bizer/bsbm/v01/vocabulary/product,http://www4.wiwiss.fu-berlin.de/bizer/bsbm/v01/instances/ProductType130
44,http://www4.wiwiss.fu-berlin.de/bizer/bsbm/v01/vocabulary/reviewFor,http://www4.wiwiss.fu-berlin.de/bizer/bsbm/v01/instances/ProductType118
72,http://www4.wiwiss.fu-berlin.de/bizer/bsbm/v01/vocabulary/reviewFor,http://www4.wiwiss.fu-berlin.de/bizer/bsbm/v01/instances/ProductType106
256,http://www4.wiwiss.fu-berlin.de/bizer/bsbm/v01/vocabulary/reviewFor,http://www4.wiwiss.fu-berlin.de/bizer/bsbm/v01/instances/ProductType21
110,http://www4.wiwiss.fu-berlin.de/bizer/bsbm/v01/vocabulary/reviewFor,http://www4.wiwiss.fu-berlin.de/bizer/bsbm/v01/instances/ProductType45
194,http://www4.wiwiss.fu-berlin.de/bizer/bsbm/v01/vocabulary/reviewFor,http://www4.wiwiss.fu-berlin.de/bizer/bsbm/v01/instances/ProductType33
203,http://www4.wiwiss.fu-berlin.de/bizer/bsbm/v01/vocabulary/reviewFor,http://www4.wiwiss.fu-berlin.de/bizer/bsbm/v01/instances/ProductType69
220,http://www4.wiwiss.fu-berlin.de/bizer/bsbm/v01/vocabulary/reviewFor,http://www4.wiwiss.fu-berlin.de/bizer/bsbm/v01/instances/ProductType57
20000,http://www4.wiwiss.fu-berlin.de/bizer/bsbm/v01/vocabulary/vendor,http://www4.wiwiss.fu-berlin.de/bizer/bsbm/v01/vocabulary/Vendor
243,http://www4.wiwiss.fu-berlin.de/bizer/bsbm/v01/vocabulary/product,http://www4.wiwiss.fu-berlin.de/bizer/bsbm/v01/instances/ProductType70
307,http://www4.wiwiss.fu-berlin.de/bizer/bsbm/v01/vocabulary/product,http://www4.wiwiss.fu-berlin.de/bizer/bsbm/v01/instances/ProductType82
106,http://www4.wiwiss.fu-berlin.de/bizer/bsbm/v01/vocabulary/product,http://www4.wiwiss.fu-berlin.de/bizer/bsbm/v01/instances/ProductType94
552,http://www4.wiwiss.fu-berlin.de/bizer/bsbm/v01/vocabulary/product,http://www4.wiwiss.fu-berlin.de/bizer/bsbm/v01/instances/ProductType37
203,http://www4.wiwiss.fu-berlin.de/bizer/bsbm/v01/vocabulary/product,http://www4.wiwiss.fu-berlin.de/bizer/bsbm/v01/instances/ProductType49
778,http://www4.wiwiss.fu-berlin.de/bizer/bsbm/v01/vocabulary/product,http://www4.wiwiss.fu-berlin.de/bizer/bsbm/v01/instances/ProductType13
196,http://www4.wiwiss.fu-berlin.de/bizer/bsbm/v01/vocabulary/reviewFor,http://www4.wiwiss.fu-berlin.de/bizer/bsbm/v01/instances/ProductType90
967,http://www4.wiwiss.fu-berlin.de/bizer/bsbm/v01/vocabulary/reviewFor,http://www4.wiwiss.fu-berlin.de/bizer/bsbm/v01/instances/ProductType6
555,http://www4.wiwiss.fu-berlin.de/bizer/bsbm/v01/vocabulary/product,http://www4.wiwiss.fu-berlin.de/bizer/bsbm/v01/instances/ProductType25
62,http://www4.wiwiss.fu-berlin.de/bizer/bsbm/v01/vocabulary/product,http://www4.wiwiss.fu-berlin.de/bizer/bsbm/v01/instances/ProductType141
122,http://www4.wiwiss.fu-berlin.de/bizer/bsbm/v01/vocabulary/reviewFor,http://www4.wiwiss.fu-berlin.de/bizer/bsbm/v01/instances/ProductType107
29,http://www4.wiwiss.fu-berlin.de/bizer/bsbm/v01/vocabulary/reviewFor,http://www4.wiwiss.fu-berlin.de/bizer/bsbm/v01/instances/ProductType119
386,http://www4.wiwiss.fu-berlin.de/bizer/bsbm/v01/vocabulary/reviewFor,http://www4.wiwiss.fu-berlin.de/bizer/bsbm/v01/instances/ProductType10
285,http://www4.wiwiss.fu-berlin.de/bizer/bsbm/v01/vocabulary/reviewFor,http://www4.wiwiss.fu-berlin.de/bizer/bsbm/v01/instances/ProductType34
167,http://www4.wiwiss.fu-berlin.de/bizer/bsbm/v01/vocabulary/reviewFor,http://www4.wiwiss.fu-berlin.de/bizer/bsbm/v01/instances/ProductType22
117,http://www4.wiwiss.fu-berlin.de/bizer/bsbm/v01/vocabulary/reviewFor,http://www4.wiwiss.fu-berlin.de/bizer/bsbm/v01/instances/ProductType58
71,http://www4.wiwiss.fu-berlin.de/bizer/bsbm/v01/vocabulary/reviewFor,http://www4.wiwiss.fu-berlin.de/bizer/bsbm/v01/instances/ProductType46
19,http://www4.wiwiss.fu-berlin.de/bizer/bsbm/v01/vocabulary/reviewFor,http://www4.wiwiss.fu-berlin.de/bizer/bsbm/v01/instances/ProductType150
326,http://www4.wiwiss.fu-berlin.de/bizer/bsbm/v01/vocabulary/product,http://www4.wiwiss.fu-berlin.de/bizer/bsbm/v01/instances/ProductType81
195,http://www4.wiwiss.fu-berlin.de/bizer/bsbm/v01/vocabulary/product,http://www4.wiwiss.fu-berlin.de/bizer/bsbm/v01/instances/ProductType93
144,http://www4.wiwiss.fu-berlin.de/bizer/bsbm/v01/vocabulary/product,http://www4.wiwiss.fu-berlin.de/bizer/bsbm/v01/instances/ProductType48
34,http://www4.wiwiss.fu-berlin.de/bizer/bsbm/v01/vocabulary/product,http://www4.wiwiss.fu-berlin.de/bizer/bsbm/v01/instances/ProductType140
711,http://www4.wiwiss.fu-berlin.de/bizer/bsbm/v01/vocabulary/product,http://www4.wiwiss.fu-berlin.de/bizer/bsbm/v01/instances/ProductType12
466,http://www4.wiwiss.fu-berlin.de/bizer/bsbm/v01/vocabulary/reviewFor,http://www4.wiwiss.fu-berlin.de/bizer/bsbm/v01/instances/ProductType7
713,http://www4.wiwiss.fu-berlin.de/bizer/bsbm/v01/vocabulary/product,http://www4.wiwiss.fu-berlin.de/bizer/bsbm/v01/instances/ProductType24
344,http://www4.wiwiss.fu-berlin.de/bizer/bsbm/v01/vocabulary/product,http://www4.wiwiss.fu-berlin.de/bizer/bsbm/v01/instances/ProductType36
146,http://www4.wiwiss.fu-berlin.de/bizer/bsbm/v01/vocabulary/reviewFor,http://www4.wiwiss.fu-berlin.de/bizer/bsbm/v01/instances/ProductType108
112,http://www4.wiwiss.fu-berlin.de/bizer/bsbm/v01/vocabulary/reviewFor,http://www4.wiwiss.fu-berlin.de/bizer/bsbm/v01/instances/ProductType91
328,http://www4.wiwiss.fu-berlin.de/bizer/bsbm/v01/vocabulary/reviewFor,http://www4.wiwiss.fu-berlin.de/bizer/bsbm/v01/instances/ProductType23
264,http://www4.wiwiss.fu-berlin.de/bizer/bsbm/v01/vocabulary/reviewFor,http://www4.wiwiss.fu-berlin.de/bizer/bsbm/v01/instances/ProductType11
84,http://www4.wiwiss.fu-berlin.de/bizer/bsbm/v01/vocabulary/reviewFor,http://www4.wiwiss.fu-berlin.de/bizer/bsbm/v01/instances/ProductType47
193,http://www4.wiwiss.fu-berlin.de/bizer/bsbm/v01/vocabulary/reviewFor,http://www4.wiwiss.fu-berlin.de/bizer/bsbm/v01/instances/ProductType35
295,http://www4.wiwiss.fu-berlin.de/bizer/bsbm/v01/vocabulary/product,http://www4.wiwiss.fu-berlin.de/bizer/bsbm/v01/instances/ProductType109
96,http://www4.wiwiss.fu-berlin.de/bizer/bsbm/v01/vocabulary/reviewFor,http://www4.wiwiss.fu-berlin.de/bizer/bsbm/v01/instances/ProductType59
11,http://www4.wiwiss.fu-berlin.de/bizer/bsbm/v01/vocabulary/reviewFor,http://www4.wiwiss.fu-berlin.de/bizer/bsbm/v01/instances/ProductType151
1000,http://www4.wiwiss.fu-berlin.de/bizer/bsbm/v01/vocabulary/producer,http://www4.wiwiss.fu-berlin.de/bizer/bsbm/v01/vocabulary/Producer
392,http://www4.wiwiss.fu-berlin.de/bizer/bsbm/v01/vocabulary/product,http://www4.wiwiss.fu-berlin.de/bizer/bsbm/v01/instances/ProductType80
262,http://www4.wiwiss.fu-berlin.de/bizer/bsbm/v01/vocabulary/product,http://www4.wiwiss.fu-berlin.de/bizer/bsbm/v01/instances/ProductType92
2257,http://www4.wiwiss.fu-berlin.de/bizer/bsbm/v01/vocabulary/reviewFor,http://www4.wiwiss.fu-berlin.de/bizer/bsbm/v01/instances/ProductType4
205,http://www4.wiwiss.fu-berlin.de/bizer/bsbm/v01/vocabulary/product,http://www4.wiwiss.fu-berlin.de/bizer/bsbm/v01/instances/ProductType99
228,http://www4.wiwiss.fu-berlin.de/bizer/bsbm/v01/vocabulary/product,http://www4.wiwiss.fu-berlin.de/bizer/bsbm/v01/instances/ProductType111
15,http://www4.wiwiss.fu-berlin.de/bizer/bsbm/v01/vocabulary/reviewFor,http://www4.wiwiss.fu-berlin.de/bizer/bsbm/v01/instances/ProductType149
424,http://www4.wiwiss.fu-berlin.de/bizer/bsbm/v01/vocabulary/product,http://www4.wiwiss.fu-berlin.de/bizer/bsbm/v01/instances/ProductType19
77,http://www4.wiwiss.fu-berlin.de/bizer/bsbm/v01/vocabulary/reviewFor,http://www4.wiwiss.fu-berlin.de/bizer/bsbm/v01/instances/ProductType125
52,http://www4.wiwiss.fu-berlin.de/bizer/bsbm/v01/vocabulary/reviewFor,http://www4.wiwiss.fu-berlin.de/bizer/bsbm/v01/instances/ProductType52
7,http://www4.wiwiss.fu-berlin.de/bizer/bsbm/v01/vocabulary/reviewFor,http://www4.wiwiss.fu-berlin.de/bizer/bsbm/v01/instances/ProductType137
191,http://www4.wiwiss.fu-berlin.de/bizer/bsbm/v01/vocabulary/reviewFor,http://www4.wiwiss.fu-berlin.de/bizer/bsbm/v01/instances/ProductType40
218,http://www4.wiwiss.fu-berlin.de/bizer/bsbm/v01/vocabulary/reviewFor,http://www4.wiwiss.fu-berlin.de/bizer/bsbm/v01/instances/ProductType101
150,http://www4.wiwiss.fu-berlin.de/bizer/bsbm/v01/vocabulary/reviewFor,http://www4.wiwiss.fu-berlin.de/bizer/bsbm/v01/instances/ProductType76
52,http://www4.wiwiss.fu-berlin.de/bizer/bsbm/v01/vocabulary/reviewFor,http://www4.wiwiss.fu-berlin.de/bizer/bsbm/v01/instances/ProductType113
130,http://www4.wiwiss.fu-berlin.de/bizer/bsbm/v01/vocabulary/reviewFor,http://www4.wiwiss.fu-berlin.de/bizer/bsbm/v01/instances/ProductType64
236,http://www4.wiwiss.fu-berlin.de/bizer/bsbm/v01/vocabulary/reviewFor,http://www4.wiwiss.fu-berlin.de/bizer/bsbm/v01/instances/ProductType88
89,http://www4.wiwiss.fu-berlin.de/bizer/bsbm/v01/vocabulary/reviewFor,http://www4.wiwiss.fu-berlin.de/bizer/bsbm/v01/instances/ProductType100
22,http://www4.wiwiss.fu-berlin.de/bizer/bsbm/v01/vocabulary/product,http://www4.wiwiss.fu-berlin.de/bizer/bsbm/v01/instances/ProductType148
134,http://www4.wiwiss.fu-berlin.de/bizer/bsbm/v01/vocabulary/product,http://www4.wiwiss.fu-berlin.de/bizer/bsbm/v01/instances/ProductType51
128,http://www4.wiwiss.fu-berlin.de/bizer/bsbm/v01/vocabulary/product,http://www4.wiwiss.fu-berlin.de/bizer/bsbm/v01/instances/ProductType136
238,http://www4.wiwiss.fu-berlin.de/bizer/bsbm/v01/vocabulary/product,http://www4.wiwiss.fu-berlin.de/bizer/bsbm/v01/instances/ProductType63
414,http://www4.wiwiss.fu-berlin.de/bizer/bsbm/v01/vocabulary/product,http://www4.wiwiss.fu-berlin.de/bizer/bsbm/v01/instances/ProductType75
153,http://www4.wiwiss.fu-berlin.de/bizer/bsbm/v01/vocabulary/product,http://www4.wiwiss.fu-berlin.de/bizer/bsbm/v01/instances/ProductType124
252,http://www4.wiwiss.fu-berlin.de/bizer/bsbm/v01/vocabulary/product,http://www4.wiwiss.fu-berlin.de/bizer/bsbm/v01/instances/ProductType87
220,http://www4.wiwiss.fu-berlin.de/bizer/bsbm/v01/vocabulary/product,http://www4.wiwiss.fu-berlin.de/bizer/bsbm/v01/instances/ProductType112
1443,http://www4.wiwiss.fu-berlin.de/bizer/bsbm/v01/vocabulary/reviewFor,http://www4.wiwiss.fu-berlin.de/bizer/bsbm/v01/instances/ProductType5
758,http://www4.wiwiss.fu-berlin.de/bizer/bsbm/v01/vocabulary/product,http://www4.wiwiss.fu-berlin.de/bizer/bsbm/v01/instances/ProductType18
133,http://www4.wiwiss.fu-berlin.de/bizer/bsbm/v01/vocabulary/product,http://www4.wiwiss.fu-berlin.de/bizer/bsbm/v01/instances/ProductType122
147,http://www4.wiwiss.fu-berlin.de/bizer/bsbm/v01/vocabulary/product,http://www4.wiwiss.fu-berlin.de/bizer/bsbm/v01/instances/ProductType110
41,http://www4.wiwiss.fu-berlin.de/bizer/bsbm/v01/vocabulary/reviewFor,http://www4.wiwiss.fu-berlin.de/bizer/bsbm/v01/instances/ProductType138
157,http://www4.wiwiss.fu-berlin.de/bizer/bsbm/v01/vocabulary/reviewFor,http://www4.wiwiss.fu-berlin.de/bizer/bsbm/v01/instances/ProductType41
161,http://www4.wiwiss.fu-berlin.de/bizer/bsbm/v01/vocabulary/reviewFor,http://www4.wiwiss.fu-berlin.de/bizer/bsbm/v01/instances/ProductType114
64,http://www4.wiwiss.fu-berlin.de/bizer/bsbm/v01/vocabulary/reviewFor,http://www4.wiwiss.fu-berlin.de/bizer/bsbm/v01/instances/ProductType126
220,http://www4.wiwiss.fu-berlin.de/bizer/bsbm/v01/vocabulary/reviewFor,http://www4.wiwiss.fu-berlin.de/bizer/bsbm/v01/instances/ProductType65
93,http://www4.wiwiss.fu-berlin.de/bizer/bsbm/v01/vocabulary/reviewFor,http://www4.wiwiss.fu-berlin.de/bizer/bsbm/v01/instances/ProductType53
207,http://www4.wiwiss.fu-berlin.de/bizer/bsbm/v01/vocabulary/reviewFor,http://www4.wiwiss.fu-berlin.de/bizer/bsbm/v01/instances/ProductType102
154,http://www4.wiwiss.fu-berlin.de/bizer/bsbm/v01/vocabulary/reviewFor,http://www4.wiwiss.fu-berlin.de/bizer/bsbm/v01/instances/ProductType89
208,http://www4.wiwiss.fu-berlin.de/bizer/bsbm/v01/vocabulary/reviewFor,http://www4.wiwiss.fu-berlin.de/bizer/bsbm/v01/instances/ProductType77
323,http://www4.wiwiss.fu-berlin.de/bizer/bsbm/v01/vocabulary/product,http://www4.wiwiss.fu-berlin.de/bizer/bsbm/v01/instances/ProductType62
249,http://www4.wiwiss.fu-berlin.de/bizer/bsbm/v01/vocabulary/product,http://www4.wiwiss.fu-berlin.de/bizer/bsbm/v01/instances/ProductType74
88,http://www4.wiwiss.fu-berlin.de/bizer/bsbm/v01/vocabulary/product,http://www4.wiwiss.fu-berlin.de/bizer/bsbm/v01/instances/ProductType147
10000,http://www4.wiwiss.fu-berlin.de/bizer/bsbm/v01/vocabulary/reviewFor,http://www4.wiwiss.fu-berlin.de/bizer/bsbm/v01/vocabulary/Product
378,http://www4.wiwiss.fu-berlin.de/bizer/bsbm/v01/vocabulary/product,http://www4.wiwiss.fu-berlin.de/bizer/bsbm/v01/instances/ProductType86
86,http://www4.wiwiss.fu-berlin.de/bizer/bsbm/v01/vocabulary/product,http://www4.wiwiss.fu-berlin.de/bizer/bsbm/v01/instances/ProductType135
270,http://www4.wiwiss.fu-berlin.de/bizer/bsbm/v01/vocabulary/product,http://www4.wiwiss.fu-berlin.de/bizer/bsbm/v01/instances/ProductType98
121,http://www4.wiwiss.fu-berlin.de/bizer/bsbm/v01/vocabulary/product,http://www4.wiwiss.fu-berlin.de/bizer/bsbm/v01/instances/ProductType123
96,http://www4.wiwiss.fu-berlin.de/bizer/bsbm/v01/vocabulary/product,http://www4.wiwiss.fu-berlin.de/bizer/bsbm/v01/instances/ProductType50
663,http://www4.wiwiss.fu-berlin.de/bizer/bsbm/v01/vocabulary/product,http://www4.wiwiss.fu-berlin.de/bizer/bsbm/v01/instances/ProductType17
475,http://www4.wiwiss.fu-berlin.de/bizer/bsbm/v01/vocabulary/product,http://www4.wiwiss.fu-berlin.de/bizer/bsbm/v01/instances/ProductType29
2576,http://www4.wiwiss.fu-berlin.de/bizer/bsbm/v01/vocabulary/reviewFor,http://www4.wiwiss.fu-berlin.de/bizer/bsbm/v01/instances/ProductType2
67,http://www4.wiwiss.fu-berlin.de/bizer/bsbm/v01/vocabulary/product,http://www4.wiwiss.fu-berlin.de/bizer/bsbm/v01/instances/ProductType133
92,http://www4.wiwiss.fu-berlin.de/bizer/bsbm/v01/vocabulary/product,http://www4.wiwiss.fu-berlin.de/bizer/bsbm/v01/instances/ProductType121
63,http://www4.wiwiss.fu-berlin.de/bizer/bsbm/v01/vocabulary/reviewFor,http://www4.wiwiss.fu-berlin.de/bizer/bsbm/v01/instances/ProductType127
55,http://www4.wiwiss.fu-berlin.de/bizer/bsbm/v01/vocabulary/reviewFor,http://www4.wiwiss.fu-berlin.de/bizer/bsbm/v01/instances/ProductType139
92,http://www4.wiwiss.fu-berlin.de/bizer/bsbm/v01/vocabulary/reviewFor,http://www4.wiwiss.fu-berlin.de/bizer/bsbm/v01/instances/ProductType103
307,http://www4.wiwiss.fu-berlin.de/bizer/bsbm/v01/vocabulary/reviewFor,http://www4.wiwiss.fu-berlin.de/bizer/bsbm/v01/instances/ProductType30
87,http://www4.wiwiss.fu-berlin.de/bizer/bsbm/v01/vocabulary/reviewFor,http://www4.wiwiss.fu-berlin.de/bizer/bsbm/v01/instances/ProductType115
27,http://www4.wiwiss.fu-berlin.de/bizer/bsbm/v01/vocabulary/reviewFor,http://www4.wiwiss.fu-berlin.de/bizer/bsbm/v01/instances/ProductType54
152,http://www4.wiwiss.fu-berlin.de/bizer/bsbm/v01/vocabulary/reviewFor,http://www4.wiwiss.fu-berlin.de/bizer/bsbm/v01/instances/ProductType42
137,http://www4.wiwiss.fu-berlin.de/bizer/bsbm/v01/vocabulary/reviewFor,http://www4.wiwiss.fu-berlin.de/bizer/bsbm/v01/instances/ProductType78
203,http://www4.wiwiss.fu-berlin.de/bizer/bsbm/v01/vocabulary/reviewFor,http://www4.wiwiss.fu-berlin.de/bizer/bsbm/v01/instances/ProductType66
284,http://www4.wiwiss.fu-berlin.de/bizer/bsbm/v01/vocabulary/product,http://www4.wiwiss.fu-berlin.de/bizer/bsbm/v01/instances/ProductType73
175,http://www4.wiwiss.fu-berlin.de/bizer/bsbm/v01/vocabulary/product,http://www4.wiwiss.fu-berlin.de/bizer/bsbm/v01/instances/ProductType85
103,http://www4.wiwiss.fu-berlin.de/bizer/bsbm/v01/vocabulary/product,http://www4.wiwiss.fu-berlin.de/bizer/bsbm/v01/instances/ProductType146
238,http://www4.wiwiss.fu-berlin.de/bizer/bsbm/v01/vocabulary/product,http://www4.wiwiss.fu-berlin.de/bizer/bsbm/v01/instances/ProductType97
96,http://www4.wiwiss.fu-berlin.de/bizer/bsbm/v01/vocabulary/product,http://www4.wiwiss.fu-berlin.de/bizer/bsbm/v01/instances/ProductType134
10000,http://www4.wiwiss.fu-berlin.de/bizer/bsbm/v01/vocabulary/reviewFor,http://www4.wiwiss.fu-berlin.de/bizer/bsbm/v01/instances/ProductType1
331,http://www4.wiwiss.fu-berlin.de/bizer/bsbm/v01/vocabulary/product,http://www4.wiwiss.fu-berlin.de/bizer/bsbm/v01/instances/ProductType61
559,http://www4.wiwiss.fu-berlin.de/bizer/bsbm/v01/vocabulary/product,http://www4.wiwiss.fu-berlin.de/bizer/bsbm/v01/instances/ProductType16
2291,http://www4.wiwiss.fu-berlin.de/bizer/bsbm/v01/vocabulary/reviewFor,http://www4.wiwiss.fu-berlin.de/bizer/bsbm/v01/instances/ProductType3
489,http://www4.wiwiss.fu-berlin.de/bizer/bsbm/v01/vocabulary/product,http://www4.wiwiss.fu-berlin.de/bizer/bsbm/v01/instances/ProductType28
125,http://www4.wiwiss.fu-berlin.de/bizer/bsbm/v01/vocabulary/product,http://www4.wiwiss.fu-berlin.de/bizer/bsbm/v01/instances/ProductType144
85,http://www4.wiwiss.fu-berlin.de/bizer/bsbm/v01/vocabulary/product,http://www4.wiwiss.fu-berlin.de/bizer/bsbm/v01/instances/ProductType132
261,http://www4.wiwiss.fu-berlin.de/bizer/bsbm/v01/vocabulary/product,http://www4.wiwiss.fu-berlin.de/bizer/bsbm/v01/instances/ProductType120
21,http://www4.wiwiss.fu-berlin.de/bizer/bsbm/v01/vocabulary/reviewFor,http://www4.wiwiss.fu-berlin.de/bizer/bsbm/v01/instances/ProductType116
31,http://www4.wiwiss.fu-berlin.de/bizer/bsbm/v01/vocabulary/reviewFor,http://www4.wiwiss.fu-berlin.de/bizer/bsbm/v01/instances/ProductType128
130,http://www4.wiwiss.fu-berlin.de/bizer/bsbm/v01/vocabulary/reviewFor,http://www4.wiwiss.fu-berlin.de/bizer/bsbm/v01/instances/ProductType104
127,http://www4.wiwiss.fu-berlin.de/bizer/bsbm/v01/vocabulary/reviewFor,http://www4.wiwiss.fu-berlin.de/bizer/bsbm/v01/instances/ProductType43
299,http://www4.wiwiss.fu-berlin.de/bizer/bsbm/v01/vocabulary/reviewFor,http://www4.wiwiss.fu-berlin.de/bizer/bsbm/v01/instances/ProductType31
177,http://www4.wiwiss.fu-berlin.de/bizer/bsbm/v01/vocabulary/reviewFor,http://www4.wiwiss.fu-berlin.de/bizer/bsbm/v01/instances/ProductType67
30,http://www4.wiwiss.fu-berlin.de/bizer/bsbm/v01/vocabulary/reviewFor,http://www4.wiwiss.fu-berlin.de/bizer/bsbm/v01/instances/ProductType55
130,http://www4.wiwiss.fu-berlin.de/bizer/bsbm/v01/vocabulary/reviewFor,http://www4.wiwiss.fu-berlin.de/bizer/bsbm/v01/instances/ProductType79
184,http://www4.wiwiss.fu-berlin.de/bizer/bsbm/v01/vocabulary/product,http://www4.wiwiss.fu-berlin.de/bizer/bsbm/v01/instances/ProductType84
251,http://www4.wiwiss.fu-berlin.de/bizer/bsbm/v01/vocabulary/product,http://www4.wiwiss.fu-berlin.de/bizer/bsbm/v01/instances/ProductType96
380,http://www4.wiwiss.fu-berlin.de/bizer/bsbm/v01/vocabulary/product,http://www4.wiwiss.fu-berlin.de/bizer/bsbm/v01/instances/ProductType60
275,http://www4.wiwiss.fu-berlin.de/bizer/bsbm/v01/vocabulary/product,http://www4.wiwiss.fu-berlin.de/bizer/bsbm/v01/instances/ProductType72
