count,p,sType
999,http://purl.org/dc/elements/1.1/date,http://www4.wiwiss.fu-berlin.de/bizer/bsbm/v01/vocabulary/ProductFeature
999,http://purl.org/dc/elements/1.1/publisher,http://www4.wiwiss.fu-berlin.de/bizer/bsbm/v01/vocabulary/ProductFeature
999,http://www.w3.org/1999/02/22-rdf-syntax-ns#type,http://www4.wiwiss.fu-berlin.de/bizer/bsbm/v01/vocabulary/ProductFeature
999,http://www.w3.org/2000/01/rdf-schema#comment,http://www4.wiwiss.fu-berlin.de/bizer/bsbm/v01/vocabulary/ProductFeature
999,http://www.w3.org/2000/01/rdf-schema#label,http://www4.wiwiss.fu-berlin.de/bizer/bsbm/v01/vocabulary/ProductFeature
21,http://purl.org/dc/elements/1.1/date,http://www4.wiwiss.fu-berlin.de/bizer/bsbm/v01/vocabulary/ProductType
21,http://purl.org/dc/elements/1.1/publisher,http://www4.wiwiss.fu-berlin.de/bizer/bsbm/v01/vocabulary/ProductType
21,http://www.w3.org/1999/02/22-rdf-syntax-ns#type,http://www4.wiwiss.fu-berlin.de/bizer/bsbm/v01/vocabulary/ProductType
21,http://www.w3.org/2000/01/rdf-schema#comment,http://www4.wiwiss.fu-berlin.de/bizer/bsbm/v01/vocabulary/ProductType
21,http://www.w3.org/2000/01/rdf-schema#label,http://www4.wiwiss.fu-berlin.de/bizer/bsbm/v01/vocabulary/ProductType
20,http://www.w3.org/2000/01/rdf-schema#subClassOf,http://www4.wiwiss.fu-berlin.de/bizer/bsbm/v01/vocabulary/ProductType
10,http://purl.org/dc/elements/1.1/date,http://www4.wiwiss.fu-berlin.de/bizer/bsbm/v01/instances/ProductType10
10,http://purl.org/dc/elements/1.1/publisher,http://www4.wiwiss.fu-berlin.de/bizer/bsbm/v01/instances/ProductType10
20,http://www.w3.org/1999/02/22-rdf-syntax-ns#type,http://www4.wiwiss.fu-berlin.de/bizer/bsbm/v01/instances/ProductType10
10,http://www.w3.org/2000/01/rdf-schema#comment,http://www4.wiwiss.fu-berlin.de/bizer/bsbm/v01/instances/ProductType10
10,http://www.w3.org/2000/01/rdf-schema#label,http://www4.wiwiss.fu-berlin.de/bizer/bsbm/v01/instances/ProductType10
10,http://www4.wiwiss.fu-berlin.de/bizer/bsbm/v01/vocabulary/producer,http://www4.wiwiss.fu-berlin.de/bizer/bsbm/v01/instances/ProductType10
226,http://www4.wiwiss.fu-berlin.de/bizer/bsbm/v01/vocabulary/productFeature,http://www4.wiwiss.fu-berlin.de/bizer/bsbm/v01/instances/ProductType10
10,http://www4.wiwiss.fu-berlin.de/bizer/bsbm/v01/vocabulary/productPropertyNumeric1,http://www4.wiwiss.fu-berlin.de/bizer/bsbm/v01/instances/ProductType10
10,http://www4.wiwiss.fu-berlin.de/bizer/bsbm/v01/vocabulary/productPropertyNumeric2,http://www4.wiwiss.fu-berlin.de/bizer/bsbm/v01/instances/ProductType10
10,http://www4.wiwiss.fu-berlin.de/bizer/bsbm/v01/vocabulary/productPropertyNumeric3,http://www4.wiwiss.fu-berlin.de/bizer/bsbm/v01/instances/ProductType10
10,http://www4.wiwiss.fu-berlin.de/bizer/bsbm/v01/vocabulary/productPropertyTextual1,http://www4.wiwiss.fu-berlin.de/bizer/bsbm/v01/instances/ProductType10
10,http://www4.wiwiss.fu-berlin.de/bizer/bsbm/v01/vocabulary/productPropertyTextual2,http://www4.wiwiss.fu-berlin.de/bizer/bsbm/v01/instances/ProductType10
10,http://www4.wiwiss.fu-berlin.de/bizer/bsbm/v01/vocabulary/productPropertyTextual3,http://www4.wiwiss.fu-berlin.de/bizer/bsbm/v01/instances/ProductType10
7,http://purl.org/dc/elements/1.1/date,http://www4.wiwiss.fu-berlin.de/bizer/bsbm/v01/instances/ProductType11
7,http://purl.org/dc/elements/1.1/publisher,http://www4.wiwiss.fu-berlin.de/bizer/bsbm/v01/instances/ProductType11
14,http://www.w3.org/1999/02/22-rdf-syntax-ns#type,http://www4.wiwiss.fu-berlin.de/bizer/bsbm/v01/instances/ProductType11
7,http://www.w3.org/2000/01/rdf-schema#comment,http://www4.wiwiss.fu-berlin.de/bizer/bsbm/v01/instances/ProductType11
7,http://www.w3.org/2000/01/rdf-schema#label,http://www4.wiwiss.fu-berlin.de/bizer/bsbm/v01/instances/ProductType11
7,http://www4.wiwiss.fu-berlin.de/bizer/bsbm/v01/vocabulary/producer,http://www4.wiwiss.fu-berlin.de/bizer/bsbm/v01/instances/ProductType11
130,http://www4.wiwiss.fu-berlin.de/bizer/bsbm/v01/vocabulary/productFeature,http://www4.wiwiss.fu-berlin.de/bizer/bsbm/v01/instances/ProductType11
7,http://www4.wiwiss.fu-berlin.de/bizer/bsbm/v01/vocabulary/productPropertyNumeric1,http://www4.wiwiss.fu-berlin.de/bizer/bsbm/v01/instances/ProductType11
7,http://www4.wiwiss.fu-berlin.de/bizer/bsbm/v01/vocabulary/productPropertyNumeric2,http://www4.wiwiss.fu-berlin.de/bizer/bsbm/v01/instances/ProductType11
7,http://www4.wiwiss.fu-berlin.de/bizer/bsbm/v01/vocabulary/productPropertyNumeric3,http://www4.wiwiss.fu-berlin.de/bizer/bsbm/v01/instances/ProductType11
4,http://www4.wiwiss.fu-berlin.de/bizer/bsbm/v01/vocabulary/productPropertyNumeric5,http://www4.wiwiss.fu-berlin.de/bizer/bsbm/v01/instances/ProductType11
7,http://www4.wiwiss.fu-berlin.de/bizer/bsbm/v01/vocabulary/productPropertyTextual1,http://www4.wiwiss.fu-berlin.de/bizer/bsbm/v01/instances/ProductType11
7,http://www4.wiwiss.fu-berlin.de/bizer/bsbm/v01/vocabulary/productPropertyTextual2,http://www4.wiwiss.fu-berlin.de/bizer/bsbm/v01/instances/ProductType11
7,http://www4.wiwiss.fu-berlin.de/bizer/bsbm/v01/vocabulary/productPropertyTextual3,http://www4.wiwiss.fu-berlin.de/bizer/bsbm/v01/instances/ProductType11
3,http://www4.wiwiss.fu-berlin.de/bizer/bsbm/v01/vocabulary/productPropertyTextual4,http://www4.wiwiss.fu-berlin.de/bizer/bsbm/v01/instances/ProductType11
2,http://www4.wiwiss.fu-berlin.de/bizer/bsbm/v01/vocabulary/productPropertyNumeric4,http://www4.wiwiss.fu-berlin.de/bizer/bsbm/v01/instances/ProductType11
3,http://www4.wiwiss.fu-berlin.de/bizer/bsbm/v01/vocabulary/productPropertyTextual5,http://www4.wiwiss.fu-berlin.de/bizer/bsbm/v01/instances/ProductType11
6,http://purl.org/dc/elements/1.1/date,http://www4.wiwiss.fu-berlin.de/bizer/bsbm/v01/instances/ProductType12
6,http://purl.org/dc/elements/1.1/publisher,http://www4.wiwiss.fu-berlin.de/bizer/bsbm/v01/instances/ProductType12
12,http://www.w3.org/1999/02/22-rdf-syntax-ns#type,http://www4.wiwiss.fu-berlin.de/bizer/bsbm/v01/instances/ProductType12
6,http://www.w3.org/2000/01/rdf-schema#comment,http://www4.wiwiss.fu-berlin.de/bizer/bsbm/v01/instances/ProductType12
6,http://www.w3.org/2000/01/rdf-schema#label,http://www4.wiwiss.fu-berlin.de/bizer/bsbm/v01/instances/ProductType12
6,http://www4.wiwiss.fu-berlin.de/bizer/bsbm/v01/vocabulary/producer,http://www4.wiwiss.fu-berlin.de/bizer/bsbm/v01/instances/ProductType12
142,http://www4.wiwiss.fu-berlin.de/bizer/bsbm/v01/vocabulary/productFeature,http://www4.wiwiss.fu-berlin.de/bizer/bsbm/v01/instances/ProductType12
6,http://www4.wiwiss.fu-berlin.de/bizer/bsbm/v01/vocabulary/productPropertyNumeric1,http://www4.wiwiss.fu-berlin.de/bizer/bsbm/v01/instances/ProductType12
6,http://www4.wiwiss.fu-berlin.de/bizer/bsbm/v01/vocabulary/productPropertyNumeric2,http://www4.wiwiss.fu-berlin.de/bizer/bsbm/v01/instances/ProductType12
6,http://www4.wiwiss.fu-berlin.de/bizer/bsbm/v01/vocabulary/productPropertyNumeric3,http://www4.wiwiss.fu-berlin.de/bizer/bsbm/v01/instances/ProductType12
6,http://www4.wiwiss.fu-berlin.de/bizer/bsbm/v01/vocabulary/productPropertyTextual1,http://www4.wiwiss.fu-berlin.de/bizer/bsbm/v01/instances/ProductType12
6,http://www4.wiwiss.fu-berlin.de/bizer/bsbm/v01/vocabulary/productPropertyTextual2,http://www4.wiwiss.fu-berlin.de/bizer/bsbm/v01/instances/ProductType12
6,http://www4.wiwiss.fu-berlin.de/bizer/bsbm/v01/vocabulary/productPropertyTextual3,http://www4.wiwiss.fu-berlin.de/bizer/bsbm/v01/instances/ProductType12
4,http://www4.wiwiss.fu-berlin.de/bizer/bsbm/v01/vocabulary/productPropertyTextual4,http://www4.wiwiss.fu-berlin.de/bizer/bsbm/v01/instances/ProductType12
3,http://purl.org/dc/elements/1.1/date,http://www4.wiwiss.fu-berlin.de/bizer/bsbm/v01/instances/ProductType14
3,http://purl.org/dc/elements/1.1/publisher,http://www4.wiwiss.fu-berlin.de/bizer/bsbm/v01/instances/ProductType14
6,http://www.w3.org/1999/02/22-rdf-syntax-ns#type,http://www4.wiwiss.fu-berlin.de/bizer/bsbm/v01/instances/ProductType14
3,http://www.w3.org/2000/01/rdf-schema#comment,http://www4.wiwiss.fu-berlin.de/bizer/bsbm/v01/instances/ProductType14
3,http://www.w3.org/2000/01/rdf-schema#label,http://www4.wiwiss.fu-berlin.de/bizer/bsbm/v01/instances/ProductType14
3,http://www4.wiwiss.fu-berlin.de/bizer/bsbm/v01/vocabulary/producer,http://www4.wiwiss.fu-berlin.de/bizer/bsbm/v01/instances/ProductType14
81,http://www4.wiwiss.fu-berlin.de/bizer/bsbm/v01/vocabulary/productFeature,http://www4.wiwiss.fu-berlin.de/bizer/bsbm/v01/instances/ProductType14
3,http://www4.wiwiss.fu-berlin.de/bizer/bsbm/v01/vocabulary/productPropertyNumeric1,http://www4.wiwiss.fu-berlin.de/bizer/bsbm/v01/instances/ProductType14
3,http://www4.wiwiss.fu-berlin.de/bizer/bsbm/v01/vocabulary/productPropertyNumeric2,http://www4.wiwiss.fu-berlin.de/bizer/bsbm/v01/instances/ProductType14
3,http://www4.wiwiss.fu-berlin.de/bizer/bsbm/v01/vocabulary/productPropertyNumeric3,http://www4.wiwiss.fu-berlin.de/bizer/bsbm/v01/instances/ProductType14
3,http://www4.wiwiss.fu-berlin.de/bizer/bsbm/v01/vocabulary/productPropertyTextual1,http://www4.wiwiss.fu-berlin.de/bizer/bsbm/v01/instances/ProductType14
3,http://www4.wiwiss.fu-berlin.de/bizer/bsbm/v01/vocabulary/productPropertyTextual2,http://www4.wiwiss.fu-berlin.de/bizer/bsbm/v01/instances/ProductType14
3,http://www4.wiwiss.fu-berlin.de/bizer/bsbm/v01/vocabulary/productPropertyTextual3,http://www4.wiwiss.fu-berlin.de/bizer/bsbm/v01/instances/ProductType14
3,http://www4.wiwiss.fu-berlin.de/bizer/bsbm/v01/vocabulary/productPropertyTextual5,http://www4.wiwiss.fu-berlin.de/bizer/bsbm/v01/instances/ProductType14
5,http://purl.org/dc/elements/1.1/date,http://www4.wiwiss.fu-berlin.de/bizer/bsbm/v01/instances/ProductType15
5,http://purl.org/dc/elements/1.1/publisher,http://www4.wiwiss.fu-berlin.de/bizer/bsbm/v01/instances/ProductType15
10,http://www.w3.org/1999/02/22-rdf-syntax-ns#type,http://www4.wiwiss.fu-berlin.de/bizer/bsbm/v01/instances/ProductType15
5,http://www.w3.org/2000/01/rdf-schema#comment,http://www4.wiwiss.fu-berlin.de/bizer/bsbm/v01/instances/ProductType15
5,http://www.w3.org/2000/01/rdf-schema#label,http://www4.wiwiss.fu-berlin.de/bizer/bsbm/v01/instances/ProductType15
5,http://www4.wiwiss.fu-berlin.de/bizer/bsbm/v01/vocabulary/producer,http://www4.wiwiss.fu-berlin.de/bizer/bsbm/v01/instances/ProductType15
169,http://www4.wiwiss.fu-berlin.de/bizer/bsbm/v01/vocabulary/productFeature,http://www4.wiwiss.fu-berlin.de/bizer/bsbm/v01/instances/ProductType15
5,http://www4.wiwiss.fu-berlin.de/bizer/bsbm/v01/vocabulary/productPropertyNumeric1,http://www4.wiwiss.fu-berlin.de/bizer/bsbm/v01/instances/ProductType15
5,http://www4.wiwiss.fu-berlin.de/bizer/bsbm/v01/vocabulary/productPropertyNumeric2,http://www4.wiwiss.fu-berlin.de/bizer/bsbm/v01/instances/ProductType15
5,http://www4.wiwiss.fu-berlin.de/bizer/bsbm/v01/vocabulary/productPropertyNumeric3,http://www4.wiwiss.fu-berlin.de/bizer/bsbm/v01/instances/ProductType15
5,http://www4.wiwiss.fu-berlin.de/bizer/bsbm/v01/vocabulary/productPropertyTextual1,http://www4.wiwiss.fu-berlin.de/bizer/bsbm/v01/instances/ProductType15
5,http://www4.wiwiss.fu-berlin.de/bizer/bsbm/v01/vocabulary/productPropertyTextual2,http://www4.wiwiss.fu-berlin.de/bizer/bsbm/v01/instances/ProductType15
5,http://www4.wiwiss.fu-berlin.de/bizer/bsbm/v01/vocabulary/productPropertyTextual3,http://www4.wiwiss.fu-berlin.de/bizer/bsbm/v01/instances/ProductType15
2,http://www4.wiwiss.fu-berlin.de/bizer/bsbm/v01/vocabulary/productPropertyTextual5,http://www4.wiwiss.fu-berlin.de/bizer/bsbm/v01/instances/ProductType15
3,http://www4.wiwiss.fu-berlin.de/bizer/bsbm/v01/vocabulary/productPropertyNumeric5,http://www4.wiwiss.fu-berlin.de/bizer/bsbm/v01/instances/ProductType15
1,http://www4.wiwiss.fu-berlin.de/bizer/bsbm/v01/vocabulary/productPropertyNumeric6,http://www4.wiwiss.fu-berlin.de/bizer/bsbm/v01/instances/ProductType15
1,http://www4.wiwiss.fu-berlin.de/bizer/bsbm/v01/vocabulary/productPropertyTextual6,http://www4.wiwiss.fu-berlin.de/bizer/bsbm/v01/instances/ProductType15
6,http://purl.org/dc/elements/1.1/date,http://www4.wiwiss.fu-berlin.de/bizer/bsbm/v01/instances/ProductType16
6,http://purl.org/dc/elements/1.1/publisher,http://www4.wiwiss.fu-berlin.de/bizer/bsbm/v01/instances/ProductType16
12,http://www.w3.org/1999/02/22-rdf-syntax-ns#type,http://www4.wiwiss.fu-berlin.de/bizer/bsbm/v01/instances/ProductType16
6,http://www.w3.org/2000/01/rdf-schema#comment,http://www4.wiwiss.fu-berlin.de/bizer/bsbm/v01/instances/ProductType16
6,http://www.w3.org/2000/01/rdf-schema#label,http://www4.wiwiss.fu-berlin.de/bizer/bsbm/v01/instances/ProductType16
6,http://www4.wiwiss.fu-berlin.de/bizer/bsbm/v01/vocabulary/producer,http://www4.wiwiss.fu-berlin.de/bizer/bsbm/v01/instances/ProductType16
188,http://www4.wiwiss.fu-berlin.de/bizer/bsbm/v01/vocabulary/productFeature,http://www4.wiwiss.fu-berlin.de/bizer/bsbm/v01/instances/ProductType16
6,http://www4.wiwiss.fu-berlin.de/bizer/bsbm/v01/vocabulary/productPropertyNumeric1,http://www4.wiwiss.fu-berlin.de/bizer/bsbm/v01/instances/ProductType16
6,http://www4.wiwiss.fu-berlin.de/bizer/bsbm/v01/vocabulary/productPropertyNumeric2,http://www4.wiwiss.fu-berlin.de/bizer/bsbm/v01/instances/ProductType16
6,http://www4.wiwiss.fu-berlin.de/bizer/bsbm/v01/vocabulary/productPropertyNumeric3,http://www4.wiwiss.fu-berlin.de/bizer/bsbm/v01/instances/ProductType16
5,http://www4.wiwiss.fu-berlin.de/bizer/bsbm/v01/vocabulary/productPropertyNumeric4,http://www4.wiwiss.fu-berlin.de/bizer/bsbm/v01/instances/ProductType16
6,http://www4.wiwiss.fu-berlin.de/bizer/bsbm/v01/vocabulary/productPropertyNumeric5,http://www4.wiwiss.fu-berlin.de/bizer/bsbm/v01/instances/ProductType16
6,http://www4.wiwiss.fu-berlin.de/bizer/bsbm/v01/vocabulary/productPropertyTextual1,http://www4.wiwiss.fu-berlin.de/bizer/bsbm/v01/instances/ProductType16
6,http://www4.wiwiss.fu-berlin.de/bizer/bsbm/v01/vocabulary/productPropertyTextual2,http://www4.wiwiss.fu-berlin.de/bizer/bsbm/v01/instances/ProductType16
6,http://www4.wiwiss.fu-berlin.de/bizer/bsbm/v01/vocabulary/productPropertyTextual3,http://www4.wiwiss.fu-berlin.de/bizer/bsbm/v01/instances/ProductType16
5,http://www4.wiwiss.fu-berlin.de/bizer/bsbm/v01/vocabulary/productPropertyTextual4,http://www4.wiwiss.fu-berlin.de/bizer/bsbm/v01/instances/ProductType16
5,http://www4.wiwiss.fu-berlin.de/bizer/bsbm/v01/vocabulary/productPropertyTextual5,http://www4.wiwiss.fu-berlin.de/bizer/bsbm/v01/instances/ProductType16
7,http://purl.org/dc/elements/1.1/date,http://www4.wiwiss.fu-berlin.de/bizer/bsbm/v01/instances/ProductType17
7,http://purl.org/dc/elements/1.1/publisher,http://www4.wiwiss.fu-berlin.de/bizer/bsbm/v01/instances/ProductType17
14,http://www.w3.org/1999/02/22-rdf-syntax-ns#type,http://www4.wiwiss.fu-berlin.de/bizer/bsbm/v01/instances/ProductType17
7,http://www.w3.org/2000/01/rdf-schema#comment,http://www4.wiwiss.fu-berlin.de/bizer/bsbm/v01/instances/ProductType17
7,http://www.w3.org/2000/01/rdf-schema#label,http://www4.wiwiss.fu-berlin.de/bizer/bsbm/v01/instances/ProductType17
7,http://www4.wiwiss.fu-berlin.de/bizer/bsbm/v01/vocabulary/producer,http://www4.wiwiss.fu-berlin.de/bizer/bsbm/v01/instances/ProductType17
232,http://www4.wiwiss.fu-berlin.de/bizer/bsbm/v01/vocabulary/productFeature,http://www4.wiwiss.fu-berlin.de/bizer/bsbm/v01/instances/ProductType17
7,http://www4.wiwiss.fu-berlin.de/bizer/bsbm/v01/vocabulary/productPropertyNumeric1,http://www4.wiwiss.fu-berlin.de/bizer/bsbm/v01/instances/ProductType17
7,http://www4.wiwiss.fu-berlin.de/bizer/bsbm/v01/vocabulary/productPropertyNumeric2,http://www4.wiwiss.fu-berlin.de/bizer/bsbm/v01/instances/ProductType17
7,http://www4.wiwiss.fu-berlin.de/bizer/bsbm/v01/vocabulary/productPropertyNumeric3,http://www4.wiwiss.fu-berlin.de/bizer/bsbm/v01/instances/ProductType17
3,http://www4.wiwiss.fu-berlin.de/bizer/bsbm/v01/vocabulary/productPropertyNumeric5,http://www4.wiwiss.fu-berlin.de/bizer/bsbm/v01/instances/ProductType17
7,http://www4.wiwiss.fu-berlin.de/bizer/bsbm/v01/vocabulary/productPropertyTextual1,http://www4.wiwiss.fu-berlin.de/bizer/bsbm/v01/instances/ProductType17
7,http://www4.wiwiss.fu-berlin.de/bizer/bsbm/v01/vocabulary/productPropertyTextual2,http://www4.wiwiss.fu-berlin.de/bizer/bsbm/v01/instances/ProductType17
7,http://www4.wiwiss.fu-berlin.de/bizer/bsbm/v01/vocabulary/productPropertyTextual3,http://www4.wiwiss.fu-berlin.de/bizer/bsbm/v01/instances/ProductType17
3,http://www4.wiwiss.fu-berlin.de/bizer/bsbm/v01/vocabulary/productPropertyTextual6,http://www4.wiwiss.fu-berlin.de/bizer/bsbm/v01/instances/ProductType17
8,http://purl.org/dc/elements/1.1/date,http://www4.wiwiss.fu-berlin.de/bizer/bsbm/v01/instances/ProductType18
8,http://purl.org/dc/elements/1.1/publisher,http://www4.wiwiss.fu-berlin.de/bizer/bsbm/v01/instances/ProductType18
16,http://www.w3.org/1999/02/22-rdf-syntax-ns#type,http://www4.wiwiss.fu-berlin.de/bizer/bsbm/v01/instances/ProductType18
8,http://www.w3.org/2000/01/rdf-schema#comment,http://www4.wiwiss.fu-berlin.de/bizer/bsbm/v01/instances/ProductType18
8,http://www.w3.org/2000/01/rdf-schema#label,http://www4.wiwiss.fu-berlin.de/bizer/bsbm/v01/instances/ProductType18
8,http://www4.wiwiss.fu-berlin.de/bizer/bsbm/v01/vocabulary/producer,http://www4.wiwiss.fu-berlin.de/bizer/bsbm/v01/instances/ProductType18
179,http://www4.wiwiss.fu-berlin.de/bizer/bsbm/v01/vocabulary/productFeature,http://www4.wiwiss.fu-berlin.de/bizer/bsbm/v01/instances/ProductType18
8,http://www4.wiwiss.fu-berlin.de/bizer/bsbm/v01/vocabulary/productPropertyNumeric1,http://www4.wiwiss.fu-berlin.de/bizer/bsbm/v01/instances/ProductType18
8,http://www4.wiwiss.fu-berlin.de/bizer/bsbm/v01/vocabulary/productPropertyNumeric2,http://www4.wiwiss.fu-berlin.de/bizer/bsbm/v01/instances/ProductType18
8,http://www4.wiwiss.fu-berlin.de/bizer/bsbm/v01/vocabulary/productPropertyNumeric3,http://www4.wiwiss.fu-berlin.de/bizer/bsbm/v01/instances/ProductType18
8,http://www4.wiwiss.fu-berlin.de/bizer/bsbm/v01/vocabulary/productPropertyTextual1,http://www4.wiwiss.fu-berlin.de/bizer/bsbm/v01/instances/ProductType18
8,http://www4.wiwiss.fu-berlin.de/bizer/bsbm/v01/vocabulary/productPropertyTextual2,http://www4.wiwiss.fu-berlin.de/bizer/bsbm/v01/instances/ProductType18
8,http://www4.wiwiss.fu-berlin.de/bizer/bsbm/v01/vocabulary/productPropertyTextual3,http://www4.wiwiss.fu-berlin.de/bizer/bsbm/v01/instances/ProductType18
4,http://www4.wiwiss.fu-berlin.de/bizer/bsbm/v01/vocabulary/productPropertyTextual4,http://www4.wiwiss.fu-berlin.de/bizer/bsbm/v01/instances/ProductType18
2,http://www4.wiwiss.fu-berlin.de/bizer/bsbm/v01/vocabulary/productPropertyNumeric6,http://www4.wiwiss.fu-berlin.de/bizer/bsbm/v01/instances/ProductType18
3,http://www4.wiwiss.fu-berlin.de/bizer/bsbm/v01/vocabulary/productPropertyTextual6,http://www4.wiwiss.fu-berlin.de/bizer/bsbm/v01/instances/ProductType18
3,http://purl.org/dc/elements/1.1/date,http://www4.wiwiss.fu-berlin.de/bizer/bsbm/v01/instances/ProductType21
3,http://purl.org/dc/elements/1.1/publisher,http://www4.wiwiss.fu-berlin.de/bizer/bsbm/v01/instances/ProductType21
6,http://www.w3.org/1999/02/22-rdf-syntax-ns#type,http://www4.wiwiss.fu-berlin.de/bizer/bsbm/v01/instances/ProductType21
3,http://www.w3.org/2000/01/rdf-schema#comment,http://www4.wiwiss.fu-berlin.de/bizer/bsbm/v01/instances/ProductType21
3,http://www.w3.org/2000/01/rdf-schema#label,http://www4.wiwiss.fu-berlin.de/bizer/bsbm/v01/instances/ProductType21
3,http://www4.wiwiss.fu-berlin.de/bizer/bsbm/v01/vocabulary/producer,http://www4.wiwiss.fu-berlin.de/bizer/bsbm/v01/instances/ProductType21
73,http://www4.wiwiss.fu-berlin.de/bizer/bsbm/v01/vocabulary/productFeature,http://www4.wiwiss.fu-berlin.de/bizer/bsbm/v01/instances/ProductType21
3,http://www4.wiwiss.fu-berlin.de/bizer/bsbm/v01/vocabulary/productPropertyNumeric1,http://www4.wiwiss.fu-berlin.de/bizer/bsbm/v01/instances/ProductType21
3,http://www4.wiwiss.fu-berlin.de/bizer/bsbm/v01/vocabulary/productPropertyNumeric2,http://www4.wiwiss.fu-berlin.de/bizer/bsbm/v01/instances/ProductType21
3,http://www4.wiwiss.fu-berlin.de/bizer/bsbm/v01/vocabulary/productPropertyNumeric3,http://www4.wiwiss.fu-berlin.de/bizer/bsbm/v01/instances/ProductType21
2,http://www4.wiwiss.fu-berlin.de/bizer/bsbm/v01/vocabulary/productPropertyNumeric4,http://www4.wiwiss.fu-berlin.de/bizer/bsbm/v01/instances/ProductType21
3,http://www4.wiwiss.fu-berlin.de/bizer/bsbm/v01/vocabulary/productPropertyNumeric5,http://www4.wiwiss.fu-berlin.de/bizer/bsbm/v01/instances/ProductType21
3,http://www4.wiwiss.fu-berlin.de/bizer/bsbm/v01/vocabulary/productPropertyTextual1,http://www4.wiwiss.fu-berlin.de/bizer/bsbm/v01/instances/ProductType21
3,http://www4.wiwiss.fu-berlin.de/bizer/bsbm/v01/vocabulary/productPropertyTextual2,http://www4.wiwiss.fu-berlin.de/bizer/bsbm/v01/instances/ProductType21
3,http://www4.wiwiss.fu-berlin.de/bizer/bsbm/v01/vocabulary/productPropertyTextual3,http://www4.wiwiss.fu-berlin.de/bizer/bsbm/v01/instances/ProductType21
2,http://www4.wiwiss.fu-berlin.de/bizer/bsbm/v01/vocabulary/productPropertyTextual4,http://www4.wiwiss.fu-berlin.de/bizer/bsbm/v01/instances/ProductType21
2,http://www4.wiwiss.fu-berlin.de/bizer/bsbm/v01/vocabulary/productPropertyTextual5,http://www4.wiwiss.fu-berlin.de/bizer/bsbm/v01/instances/ProductType21
1,http://www4.wiwiss.fu-berlin.de/bizer/bsbm/v01/vocabulary/productPropertyNumeric6,http://www4.wiwiss.fu-berlin.de/bizer/bsbm/v01/instances/ProductType21
1,http://www4.wiwiss.fu-berlin.de/bizer/bsbm/v01/vocabulary/productPropertyTextual6,http://www4.wiwiss.fu-berlin.de/bizer/bsbm/v01/instances/ProductType21
8,http://purl.org/dc/elements/1.1/date,http://www4.wiwiss.fu-berlin.de/bizer/bsbm/v01/instances/ProductType6
8,http://purl.org/dc/elements/1.1/publisher,http://www4.wiwiss.fu-berlin.de/bizer/bsbm/v01/instances/ProductType6
16,http://www.w3.org/1999/02/22-rdf-syntax-ns#type,http://www4.wiwiss.fu-berlin.de/bizer/bsbm/v01/instances/ProductType6
8,http://www.w3.org/2000/01/rdf-schema#comment,http://www4.wiwiss.fu-berlin.de/bizer/bsbm/v01/instances/ProductType6
8,http://www.w3.org/2000/01/rdf-schema#label,http://www4.wiwiss.fu-berlin.de/bizer/bsbm/v01/instances/ProductType6
8,http://www4.wiwiss.fu-berlin.de/bizer/bsbm/v01/vocabulary/producer,http://www4.wiwiss.fu-berlin.de/bizer/bsbm/v01/instances/ProductType6
140,http://www4.wiwiss.fu-berlin.de/bizer/bsbm/v01/vocabulary/productFeature,http://www4.wiwiss.fu-berlin.de/bizer/bsbm/v01/instances/ProductType6
8,http://www4.wiwiss.fu-berlin.de/bizer/bsbm/v01/vocabulary/productPropertyNumeric1,http://www4.wiwiss.fu-berlin.de/bizer/bsbm/v01/instances/ProductType6
8,http://www4.wiwiss.fu-berlin.de/bizer/bsbm/v01/vocabulary/productPropertyNumeric2,http://www4.wiwiss.fu-berlin.de/bizer/bsbm/v01/instances/ProductType6
8,http://www4.wiwiss.fu-berlin.de/bizer/bsbm/v01/vocabulary/productPropertyNumeric3,http://www4.wiwiss.fu-berlin.de/bizer/bsbm/v01/instances/ProductType6
2,http://www4.wiwiss.fu-berlin.de/bizer/bsbm/v01/vocabulary/productPropertyNumeric6,http://www4.wiwiss.fu-berlin.de/bizer/bsbm/v01/instances/ProductType6
8,http://www4.wiwiss.fu-berlin.de/bizer/bsbm/v01/vocabulary/productPropertyTextual1,http://www4.wiwiss.fu-berlin.de/bizer/bsbm/v01/instances/ProductType6
8,http://www4.wiwiss.fu-berlin.de/bizer/bsbm/v01/vocabulary/productPropertyTextual2,http://www4.wiwiss.fu-berlin.de/bizer/bsbm/v01/instances/ProductType6
8,http://www4.wiwiss.fu-berlin.de/bizer/bsbm/v01/vocabulary/productPropertyTextual3,http://www4.wiwiss.fu-berlin.de/bizer/bsbm/v01/instances/ProductType6
6,http://www4.wiwiss.fu-berlin.de/bizer/bsbm/v01/vocabulary/productPropertyNumeric4,http://www4.wiwiss.fu-berlin.de/bizer/bsbm/v01/instances/ProductType6
5,http://www4.wiwiss.fu-berlin.de/bizer/bsbm/v01/vocabulary/productPropertyNumeric5,http://www4.wiwiss.fu-berlin.de/bizer/bsbm/v01/instances/ProductType6
6,http://www4.wiwiss.fu-berlin.de/bizer/bsbm/v01/vocabulary/productPropertyTextual4,http://www4.wiwiss.fu-berlin.de/bizer/bsbm/v01/instances/ProductType6
4,http://www4.wiwiss.fu-berlin.de/bizer/bsbm/v01/vocabulary/productPropertyTextual5,http://www4.wiwiss.fu-berlin.de/bizer/bsbm/v01/instances/ProductType6
14,http://purl.org/dc/elements/1.1/date,http://www4.wiwiss.fu-berlin.de/bizer/bsbm/v01/instances/ProductType7
14,http://purl.org/dc/elements/1.1/publisher,http://www4.wiwiss.fu-berlin.de/bizer/bsbm/v01/instances/ProductType7
28,http://www.w3.org/1999/02/22-rdf-syntax-ns#type,http://www4.wiwiss.fu-berlin.de/bizer/bsbm/v01/instances/ProductType7
14,http://www.w3.org/2000/01/rdf-schema#comment,http://www4.wiwiss.fu-berlin.de/bizer/bsbm/v01/instances/ProductType7
14,http://www.w3.org/2000/01/rdf-schema#label,http://www4.wiwiss.fu-berlin.de/bizer/bsbm/v01/instances/ProductType7
14,http://www4.wiwiss.fu-berlin.de/bizer/bsbm/v01/vocabulary/producer,http://www4.wiwiss.fu-berlin.de/bizer/bsbm/v01/instances/ProductType7
340,http://www4.wiwiss.fu-berlin.de/bizer/bsbm/v01/vocabulary/productFeature,http://www4.wiwiss.fu-berlin.de/bizer/bsbm/v01/instances/ProductType7
14,http://www4.wiwiss.fu-berlin.de/bizer/bsbm/v01/vocabulary/productPropertyNumeric1,http://www4.wiwiss.fu-berlin.de/bizer/bsbm/v01/instances/ProductType7
14,http://www4.wiwiss.fu-berlin.de/bizer/bsbm/v01/vocabulary/productPropertyNumeric2,http://www4.wiwiss.fu-berlin.de/bizer/bsbm/v01/instances/ProductType7
14,http://www4.wiwiss.fu-berlin.de/bizer/bsbm/v01/vocabulary/productPropertyNumeric3,http://www4.wiwiss.fu-berlin.de/bizer/bsbm/v01/instances/ProductType7
7,http://www4.wiwiss.fu-berlin.de/bizer/bsbm/v01/vocabulary/productPropertyNumeric4,http://www4.wiwiss.fu-berlin.de/bizer/bsbm/v01/instances/ProductType7
8,http://www4.wiwiss.fu-berlin.de/bizer/bsbm/v01/vocabulary/productPropertyNumeric5,http://www4.wiwiss.fu-berlin.de/bizer/bsbm/v01/instances/ProductType7
14,http://www4.wiwiss.fu-berlin.de/bizer/bsbm/v01/vocabulary/productPropertyTextual1,http://www4.wiwiss.fu-berlin.de/bizer/bsbm/v01/instances/ProductType7
14,http://www4.wiwiss.fu-berlin.de/bizer/bsbm/v01/vocabulary/productPropertyTextual2,http://www4.wiwiss.fu-berlin.de/bizer/bsbm/v01/instances/ProductType7
14,http://www4.wiwiss.fu-berlin.de/bizer/bsbm/v01/vocabulary/productPropertyTextual3,http://www4.wiwiss.fu-berlin.de/bizer/bsbm/v01/instances/ProductType7
7,http://www4.wiwiss.fu-berlin.de/bizer/bsbm/v01/vocabulary/productPropertyTextual4,http://www4.wiwiss.fu-berlin.de/bizer/bsbm/v01/instances/ProductType7
9,http://www4.wiwiss.fu-berlin.de/bizer/bsbm/v01/vocabulary/productPropertyTextual5,http://www4.wiwiss.fu-berlin.de/bizer/bsbm/v01/instances/ProductType7
4,http://www4.wiwiss.fu-berlin.de/bizer/bsbm/v01/vocabulary/productPropertyNumeric6,http://www4.wiwiss.fu-berlin.de/bizer/bsbm/v01/instances/ProductType7
2,http://www4.wiwiss.fu-berlin.de/bizer/bsbm/v01/vocabulary/productPropertyTextual6,http://www4.wiwiss.fu-berlin.de/bizer/bsbm/v01/instances/ProductType7
9,http://purl.org/dc/elements/1.1/date,http://www4.wiwiss.fu-berlin.de/bizer/bsbm/v01/instances/ProductType8
9,http://purl.org/dc/elements/1.1/publisher,http://www4.wiwiss.fu-berlin.de/bizer/bsbm/v01/instances/ProductType8
18,http://www.w3.org/1999/02/22-rdf-syntax-ns#type,http://www4.wiwiss.fu-berlin.de/bizer/bsbm/v01/instances/ProductType8
9,http://www.w3.org/2000/01/rdf-schema#comment,http://www4.wiwiss.fu-berlin.de/bizer/bsbm/v01/instances/ProductType8
9,http://www.w3.org/2000/01/rdf-schema#label,http://www4.wiwiss.fu-berlin.de/bizer/bsbm/v01/instances/ProductType8
9,http://www4.wiwiss.fu-berlin.de/bizer/bsbm/v01/vocabulary/producer,http://www4.wiwiss.fu-berlin.de/bizer/bsbm/v01/instances/ProductType8
156,http://www4.wiwiss.fu-berlin.de/bizer/bsbm/v01/vocabulary/productFeature,http://www4.wiwiss.fu-berlin.de/bizer/bsbm/v01/instances/ProductType8
9,http://www4.wiwiss.fu-berlin.de/bizer/bsbm/v01/vocabulary/productPropertyNumeric1,http://www4.wiwiss.fu-berlin.de/bizer/bsbm/v01/instances/ProductType8
9,http://www4.wiwiss.fu-berlin.de/bizer/bsbm/v01/vocabulary/productPropertyNumeric2,http://www4.wiwiss.fu-berlin.de/bizer/bsbm/v01/instances/ProductType8
9,http://www4.wiwiss.fu-berlin.de/bizer/bsbm/v01/vocabulary/productPropertyNumeric3,http://www4.wiwiss.fu-berlin.de/bizer/bsbm/v01/instances/ProductType8
9,http://www4.wiwiss.fu-berlin.de/bizer/bsbm/v01/vocabulary/productPropertyTextual1,http://www4.wiwiss.fu-berlin.de/bizer/bsbm/v01/instances/ProductType8
9,http://www4.wiwiss.fu-berlin.de/bizer/bsbm/v01/vocabulary/productPropertyTextual2,http://www4.wiwiss.fu-berlin.de/bizer/bsbm/v01/instances/ProductType8
9,http://www4.wiwiss.fu-berlin.de/bizer/bsbm/v01/vocabulary/productPropertyTextual3,http://www4.wiwiss.fu-berlin.de/bizer/bsbm/v01/instances/ProductType8
4,http://www4.wiwiss.fu-berlin.de/bizer/bsbm/v01/vocabulary/productPropertyNumeric4,http://www4.wiwiss.fu-berlin.de/bizer/bsbm/v01/instances/ProductType8
3,http://www4.wiwiss.fu-berlin.de/bizer/bsbm/v01/vocabulary/productPropertyNumeric5,http://www4.wiwiss.fu-berlin.de/bizer/bsbm/v01/instances/ProductType8
4,http://www4.wiwiss.fu-berlin.de/bizer/bsbm/v01/vocabulary/productPropertyTextual4,http://www4.wiwiss.fu-berlin.de/bizer/bsbm/v01/instances/ProductType8
4,http://www4.wiwiss.fu-berlin.de/bizer/bsbm/v01/vocabulary/productPropertyTextual5,http://www4.wiwiss.fu-berlin.de/bizer/bsbm/v01/instances/ProductType8
7,http://purl.org/dc/elements/1.1/date,http://www4.wiwiss.fu-berlin.de/bizer/bsbm/v01/instances/ProductType9
7,http://purl.org/dc/elements/1.1/publisher,http://www4.wiwiss.fu-berlin.de/bizer/bsbm/v01/instances/ProductType9
14,http://www.w3.org/1999/02/22-rdf-syntax-ns#type,http://www4.wiwiss.fu-berlin.de/bizer/bsbm/v01/instances/ProductType9
7,http://www.w3.org/2000/01/rdf-schema#comment,http://www4.wiwiss.fu-berlin.de/bizer/bsbm/v01/instances/ProductType9
7,http://www.w3.org/2000/01/rdf-schema#label,http://www4.wiwiss.fu-berlin.de/bizer/bsbm/v01/instances/ProductType9
7,http://www4.wiwiss.fu-berlin.de/bizer/bsbm/v01/vocabulary/producer,http://www4.wiwiss.fu-berlin.de/bizer/bsbm/v01/instances/ProductType9
143,http://www4.wiwiss.fu-berlin.de/bizer/bsbm/v01/vocabulary/productFeature,http://www4.wiwiss.fu-berlin.de/bizer/bsbm/v01/instances/ProductType9
7,http://www4.wiwiss.fu-berlin.de/bizer/bsbm/v01/vocabulary/productPropertyNumeric1,http://www4.wiwiss.fu-berlin.de/bizer/bsbm/v01/instances/ProductType9
7,http://www4.wiwiss.fu-berlin.de/bizer/bsbm/v01/vocabulary/productPropertyNumeric2,http://www4.wiwiss.fu-berlin.de/bizer/bsbm/v01/instances/ProductType9
7,http://www4.wiwiss.fu-berlin.de/bizer/bsbm/v01/vocabulary/productPropertyNumeric3,http://www4.wiwiss.fu-berlin.de/bizer/bsbm/v01/instances/ProductType9
4,http://www4.wiwiss.fu-berlin.de/bizer/bsbm/v01/vocabulary/productPropertyNumeric4,http://www4.wiwiss.fu-berlin.de/bizer/bsbm/v01/instances/ProductType9
5,http://www4.wiwiss.fu-berlin.de/bizer/bsbm/v01/vocabulary/productPropertyNumeric5,http://www4.wiwiss.fu-berlin.de/bizer/bsbm/v01/instances/ProductType9
7,http://www4.wiwiss.fu-berlin.de/bizer/bsbm/v01/vocabulary/productPropertyTextual1,http://www4.wiwiss.fu-berlin.de/bizer/bsbm/v01/instances/ProductType9
7,http://www4.wiwiss.fu-berlin.de/bizer/bsbm/v01/vocabulary/productPropertyTextual2,http://www4.wiwiss.fu-berlin.de/bizer/bsbm/v01/instances/ProductType9
7,http://www4.wiwiss.fu-berlin.de/bizer/bsbm/v01/vocabulary/productPropertyTextual3,http://www4.wiwiss.fu-berlin.de/bizer/bsbm/v01/instances/ProductType9
4,http://www4.wiwiss.fu-berlin.de/bizer/bsbm/v01/vocabulary/productPropertyTextual4,http://www4.wiwiss.fu-berlin.de/bizer/bsbm/v01/instances/ProductType9
5,http://www4.wiwiss.fu-berlin.de/bizer/bsbm/v01/vocabulary/productPropertyTextual5,http://www4.wiwiss.fu-berlin.de/bizer/bsbm/v01/instances/ProductType9
3,http://purl.org/dc/elements/1.1/date,http://www4.wiwiss.fu-berlin.de/bizer/bsbm/v01/vocabulary/Producer
3,http://purl.org/dc/elements/1.1/publisher,http://www4.wiwiss.fu-berlin.de/bizer/bsbm/v01/vocabulary/Producer
3,http://www.w3.org/1999/02/22-rdf-syntax-ns#type,http://www4.wiwiss.fu-berlin.de/bizer/bsbm/v01/vocabulary/Producer
3,http://www.w3.org/2000/01/rdf-schema#comment,http://www4.wiwiss.fu-berlin.de/bizer/bsbm/v01/vocabulary/Producer
3,http://www.w3.org/2000/01/rdf-schema#label,http://www4.wiwiss.fu-berlin.de/bizer/bsbm/v01/vocabulary/Producer
3,http://www4.wiwiss.fu-berlin.de/bizer/bsbm/v01/vocabulary/country,http://www4.wiwiss.fu-berlin.de/bizer/bsbm/v01/vocabulary/Producer
3,http://xmlns.com/foaf/0.1/homepage,http://www4.wiwiss.fu-berlin.de/bizer/bsbm/v01/vocabulary/Producer
100,http://purl.org/dc/elements/1.1/date,http://www4.wiwiss.fu-berlin.de/bizer/bsbm/v01/vocabulary/Product
100,http://purl.org/dc/elements/1.1/publisher,http://www4.wiwiss.fu-berlin.de/bizer/bsbm/v01/vocabulary/Product
200,http://www.w3.org/1999/02/22-rdf-syntax-ns#type,http://www4.wiwiss.fu-berlin.de/bizer/bsbm/v01/vocabulary/Product
100,http://www.w3.org/2000/01/rdf-schema#comment,http://www4.wiwiss.fu-berlin.de/bizer/bsbm/v01/vocabulary/Product
100,http://www.w3.org/2000/01/rdf-schema#label,http://www4.wiwiss.fu-berlin.de/bizer/bsbm/v01/vocabulary/Product
100,http://www4.wiwiss.fu-berlin.de/bizer/bsbm/v01/vocabulary/producer,http://www4.wiwiss.fu-berlin.de/bizer/bsbm/v01/vocabulary/Product
2375,http://www4.wiwiss.fu-berlin.de/bizer/bsbm/v01/vocabulary/productFeature,http://www4.wiwiss.fu-berlin.de/bizer/bsbm/v01/vocabulary/Product
100,http://www4.wiwiss.fu-berlin.de/bizer/bsbm/v01/vocabulary/productPropertyNumeric1,http://www4.wiwiss.fu-berlin.de/bizer/bsbm/v01/vocabulary/Product
100,http://www4.wiwiss.fu-berlin.de/bizer/bsbm/v01/vocabulary/productPropertyNumeric2,http://www4.wiwiss.fu-berlin.de/bizer/bsbm/v01/vocabulary/Product
100,http://www4.wiwiss.fu-berlin.de/bizer/bsbm/v01/vocabulary/productPropertyNumeric3,http://www4.wiwiss.fu-berlin.de/bizer/bsbm/v01/vocabulary/Product
53,http://www4.wiwiss.fu-berlin.de/bizer/bsbm/v01/vocabulary/productPropertyNumeric5,http://www4.wiwiss.fu-berlin.de/bizer/bsbm/v01/vocabulary/Product
100,http://www4.wiwiss.fu-berlin.de/bizer/bsbm/v01/vocabulary/productPropertyTextual1,http://www4.wiwiss.fu-berlin.de/bizer/bsbm/v01/vocabulary/Product
100,http://www4.wiwiss.fu-berlin.de/bizer/bsbm/v01/vocabulary/productPropertyTextual2,http://www4.wiwiss.fu-berlin.de/bizer/bsbm/v01/vocabulary/Product
100,http://www4.wiwiss.fu-berlin.de/bizer/bsbm/v01/vocabulary/productPropertyTextual3,http://www4.wiwiss.fu-berlin.de/bizer/bsbm/v01/vocabulary/Product
49,http://www4.wiwiss.fu-berlin.de/bizer/bsbm/v01/vocabulary/productPropertyTextual4,http://www4.wiwiss.fu-berlin.de/bizer/bsbm/v01/vocabulary/Product
44,http://www4.wiwiss.fu-berlin.de/bizer/bsbm/v01/vocabulary/productPropertyNumeric4,http://www4.wiwiss.fu-berlin.de/bizer/bsbm/v01/vocabulary/Product
53,http://www4.wiwiss.fu-berlin.de/bizer/bsbm/v01/vocabulary/productPropertyTextual5,http://www4.wiwiss.fu-berlin.de/bizer/bsbm/v01/vocabulary/Product
16,http://www4.wiwiss.fu-berlin.de/bizer/bsbm/v01/vocabulary/productPropertyNumeric6,http://www4.wiwiss.fu-berlin.de/bizer/bsbm/v01/vocabulary/Product
17,http://www4.wiwiss.fu-berlin.de/bizer/bsbm/v01/vocabulary/productPropertyTextual6,http://www4.wiwiss.fu-berlin.de/bizer/bsbm/v01/vocabulary/Product
3,http://www4.wiwiss.fu-berlin.de/bizer/bsbm/v01/vocabulary/productPropertyNumeric4,http://www4.wiwiss.fu-berlin.de/bizer/bsbm/v01/instances/ProductType12
3,http://www4.wiwiss.fu-berlin.de/bizer/bsbm/v01/vocabulary/productPropertyNumeric5,http://www4.wiwiss.fu-berlin.de/bizer/bsbm/v01/instances/ProductType12
3,http://www4.wiwiss.fu-berlin.de/bizer/bsbm/v01/vocabulary/productPropertyTextual5,http://www4.wiwiss.fu-berlin.de/bizer/bsbm/v01/instances/ProductType12
7,http://purl.org/dc/elements/1.1/date,http://www4.wiwiss.fu-berlin.de/bizer/bsbm/v01/instances/ProductType13
7,http://purl.org/dc/elements/1.1/publisher,http://www4.wiwiss.fu-berlin.de/bizer/bsbm/v01/instances/ProductType13
14,http://www.w3.org/1999/02/22-rdf-syntax-ns#type,http://www4.wiwiss.fu-berlin.de/bizer/bsbm/v01/instances/ProductType13
7,http://www.w3.org/2000/01/rdf-schema#comment,http://www4.wiwiss.fu-berlin.de/bizer/bsbm/v01/instances/ProductType13
7,http://www.w3.org/2000/01/rdf-schema#label,http://www4.wiwiss.fu-berlin.de/bizer/bsbm/v01/instances/ProductType13
7,http://www4.wiwiss.fu-berlin.de/bizer/bsbm/v01/vocabulary/producer,http://www4.wiwiss.fu-berlin.de/bizer/bsbm/v01/instances/ProductType13
176,http://www4.wiwiss.fu-berlin.de/bizer/bsbm/v01/vocabulary/productFeature,http://www4.wiwiss.fu-berlin.de/bizer/bsbm/v01/instances/ProductType13
7,http://www4.wiwiss.fu-berlin.de/bizer/bsbm/v01/vocabulary/productPropertyNumeric1,http://www4.wiwiss.fu-berlin.de/bizer/bsbm/v01/instances/ProductType13
7,http://www4.wiwiss.fu-berlin.de/bizer/bsbm/v01/vocabulary/productPropertyNumeric2,http://www4.wiwiss.fu-berlin.de/bizer/bsbm/v01/instances/ProductType13
7,http://www4.wiwiss.fu-berlin.de/bizer/bsbm/v01/vocabulary/productPropertyNumeric3,http://www4.wiwiss.fu-berlin.de/bizer/bsbm/v01/instances/ProductType13
3,http://www4.wiwiss.fu-berlin.de/bizer/bsbm/v01/vocabulary/productPropertyNumeric5,http://www4.wiwiss.fu-berlin.de/bizer/bsbm/v01/instances/ProductType13
7,http://www4.wiwiss.fu-berlin.de/bizer/bsbm/v01/vocabulary/productPropertyTextual1,http://www4.wiwiss.fu-berlin.de/bizer/bsbm/v01/instances/ProductType13
7,http://www4.wiwiss.fu-berlin.de/bizer/bsbm/v01/vocabulary/productPropertyTextual2,http://www4.wiwiss.fu-berlin.de/bizer/bsbm/v01/instances/ProductType13
7,http://www4.wiwiss.fu-berlin.de/bizer/bsbm/v01/vocabulary/productPropertyTextual3,http://www4.wiwiss.fu-berlin.de/bizer/bsbm/v01/instances/ProductType13
3,http://www4.wiwiss.fu-berlin.de/bizer/bsbm/v01/vocabulary/productPropertyTextual4,http://www4.wiwiss.fu-berlin.de/bizer/bsbm/v01/instances/ProductType13
2,http://www4.wiwiss.fu-berlin.de/bizer/bsbm/v01/vocabulary/productPropertyNumeric6,http://www4.wiwiss.fu-berlin.de/bizer/bsbm/v01/instances/ProductType13
2,http://www4.wiwiss.fu-berlin.de/bizer/bsbm/v01/vocabulary/productPropertyTextual5,http://www4.wiwiss.fu-berlin.de/bizer/bsbm/v01/instances/ProductType13
1,http://www4.wiwiss.fu-berlin.de/bizer/bsbm/v01/vocabulary/productPropertyTextual6,http://www4.wiwiss.fu-berlin.de/bizer/bsbm/v01/instances/ProductType13
3,http://www4.wiwiss.fu-berlin.de/bizer/bsbm/v01/vocabulary/productPropertyTextual5,http://www4.wiwiss.fu-berlin.de/bizer/bsbm/v01/instances/ProductType17
2,http://www4.wiwiss.fu-berlin.de/bizer/bsbm/v01/vocabulary/productPropertyNumeric4,http://www4.wiwiss.fu-berlin.de/bizer/bsbm/v01/instances/ProductType17
2,http://www4.wiwiss.fu-berlin.de/bizer/bsbm/v01/vocabulary/productPropertyTextual4,http://www4.wiwiss.fu-berlin.de/bizer/bsbm/v01/instances/ProductType17
3,http://www4.wiwiss.fu-berlin.de/bizer/bsbm/v01/vocabulary/productPropertyNumeric4,http://www4.wiwiss.fu-berlin.de/bizer/bsbm/v01/instances/ProductType18
2,http://www4.wiwiss.fu-berlin.de/bizer/bsbm/v01/vocabulary/productPropertyNumeric5,http://www4.wiwiss.fu-berlin.de/bizer/bsbm/v01/instances/ProductType18
4,http://www4.wiwiss.fu-berlin.de/bizer/bsbm/v01/vocabulary/productPropertyTextual5,http://www4.wiwiss.fu-berlin.de/bizer/bsbm/v01/instances/ProductType18
2,http://www4.wiwiss.fu-berlin.de/bizer/bsbm/v01/vocabulary/productPropertyTextual6,http://www4.wiwiss.fu-berlin.de/bizer/bsbm/v01/instances/ProductType11
1,http://www4.wiwiss.fu-berlin.de/bizer/bsbm/v01/vocabulary/productPropertyNumeric6,http://www4.wiwiss.fu-berlin.de/bizer/bsbm/v01/instances/ProductType11
3,http://www4.wiwiss.fu-berlin.de/bizer/bsbm/v01/vocabulary/productPropertyNumeric5,http://www4.wiwiss.fu-berlin.de/bizer/bsbm/v01/instances/ProductType10
2,http://www4.wiwiss.fu-berlin.de/bizer/bsbm/v01/vocabulary/productPropertyNumeric6,http://www4.wiwiss.fu-berlin.de/bizer/bsbm/v01/instances/ProductType10
3,http://www4.wiwiss.fu-berlin.de/bizer/bsbm/v01/vocabulary/productPropertyNumeric4,http://www4.wiwiss.fu-berlin.de/bizer/bsbm/v01/instances/ProductType10
4,http://www4.wiwiss.fu-berlin.de/bizer/bsbm/v01/vocabulary/productPropertyTextual5,http://www4.wiwiss.fu-berlin.de/bizer/bsbm/v01/instances/ProductType10
1,http://www4.wiwiss.fu-berlin.de/bizer/bsbm/v01/vocabulary/productPropertyTextual6,http://www4.wiwiss.fu-berlin.de/bizer/bsbm/v01/instances/ProductType10
2,http://www4.wiwiss.fu-berlin.de/bizer/bsbm/v01/vocabulary/productPropertyTextual4,http://www4.wiwiss.fu-berlin.de/bizer/bsbm/v01/instances/ProductType10
1,http://www4.wiwiss.fu-berlin.de/bizer/bsbm/v01/vocabulary/productPropertyTextual6,http://www4.wiwiss.fu-berlin.de/bizer/bsbm/v01/instances/ProductType6
2,http://www4.wiwiss.fu-berlin.de/bizer/bsbm/v01/vocabulary/productPropertyNumeric5,http://www4.wiwiss.fu-berlin.de/bizer/bsbm/v01/instances/ProductType14
2,http://www4.wiwiss.fu-berlin.de/bizer/bsbm/v01/vocabulary/productPropertyTextual4,http://www4.wiwiss.fu-berlin.de/bizer/bsbm/v01/instances/ProductType15
1,http://www4.wiwiss.fu-berlin.de/bizer/bsbm/v01/vocabulary/productPropertyNumeric4,http://www4.wiwiss.fu-berlin.de/bizer/bsbm/v01/instances/ProductType15
1,http://www4.wiwiss.fu-berlin.de/bizer/bsbm/v01/vocabulary/productPropertyNumeric6,http://www4.wiwiss.fu-berlin.de/bizer/bsbm/v01/instances/ProductType9
1,http://www4.wiwiss.fu-berlin.de/bizer/bsbm/v01/vocabulary/productPropertyTextual6,http://www4.wiwiss.fu-berlin.de/bizer/bsbm/v01/instances/ProductType9
1,http://www4.wiwiss.fu-berlin.de/bizer/bsbm/v01/vocabulary/productPropertyNumeric4,http://www4.wiwiss.fu-berlin.de/bizer/bsbm/v01/instances/ProductType14
1,http://www4.wiwiss.fu-berlin.de/bizer/bsbm/v01/vocabulary/productPropertyTextual4,http://www4.wiwiss.fu-berlin.de/bizer/bsbm/v01/instances/ProductType14
1,http://www4.wiwiss.fu-berlin.de/bizer/bsbm/v01/vocabulary/productPropertyNumeric4,http://www4.wiwiss.fu-berlin.de/bizer/bsbm/v01/instances/ProductType13
1,http://www4.wiwiss.fu-berlin.de/bizer/bsbm/v01/vocabulary/productPropertyTextual6,http://www4.wiwiss.fu-berlin.de/bizer/bsbm/v01/instances/ProductType8
50,http://purl.org/dc/elements/1.1/date,http://xmlns.com/foaf/0.1/Person
50,http://purl.org/dc/elements/1.1/publisher,http://xmlns.com/foaf/0.1/Person
50,http://www.w3.org/1999/02/22-rdf-syntax-ns#type,http://xmlns.com/foaf/0.1/Person
50,http://www4.wiwiss.fu-berlin.de/bizer/bsbm/v01/vocabulary/country,http://xmlns.com/foaf/0.1/Person
50,http://xmlns.com/foaf/0.1/mbox_sha1sum,http://xmlns.com/foaf/0.1/Person
50,http://xmlns.com/foaf/0.1/name,http://xmlns.com/foaf/0.1/Person
1,http://purl.org/dc/elements/1.1/date,http://www4.wiwiss.fu-berlin.de/bizer/bsbm/v01/vocabulary/Vendor
1,http://purl.org/dc/elements/1.1/publisher,http://www4.wiwiss.fu-berlin.de/bizer/bsbm/v01/vocabulary/Vendor
1,http://www.w3.org/1999/02/22-rdf-syntax-ns#type,http://www4.wiwiss.fu-berlin.de/bizer/bsbm/v01/vocabulary/Vendor
1,http://www.w3.org/2000/01/rdf-schema#comment,http://www4.wiwiss.fu-berlin.de/bizer/bsbm/v01/vocabulary/Vendor
1,http://www.w3.org/2000/01/rdf-schema#label,http://www4.wiwiss.fu-berlin.de/bizer/bsbm/v01/vocabulary/Vendor
1,http://www4.wiwiss.fu-berlin.de/bizer/bsbm/v01/vocabulary/country,http://www4.wiwiss.fu-berlin.de/bizer/bsbm/v01/vocabulary/Vendor
1,http://xmlns.com/foaf/0.1/homepage,http://www4.wiwiss.fu-berlin.de/bizer/bsbm/v01/vocabulary/Vendor
1000,http://purl.org/dc/elements/1.1/date,http://www4.wiwiss.fu-berlin.de/bizer/bsbm/v01/vocabulary/Review
1000,http://purl.org/dc/elements/1.1/publisher,http://www4.wiwiss.fu-berlin.de/bizer/bsbm/v01/vocabulary/Review
1000,http://purl.org/dc/elements/1.1/title,http://www4.wiwiss.fu-berlin.de/bizer/bsbm/v01/vocabulary/Review
1000,http://purl.org/stuff/rev#reviewer,http://www4.wiwiss.fu-berlin.de/bizer/bsbm/v01/vocabulary/Review
1000,http://purl.org/stuff/rev#text,http://www4.wiwiss.fu-berlin.de/bizer/bsbm/v01/vocabulary/Review
1000,http://www.w3.org/1999/02/22-rdf-syntax-ns#type,http://www4.wiwiss.fu-berlin.de/bizer/bsbm/v01/vocabulary/Review
713,http://www4.wiwiss.fu-berlin.de/bizer/bsbm/v01/vocabulary/rating2,http://www4.wiwiss.fu-berlin.de/bizer/bsbm/v01/vocabulary/Review
691,http://www4.wiwiss.fu-berlin.de/bizer/bsbm/v01/vocabulary/rating3,http://www4.wiwiss.fu-berlin.de/bizer/bsbm/v01/vocabulary/Review
1000,http://www4.wiwiss.fu-berlin.de/bizer/bsbm/v01/vocabulary/reviewDate,http://www4.wiwiss.fu-berlin.de/bizer/bsbm/v01/vocabulary/Review
1000,http://www4.wiwiss.fu-berlin.de/bizer/bsbm/v01/vocabulary/reviewFor,http://www4.wiwiss.fu-berlin.de/bizer/bsbm/v01/vocabulary/Review
717,http://www4.wiwiss.fu-berlin.de/bizer/bsbm/v01/vocabulary/rating1,http://www4.wiwiss.fu-berlin.de/bizer/bsbm/v01/vocabulary/Review
701,http://www4.wiwiss.fu-berlin.de/bizer/bsbm/v01/vocabulary/rating4,http://www4.wiwiss.fu-berlin.de/bizer/bsbm/v01/vocabulary/Review
2000,http://purl.org/dc/elements/1.1/date,http://www4.wiwiss.fu-berlin.de/bizer/bsbm/v01/vocabulary/Offer
2000,http://purl.org/dc/elements/1.1/publisher,http://www4.wiwiss.fu-berlin.de/bizer/bsbm/v01/vocabulary/Offer
2000,http://www.w3.org/1999/02/22-rdf-syntax-ns#type,http://www4.wiwiss.fu-berlin.de/bizer/bsbm/v01/vocabulary/Offer
2000,http://www4.wiwiss.fu-berlin.de/bizer/bsbm/v01/vocabulary/deliveryDays,http://www4.wiwiss.fu-berlin.de/bizer/bsbm/v01/vocabulary/Offer
2000,http://www4.wiwiss.fu-berlin.de/bizer/bsbm/v01/vocabulary/offerWebpage,http://www4.wiwiss.fu-berlin.de/bizer/bsbm/v01/vocabulary/Offer
2000,http://www4.wiwiss.fu-berlin.de/bizer/bsbm/v01/vocabulary/price,http://www4.wiwiss.fu-berlin.de/bizer/bsbm/v01/vocabulary/Offer
2000,http://www4.wiwiss.fu-berlin.de/bizer/bsbm/v01/vocabulary/product,http://www4.wiwiss.fu-berlin.de/bizer/bsbm/v01/vocabulary/Offer
2000,http://www4.wiwiss.fu-berlin.de/bizer/bsbm/v01/vocabulary/validFrom,http://www4.wiwiss.fu-berlin.de/bizer/bsbm/v01/vocabulary/Offer
2000,http://www4.wiwiss.fu-berlin.de/bizer/bsbm/v01/vocabulary/validTo,http://www4.wiwiss.fu-berlin.de/bizer/bsbm/v01/vocabulary/Offer
2000,http://www4.wiwiss.fu-berlin.de/bizer/bsbm/v01/vocabulary/vendor,http://www4.wiwiss.fu-berlin.de/bizer/bsbm/v01/vocabulary/Offer
