"count","c"
151,"http://www4.wiwiss.fu-berlin.de/bizer/bsbm/v01/vocabulary/ProductType"
9,"http://www4.wiwiss.fu-berlin.de/bizer/bsbm/v01/instances/ProductType122"
7,"http://www4.wiwiss.fu-berlin.de/bizer/bsbm/v01/instances/ProductType123"
17,"http://www4.wiwiss.fu-berlin.de/bizer/bsbm/v01/instances/ProductType102"
13,"http://www4.wiwiss.fu-berlin.de/bizer/bsbm/v01/instances/ProductType95"
1,"http://www4.wiwiss.fu-berlin.de/bizer/bsbm/v01/instances/ProductType151"
22,"http://www4.wiwiss.fu-berlin.de/bizer/bsbm/v01/vocabulary/Producer"
3,"http://www4.wiwiss.fu-berlin.de/bizer/bsbm/v01/instances/ProductType116"
5,"http://www4.wiwiss.fu-berlin.de/bizer/bsbm/v01/instances/ProductType133"
15,"http://www4.wiwiss.fu-berlin.de/bizer/bsbm/v01/instances/ProductType76"
6,"http://www4.wiwiss.fu-berlin.de/bizer/bsbm/v01/instances/ProductType146"
14,"http://www4.wiwiss.fu-berlin.de/bizer/bsbm/v01/instances/ProductType81"
1,"http://www4.wiwiss.fu-berlin.de/bizer/bsbm/v01/instances/ProductType150"
6,"http://www4.wiwiss.fu-berlin.de/bizer/bsbm/v01/instances/ProductType126"
503,"http://xmlns.com/foaf/0.1/Person"
1000,"http://www4.wiwiss.fu-berlin.de/bizer/bsbm/v01/vocabulary/Product"
8,"http://www4.wiwiss.fu-berlin.de/bizer/bsbm/v01/instances/ProductType110"
11,"http://www4.wiwiss.fu-berlin.de/bizer/bsbm/v01/instances/ProductType78"
7,"http://www4.wiwiss.fu-berlin.de/bizer/bsbm/v01/instances/ProductType130"
11,"http://www4.wiwiss.fu-berlin.de/bizer/bsbm/v01/instances/ProductType73"
6,"http://www4.wiwiss.fu-berlin.de/bizer/bsbm/v01/instances/ProductType127"
4,"http://www4.wiwiss.fu-berlin.de/bizer/bsbm/v01/instances/ProductType135"
11,"http://www4.wiwiss.fu-berlin.de/bizer/bsbm/v01/instances/ProductType104"
5,"http://www4.wiwiss.fu-berlin.de/bizer/bsbm/v01/instances/ProductType121"
10000,"http://www4.wiwiss.fu-berlin.de/bizer/bsbm/v01/vocabulary/Review"
14,"http://www4.wiwiss.fu-berlin.de/bizer/bsbm/v01/instances/ProductType89"
12,"http://www4.wiwiss.fu-berlin.de/bizer/bsbm/v01/vocabulary/Vendor"
3,"http://www4.wiwiss.fu-berlin.de/bizer/bsbm/v01/instances/ProductType148"
4,"http://www4.wiwiss.fu-berlin.de/bizer/bsbm/v01/instances/ProductType119"
15,"http://www4.wiwiss.fu-berlin.de/bizer/bsbm/v01/instances/ProductType68"
15,"http://www4.wiwiss.fu-berlin.de/bizer/bsbm/v01/instances/ProductType82"
9,"http://www4.wiwiss.fu-berlin.de/bizer/bsbm/v01/instances/ProductType100"
10,"http://www4.wiwiss.fu-berlin.de/bizer/bsbm/v01/instances/ProductType111"
12,"http://www4.wiwiss.fu-berlin.de/bizer/bsbm/v01/instances/ProductType120"
20000,"http://www4.wiwiss.fu-berlin.de/bizer/bsbm/v01/vocabulary/Offer"
20,"http://www4.wiwiss.fu-berlin.de/bizer/bsbm/v01/instances/ProductType86"
23,"http://www4.wiwiss.fu-berlin.de/bizer/bsbm/v01/instances/ProductType57"
16,"http://www4.wiwiss.fu-berlin.de/bizer/bsbm/v01/instances/ProductType71"
9,"http://www4.wiwiss.fu-berlin.de/bizer/bsbm/v01/instances/ProductType59"
4,"http://www4.wiwiss.fu-berlin.de/bizer/bsbm/v01/instances/ProductType147"
11,"http://www4.wiwiss.fu-berlin.de/bizer/bsbm/v01/instances/ProductType98"
2,"http://www4.wiwiss.fu-berlin.de/bizer/bsbm/v01/instances/ProductType141"
13,"http://www4.wiwiss.fu-berlin.de/bizer/bsbm/v01/instances/ProductType109"
22,"http://www4.wiwiss.fu-berlin.de/bizer/bsbm/v01/instances/ProductType67"
19,"http://www4.wiwiss.fu-berlin.de/bizer/bsbm/v01/instances/ProductType75"
10,"http://www4.wiwiss.fu-berlin.de/bizer/bsbm/v01/instances/ProductType124"
6,"http://www4.wiwiss.fu-berlin.de/bizer/bsbm/v01/instances/ProductType132"
21,"http://www4.wiwiss.fu-berlin.de/bizer/bsbm/v01/instances/ProductType62"
8,"http://www4.wiwiss.fu-berlin.de/bizer/bsbm/v01/instances/ProductType94"
20,"http://www4.wiwiss.fu-berlin.de/bizer/bsbm/v01/instances/ProductType101"
18,"http://www4.wiwiss.fu-berlin.de/bizer/bsbm/v01/instances/ProductType66"
13,"http://www4.wiwiss.fu-berlin.de/bizer/bsbm/v01/instances/ProductType64"
15,"http://www4.wiwiss.fu-berlin.de/bizer/bsbm/v01/instances/ProductType114"
9,"http://www4.wiwiss.fu-berlin.de/bizer/bsbm/v01/instances/ProductType105"
12,"http://www4.wiwiss.fu-berlin.de/bizer/bsbm/v01/instances/ProductType112"
12,"http://www4.wiwiss.fu-berlin.de/bizer/bsbm/v01/instances/ProductType63"
6,"http://www4.wiwiss.fu-berlin.de/bizer/bsbm/v01/instances/ProductType136"
4,"http://www4.wiwiss.fu-berlin.de/bizer/bsbm/v01/instances/ProductType134"
3,"http://www4.wiwiss.fu-berlin.de/bizer/bsbm/v01/instances/ProductType140"
11,"http://www4.wiwiss.fu-berlin.de/bizer/bsbm/v01/instances/ProductType107"
10,"http://www4.wiwiss.fu-berlin.de/bizer/bsbm/v01/instances/ProductType115"
9,"http://www4.wiwiss.fu-berlin.de/bizer/bsbm/v01/instances/ProductType99"
10,"http://www4.wiwiss.fu-berlin.de/bizer/bsbm/v01/instances/ProductType93"
19,"http://www4.wiwiss.fu-berlin.de/bizer/bsbm/v01/instances/ProductType80"
8,"http://www4.wiwiss.fu-berlin.de/bizer/bsbm/v01/instances/ProductType113"
4,"http://www4.wiwiss.fu-berlin.de/bizer/bsbm/v01/instances/ProductType144"
5,"http://www4.wiwiss.fu-berlin.de/bizer/bsbm/v01/instances/ProductType128"
12,"http://www4.wiwiss.fu-berlin.de/bizer/bsbm/v01/instances/ProductType72"
9,"http://www4.wiwiss.fu-berlin.de/bizer/bsbm/v01/instances/ProductType84"
4745,"http://www4.wiwiss.fu-berlin.de/bizer/bsbm/v01/vocabulary/ProductFeature"
6,"http://www4.wiwiss.fu-berlin.de/bizer/bsbm/v01/instances/ProductType118"
20,"http://www4.wiwiss.fu-berlin.de/bizer/bsbm/v01/instances/ProductType65"
2,"http://www4.wiwiss.fu-berlin.de/bizer/bsbm/v01/instances/ProductType149"
13,"http://www4.wiwiss.fu-berlin.de/bizer/bsbm/v01/instances/ProductType96"
23,"http://www4.wiwiss.fu-berlin.de/bizer/bsbm/v01/instances/ProductType88"
19,"http://www4.wiwiss.fu-berlin.de/bizer/bsbm/v01/instances/ProductType77"
13,"http://www4.wiwiss.fu-berlin.de/bizer/bsbm/v01/instances/ProductType74"
13,"http://www4.wiwiss.fu-berlin.de/bizer/bsbm/v01/instances/ProductType92"
3,"http://www4.wiwiss.fu-berlin.de/bizer/bsbm/v01/instances/ProductType129"
2,"http://www4.wiwiss.fu-berlin.de/bizer/bsbm/v01/instances/ProductType143"
12,"http://www4.wiwiss.fu-berlin.de/bizer/bsbm/v01/instances/ProductType87"
15,"http://www4.wiwiss.fu-berlin.de/bizer/bsbm/v01/instances/ProductType83"
9,"http://www4.wiwiss.fu-berlin.de/bizer/bsbm/v01/instances/ProductType125"
5,"http://www4.wiwiss.fu-berlin.de/bizer/bsbm/v01/instances/ProductType117"
11,"http://www4.wiwiss.fu-berlin.de/bizer/bsbm/v01/instances/ProductType85"
20,"http://www4.wiwiss.fu-berlin.de/bizer/bsbm/v01/instances/ProductType60"
19,"http://www4.wiwiss.fu-berlin.de/bizer/bsbm/v01/instances/ProductType90"
7,"http://www4.wiwiss.fu-berlin.de/bizer/bsbm/v01/instances/ProductType131"
18,"http://www4.wiwiss.fu-berlin.de/bizer/bsbm/v01/instances/ProductType61"
6,"http://www4.wiwiss.fu-berlin.de/bizer/bsbm/v01/instances/ProductType139"
3,"http://www4.wiwiss.fu-berlin.de/bizer/bsbm/v01/instances/ProductType142"
4,"http://www4.wiwiss.fu-berlin.de/bizer/bsbm/v01/instances/ProductType138"
1,"http://www4.wiwiss.fu-berlin.de/bizer/bsbm/v01/instances/ProductType137"
14,"http://www4.wiwiss.fu-berlin.de/bizer/bsbm/v01/instances/ProductType58"
15,"http://www4.wiwiss.fu-berlin.de/bizer/bsbm/v01/instances/ProductType56"
19,"http://www4.wiwiss.fu-berlin.de/bizer/bsbm/v01/instances/ProductType69"
10,"http://www4.wiwiss.fu-berlin.de/bizer/bsbm/v01/instances/ProductType97"
13,"http://www4.wiwiss.fu-berlin.de/bizer/bsbm/v01/instances/ProductType91"
11,"http://www4.wiwiss.fu-berlin.de/bizer/bsbm/v01/instances/ProductType108"
12,"http://www4.wiwiss.fu-berlin.de/bizer/bsbm/v01/instances/ProductType70"
9,"http://www4.wiwiss.fu-berlin.de/bizer/bsbm/v01/instances/ProductType103"
10,"http://www4.wiwiss.fu-berlin.de/bizer/bsbm/v01/instances/ProductType79"
8,"http://www4.wiwiss.fu-berlin.de/bizer/bsbm/v01/instances/ProductType106"

