count,c,p
14,http://www4.wiwiss.fu-berlin.de/bizer/bsbm/v01/instances/ProductType7,http://purl.org/dc/elements/1.1/publisher
6,http://www4.wiwiss.fu-berlin.de/bizer/bsbm/v01/instances/ProductType16,http://www.w3.org/2000/01/rdf-schema#label
4,http://www4.wiwiss.fu-berlin.de/bizer/bsbm/v01/instances/ProductType7,http://www4.wiwiss.fu-berlin.de/bizer/bsbm/v01/vocabulary/productPropertyNumeric6
4,http://www4.wiwiss.fu-berlin.de/bizer/bsbm/v01/instances/ProductType9,http://www4.wiwiss.fu-berlin.de/bizer/bsbm/v01/vocabulary/productPropertyNumeric4
3,http://www4.wiwiss.fu-berlin.de/bizer/bsbm/v01/instances/ProductType8,http://www4.wiwiss.fu-berlin.de/bizer/bsbm/v01/vocabulary/productPropertyNumeric5
2,http://www4.wiwiss.fu-berlin.de/bizer/bsbm/v01/instances/ProductType21,http://www4.wiwiss.fu-berlin.de/bizer/bsbm/v01/vocabulary/productPropertyNumeric4
100,http://www4.wiwiss.fu-berlin.de/bizer/bsbm/v01/vocabulary/Product,http://www.w3.org/2000/01/rdf-schema#comment
999,http://www4.wiwiss.fu-berlin.de/bizer/bsbm/v01/vocabulary/ProductFeature,http://www.w3.org/2000/01/rdf-schema#label
8,http://www4.wiwiss.fu-berlin.de/bizer/bsbm/v01/instances/ProductType18,http://www4.wiwiss.fu-berlin.de/bizer/bsbm/v01/vocabulary/productPropertyTextual1
5,http://www4.wiwiss.fu-berlin.de/bizer/bsbm/v01/instances/ProductType15,http://www4.wiwiss.fu-berlin.de/bizer/bsbm/v01/vocabulary/producer
6,http://www4.wiwiss.fu-berlin.de/bizer/bsbm/v01/instances/ProductType12,http://www.w3.org/1999/02/22-rdf-syntax-ns#type
21,http://www4.wiwiss.fu-berlin.de/bizer/bsbm/v01/vocabulary/ProductType,http://www.w3.org/2000/01/rdf-schema#comment
8,http://www4.wiwiss.fu-berlin.de/bizer/bsbm/v01/instances/ProductType18,http://www4.wiwiss.fu-berlin.de/bizer/bsbm/v01/vocabulary/productPropertyTextual2
1,http://www4.wiwiss.fu-berlin.de/bizer/bsbm/v01/instances/ProductType11,http://www4.wiwiss.fu-berlin.de/bizer/bsbm/v01/vocabulary/productPropertyNumeric6
7,http://www4.wiwiss.fu-berlin.de/bizer/bsbm/v01/instances/ProductType11,http://purl.org/dc/elements/1.1/publisher
53,http://www4.wiwiss.fu-berlin.de/bizer/bsbm/v01/vocabulary/Product,http://www4.wiwiss.fu-berlin.de/bizer/bsbm/v01/vocabulary/productPropertyTextual5
6,http://www4.wiwiss.fu-berlin.de/bizer/bsbm/v01/instances/ProductType12,http://purl.org/dc/elements/1.1/date
8,http://www4.wiwiss.fu-berlin.de/bizer/bsbm/v01/instances/ProductType6,http://purl.org/dc/elements/1.1/publisher
1000,http://www4.wiwiss.fu-berlin.de/bizer/bsbm/v01/vocabulary/Review,http://purl.org/dc/elements/1.1/date
7,http://www4.wiwiss.fu-berlin.de/bizer/bsbm/v01/instances/ProductType17,http://www.w3.org/2000/01/rdf-schema#label
2,http://www4.wiwiss.fu-berlin.de/bizer/bsbm/v01/instances/ProductType6,http://www4.wiwiss.fu-berlin.de/bizer/bsbm/v01/vocabulary/productPropertyNumeric6
5,http://www4.wiwiss.fu-berlin.de/bizer/bsbm/v01/instances/ProductType9,http://www4.wiwiss.fu-berlin.de/bizer/bsbm/v01/vocabulary/productPropertyNumeric5
4,http://www4.wiwiss.fu-berlin.de/bizer/bsbm/v01/instances/ProductType8,http://www4.wiwiss.fu-berlin.de/bizer/bsbm/v01/vocabulary/productPropertyNumeric4
10,http://www4.wiwiss.fu-berlin.de/bizer/bsbm/v01/instances/ProductType10,http://purl.org/dc/elements/1.1/publisher
3,http://www4.wiwiss.fu-berlin.de/bizer/bsbm/v01/instances/ProductType21,http://www4.wiwiss.fu-berlin.de/bizer/bsbm/v01/vocabulary/productPropertyNumeric5
3,http://www4.wiwiss.fu-berlin.de/bizer/bsbm/v01/instances/ProductType14,http://www4.wiwiss.fu-berlin.de/bizer/bsbm/v01/vocabulary/producer
2,http://www4.wiwiss.fu-berlin.de/bizer/bsbm/v01/instances/ProductType10,http://www4.wiwiss.fu-berlin.de/bizer/bsbm/v01/vocabulary/productPropertyNumeric6
1000,http://www4.wiwiss.fu-berlin.de/bizer/bsbm/v01/vocabulary/Review,http://www.w3.org/1999/02/22-rdf-syntax-ns#type
100,http://www4.wiwiss.fu-berlin.de/bizer/bsbm/v01/vocabulary/Product,http://www4.wiwiss.fu-berlin.de/bizer/bsbm/v01/vocabulary/productPropertyNumeric1
7,http://www4.wiwiss.fu-berlin.de/bizer/bsbm/v01/instances/ProductType13,http://www.w3.org/1999/02/22-rdf-syntax-ns#type
8,http://www4.wiwiss.fu-berlin.de/bizer/bsbm/v01/instances/ProductType18,http://www4.wiwiss.fu-berlin.de/bizer/bsbm/v01/vocabulary/productPropertyTextual3
1,http://www4.wiwiss.fu-berlin.de/bizer/bsbm/v01/vocabulary/Vendor,http://xmlns.com/foaf/0.1/homepage
49,http://www4.wiwiss.fu-berlin.de/bizer/bsbm/v01/vocabulary/Product,http://www4.wiwiss.fu-berlin.de/bizer/bsbm/v01/vocabulary/productPropertyTextual4
7,http://www4.wiwiss.fu-berlin.de/bizer/bsbm/v01/instances/ProductType13,http://purl.org/dc/elements/1.1/date
2000,http://www4.wiwiss.fu-berlin.de/bizer/bsbm/v01/vocabulary/Offer,http://www4.wiwiss.fu-berlin.de/bizer/bsbm/v01/vocabulary/price
5,http://www4.wiwiss.fu-berlin.de/bizer/bsbm/v01/instances/ProductType6,http://www4.wiwiss.fu-berlin.de/bizer/bsbm/v01/vocabulary/productPropertyNumeric5
7,http://www4.wiwiss.fu-berlin.de/bizer/bsbm/v01/instances/ProductType7,http://www4.wiwiss.fu-berlin.de/bizer/bsbm/v01/vocabulary/productPropertyNumeric4
1,http://www4.wiwiss.fu-berlin.de/bizer/bsbm/v01/instances/ProductType9,http://www4.wiwiss.fu-berlin.de/bizer/bsbm/v01/vocabulary/productPropertyNumeric6
1,http://www4.wiwiss.fu-berlin.de/bizer/bsbm/v01/vocabulary/Vendor,http://www.w3.org/2000/01/rdf-schema#label
7,http://www4.wiwiss.fu-berlin.de/bizer/bsbm/v01/instances/ProductType9,http://purl.org/dc/elements/1.1/publisher
50,http://xmlns.com/foaf/0.1/Person,http://xmlns.com/foaf/0.1/mbox_sha1sum
8,http://www4.wiwiss.fu-berlin.de/bizer/bsbm/v01/instances/ProductType18,http://www.w3.org/2000/01/rdf-schema#label
3,http://www4.wiwiss.fu-berlin.de/bizer/bsbm/v01/instances/ProductType21,http://purl.org/dc/elements/1.1/publisher
6,http://www4.wiwiss.fu-berlin.de/bizer/bsbm/v01/instances/ProductType16,http://www4.wiwiss.fu-berlin.de/bizer/bsbm/v01/vocabulary/productPropertyTextual1
3,http://www4.wiwiss.fu-berlin.de/bizer/bsbm/v01/instances/ProductType10,http://www4.wiwiss.fu-berlin.de/bizer/bsbm/v01/vocabulary/productPropertyNumeric5
1,http://www4.wiwiss.fu-berlin.de/bizer/bsbm/v01/instances/ProductType21,http://www4.wiwiss.fu-berlin.de/bizer/bsbm/v01/vocabulary/productPropertyNumeric6
7,http://www4.wiwiss.fu-berlin.de/bizer/bsbm/v01/instances/ProductType13,http://www4.wiwiss.fu-berlin.de/bizer/bsbm/v01/vocabulary/producer
100,http://www4.wiwiss.fu-berlin.de/bizer/bsbm/v01/vocabulary/Product,http://www4.wiwiss.fu-berlin.de/bizer/bsbm/v01/vocabulary/productPropertyNumeric2
717,http://www4.wiwiss.fu-berlin.de/bizer/bsbm/v01/vocabulary/Review,http://www4.wiwiss.fu-berlin.de/bizer/bsbm/v01/vocabulary/rating1
3,http://www4.wiwiss.fu-berlin.de/bizer/bsbm/v01/instances/ProductType14,http://www.w3.org/1999/02/22-rdf-syntax-ns#type
7,http://www4.wiwiss.fu-berlin.de/bizer/bsbm/v01/instances/ProductType17,http://www4.wiwiss.fu-berlin.de/bizer/bsbm/v01/vocabulary/productPropertyTextual3
6,http://www4.wiwiss.fu-berlin.de/bizer/bsbm/v01/instances/ProductType16,http://www4.wiwiss.fu-berlin.de/bizer/bsbm/v01/vocabulary/productPropertyTextual2
2,http://www4.wiwiss.fu-berlin.de/bizer/bsbm/v01/instances/ProductType11,http://www4.wiwiss.fu-berlin.de/bizer/bsbm/v01/vocabulary/productPropertyNumeric4
100,http://www4.wiwiss.fu-berlin.de/bizer/bsbm/v01/vocabulary/Product,http://www4.wiwiss.fu-berlin.de/bizer/bsbm/v01/vocabulary/productFeature
3,http://www4.wiwiss.fu-berlin.de/bizer/bsbm/v01/instances/ProductType14,http://purl.org/dc/elements/1.1/date
6,http://www4.wiwiss.fu-berlin.de/bizer/bsbm/v01/instances/ProductType6,http://www4.wiwiss.fu-berlin.de/bizer/bsbm/v01/vocabulary/productPropertyNumeric4
8,http://www4.wiwiss.fu-berlin.de/bizer/bsbm/v01/instances/ProductType7,http://www4.wiwiss.fu-berlin.de/bizer/bsbm/v01/vocabulary/productPropertyNumeric5
9,http://www4.wiwiss.fu-berlin.de/bizer/bsbm/v01/instances/ProductType8,http://purl.org/dc/elements/1.1/publisher
3,http://www4.wiwiss.fu-berlin.de/bizer/bsbm/v01/vocabulary/Producer,http://purl.org/dc/elements/1.1/date
6,http://www4.wiwiss.fu-berlin.de/bizer/bsbm/v01/instances/ProductType12,http://www4.wiwiss.fu-berlin.de/bizer/bsbm/v01/vocabulary/producer
3,http://www4.wiwiss.fu-berlin.de/bizer/bsbm/v01/instances/ProductType10,http://www4.wiwiss.fu-berlin.de/bizer/bsbm/v01/vocabulary/productPropertyNumeric4
7,http://www4.wiwiss.fu-berlin.de/bizer/bsbm/v01/instances/ProductType17,http://www4.wiwiss.fu-berlin.de/bizer/bsbm/v01/vocabulary/productPropertyTextual1
3,http://www4.wiwiss.fu-berlin.de/bizer/bsbm/v01/vocabulary/Producer,http://www.w3.org/1999/02/22-rdf-syntax-ns#type
2000,http://www4.wiwiss.fu-berlin.de/bizer/bsbm/v01/vocabulary/Offer,http://www4.wiwiss.fu-berlin.de/bizer/bsbm/v01/vocabulary/product
713,http://www4.wiwiss.fu-berlin.de/bizer/bsbm/v01/vocabulary/Review,http://www4.wiwiss.fu-berlin.de/bizer/bsbm/v01/vocabulary/rating2
2000,http://www4.wiwiss.fu-berlin.de/bizer/bsbm/v01/vocabulary/Offer,http://www.w3.org/1999/02/22-rdf-syntax-ns#type
100,http://www4.wiwiss.fu-berlin.de/bizer/bsbm/v01/vocabulary/Product,http://www4.wiwiss.fu-berlin.de/bizer/bsbm/v01/vocabulary/productPropertyNumeric3
5,http://www4.wiwiss.fu-berlin.de/bizer/bsbm/v01/instances/ProductType15,http://www.w3.org/1999/02/22-rdf-syntax-ns#type
7,http://www4.wiwiss.fu-berlin.de/bizer/bsbm/v01/instances/ProductType17,http://www4.wiwiss.fu-berlin.de/bizer/bsbm/v01/vocabulary/productPropertyTextual2
4,http://www4.wiwiss.fu-berlin.de/bizer/bsbm/v01/instances/ProductType11,http://www4.wiwiss.fu-berlin.de/bizer/bsbm/v01/vocabulary/productPropertyNumeric5
6,http://www4.wiwiss.fu-berlin.de/bizer/bsbm/v01/instances/ProductType16,http://www4.wiwiss.fu-berlin.de/bizer/bsbm/v01/vocabulary/productPropertyTextual3
5,http://www4.wiwiss.fu-berlin.de/bizer/bsbm/v01/instances/ProductType15,http://purl.org/dc/elements/1.1/date
2000,http://www4.wiwiss.fu-berlin.de/bizer/bsbm/v01/vocabulary/Offer,http://www4.wiwiss.fu-berlin.de/bizer/bsbm/v01/vocabulary/offerWebpage
17,http://www4.wiwiss.fu-berlin.de/bizer/bsbm/v01/vocabulary/Product,http://www4.wiwiss.fu-berlin.de/bizer/bsbm/v01/vocabulary/productPropertyTextual6
2000,http://www4.wiwiss.fu-berlin.de/bizer/bsbm/v01/vocabulary/Offer,http://purl.org/dc/elements/1.1/date
1,http://www4.wiwiss.fu-berlin.de/bizer/bsbm/v01/instances/ProductType6,http://www4.wiwiss.fu-berlin.de/bizer/bsbm/v01/vocabulary/productPropertyTextual6
6,http://www4.wiwiss.fu-berlin.de/bizer/bsbm/v01/instances/ProductType12,http://www.w3.org/2000/01/rdf-schema#label
5,http://www4.wiwiss.fu-berlin.de/bizer/bsbm/v01/instances/ProductType9,http://www4.wiwiss.fu-berlin.de/bizer/bsbm/v01/vocabulary/productPropertyTextual5
4,http://www4.wiwiss.fu-berlin.de/bizer/bsbm/v01/instances/ProductType8,http://www4.wiwiss.fu-berlin.de/bizer/bsbm/v01/vocabulary/productPropertyTextual4
14,http://www4.wiwiss.fu-berlin.de/bizer/bsbm/v01/instances/ProductType7,http://www4.wiwiss.fu-berlin.de/bizer/bsbm/v01/vocabulary/productFeature
3,http://www4.wiwiss.fu-berlin.de/bizer/bsbm/v01/vocabulary/Producer,http://xmlns.com/foaf/0.1/homepage
10,http://www4.wiwiss.fu-berlin.de/bizer/bsbm/v01/instances/ProductType10,http://www4.wiwiss.fu-berlin.de/bizer/bsbm/v01/vocabulary/productPropertyNumeric3
1,http://www4.wiwiss.fu-berlin.de/bizer/bsbm/v01/instances/ProductType10,http://www4.wiwiss.fu-berlin.de/bizer/bsbm/v01/vocabulary/productPropertyTextual6
8,http://www4.wiwiss.fu-berlin.de/bizer/bsbm/v01/instances/ProductType6,http://www4.wiwiss.fu-berlin.de/bizer/bsbm/v01/vocabulary/productPropertyNumeric3
14,http://www4.wiwiss.fu-berlin.de/bizer/bsbm/v01/instances/ProductType7,http://www4.wiwiss.fu-berlin.de/bizer/bsbm/v01/vocabulary/productPropertyNumeric2
9,http://www4.wiwiss.fu-berlin.de/bizer/bsbm/v01/instances/ProductType8,http://www4.wiwiss.fu-berlin.de/bizer/bsbm/v01/vocabulary/productPropertyNumeric1
3,http://www4.wiwiss.fu-berlin.de/bizer/bsbm/v01/instances/ProductType14,http://www4.wiwiss.fu-berlin.de/bizer/bsbm/v01/vocabulary/productPropertyTextual1
2,http://www4.wiwiss.fu-berlin.de/bizer/bsbm/v01/instances/ProductType21,http://www4.wiwiss.fu-berlin.de/bizer/bsbm/v01/vocabulary/productPropertyTextual5
7,http://www4.wiwiss.fu-berlin.de/bizer/bsbm/v01/instances/ProductType11,http://www4.wiwiss.fu-berlin.de/bizer/bsbm/v01/vocabulary/productFeature
3,http://www4.wiwiss.fu-berlin.de/bizer/bsbm/v01/instances/ProductType14,http://www4.wiwiss.fu-berlin.de/bizer/bsbm/v01/vocabulary/productPropertyTextual2
691,http://www4.wiwiss.fu-berlin.de/bizer/bsbm/v01/vocabulary/Review,http://www4.wiwiss.fu-berlin.de/bizer/bsbm/v01/vocabulary/rating3
999,http://www4.wiwiss.fu-berlin.de/bizer/bsbm/v01/vocabulary/ProductFeature,http://purl.org/dc/elements/1.1/date
6,http://www4.wiwiss.fu-berlin.de/bizer/bsbm/v01/instances/ProductType16,http://www.w3.org/1999/02/22-rdf-syntax-ns#type
7,http://www4.wiwiss.fu-berlin.de/bizer/bsbm/v01/instances/ProductType9,http://www.w3.org/2000/01/rdf-schema#comment
5,http://www4.wiwiss.fu-berlin.de/bizer/bsbm/v01/instances/ProductType15,http://www4.wiwiss.fu-berlin.de/bizer/bsbm/v01/vocabulary/productPropertyTextual3
7,http://www4.wiwiss.fu-berlin.de/bizer/bsbm/v01/instances/ProductType11,http://www4.wiwiss.fu-berlin.de/bizer/bsbm/v01/vocabulary/productPropertyNumeric2
6,http://www4.wiwiss.fu-berlin.de/bizer/bsbm/v01/instances/ProductType16,http://purl.org/dc/elements/1.1/date
44,http://www4.wiwiss.fu-berlin.de/bizer/bsbm/v01/vocabulary/Product,http://www4.wiwiss.fu-berlin.de/bizer/bsbm/v01/vocabulary/productPropertyNumeric4
1000,http://www4.wiwiss.fu-berlin.de/bizer/bsbm/v01/vocabulary/Review,http://purl.org/stuff/rev#text
3,http://www4.wiwiss.fu-berlin.de/bizer/bsbm/v01/instances/ProductType21,http://www.w3.org/2000/01/rdf-schema#comment
999,http://www4.wiwiss.fu-berlin.de/bizer/bsbm/v01/vocabulary/ProductFeature,http://www.w3.org/1999/02/22-rdf-syntax-ns#type
2,http://www4.wiwiss.fu-berlin.de/bizer/bsbm/v01/instances/ProductType7,http://www4.wiwiss.fu-berlin.de/bizer/bsbm/v01/vocabulary/productPropertyTextual6
4,http://www4.wiwiss.fu-berlin.de/bizer/bsbm/v01/instances/ProductType9,http://www4.wiwiss.fu-berlin.de/bizer/bsbm/v01/vocabulary/productPropertyTextual4
4,http://www4.wiwiss.fu-berlin.de/bizer/bsbm/v01/instances/ProductType8,http://www4.wiwiss.fu-berlin.de/bizer/bsbm/v01/vocabulary/productPropertyTextual5
3,http://www4.wiwiss.fu-berlin.de/bizer/bsbm/v01/instances/ProductType21,http://www4.wiwiss.fu-berlin.de/bizer/bsbm/v01/vocabulary/productPropertyNumeric1
50,http://xmlns.com/foaf/0.1/Person,http://purl.org/dc/elements/1.1/date
8,http://www4.wiwiss.fu-berlin.de/bizer/bsbm/v01/instances/ProductType6,http://www4.wiwiss.fu-berlin.de/bizer/bsbm/v01/vocabulary/productFeature
7,http://www4.wiwiss.fu-berlin.de/bizer/bsbm/v01/instances/ProductType13,http://www.w3.org/2000/01/rdf-schema#label
10,http://www4.wiwiss.fu-berlin.de/bizer/bsbm/v01/instances/ProductType10,http://www4.wiwiss.fu-berlin.de/bizer/bsbm/v01/vocabulary/productPropertyNumeric2
5,http://www4.wiwiss.fu-berlin.de/bizer/bsbm/v01/instances/ProductType15,http://www4.wiwiss.fu-berlin.de/bizer/bsbm/v01/vocabulary/productPropertyTextual1
50,http://xmlns.com/foaf/0.1/Person,http://www.w3.org/1999/02/22-rdf-syntax-ns#type
2,http://www4.wiwiss.fu-berlin.de/bizer/bsbm/v01/instances/ProductType21,http://www4.wiwiss.fu-berlin.de/bizer/bsbm/v01/vocabulary/productPropertyTextual4
8,http://www4.wiwiss.fu-berlin.de/bizer/bsbm/v01/instances/ProductType18,http://www4.wiwiss.fu-berlin.de/bizer/bsbm/v01/vocabulary/producer
8,http://www4.wiwiss.fu-berlin.de/bizer/bsbm/v01/instances/ProductType6,http://www4.wiwiss.fu-berlin.de/bizer/bsbm/v01/vocabulary/productPropertyNumeric2
14,http://www4.wiwiss.fu-berlin.de/bizer/bsbm/v01/instances/ProductType7,http://www4.wiwiss.fu-berlin.de/bizer/bsbm/v01/vocabulary/productPropertyNumeric3
7,http://www4.wiwiss.fu-berlin.de/bizer/bsbm/v01/instances/ProductType9,http://www4.wiwiss.fu-berlin.de/bizer/bsbm/v01/vocabulary/productPropertyNumeric1
10,http://www4.wiwiss.fu-berlin.de/bizer/bsbm/v01/instances/ProductType10,http://www4.wiwiss.fu-berlin.de/bizer/bsbm/v01/vocabulary/productFeature
3,http://www4.wiwiss.fu-berlin.de/bizer/bsbm/v01/instances/ProductType14,http://www4.wiwiss.fu-berlin.de/bizer/bsbm/v01/vocabulary/productPropertyTextual3
9,http://www4.wiwiss.fu-berlin.de/bizer/bsbm/v01/instances/ProductType8,http://www.w3.org/2000/01/rdf-schema#comment
701,http://www4.wiwiss.fu-berlin.de/bizer/bsbm/v01/vocabulary/Review,http://www4.wiwiss.fu-berlin.de/bizer/bsbm/v01/vocabulary/rating4
7,http://www4.wiwiss.fu-berlin.de/bizer/bsbm/v01/instances/ProductType17,http://www.w3.org/1999/02/22-rdf-syntax-ns#type
2,http://www4.wiwiss.fu-berlin.de/bizer/bsbm/v01/instances/ProductType11,http://www4.wiwiss.fu-berlin.de/bizer/bsbm/v01/vocabulary/productPropertyTextual6
5,http://www4.wiwiss.fu-berlin.de/bizer/bsbm/v01/instances/ProductType15,http://www4.wiwiss.fu-berlin.de/bizer/bsbm/v01/vocabulary/productPropertyTextual2
7,http://www4.wiwiss.fu-berlin.de/bizer/bsbm/v01/instances/ProductType11,http://www4.wiwiss.fu-berlin.de/bizer/bsbm/v01/vocabulary/productPropertyNumeric3
7,http://www4.wiwiss.fu-berlin.de/bizer/bsbm/v01/instances/ProductType17,http://purl.org/dc/elements/1.1/date
53,http://www4.wiwiss.fu-berlin.de/bizer/bsbm/v01/vocabulary/Product,http://www4.wiwiss.fu-berlin.de/bizer/bsbm/v01/vocabulary/productPropertyNumeric5
7,http://www4.wiwiss.fu-berlin.de/bizer/bsbm/v01/instances/ProductType11,http://www.w3.org/2000/01/rdf-schema#comment
50,http://xmlns.com/foaf/0.1/Person,http://xmlns.com/foaf/0.1/name
1,http://www4.wiwiss.fu-berlin.de/bizer/bsbm/v01/instances/ProductType8,http://www4.wiwiss.fu-berlin.de/bizer/bsbm/v01/vocabulary/productPropertyTextual6
7,http://www4.wiwiss.fu-berlin.de/bizer/bsbm/v01/instances/ProductType9,http://www4.wiwiss.fu-berlin.de/bizer/bsbm/v01/vocabulary/productFeature
21,http://www4.wiwiss.fu-berlin.de/bizer/bsbm/v01/vocabulary/ProductType,http://purl.org/dc/elements/1.1/publisher
10,http://www4.wiwiss.fu-berlin.de/bizer/bsbm/v01/instances/ProductType10,http://www4.wiwiss.fu-berlin.de/bizer/bsbm/v01/vocabulary/productPropertyNumeric1
3,http://www4.wiwiss.fu-berlin.de/bizer/bsbm/v01/instances/ProductType21,http://www4.wiwiss.fu-berlin.de/bizer/bsbm/v01/vocabulary/productPropertyNumeric2
6,http://www4.wiwiss.fu-berlin.de/bizer/bsbm/v01/instances/ProductType6,http://www4.wiwiss.fu-berlin.de/bizer/bsbm/v01/vocabulary/productPropertyTextual4
9,http://www4.wiwiss.fu-berlin.de/bizer/bsbm/v01/instances/ProductType7,http://www4.wiwiss.fu-berlin.de/bizer/bsbm/v01/vocabulary/productPropertyTextual5
3,http://www4.wiwiss.fu-berlin.de/bizer/bsbm/v01/instances/ProductType14,http://www.w3.org/2000/01/rdf-schema#label
8,http://www4.wiwiss.fu-berlin.de/bizer/bsbm/v01/instances/ProductType6,http://www4.wiwiss.fu-berlin.de/bizer/bsbm/v01/vocabulary/productPropertyNumeric1
7,http://www4.wiwiss.fu-berlin.de/bizer/bsbm/v01/instances/ProductType9,http://www4.wiwiss.fu-berlin.de/bizer/bsbm/v01/vocabulary/productPropertyNumeric2
9,http://www4.wiwiss.fu-berlin.de/bizer/bsbm/v01/instances/ProductType8,http://www4.wiwiss.fu-berlin.de/bizer/bsbm/v01/vocabulary/productPropertyNumeric3
6,http://www4.wiwiss.fu-berlin.de/bizer/bsbm/v01/instances/ProductType12,http://www4.wiwiss.fu-berlin.de/bizer/bsbm/v01/vocabulary/productPropertyTextual1
2,http://www4.wiwiss.fu-berlin.de/bizer/bsbm/v01/instances/ProductType10,http://www4.wiwiss.fu-berlin.de/bizer/bsbm/v01/vocabulary/productPropertyTextual4
7,http://www4.wiwiss.fu-berlin.de/bizer/bsbm/v01/instances/ProductType17,http://www4.wiwiss.fu-berlin.de/bizer/bsbm/v01/vocabulary/producer
3,http://www4.wiwiss.fu-berlin.de/bizer/bsbm/v01/instances/ProductType21,http://www4.wiwiss.fu-berlin.de/bizer/bsbm/v01/vocabulary/productFeature
3,http://www4.wiwiss.fu-berlin.de/bizer/bsbm/v01/instances/ProductType11,http://www4.wiwiss.fu-berlin.de/bizer/bsbm/v01/vocabulary/productPropertyTextual5
7,http://www4.wiwiss.fu-berlin.de/bizer/bsbm/v01/instances/ProductType13,http://www4.wiwiss.fu-berlin.de/bizer/bsbm/v01/vocabulary/productPropertyTextual3
6,http://www4.wiwiss.fu-berlin.de/bizer/bsbm/v01/instances/ProductType12,http://www4.wiwiss.fu-berlin.de/bizer/bsbm/v01/vocabulary/productPropertyTextual2
1,http://www4.wiwiss.fu-berlin.de/bizer/bsbm/v01/vocabulary/Vendor,http://www.w3.org/1999/02/22-rdf-syntax-ns#type
14,http://www4.wiwiss.fu-berlin.de/bizer/bsbm/v01/instances/ProductType7,http://www.w3.org/2000/01/rdf-schema#comment
8,http://www4.wiwiss.fu-berlin.de/bizer/bsbm/v01/instances/ProductType18,http://www.w3.org/1999/02/22-rdf-syntax-ns#type
1,http://www4.wiwiss.fu-berlin.de/bizer/bsbm/v01/vocabulary/Vendor,http://purl.org/dc/elements/1.1/date
8,http://www4.wiwiss.fu-berlin.de/bizer/bsbm/v01/instances/ProductType18,http://purl.org/dc/elements/1.1/date
100,http://www4.wiwiss.fu-berlin.de/bizer/bsbm/v01/vocabulary/Product,http://purl.org/dc/elements/1.1/publisher
16,http://www4.wiwiss.fu-berlin.de/bizer/bsbm/v01/vocabulary/Product,http://www4.wiwiss.fu-berlin.de/bizer/bsbm/v01/vocabulary/productPropertyNumeric6
5,http://www4.wiwiss.fu-berlin.de/bizer/bsbm/v01/instances/ProductType15,http://www.w3.org/2000/01/rdf-schema#label
1,http://www4.wiwiss.fu-berlin.de/bizer/bsbm/v01/instances/ProductType9,http://www4.wiwiss.fu-berlin.de/bizer/bsbm/v01/vocabulary/productPropertyTextual6
9,http://www4.wiwiss.fu-berlin.de/bizer/bsbm/v01/instances/ProductType8,http://www4.wiwiss.fu-berlin.de/bizer/bsbm/v01/vocabulary/productFeature
4,http://www4.wiwiss.fu-berlin.de/bizer/bsbm/v01/instances/ProductType6,http://www4.wiwiss.fu-berlin.de/bizer/bsbm/v01/vocabulary/productPropertyTextual5
7,http://www4.wiwiss.fu-berlin.de/bizer/bsbm/v01/instances/ProductType7,http://www4.wiwiss.fu-berlin.de/bizer/bsbm/v01/vocabulary/productPropertyTextual4
3,http://www4.wiwiss.fu-berlin.de/bizer/bsbm/v01/instances/ProductType21,http://www4.wiwiss.fu-berlin.de/bizer/bsbm/v01/vocabulary/productPropertyNumeric3
1,http://www4.wiwiss.fu-berlin.de/bizer/bsbm/v01/instances/ProductType21,http://www4.wiwiss.fu-berlin.de/bizer/bsbm/v01/vocabulary/productPropertyTextual6
1000,http://www4.wiwiss.fu-berlin.de/bizer/bsbm/v01/vocabulary/Review,http://www4.wiwiss.fu-berlin.de/bizer/bsbm/v01/vocabulary/reviewDate
6,http://www4.wiwiss.fu-berlin.de/bizer/bsbm/v01/instances/ProductType16,http://www4.wiwiss.fu-berlin.de/bizer/bsbm/v01/vocabulary/producer
14,http://www4.wiwiss.fu-berlin.de/bizer/bsbm/v01/instances/ProductType7,http://www4.wiwiss.fu-berlin.de/bizer/bsbm/v01/vocabulary/productPropertyNumeric1
7,http://www4.wiwiss.fu-berlin.de/bizer/bsbm/v01/instances/ProductType9,http://www4.wiwiss.fu-berlin.de/bizer/bsbm/v01/vocabulary/productPropertyNumeric3
9,http://www4.wiwiss.fu-berlin.de/bizer/bsbm/v01/instances/ProductType8,http://www4.wiwiss.fu-berlin.de/bizer/bsbm/v01/vocabulary/productPropertyNumeric2
7,http://www4.wiwiss.fu-berlin.de/bizer/bsbm/v01/instances/ProductType13,http://www4.wiwiss.fu-berlin.de/bizer/bsbm/v01/vocabulary/productPropertyTextual1
4,http://www4.wiwiss.fu-berlin.de/bizer/bsbm/v01/instances/ProductType10,http://www4.wiwiss.fu-berlin.de/bizer/bsbm/v01/vocabulary/productPropertyTextual5
2000,http://www4.wiwiss.fu-berlin.de/bizer/bsbm/v01/vocabulary/Offer,http://www4.wiwiss.fu-berlin.de/bizer/bsbm/v01/vocabulary/validTo
3,http://www4.wiwiss.fu-berlin.de/bizer/bsbm/v01/instances/ProductType11,http://www4.wiwiss.fu-berlin.de/bizer/bsbm/v01/vocabulary/productPropertyTextual4
7,http://www4.wiwiss.fu-berlin.de/bizer/bsbm/v01/instances/ProductType13,http://www4.wiwiss.fu-berlin.de/bizer/bsbm/v01/vocabulary/productPropertyTextual2
6,http://www4.wiwiss.fu-berlin.de/bizer/bsbm/v01/instances/ProductType12,http://www4.wiwiss.fu-berlin.de/bizer/bsbm/v01/vocabulary/productPropertyTextual3
8,http://www4.wiwiss.fu-berlin.de/bizer/bsbm/v01/instances/ProductType6,http://www.w3.org/2000/01/rdf-schema#comment
2000,http://www4.wiwiss.fu-berlin.de/bizer/bsbm/v01/vocabulary/Offer,http://www4.wiwiss.fu-berlin.de/bizer/bsbm/v01/vocabulary/vendor
7,http://www4.wiwiss.fu-berlin.de/bizer/bsbm/v01/instances/ProductType11,http://www4.wiwiss.fu-berlin.de/bizer/bsbm/v01/vocabulary/productPropertyNumeric1
3,http://www4.wiwiss.fu-berlin.de/bizer/bsbm/v01/vocabulary/Producer,http://www.w3.org/2000/01/rdf-schema#label
10,http://www4.wiwiss.fu-berlin.de/bizer/bsbm/v01/instances/ProductType10,http://www.w3.org/2000/01/rdf-schema#comment
7,http://www4.wiwiss.fu-berlin.de/bizer/bsbm/v01/instances/ProductType13,http://www.w3.org/2000/01/rdf-schema#comment
8,http://www4.wiwiss.fu-berlin.de/bizer/bsbm/v01/instances/ProductType6,http://www4.wiwiss.fu-berlin.de/bizer/bsbm/v01/vocabulary/productPropertyTextual2
14,http://www4.wiwiss.fu-berlin.de/bizer/bsbm/v01/instances/ProductType7,http://www4.wiwiss.fu-berlin.de/bizer/bsbm/v01/vocabulary/productPropertyTextual3
10,http://www4.wiwiss.fu-berlin.de/bizer/bsbm/v01/instances/ProductType10,http://www4.wiwiss.fu-berlin.de/bizer/bsbm/v01/vocabulary/productPropertyTextual2
4,http://www4.wiwiss.fu-berlin.de/bizer/bsbm/v01/instances/ProductType12,http://www4.wiwiss.fu-berlin.de/bizer/bsbm/v01/vocabulary/productPropertyTextual4
9,http://www4.wiwiss.fu-berlin.de/bizer/bsbm/v01/instances/ProductType8,http://www.w3.org/2000/01/rdf-schema#label
2,http://www4.wiwiss.fu-berlin.de/bizer/bsbm/v01/instances/ProductType17,http://www4.wiwiss.fu-berlin.de/bizer/bsbm/v01/vocabulary/productPropertyNumeric4
7,http://www4.wiwiss.fu-berlin.de/bizer/bsbm/v01/instances/ProductType11,http://www4.wiwiss.fu-berlin.de/bizer/bsbm/v01/vocabulary/productPropertyTextual3
2,http://www4.wiwiss.fu-berlin.de/bizer/bsbm/v01/instances/ProductType13,http://www4.wiwiss.fu-berlin.de/bizer/bsbm/v01/vocabulary/productPropertyTextual5
6,http://www4.wiwiss.fu-berlin.de/bizer/bsbm/v01/instances/ProductType16,http://www4.wiwiss.fu-berlin.de/bizer/bsbm/v01/vocabulary/productPropertyNumeric5
10,http://www4.wiwiss.fu-berlin.de/bizer/bsbm/v01/instances/ProductType10,http://www4.wiwiss.fu-berlin.de/bizer/bsbm/v01/vocabulary/productPropertyTextual1
5,http://www4.wiwiss.fu-berlin.de/bizer/bsbm/v01/instances/ProductType15,http://www4.wiwiss.fu-berlin.de/bizer/bsbm/v01/vocabulary/productFeature
3,http://www4.wiwiss.fu-berlin.de/bizer/bsbm/v01/vocabulary/Producer,http://www4.wiwiss.fu-berlin.de/bizer/bsbm/v01/vocabulary/country
8,http://www4.wiwiss.fu-berlin.de/bizer/bsbm/v01/instances/ProductType6,http://www4.wiwiss.fu-berlin.de/bizer/bsbm/v01/vocabulary/productPropertyTextual1
6,http://www4.wiwiss.fu-berlin.de/bizer/bsbm/v01/instances/ProductType12,http://www4.wiwiss.fu-berlin.de/bizer/bsbm/v01/vocabulary/productPropertyNumeric1
3,http://www4.wiwiss.fu-berlin.de/bizer/bsbm/v01/instances/ProductType14,http://www4.wiwiss.fu-berlin.de/bizer/bsbm/v01/vocabulary/productPropertyNumeric3
5,http://www4.wiwiss.fu-berlin.de/bizer/bsbm/v01/instances/ProductType15,http://www4.wiwiss.fu-berlin.de/bizer/bsbm/v01/vocabulary/productPropertyNumeric2
20,http://www4.wiwiss.fu-berlin.de/bizer/bsbm/v01/vocabulary/ProductType,http://www.w3.org/2000/01/rdf-schema#subClassOf
6,http://www4.wiwiss.fu-berlin.de/bizer/bsbm/v01/instances/ProductType12,http://www.w3.org/2000/01/rdf-schema#comment
21,http://www4.wiwiss.fu-berlin.de/bizer/bsbm/v01/vocabulary/ProductType,http://www.w3.org/1999/02/22-rdf-syntax-ns#type
8,http://www4.wiwiss.fu-berlin.de/bizer/bsbm/v01/instances/ProductType6,http://www4.wiwiss.fu-berlin.de/bizer/bsbm/v01/vocabulary/productPropertyTextual3
14,http://www4.wiwiss.fu-berlin.de/bizer/bsbm/v01/instances/ProductType7,http://www4.wiwiss.fu-berlin.de/bizer/bsbm/v01/vocabulary/productPropertyTextual2
7,http://www4.wiwiss.fu-berlin.de/bizer/bsbm/v01/instances/ProductType11,http://www4.wiwiss.fu-berlin.de/bizer/bsbm/v01/vocabulary/productPropertyTextual1
10,http://www4.wiwiss.fu-berlin.de/bizer/bsbm/v01/instances/ProductType10,http://www4.wiwiss.fu-berlin.de/bizer/bsbm/v01/vocabulary/productPropertyTextual3
1000,http://www4.wiwiss.fu-berlin.de/bizer/bsbm/v01/vocabulary/Review,http://purl.org/stuff/rev#reviewer
21,http://www4.wiwiss.fu-berlin.de/bizer/bsbm/v01/vocabulary/ProductType,http://purl.org/dc/elements/1.1/date
3,http://www4.wiwiss.fu-berlin.de/bizer/bsbm/v01/instances/ProductType17,http://www4.wiwiss.fu-berlin.de/bizer/bsbm/v01/vocabulary/productPropertyNumeric5
8,http://www4.wiwiss.fu-berlin.de/bizer/bsbm/v01/instances/ProductType18,http://purl.org/dc/elements/1.1/publisher
3,http://www4.wiwiss.fu-berlin.de/bizer/bsbm/v01/instances/ProductType12,http://www4.wiwiss.fu-berlin.de/bizer/bsbm/v01/vocabulary/productPropertyTextual5
7,http://www4.wiwiss.fu-berlin.de/bizer/bsbm/v01/instances/ProductType9,http://www.w3.org/2000/01/rdf-schema#label
5,http://www4.wiwiss.fu-berlin.de/bizer/bsbm/v01/instances/ProductType16,http://www4.wiwiss.fu-berlin.de/bizer/bsbm/v01/vocabulary/productPropertyNumeric4
2,http://www4.wiwiss.fu-berlin.de/bizer/bsbm/v01/instances/ProductType18,http://www4.wiwiss.fu-berlin.de/bizer/bsbm/v01/vocabulary/productPropertyNumeric6
7,http://www4.wiwiss.fu-berlin.de/bizer/bsbm/v01/instances/ProductType11,http://www4.wiwiss.fu-berlin.de/bizer/bsbm/v01/vocabulary/productPropertyTextual2
3,http://www4.wiwiss.fu-berlin.de/bizer/bsbm/v01/instances/ProductType14,http://www4.wiwiss.fu-berlin.de/bizer/bsbm/v01/vocabulary/productFeature
1,http://www4.wiwiss.fu-berlin.de/bizer/bsbm/v01/instances/ProductType15,http://www4.wiwiss.fu-berlin.de/bizer/bsbm/v01/vocabulary/productPropertyTextual6
3,http://www4.wiwiss.fu-berlin.de/bizer/bsbm/v01/instances/ProductType13,http://www4.wiwiss.fu-berlin.de/bizer/bsbm/v01/vocabulary/productPropertyTextual4
1,http://www4.wiwiss.fu-berlin.de/bizer/bsbm/v01/vocabulary/Vendor,http://purl.org/dc/elements/1.1/publisher
100,http://www4.wiwiss.fu-berlin.de/bizer/bsbm/v01/vocabulary/Product,http://purl.org/dc/elements/1.1/date
7,http://www4.wiwiss.fu-berlin.de/bizer/bsbm/v01/instances/ProductType13,http://www4.wiwiss.fu-berlin.de/bizer/bsbm/v01/vocabulary/productPropertyNumeric1
3,http://www4.wiwiss.fu-berlin.de/bizer/bsbm/v01/instances/ProductType14,http://www4.wiwiss.fu-berlin.de/bizer/bsbm/v01/vocabulary/productPropertyNumeric2
14,http://www4.wiwiss.fu-berlin.de/bizer/bsbm/v01/instances/ProductType7,http://www4.wiwiss.fu-berlin.de/bizer/bsbm/v01/vocabulary/productPropertyTextual1
100,http://www4.wiwiss.fu-berlin.de/bizer/bsbm/v01/vocabulary/Product,http://www.w3.org/1999/02/22-rdf-syntax-ns#type
3,http://www4.wiwiss.fu-berlin.de/bizer/bsbm/v01/instances/ProductType21,http://www.w3.org/2000/01/rdf-schema#label
5,http://www4.wiwiss.fu-berlin.de/bizer/bsbm/v01/instances/ProductType15,http://www4.wiwiss.fu-berlin.de/bizer/bsbm/v01/vocabulary/productPropertyNumeric3
100,http://www4.wiwiss.fu-berlin.de/bizer/bsbm/v01/vocabulary/Product,http://www4.wiwiss.fu-berlin.de/bizer/bsbm/v01/vocabulary/producer
5,http://www4.wiwiss.fu-berlin.de/bizer/bsbm/v01/instances/ProductType15,http://www.w3.org/2000/01/rdf-schema#comment
7,http://www4.wiwiss.fu-berlin.de/bizer/bsbm/v01/instances/ProductType9,http://www4.wiwiss.fu-berlin.de/bizer/bsbm/v01/vocabulary/productPropertyTextual3
9,http://www4.wiwiss.fu-berlin.de/bizer/bsbm/v01/instances/ProductType8,http://www4.wiwiss.fu-berlin.de/bizer/bsbm/v01/vocabulary/productPropertyTextual2
3,http://www4.wiwiss.fu-berlin.de/bizer/bsbm/v01/instances/ProductType21,http://www4.wiwiss.fu-berlin.de/bizer/bsbm/v01/vocabulary/productPropertyTextual3
50,http://xmlns.com/foaf/0.1/Person,http://purl.org/dc/elements/1.1/publisher
7,http://www4.wiwiss.fu-berlin.de/bizer/bsbm/v01/instances/ProductType17,http://purl.org/dc/elements/1.1/publisher
2,http://www4.wiwiss.fu-berlin.de/bizer/bsbm/v01/instances/ProductType18,http://www4.wiwiss.fu-berlin.de/bizer/bsbm/v01/vocabulary/productPropertyNumeric5
8,http://www4.wiwiss.fu-berlin.de/bizer/bsbm/v01/instances/ProductType6,http://www.w3.org/2000/01/rdf-schema#label
1,http://www4.wiwiss.fu-berlin.de/bizer/bsbm/v01/instances/ProductType14,http://www4.wiwiss.fu-berlin.de/bizer/bsbm/v01/vocabulary/productPropertyTextual4
2000,http://www4.wiwiss.fu-berlin.de/bizer/bsbm/v01/vocabulary/Offer,http://www4.wiwiss.fu-berlin.de/bizer/bsbm/v01/vocabulary/deliveryDays
7,http://www4.wiwiss.fu-berlin.de/bizer/bsbm/v01/instances/ProductType13,http://www4.wiwiss.fu-berlin.de/bizer/bsbm/v01/vocabulary/productFeature
2,http://www4.wiwiss.fu-berlin.de/bizer/bsbm/v01/instances/ProductType15,http://www4.wiwiss.fu-berlin.de/bizer/bsbm/v01/vocabulary/productPropertyTextual5
9,http://www4.wiwiss.fu-berlin.de/bizer/bsbm/v01/instances/ProductType8,http://www4.wiwiss.fu-berlin.de/bizer/bsbm/v01/vocabulary/productPropertyTextual1
6,http://www4.wiwiss.fu-berlin.de/bizer/bsbm/v01/instances/ProductType12,http://www4.wiwiss.fu-berlin.de/bizer/bsbm/v01/vocabulary/productPropertyNumeric3
3,http://www4.wiwiss.fu-berlin.de/bizer/bsbm/v01/instances/ProductType14,http://www4.wiwiss.fu-berlin.de/bizer/bsbm/v01/vocabulary/productPropertyNumeric1
3,http://www4.wiwiss.fu-berlin.de/bizer/bsbm/v01/vocabulary/Producer,http://www.w3.org/2000/01/rdf-schema#comment
7,http://www4.wiwiss.fu-berlin.de/bizer/bsbm/v01/instances/ProductType13,http://www4.wiwiss.fu-berlin.de/bizer/bsbm/v01/vocabulary/productPropertyNumeric2
10,http://www4.wiwiss.fu-berlin.de/bizer/bsbm/v01/instances/ProductType10,http://www.w3.org/2000/01/rdf-schema#label
3,http://www4.wiwiss.fu-berlin.de/bizer/bsbm/v01/instances/ProductType14,http://www.w3.org/2000/01/rdf-schema#comment
7,http://www4.wiwiss.fu-berlin.de/bizer/bsbm/v01/instances/ProductType11,http://www.w3.org/2000/01/rdf-schema#label
7,http://www4.wiwiss.fu-berlin.de/bizer/bsbm/v01/instances/ProductType9,http://www4.wiwiss.fu-berlin.de/bizer/bsbm/v01/vocabulary/productPropertyTextual2
9,http://www4.wiwiss.fu-berlin.de/bizer/bsbm/v01/instances/ProductType8,http://www4.wiwiss.fu-berlin.de/bizer/bsbm/v01/vocabulary/productPropertyTextual3
3,http://www4.wiwiss.fu-berlin.de/bizer/bsbm/v01/instances/ProductType21,http://www4.wiwiss.fu-berlin.de/bizer/bsbm/v01/vocabulary/productPropertyTextual2
3,http://www4.wiwiss.fu-berlin.de/bizer/bsbm/v01/instances/ProductType18,http://www4.wiwiss.fu-berlin.de/bizer/bsbm/v01/vocabulary/productPropertyNumeric4
6,http://www4.wiwiss.fu-berlin.de/bizer/bsbm/v01/instances/ProductType12,http://www4.wiwiss.fu-berlin.de/bizer/bsbm/v01/vocabulary/productFeature
6,http://www4.wiwiss.fu-berlin.de/bizer/bsbm/v01/instances/ProductType16,http://purl.org/dc/elements/1.1/publisher
14,http://www4.wiwiss.fu-berlin.de/bizer/bsbm/v01/instances/ProductType7,http://www.w3.org/2000/01/rdf-schema#label
3,http://www4.wiwiss.fu-berlin.de/bizer/bsbm/v01/instances/ProductType14,http://www4.wiwiss.fu-berlin.de/bizer/bsbm/v01/vocabulary/productPropertyTextual5
3,http://www4.wiwiss.fu-berlin.de/bizer/bsbm/v01/instances/ProductType21,http://www4.wiwiss.fu-berlin.de/bizer/bsbm/v01/vocabulary/productPropertyTextual1
2,http://www4.wiwiss.fu-berlin.de/bizer/bsbm/v01/instances/ProductType15,http://www4.wiwiss.fu-berlin.de/bizer/bsbm/v01/vocabulary/productPropertyTextual4
1,http://www4.wiwiss.fu-berlin.de/bizer/bsbm/v01/instances/ProductType13,http://www4.wiwiss.fu-berlin.de/bizer/bsbm/v01/vocabulary/productPropertyTextual6
6,http://www4.wiwiss.fu-berlin.de/bizer/bsbm/v01/instances/ProductType12,http://www4.wiwiss.fu-berlin.de/bizer/bsbm/v01/vocabulary/productPropertyNumeric2
999,http://www4.wiwiss.fu-berlin.de/bizer/bsbm/v01/vocabulary/ProductFeature,http://purl.org/dc/elements/1.1/publisher
7,http://www4.wiwiss.fu-berlin.de/bizer/bsbm/v01/instances/ProductType9,http://www4.wiwiss.fu-berlin.de/bizer/bsbm/v01/vocabulary/productPropertyTextual1
7,http://www4.wiwiss.fu-berlin.de/bizer/bsbm/v01/instances/ProductType13,http://www4.wiwiss.fu-berlin.de/bizer/bsbm/v01/vocabulary/productPropertyNumeric3
5,http://www4.wiwiss.fu-berlin.de/bizer/bsbm/v01/instances/ProductType15,http://www4.wiwiss.fu-berlin.de/bizer/bsbm/v01/vocabulary/productPropertyNumeric1
9,http://www4.wiwiss.fu-berlin.de/bizer/bsbm/v01/instances/ProductType8,http://www.w3.org/1999/02/22-rdf-syntax-ns#type
1000,http://www4.wiwiss.fu-berlin.de/bizer/bsbm/v01/vocabulary/Review,http://purl.org/dc/elements/1.1/title
7,http://www4.wiwiss.fu-berlin.de/bizer/bsbm/v01/instances/ProductType17,http://www.w3.org/2000/01/rdf-schema#comment
9,http://www4.wiwiss.fu-berlin.de/bizer/bsbm/v01/instances/ProductType8,http://purl.org/dc/elements/1.1/date
7,http://www4.wiwiss.fu-berlin.de/bizer/bsbm/v01/instances/ProductType11,http://www4.wiwiss.fu-berlin.de/bizer/bsbm/v01/vocabulary/producer
3,http://www4.wiwiss.fu-berlin.de/bizer/bsbm/v01/vocabulary/Producer,http://purl.org/dc/elements/1.1/publisher
3,http://www4.wiwiss.fu-berlin.de/bizer/bsbm/v01/instances/ProductType18,http://www4.wiwiss.fu-berlin.de/bizer/bsbm/v01/vocabulary/productPropertyTextual6
1,http://www4.wiwiss.fu-berlin.de/bizer/bsbm/v01/instances/ProductType15,http://www4.wiwiss.fu-berlin.de/bizer/bsbm/v01/vocabulary/productPropertyNumeric6
5,http://www4.wiwiss.fu-berlin.de/bizer/bsbm/v01/instances/ProductType15,http://purl.org/dc/elements/1.1/publisher
5,http://www4.wiwiss.fu-berlin.de/bizer/bsbm/v01/instances/ProductType16,http://www4.wiwiss.fu-berlin.de/bizer/bsbm/v01/vocabulary/productPropertyTextual4
1,http://www4.wiwiss.fu-berlin.de/bizer/bsbm/v01/instances/ProductType13,http://www4.wiwiss.fu-berlin.de/bizer/bsbm/v01/vocabulary/productPropertyNumeric4
3,http://www4.wiwiss.fu-berlin.de/bizer/bsbm/v01/instances/ProductType17,http://www4.wiwiss.fu-berlin.de/bizer/bsbm/v01/vocabulary/productPropertyTextual5
2000,http://www4.wiwiss.fu-berlin.de/bizer/bsbm/v01/vocabulary/Offer,http://purl.org/dc/elements/1.1/publisher
3,http://www4.wiwiss.fu-berlin.de/bizer/bsbm/v01/instances/ProductType12,http://www4.wiwiss.fu-berlin.de/bizer/bsbm/v01/vocabulary/productPropertyNumeric5
14,http://www4.wiwiss.fu-berlin.de/bizer/bsbm/v01/instances/ProductType7,http://www4.wiwiss.fu-berlin.de/bizer/bsbm/v01/vocabulary/producer
6,http://www4.wiwiss.fu-berlin.de/bizer/bsbm/v01/instances/ProductType16,http://www4.wiwiss.fu-berlin.de/bizer/bsbm/v01/vocabulary/productPropertyNumeric1
8,http://www4.wiwiss.fu-berlin.de/bizer/bsbm/v01/instances/ProductType18,http://www4.wiwiss.fu-berlin.de/bizer/bsbm/v01/vocabulary/productPropertyNumeric3
3,http://www4.wiwiss.fu-berlin.de/bizer/bsbm/v01/instances/ProductType21,http://purl.org/dc/elements/1.1/date
6,http://www4.wiwiss.fu-berlin.de/bizer/bsbm/v01/instances/ProductType16,http://www.w3.org/2000/01/rdf-schema#comment
7,http://www4.wiwiss.fu-berlin.de/bizer/bsbm/v01/instances/ProductType9,http://www.w3.org/1999/02/22-rdf-syntax-ns#type
1,http://www4.wiwiss.fu-berlin.de/bizer/bsbm/v01/vocabulary/Vendor,http://www4.wiwiss.fu-berlin.de/bizer/bsbm/v01/vocabulary/country
7,http://www4.wiwiss.fu-berlin.de/bizer/bsbm/v01/instances/ProductType9,http://purl.org/dc/elements/1.1/date
100,http://www4.wiwiss.fu-berlin.de/bizer/bsbm/v01/vocabulary/Product,http://www.w3.org/2000/01/rdf-schema#label
3,http://www4.wiwiss.fu-berlin.de/bizer/bsbm/v01/instances/ProductType21,http://www.w3.org/1999/02/22-rdf-syntax-ns#type
999,http://www4.wiwiss.fu-berlin.de/bizer/bsbm/v01/vocabulary/ProductFeature,http://www.w3.org/2000/01/rdf-schema#comment
3,http://www4.wiwiss.fu-berlin.de/bizer/bsbm/v01/instances/ProductType14,http://purl.org/dc/elements/1.1/publisher
3,http://www4.wiwiss.fu-berlin.de/bizer/bsbm/v01/instances/ProductType13,http://www4.wiwiss.fu-berlin.de/bizer/bsbm/v01/vocabulary/productPropertyNumeric5
5,http://www4.wiwiss.fu-berlin.de/bizer/bsbm/v01/instances/ProductType16,http://www4.wiwiss.fu-berlin.de/bizer/bsbm/v01/vocabulary/productPropertyTextual5
3,http://www4.wiwiss.fu-berlin.de/bizer/bsbm/v01/instances/ProductType12,http://www4.wiwiss.fu-berlin.de/bizer/bsbm/v01/vocabulary/productPropertyNumeric4
21,http://www4.wiwiss.fu-berlin.de/bizer/bsbm/v01/vocabulary/ProductType,http://www.w3.org/2000/01/rdf-schema#label
10,http://www4.wiwiss.fu-berlin.de/bizer/bsbm/v01/instances/ProductType10,http://www4.wiwiss.fu-berlin.de/bizer/bsbm/v01/vocabulary/producer
2,http://www4.wiwiss.fu-berlin.de/bizer/bsbm/v01/instances/ProductType17,http://www4.wiwiss.fu-berlin.de/bizer/bsbm/v01/vocabulary/productPropertyTextual4
8,http://www4.wiwiss.fu-berlin.de/bizer/bsbm/v01/instances/ProductType18,http://www4.wiwiss.fu-berlin.de/bizer/bsbm/v01/vocabulary/productFeature
7,http://www4.wiwiss.fu-berlin.de/bizer/bsbm/v01/instances/ProductType17,http://www4.wiwiss.fu-berlin.de/bizer/bsbm/v01/vocabulary/productPropertyNumeric1
2000,http://www4.wiwiss.fu-berlin.de/bizer/bsbm/v01/vocabulary/Offer,http://www4.wiwiss.fu-berlin.de/bizer/bsbm/v01/vocabulary/validFrom
8,http://www4.wiwiss.fu-berlin.de/bizer/bsbm/v01/instances/ProductType18,http://www4.wiwiss.fu-berlin.de/bizer/bsbm/v01/vocabulary/productPropertyNumeric2
8,http://www4.wiwiss.fu-berlin.de/bizer/bsbm/v01/instances/ProductType6,http://www4.wiwiss.fu-berlin.de/bizer/bsbm/v01/vocabulary/producer
10,http://www4.wiwiss.fu-berlin.de/bizer/bsbm/v01/instances/ProductType10,http://purl.org/dc/elements/1.1/date
8,http://www4.wiwiss.fu-berlin.de/bizer/bsbm/v01/instances/ProductType6,http://www.w3.org/1999/02/22-rdf-syntax-ns#type
1000,http://www4.wiwiss.fu-berlin.de/bizer/bsbm/v01/vocabulary/Review,http://www4.wiwiss.fu-berlin.de/bizer/bsbm/v01/vocabulary/reviewFor
1000,http://www4.wiwiss.fu-berlin.de/bizer/bsbm/v01/vocabulary/Review,http://purl.org/dc/elements/1.1/publisher
8,http://www4.wiwiss.fu-berlin.de/bizer/bsbm/v01/instances/ProductType6,http://purl.org/dc/elements/1.1/date
10,http://www4.wiwiss.fu-berlin.de/bizer/bsbm/v01/instances/ProductType10,http://www.w3.org/1999/02/22-rdf-syntax-ns#type
1,http://www4.wiwiss.fu-berlin.de/bizer/bsbm/v01/instances/ProductType15,http://www4.wiwiss.fu-berlin.de/bizer/bsbm/v01/vocabulary/productPropertyNumeric4
2,http://www4.wiwiss.fu-berlin.de/bizer/bsbm/v01/instances/ProductType14,http://www4.wiwiss.fu-berlin.de/bizer/bsbm/v01/vocabulary/productPropertyNumeric5
7,http://www4.wiwiss.fu-berlin.de/bizer/bsbm/v01/instances/ProductType13,http://purl.org/dc/elements/1.1/publisher
50,http://xmlns.com/foaf/0.1/Person,http://www4.wiwiss.fu-berlin.de/bizer/bsbm/v01/vocabulary/country
7,http://www4.wiwiss.fu-berlin.de/bizer/bsbm/v01/instances/ProductType17,http://www4.wiwiss.fu-berlin.de/bizer/bsbm/v01/vocabulary/productFeature
3,http://www4.wiwiss.fu-berlin.de/bizer/bsbm/v01/instances/ProductType21,http://www4.wiwiss.fu-berlin.de/bizer/bsbm/v01/vocabulary/producer
4,http://www4.wiwiss.fu-berlin.de/bizer/bsbm/v01/instances/ProductType18,http://www4.wiwiss.fu-berlin.de/bizer/bsbm/v01/vocabulary/productPropertyTextual4
2,http://www4.wiwiss.fu-berlin.de/bizer/bsbm/v01/instances/ProductType13,http://www4.wiwiss.fu-berlin.de/bizer/bsbm/v01/vocabulary/productPropertyNumeric6
100,http://www4.wiwiss.fu-berlin.de/bizer/bsbm/v01/vocabulary/Product,http://www4.wiwiss.fu-berlin.de/bizer/bsbm/v01/vocabulary/productPropertyTextual3
7,http://www4.wiwiss.fu-berlin.de/bizer/bsbm/v01/instances/ProductType9,http://www4.wiwiss.fu-berlin.de/bizer/bsbm/v01/vocabulary/producer
6,http://www4.wiwiss.fu-berlin.de/bizer/bsbm/v01/instances/ProductType16,http://www4.wiwiss.fu-berlin.de/bizer/bsbm/v01/vocabulary/productPropertyNumeric3
8,http://www4.wiwiss.fu-berlin.de/bizer/bsbm/v01/instances/ProductType18,http://www4.wiwiss.fu-berlin.de/bizer/bsbm/v01/vocabulary/productPropertyNumeric1
7,http://www4.wiwiss.fu-berlin.de/bizer/bsbm/v01/instances/ProductType17,http://www4.wiwiss.fu-berlin.de/bizer/bsbm/v01/vocabulary/productPropertyNumeric2
1,http://www4.wiwiss.fu-berlin.de/bizer/bsbm/v01/vocabulary/Vendor,http://www.w3.org/2000/01/rdf-schema#comment
14,http://www4.wiwiss.fu-berlin.de/bizer/bsbm/v01/instances/ProductType7,http://www.w3.org/1999/02/22-rdf-syntax-ns#type
100,http://www4.wiwiss.fu-berlin.de/bizer/bsbm/v01/vocabulary/Product,http://www4.wiwiss.fu-berlin.de/bizer/bsbm/v01/vocabulary/productPropertyTextual1
8,http://www4.wiwiss.fu-berlin.de/bizer/bsbm/v01/instances/ProductType18,http://www.w3.org/2000/01/rdf-schema#comment
14,http://www4.wiwiss.fu-berlin.de/bizer/bsbm/v01/instances/ProductType7,http://purl.org/dc/elements/1.1/date
7,http://www4.wiwiss.fu-berlin.de/bizer/bsbm/v01/instances/ProductType11,http://www.w3.org/1999/02/22-rdf-syntax-ns#type
3,http://www4.wiwiss.fu-berlin.de/bizer/bsbm/v01/instances/ProductType17,http://www4.wiwiss.fu-berlin.de/bizer/bsbm/v01/vocabulary/productPropertyTextual6
3,http://www4.wiwiss.fu-berlin.de/bizer/bsbm/v01/instances/ProductType15,http://www4.wiwiss.fu-berlin.de/bizer/bsbm/v01/vocabulary/productPropertyNumeric5
1,http://www4.wiwiss.fu-berlin.de/bizer/bsbm/v01/instances/ProductType14,http://www4.wiwiss.fu-berlin.de/bizer/bsbm/v01/vocabulary/productPropertyNumeric4
6,http://www4.wiwiss.fu-berlin.de/bizer/bsbm/v01/instances/ProductType16,http://www4.wiwiss.fu-berlin.de/bizer/bsbm/v01/vocabulary/productFeature
6,http://www4.wiwiss.fu-berlin.de/bizer/bsbm/v01/instances/ProductType12,http://purl.org/dc/elements/1.1/publisher
4,http://www4.wiwiss.fu-berlin.de/bizer/bsbm/v01/instances/ProductType18,http://www4.wiwiss.fu-berlin.de/bizer/bsbm/v01/vocabulary/productPropertyTextual5
100,http://www4.wiwiss.fu-berlin.de/bizer/bsbm/v01/vocabulary/Product,http://www4.wiwiss.fu-berlin.de/bizer/bsbm/v01/vocabulary/productPropertyTextual2
7,http://www4.wiwiss.fu-berlin.de/bizer/bsbm/v01/instances/ProductType11,http://purl.org/dc/elements/1.1/date
6,http://www4.wiwiss.fu-berlin.de/bizer/bsbm/v01/instances/ProductType16,http://www4.wiwiss.fu-berlin.de/bizer/bsbm/v01/vocabulary/productPropertyNumeric2
9,http://www4.wiwiss.fu-berlin.de/bizer/bsbm/v01/instances/ProductType8,http://www4.wiwiss.fu-berlin.de/bizer/bsbm/v01/vocabulary/producer
7,http://www4.wiwiss.fu-berlin.de/bizer/bsbm/v01/instances/ProductType17,http://www4.wiwiss.fu-berlin.de/bizer/bsbm/v01/vocabulary/productPropertyNumeric3
