"count","c","p"
100,"http://www4.wiwiss.fu-berlin.de/bizer/bsbm/v01/vocabulary/Product","http://www.w3.org/2000/01/rdf-schema#label"
5,"http://www4.wiwiss.fu-berlin.de/bizer/bsbm/v01/instances/ProductType15","http://www4.wiwiss.fu-berlin.de/bizer/bsbm/v01/vocabulary/productPropertyNumeric3"
3,"http://www4.wiwiss.fu-berlin.de/bizer/bsbm/v01/instances/ProductType10","http://www4.wiwiss.fu-berlin.de/bizer/bsbm/v01/vocabulary/productPropertyNumeric5"
5,"http://www4.wiwiss.fu-berlin.de/bizer/bsbm/v01/instances/ProductType6","http://www4.wiwiss.fu-berlin.de/bizer/bsbm/v01/vocabulary/productPropertyNumeric5"
70,"http://www4.wiwiss.fu-berlin.de/bizer/bsbm/v01/instances/ProductType9","http://www4.wiwiss.fu-berlin.de/bizer/bsbm/v01/vocabulary/productFeature"
3,"http://www4.wiwiss.fu-berlin.de/bizer/bsbm/v01/instances/ProductType14","http://www4.wiwiss.fu-berlin.de/bizer/bsbm/v01/vocabulary/productPropertyTextual1"
1,"http://www4.wiwiss.fu-berlin.de/bizer/bsbm/v01/vocabulary/Offer","http://www4.wiwiss.fu-berlin.de/bizer/bsbm/v01/vocabulary/vendor"
1,"http://www4.wiwiss.fu-berlin.de/bizer/bsbm/v01/instances/ProductType21","http://www4.wiwiss.fu-berlin.de/bizer/bsbm/v01/vocabulary/productPropertyNumeric6"
50,"http://xmlns.com/foaf/0.1/Person","http://xmlns.com/foaf/0.1/name"
6,"http://www4.wiwiss.fu-berlin.de/bizer/bsbm/v01/instances/ProductType16","http://purl.org/dc/elements/1.1/date"
174,"http://www4.wiwiss.fu-berlin.de/bizer/bsbm/v01/vocabulary/Offer","http://www4.wiwiss.fu-berlin.de/bizer/bsbm/v01/vocabulary/validTo"
1,"http://www4.wiwiss.fu-berlin.de/bizer/bsbm/v01/instances/ProductType14","http://www4.wiwiss.fu-berlin.de/bizer/bsbm/v01/vocabulary/productPropertyTextual4"
18,"http://www4.wiwiss.fu-berlin.de/bizer/bsbm/v01/vocabulary/ProductType","http://purl.org/dc/elements/1.1/date"
3,"http://www4.wiwiss.fu-berlin.de/bizer/bsbm/v01/instances/ProductType17","http://purl.org/dc/elements/1.1/publisher"
7,"http://www4.wiwiss.fu-berlin.de/bizer/bsbm/v01/instances/ProductType9","http://purl.org/dc/elements/1.1/date"
6,"http://www4.wiwiss.fu-berlin.de/bizer/bsbm/v01/instances/ProductType16","http://www.w3.org/2000/01/rdf-schema#label"
3,"http://www4.wiwiss.fu-berlin.de/bizer/bsbm/v01/vocabulary/Producer","http://purl.org/dc/elements/1.1/publisher"
8,"http://www4.wiwiss.fu-berlin.de/bizer/bsbm/v01/instances/ProductType18","http://www.w3.org/2000/01/rdf-schema#label"
2,"http://www4.wiwiss.fu-berlin.de/bizer/bsbm/v01/instances/ProductType15","http://www4.wiwiss.fu-berlin.de/bizer/bsbm/v01/vocabulary/productPropertyTextual5"
3,"http://www4.wiwiss.fu-berlin.de/bizer/bsbm/v01/instances/ProductType6","http://www4.wiwiss.fu-berlin.de/bizer/bsbm/v01/vocabulary/producer"
111,"http://www4.wiwiss.fu-berlin.de/bizer/bsbm/v01/instances/ProductType17","http://www4.wiwiss.fu-berlin.de/bizer/bsbm/v01/vocabulary/productFeature"
3,"http://www4.wiwiss.fu-berlin.de/bizer/bsbm/v01/instances/ProductType12","http://www4.wiwiss.fu-berlin.de/bizer/bsbm/v01/vocabulary/productPropertyNumeric5"
99,"http://www4.wiwiss.fu-berlin.de/bizer/bsbm/v01/vocabulary/Review","http://www4.wiwiss.fu-berlin.de/bizer/bsbm/v01/vocabulary/reviewFor"
2,"http://www4.wiwiss.fu-berlin.de/bizer/bsbm/v01/instances/ProductType18","http://www4.wiwiss.fu-berlin.de/bizer/bsbm/v01/vocabulary/productPropertyNumeric6"
1,"http://www4.wiwiss.fu-berlin.de/bizer/bsbm/v01/instances/ProductType21","http://www4.wiwiss.fu-berlin.de/bizer/bsbm/v01/vocabulary/producer"
85,"http://www4.wiwiss.fu-berlin.de/bizer/bsbm/v01/instances/ProductType10","http://www4.wiwiss.fu-berlin.de/bizer/bsbm/v01/vocabulary/productFeature"
1998,"http://www4.wiwiss.fu-berlin.de/bizer/bsbm/v01/vocabulary/Offer","http://www4.wiwiss.fu-berlin.de/bizer/bsbm/v01/vocabulary/price"
6,"http://www4.wiwiss.fu-berlin.de/bizer/bsbm/v01/instances/ProductType12","http://www4.wiwiss.fu-berlin.de/bizer/bsbm/v01/vocabulary/productPropertyTextual1"
67,"http://www4.wiwiss.fu-berlin.de/bizer/bsbm/v01/instances/ProductType11","http://www4.wiwiss.fu-berlin.de/bizer/bsbm/v01/vocabulary/productFeature"
7,"http://www4.wiwiss.fu-berlin.de/bizer/bsbm/v01/instances/ProductType17","http://www4.wiwiss.fu-berlin.de/bizer/bsbm/v01/vocabulary/productPropertyNumeric2"
5,"http://www4.wiwiss.fu-berlin.de/bizer/bsbm/v01/instances/ProductType15","http://www4.wiwiss.fu-berlin.de/bizer/bsbm/v01/vocabulary/productPropertyTextual1"
3,"http://www4.wiwiss.fu-berlin.de/bizer/bsbm/v01/instances/ProductType21","http://www4.wiwiss.fu-berlin.de/bizer/bsbm/v01/vocabulary/productPropertyTextual2"
1,"http://www4.wiwiss.fu-berlin.de/bizer/bsbm/v01/vocabulary/Producer","http://www.w3.org/1999/02/22-rdf-syntax-ns#type"
6,"http://www4.wiwiss.fu-berlin.de/bizer/bsbm/v01/instances/ProductType12","http://www4.wiwiss.fu-berlin.de/bizer/bsbm/v01/vocabulary/productPropertyTextual3"
33,"http://www4.wiwiss.fu-berlin.de/bizer/bsbm/v01/vocabulary/ProductFeature","http://purl.org/dc/elements/1.1/date"
2,"http://www4.wiwiss.fu-berlin.de/bizer/bsbm/v01/instances/ProductType12","http://www.w3.org/1999/02/22-rdf-syntax-ns#type"
2,"http://www4.wiwiss.fu-berlin.de/bizer/bsbm/v01/instances/ProductType15","http://purl.org/dc/elements/1.1/publisher"
3,"http://www4.wiwiss.fu-berlin.de/bizer/bsbm/v01/instances/ProductType12","http://www4.wiwiss.fu-berlin.de/bizer/bsbm/v01/vocabulary/productPropertyTextual5"
3,"http://www4.wiwiss.fu-berlin.de/bizer/bsbm/v01/vocabulary/Product","http://www4.wiwiss.fu-berlin.de/bizer/bsbm/v01/vocabulary/producer"
1,"http://www4.wiwiss.fu-berlin.de/bizer/bsbm/v01/instances/ProductType10","http://www4.wiwiss.fu-berlin.de/bizer/bsbm/v01/vocabulary/productPropertyTextual6"
2,"http://www4.wiwiss.fu-berlin.de/bizer/bsbm/v01/instances/ProductType18","http://www.w3.org/1999/02/22-rdf-syntax-ns#type"
1,"http://www4.wiwiss.fu-berlin.de/bizer/bsbm/v01/instances/ProductType21","http://purl.org/dc/elements/1.1/publisher"
810,"http://www4.wiwiss.fu-berlin.de/bizer/bsbm/v01/vocabulary/Product","http://www4.wiwiss.fu-berlin.de/bizer/bsbm/v01/vocabulary/productFeature"
6,"http://www4.wiwiss.fu-berlin.de/bizer/bsbm/v01/instances/ProductType16","http://www4.wiwiss.fu-berlin.de/bizer/bsbm/v01/vocabulary/productPropertyTextual2"
2,"http://www4.wiwiss.fu-berlin.de/bizer/bsbm/v01/instances/ProductType11","http://www4.wiwiss.fu-berlin.de/bizer/bsbm/v01/vocabulary/producer"
100,"http://www4.wiwiss.fu-berlin.de/bizer/bsbm/v01/vocabulary/Product","http://www4.wiwiss.fu-berlin.de/bizer/bsbm/v01/vocabulary/productPropertyTextual1"
3,"http://www4.wiwiss.fu-berlin.de/bizer/bsbm/v01/instances/ProductType14","http://www.w3.org/2000/01/rdf-schema#comment"
4,"http://www4.wiwiss.fu-berlin.de/bizer/bsbm/v01/instances/ProductType18","http://www4.wiwiss.fu-berlin.de/bizer/bsbm/v01/vocabulary/productPropertyTextual4"
100,"http://www4.wiwiss.fu-berlin.de/bizer/bsbm/v01/vocabulary/Product","http://www4.wiwiss.fu-berlin.de/bizer/bsbm/v01/vocabulary/productPropertyTextual3"
1,"http://www4.wiwiss.fu-berlin.de/bizer/bsbm/v01/instances/ProductType8","http://www4.wiwiss.fu-berlin.de/bizer/bsbm/v01/vocabulary/productPropertyTextual6"
1,"http://www4.wiwiss.fu-berlin.de/bizer/bsbm/v01/vocabulary/Offer","http://www.w3.org/1999/02/22-rdf-syntax-ns#type"
39,"http://xmlns.com/foaf/0.1/Person","http://purl.org/dc/elements/1.1/date"
9,"http://www4.wiwiss.fu-berlin.de/bizer/bsbm/v01/instances/ProductType8","http://www4.wiwiss.fu-berlin.de/bizer/bsbm/v01/vocabulary/productPropertyNumeric2"
9,"http://www4.wiwiss.fu-berlin.de/bizer/bsbm/v01/instances/ProductType8","http://purl.org/dc/elements/1.1/date"
50,"http://xmlns.com/foaf/0.1/Person","http://xmlns.com/foaf/0.1/mbox_sha1sum"
10,"http://www4.wiwiss.fu-berlin.de/bizer/bsbm/v01/vocabulary/Review","http://www4.wiwiss.fu-berlin.de/bizer/bsbm/v01/vocabulary/rating1"
7,"http://www4.wiwiss.fu-berlin.de/bizer/bsbm/v01/instances/ProductType17","http://www4.wiwiss.fu-berlin.de/bizer/bsbm/v01/vocabulary/productPropertyNumeric3"
2,"http://www4.wiwiss.fu-berlin.de/bizer/bsbm/v01/instances/ProductType14","http://www.w3.org/1999/02/22-rdf-syntax-ns#type"
21,"http://www4.wiwiss.fu-berlin.de/bizer/bsbm/v01/vocabulary/ProductType","http://www.w3.org/2000/01/rdf-schema#label"
7,"http://www4.wiwiss.fu-berlin.de/bizer/bsbm/v01/instances/ProductType9","http://www4.wiwiss.fu-berlin.de/bizer/bsbm/v01/vocabulary/productPropertyNumeric1"
7,"http://www4.wiwiss.fu-berlin.de/bizer/bsbm/v01/instances/ProductType9","http://www.w3.org/2000/01/rdf-schema#comment"
96,"http://www4.wiwiss.fu-berlin.de/bizer/bsbm/v01/vocabulary/Product","http://www4.wiwiss.fu-berlin.de/bizer/bsbm/v01/vocabulary/productPropertyNumeric2"
8,"http://www4.wiwiss.fu-berlin.de/bizer/bsbm/v01/instances/ProductType6","http://purl.org/dc/elements/1.1/date"
44,"http://www4.wiwiss.fu-berlin.de/bizer/bsbm/v01/vocabulary/Product","http://www4.wiwiss.fu-berlin.de/bizer/bsbm/v01/vocabulary/productPropertyNumeric4"
7,"http://www4.wiwiss.fu-berlin.de/bizer/bsbm/v01/instances/ProductType13","http://www.w3.org/2000/01/rdf-schema#comment"
7,"http://www4.wiwiss.fu-berlin.de/bizer/bsbm/v01/instances/ProductType13","http://www4.wiwiss.fu-berlin.de/bizer/bsbm/v01/vocabulary/productPropertyNumeric3"
5,"http://www4.wiwiss.fu-berlin.de/bizer/bsbm/v01/instances/ProductType16","http://www4.wiwiss.fu-berlin.de/bizer/bsbm/v01/vocabulary/productPropertyNumeric4"
53,"http://www4.wiwiss.fu-berlin.de/bizer/bsbm/v01/vocabulary/Product","http://www4.wiwiss.fu-berlin.de/bizer/bsbm/v01/vocabulary/productPropertyTextual5"
2,"http://www4.wiwiss.fu-berlin.de/bizer/bsbm/v01/instances/ProductType13","http://www4.wiwiss.fu-berlin.de/bizer/bsbm/v01/vocabulary/producer"
3,"http://www4.wiwiss.fu-berlin.de/bizer/bsbm/v01/instances/ProductType21","http://www4.wiwiss.fu-berlin.de/bizer/bsbm/v01/vocabulary/productPropertyNumeric3"
14,"http://www4.wiwiss.fu-berlin.de/bizer/bsbm/v01/instances/ProductType7","http://www4.wiwiss.fu-berlin.de/bizer/bsbm/v01/vocabulary/productPropertyTextual3"
3,"http://www4.wiwiss.fu-berlin.de/bizer/bsbm/v01/instances/ProductType8","http://www4.wiwiss.fu-berlin.de/bizer/bsbm/v01/vocabulary/productPropertyNumeric5"
3,"http://www4.wiwiss.fu-berlin.de/bizer/bsbm/v01/instances/ProductType21","http://www4.wiwiss.fu-berlin.de/bizer/bsbm/v01/vocabulary/productPropertyTextual3"
8,"http://www4.wiwiss.fu-berlin.de/bizer/bsbm/v01/instances/ProductType18","http://www4.wiwiss.fu-berlin.de/bizer/bsbm/v01/vocabulary/productPropertyTextual1"
1,"http://www4.wiwiss.fu-berlin.de/bizer/bsbm/v01/instances/ProductType9","http://www4.wiwiss.fu-berlin.de/bizer/bsbm/v01/vocabulary/productPropertyTextual6"
5,"http://www4.wiwiss.fu-berlin.de/bizer/bsbm/v01/instances/ProductType16","http://www4.wiwiss.fu-berlin.de/bizer/bsbm/v01/vocabulary/productPropertyTextual5"
4,"http://www4.wiwiss.fu-berlin.de/bizer/bsbm/v01/instances/ProductType9","http://www4.wiwiss.fu-berlin.de/bizer/bsbm/v01/vocabulary/productPropertyNumeric4"
14,"http://www4.wiwiss.fu-berlin.de/bizer/bsbm/v01/instances/ProductType7","http://purl.org/dc/elements/1.1/date"
1,"http://www4.wiwiss.fu-berlin.de/bizer/bsbm/v01/vocabulary/ProductType","http://purl.org/dc/elements/1.1/publisher"
3,"http://www4.wiwiss.fu-berlin.de/bizer/bsbm/v01/instances/ProductType10","http://www4.wiwiss.fu-berlin.de/bizer/bsbm/v01/vocabulary/productPropertyNumeric4"
3,"http://www4.wiwiss.fu-berlin.de/bizer/bsbm/v01/vocabulary/Producer","http://xmlns.com/foaf/0.1/homepage"
5,"http://www4.wiwiss.fu-berlin.de/bizer/bsbm/v01/instances/ProductType15","http://www.w3.org/2000/01/rdf-schema#label"
16,"http://www4.wiwiss.fu-berlin.de/bizer/bsbm/v01/vocabulary/Product","http://www4.wiwiss.fu-berlin.de/bizer/bsbm/v01/vocabulary/productPropertyNumeric6"
1,"http://www4.wiwiss.fu-berlin.de/bizer/bsbm/v01/vocabulary/Vendor","http://purl.org/dc/elements/1.1/date"
3,"http://www4.wiwiss.fu-berlin.de/bizer/bsbm/v01/vocabulary/Product","http://purl.org/dc/elements/1.1/publisher"
2,"http://www4.wiwiss.fu-berlin.de/bizer/bsbm/v01/instances/ProductType6","http://www4.wiwiss.fu-berlin.de/bizer/bsbm/v01/vocabulary/productPropertyNumeric6"
1,"http://www4.wiwiss.fu-berlin.de/bizer/bsbm/v01/vocabulary/ProductType","http://www.w3.org/1999/02/22-rdf-syntax-ns#type"
3,"http://www4.wiwiss.fu-berlin.de/bizer/bsbm/v01/instances/ProductType11","http://www4.wiwiss.fu-berlin.de/bizer/bsbm/v01/vocabulary/productPropertyTextual5"
7,"http://www4.wiwiss.fu-berlin.de/bizer/bsbm/v01/instances/ProductType9","http://www.w3.org/2000/01/rdf-schema#label"
7,"http://www4.wiwiss.fu-berlin.de/bizer/bsbm/v01/instances/ProductType11","http://www4.wiwiss.fu-berlin.de/bizer/bsbm/v01/vocabulary/productPropertyTextual3"
1,"http://www4.wiwiss.fu-berlin.de/bizer/bsbm/v01/vocabulary/ProductFeature","http://purl.org/dc/elements/1.1/publisher"
105,"http://www4.wiwiss.fu-berlin.de/bizer/bsbm/v01/instances/ProductType15","http://www4.wiwiss.fu-berlin.de/bizer/bsbm/v01/vocabulary/productFeature"
1,"http://www4.wiwiss.fu-berlin.de/bizer/bsbm/v01/vocabulary/Vendor","http://xmlns.com/foaf/0.1/homepage"
1000,"http://www4.wiwiss.fu-berlin.de/bizer/bsbm/v01/vocabulary/Review","http://purl.org/dc/elements/1.1/title"
3,"http://www4.wiwiss.fu-berlin.de/bizer/bsbm/v01/instances/ProductType18","http://www4.wiwiss.fu-berlin.de/bizer/bsbm/v01/vocabulary/producer"
3,"http://www4.wiwiss.fu-berlin.de/bizer/bsbm/v01/instances/ProductType21","http://www4.wiwiss.fu-berlin.de/bizer/bsbm/v01/vocabulary/productPropertyNumeric2"
14,"http://www4.wiwiss.fu-berlin.de/bizer/bsbm/v01/instances/ProductType7","http://www4.wiwiss.fu-berlin.de/bizer/bsbm/v01/vocabulary/productPropertyTextual2"
4,"http://www4.wiwiss.fu-berlin.de/bizer/bsbm/v01/instances/ProductType18","http://www4.wiwiss.fu-berlin.de/bizer/bsbm/v01/vocabulary/productPropertyTextual5"
10,"http://www4.wiwiss.fu-berlin.de/bizer/bsbm/v01/instances/ProductType10","http://www4.wiwiss.fu-berlin.de/bizer/bsbm/v01/vocabulary/productPropertyNumeric3"
8,"http://www4.wiwiss.fu-berlin.de/bizer/bsbm/v01/instances/ProductType18","http://www4.wiwiss.fu-berlin.de/bizer/bsbm/v01/vocabulary/productPropertyNumeric1"
3,"http://www4.wiwiss.fu-berlin.de/bizer/bsbm/v01/instances/ProductType6","http://purl.org/dc/elements/1.1/publisher"
7,"http://www4.wiwiss.fu-berlin.de/bizer/bsbm/v01/instances/ProductType13","http://www4.wiwiss.fu-berlin.de/bizer/bsbm/v01/vocabulary/productPropertyTextual3"
347,"http://www4.wiwiss.fu-berlin.de/bizer/bsbm/v01/vocabulary/Review","http://www4.wiwiss.fu-berlin.de/bizer/bsbm/v01/vocabulary/reviewDate"
7,"http://www4.wiwiss.fu-berlin.de/bizer/bsbm/v01/instances/ProductType7","http://www4.wiwiss.fu-berlin.de/bizer/bsbm/v01/vocabulary/productPropertyNumeric4"
2,"http://www4.wiwiss.fu-berlin.de/bizer/bsbm/v01/instances/ProductType21","http://www4.wiwiss.fu-berlin.de/bizer/bsbm/v01/vocabulary/productPropertyTextual5"
3,"http://www4.wiwiss.fu-berlin.de/bizer/bsbm/v01/instances/ProductType14","http://www4.wiwiss.fu-berlin.de/bizer/bsbm/v01/vocabulary/productPropertyNumeric3"
2,"http://www4.wiwiss.fu-berlin.de/bizer/bsbm/v01/instances/ProductType17","http://www4.wiwiss.fu-berlin.de/bizer/bsbm/v01/vocabulary/productPropertyTextual4"
1,"http://www4.wiwiss.fu-berlin.de/bizer/bsbm/v01/instances/ProductType15","http://www4.wiwiss.fu-berlin.de/bizer/bsbm/v01/vocabulary/productPropertyNumeric6"
8,"http://www4.wiwiss.fu-berlin.de/bizer/bsbm/v01/instances/ProductType18","http://www4.wiwiss.fu-berlin.de/bizer/bsbm/v01/vocabulary/productPropertyTextual3"
2,"http://www4.wiwiss.fu-berlin.de/bizer/bsbm/v01/instances/ProductType6","http://www.w3.org/1999/02/22-rdf-syntax-ns#type"
3,"http://www4.wiwiss.fu-berlin.de/bizer/bsbm/v01/instances/ProductType18","http://www4.wiwiss.fu-berlin.de/bizer/bsbm/v01/vocabulary/productPropertyTextual6"
2,"http://www4.wiwiss.fu-berlin.de/bizer/bsbm/v01/instances/ProductType16","http://www4.wiwiss.fu-berlin.de/bizer/bsbm/v01/vocabulary/producer"
2,"http://www4.wiwiss.fu-berlin.de/bizer/bsbm/v01/instances/ProductType7","http://www.w3.org/1999/02/22-rdf-syntax-ns#type"
6,"http://www4.wiwiss.fu-berlin.de/bizer/bsbm/v01/instances/ProductType12","http://www4.wiwiss.fu-berlin.de/bizer/bsbm/v01/vocabulary/productPropertyTextual2"
3,"http://www4.wiwiss.fu-berlin.de/bizer/bsbm/v01/instances/ProductType14","http://www4.wiwiss.fu-berlin.de/bizer/bsbm/v01/vocabulary/productPropertyTextual3"
3,"http://www4.wiwiss.fu-berlin.de/bizer/bsbm/v01/instances/ProductType17","http://www4.wiwiss.fu-berlin.de/bizer/bsbm/v01/vocabulary/productPropertyNumeric5"
998,"http://www4.wiwiss.fu-berlin.de/bizer/bsbm/v01/vocabulary/ProductFeature","http://www.w3.org/2000/01/rdf-schema#label"
2,"http://www4.wiwiss.fu-berlin.de/bizer/bsbm/v01/instances/ProductType18","http://www4.wiwiss.fu-berlin.de/bizer/bsbm/v01/vocabulary/productPropertyNumeric5"
101,"http://www4.wiwiss.fu-berlin.de/bizer/bsbm/v01/instances/ProductType7","http://www4.wiwiss.fu-berlin.de/bizer/bsbm/v01/vocabulary/productFeature"
4,"http://www4.wiwiss.fu-berlin.de/bizer/bsbm/v01/instances/ProductType12","http://www4.wiwiss.fu-berlin.de/bizer/bsbm/v01/vocabulary/productPropertyTextual4"
3,"http://www4.wiwiss.fu-berlin.de/bizer/bsbm/v01/instances/ProductType13","http://www4.wiwiss.fu-berlin.de/bizer/bsbm/v01/vocabulary/productPropertyTextual4"
8,"http://www4.wiwiss.fu-berlin.de/bizer/bsbm/v01/instances/ProductType6","http://www4.wiwiss.fu-berlin.de/bizer/bsbm/v01/vocabulary/productPropertyTextual1"
8,"http://www4.wiwiss.fu-berlin.de/bizer/bsbm/v01/instances/ProductType18","http://www.w3.org/2000/01/rdf-schema#comment"
8,"http://xmlns.com/foaf/0.1/Person","http://www4.wiwiss.fu-berlin.de/bizer/bsbm/v01/vocabulary/country"
9,"http://www4.wiwiss.fu-berlin.de/bizer/bsbm/v01/instances/ProductType8","http://www.w3.org/2000/01/rdf-schema#comment"
5,"http://www4.wiwiss.fu-berlin.de/bizer/bsbm/v01/instances/ProductType15","http://purl.org/dc/elements/1.1/date"
4,"http://www4.wiwiss.fu-berlin.de/bizer/bsbm/v01/instances/ProductType10","http://www4.wiwiss.fu-berlin.de/bizer/bsbm/v01/vocabulary/productPropertyTextual5"
999,"http://www4.wiwiss.fu-berlin.de/bizer/bsbm/v01/vocabulary/ProductFeature","http://www.w3.org/2000/01/rdf-schema#comment"
9,"http://www4.wiwiss.fu-berlin.de/bizer/bsbm/v01/instances/ProductType8","http://www4.wiwiss.fu-berlin.de/bizer/bsbm/v01/vocabulary/productPropertyNumeric1"
80,"http://www4.wiwiss.fu-berlin.de/bizer/bsbm/v01/instances/ProductType18","http://www4.wiwiss.fu-berlin.de/bizer/bsbm/v01/vocabulary/productFeature"
97,"http://www4.wiwiss.fu-berlin.de/bizer/bsbm/v01/instances/ProductType13","http://www4.wiwiss.fu-berlin.de/bizer/bsbm/v01/vocabulary/productFeature"
8,"http://www4.wiwiss.fu-berlin.de/bizer/bsbm/v01/instances/ProductType18","http://www4.wiwiss.fu-berlin.de/bizer/bsbm/v01/vocabulary/productPropertyNumeric3"
9,"http://www4.wiwiss.fu-berlin.de/bizer/bsbm/v01/instances/ProductType8","http://www4.wiwiss.fu-berlin.de/bizer/bsbm/v01/vocabulary/productPropertyNumeric3"
3,"http://www4.wiwiss.fu-berlin.de/bizer/bsbm/v01/instances/ProductType10","http://www4.wiwiss.fu-berlin.de/bizer/bsbm/v01/vocabulary/producer"
178,"http://www4.wiwiss.fu-berlin.de/bizer/bsbm/v01/vocabulary/Offer","http://www4.wiwiss.fu-berlin.de/bizer/bsbm/v01/vocabulary/validFrom"
5,"http://www4.wiwiss.fu-berlin.de/bizer/bsbm/v01/instances/ProductType9","http://www4.wiwiss.fu-berlin.de/bizer/bsbm/v01/vocabulary/productPropertyNumeric5"
1,"http://www4.wiwiss.fu-berlin.de/bizer/bsbm/v01/vocabulary/Vendor","http://www.w3.org/2000/01/rdf-schema#label"
6,"http://www4.wiwiss.fu-berlin.de/bizer/bsbm/v01/instances/ProductType16","http://www4.wiwiss.fu-berlin.de/bizer/bsbm/v01/vocabulary/productPropertyNumeric2"
2,"http://www4.wiwiss.fu-berlin.de/bizer/bsbm/v01/instances/ProductType12","http://www4.wiwiss.fu-berlin.de/bizer/bsbm/v01/vocabulary/producer"
2,"http://www4.wiwiss.fu-berlin.de/bizer/bsbm/v01/instances/ProductType15","http://www.w3.org/1999/02/22-rdf-syntax-ns#type"
71,"http://www4.wiwiss.fu-berlin.de/bizer/bsbm/v01/instances/ProductType12","http://www4.wiwiss.fu-berlin.de/bizer/bsbm/v01/vocabulary/productFeature"
6,"http://www4.wiwiss.fu-berlin.de/bizer/bsbm/v01/instances/ProductType16","http://www4.wiwiss.fu-berlin.de/bizer/bsbm/v01/vocabulary/productPropertyTextual3"
7,"http://www4.wiwiss.fu-berlin.de/bizer/bsbm/v01/instances/ProductType11","http://www4.wiwiss.fu-berlin.de/bizer/bsbm/v01/vocabulary/productPropertyTextual2"
2,"http://www4.wiwiss.fu-berlin.de/bizer/bsbm/v01/instances/ProductType15","http://www4.wiwiss.fu-berlin.de/bizer/bsbm/v01/vocabulary/productPropertyTextual4"
69,"http://www4.wiwiss.fu-berlin.de/bizer/bsbm/v01/instances/ProductType6","http://www4.wiwiss.fu-berlin.de/bizer/bsbm/v01/vocabulary/productFeature"
7,"http://www4.wiwiss.fu-berlin.de/bizer/bsbm/v01/instances/ProductType17","http://www4.wiwiss.fu-berlin.de/bizer/bsbm/v01/vocabulary/productPropertyTextual2"
6,"http://www4.wiwiss.fu-berlin.de/bizer/bsbm/v01/instances/ProductType12","http://www4.wiwiss.fu-berlin.de/bizer/bsbm/v01/vocabulary/productPropertyNumeric2"
3,"http://www4.wiwiss.fu-berlin.de/bizer/bsbm/v01/instances/ProductType21","http://www4.wiwiss.fu-berlin.de/bizer/bsbm/v01/vocabulary/productPropertyNumeric5"
2,"http://www4.wiwiss.fu-berlin.de/bizer/bsbm/v01/instances/ProductType17","http://www.w3.org/1999/02/22-rdf-syntax-ns#type"
3,"http://www4.wiwiss.fu-berlin.de/bizer/bsbm/v01/instances/ProductType21","http://purl.org/dc/elements/1.1/date"
1,"http://www4.wiwiss.fu-berlin.de/bizer/bsbm/v01/instances/ProductType11","http://www4.wiwiss.fu-berlin.de/bizer/bsbm/v01/vocabulary/productPropertyNumeric6"
1000,"http://www4.wiwiss.fu-berlin.de/bizer/bsbm/v01/vocabulary/Review","http://purl.org/stuff/rev#text"
7,"http://www4.wiwiss.fu-berlin.de/bizer/bsbm/v01/instances/ProductType13","http://www.w3.org/2000/01/rdf-schema#label"
8,"http://www4.wiwiss.fu-berlin.de/bizer/bsbm/v01/vocabulary/Offer","http://www4.wiwiss.fu-berlin.de/bizer/bsbm/v01/vocabulary/deliveryDays"
1,"http://www4.wiwiss.fu-berlin.de/bizer/bsbm/v01/vocabulary/Review","http://purl.org/dc/elements/1.1/publisher"
4,"http://www4.wiwiss.fu-berlin.de/bizer/bsbm/v01/instances/ProductType8","http://www4.wiwiss.fu-berlin.de/bizer/bsbm/v01/vocabulary/productPropertyNumeric4"
9,"http://www4.wiwiss.fu-berlin.de/bizer/bsbm/v01/instances/ProductType8","http://www.w3.org/2000/01/rdf-schema#label"
7,"http://www4.wiwiss.fu-berlin.de/bizer/bsbm/v01/instances/ProductType11","http://www.w3.org/2000/01/rdf-schema#label"
2,"http://www4.wiwiss.fu-berlin.de/bizer/bsbm/v01/instances/ProductType11","http://www4.wiwiss.fu-berlin.de/bizer/bsbm/v01/vocabulary/productPropertyNumeric4"
4,"http://www4.wiwiss.fu-berlin.de/bizer/bsbm/v01/instances/ProductType8","http://www4.wiwiss.fu-berlin.de/bizer/bsbm/v01/vocabulary/productPropertyTextual5"
7,"http://www4.wiwiss.fu-berlin.de/bizer/bsbm/v01/instances/ProductType11","http://www4.wiwiss.fu-berlin.de/bizer/bsbm/v01/vocabulary/productPropertyNumeric2"
3,"http://www4.wiwiss.fu-berlin.de/bizer/bsbm/v01/instances/ProductType18","http://www4.wiwiss.fu-berlin.de/bizer/bsbm/v01/vocabulary/productPropertyNumeric4"
8,"http://www4.wiwiss.fu-berlin.de/bizer/bsbm/v01/instances/ProductType6","http://www4.wiwiss.fu-berlin.de/bizer/bsbm/v01/vocabulary/productPropertyNumeric1"
3,"http://www4.wiwiss.fu-berlin.de/bizer/bsbm/v01/instances/ProductType17","http://www4.wiwiss.fu-berlin.de/bizer/bsbm/v01/vocabulary/productPropertyTextual5"
2,"http://www4.wiwiss.fu-berlin.de/bizer/bsbm/v01/instances/ProductType13","http://www4.wiwiss.fu-berlin.de/bizer/bsbm/v01/vocabulary/productPropertyTextual5"
2,"http://www4.wiwiss.fu-berlin.de/bizer/bsbm/v01/instances/ProductType10","http://www4.wiwiss.fu-berlin.de/bizer/bsbm/v01/vocabulary/productPropertyTextual4"
2,"http://www4.wiwiss.fu-berlin.de/bizer/bsbm/v01/instances/ProductType13","http://www4.wiwiss.fu-berlin.de/bizer/bsbm/v01/vocabulary/productPropertyNumeric6"
1,"http://www4.wiwiss.fu-berlin.de/bizer/bsbm/v01/instances/ProductType15","http://www4.wiwiss.fu-berlin.de/bizer/bsbm/v01/vocabulary/productPropertyTextual6"
6,"http://www4.wiwiss.fu-berlin.de/bizer/bsbm/v01/instances/ProductType12","http://www.w3.org/2000/01/rdf-schema#label"
7,"http://www4.wiwiss.fu-berlin.de/bizer/bsbm/v01/instances/ProductType11","http://purl.org/dc/elements/1.1/date"
2,"http://www4.wiwiss.fu-berlin.de/bizer/bsbm/v01/instances/ProductType10","http://www.w3.org/1999/02/22-rdf-syntax-ns#type"
1,"http://www4.wiwiss.fu-berlin.de/bizer/bsbm/v01/instances/ProductType13","http://www4.wiwiss.fu-berlin.de/bizer/bsbm/v01/vocabulary/productPropertyTextual6"
102,"http://www4.wiwiss.fu-berlin.de/bizer/bsbm/v01/instances/ProductType16","http://www4.wiwiss.fu-berlin.de/bizer/bsbm/v01/vocabulary/productFeature"
3,"http://www4.wiwiss.fu-berlin.de/bizer/bsbm/v01/instances/ProductType14","http://www4.wiwiss.fu-berlin.de/bizer/bsbm/v01/vocabulary/productPropertyNumeric2"
2,"http://www4.wiwiss.fu-berlin.de/bizer/bsbm/v01/instances/ProductType8","http://www.w3.org/1999/02/22-rdf-syntax-ns#type"
6,"http://www4.wiwiss.fu-berlin.de/bizer/bsbm/v01/instances/ProductType16","http://www4.wiwiss.fu-berlin.de/bizer/bsbm/v01/vocabulary/productPropertyTextual1"
8,"http://www4.wiwiss.fu-berlin.de/bizer/bsbm/v01/instances/ProductType6","http://www4.wiwiss.fu-berlin.de/bizer/bsbm/v01/vocabulary/productPropertyTextual2"
8,"http://www4.wiwiss.fu-berlin.de/bizer/bsbm/v01/instances/ProductType6","http://www.w3.org/2000/01/rdf-schema#label"
2,"http://www4.wiwiss.fu-berlin.de/bizer/bsbm/v01/instances/ProductType14","http://www4.wiwiss.fu-berlin.de/bizer/bsbm/v01/vocabulary/productPropertyNumeric5"
3,"http://www4.wiwiss.fu-berlin.de/bizer/bsbm/v01/instances/ProductType21","http://www.w3.org/2000/01/rdf-schema#comment"
1,"http://www4.wiwiss.fu-berlin.de/bizer/bsbm/v01/vocabulary/Review","http://www.w3.org/1999/02/22-rdf-syntax-ns#type"
10,"http://www4.wiwiss.fu-berlin.de/bizer/bsbm/v01/instances/ProductType10","http://www4.wiwiss.fu-berlin.de/bizer/bsbm/v01/vocabulary/productPropertyTextual3"
7,"http://www4.wiwiss.fu-berlin.de/bizer/bsbm/v01/instances/ProductType7","http://www4.wiwiss.fu-berlin.de/bizer/bsbm/v01/vocabulary/productPropertyTextual4"
1,"http://www4.wiwiss.fu-berlin.de/bizer/bsbm/v01/instances/ProductType9","http://www4.wiwiss.fu-berlin.de/bizer/bsbm/v01/vocabulary/productPropertyNumeric6"
3,"http://www4.wiwiss.fu-berlin.de/bizer/bsbm/v01/vocabulary/Producer","http://www4.wiwiss.fu-berlin.de/bizer/bsbm/v01/vocabulary/country"
59,"http://www4.wiwiss.fu-berlin.de/bizer/bsbm/v01/instances/ProductType21","http://www4.wiwiss.fu-berlin.de/bizer/bsbm/v01/vocabulary/productFeature"
8,"http://www4.wiwiss.fu-berlin.de/bizer/bsbm/v01/instances/ProductType18","http://purl.org/dc/elements/1.1/date"
3,"http://www4.wiwiss.fu-berlin.de/bizer/bsbm/v01/instances/ProductType14","http://www4.wiwiss.fu-berlin.de/bizer/bsbm/v01/vocabulary/productPropertyTextual5"
8,"http://www4.wiwiss.fu-berlin.de/bizer/bsbm/v01/instances/ProductType18","http://www4.wiwiss.fu-berlin.de/bizer/bsbm/v01/vocabulary/productPropertyTextual2"
3,"http://www4.wiwiss.fu-berlin.de/bizer/bsbm/v01/instances/ProductType9","http://www4.wiwiss.fu-berlin.de/bizer/bsbm/v01/vocabulary/producer"
3,"http://www4.wiwiss.fu-berlin.de/bizer/bsbm/v01/vocabulary/Producer","http://www.w3.org/2000/01/rdf-schema#comment"
4,"http://www4.wiwiss.fu-berlin.de/bizer/bsbm/v01/instances/ProductType7","http://www4.wiwiss.fu-berlin.de/bizer/bsbm/v01/vocabulary/productPropertyNumeric6"
2,"http://www4.wiwiss.fu-berlin.de/bizer/bsbm/v01/instances/ProductType11","http://www.w3.org/1999/02/22-rdf-syntax-ns#type"
2,"http://www4.wiwiss.fu-berlin.de/bizer/bsbm/v01/instances/ProductType7","http://purl.org/dc/elements/1.1/publisher"
9,"http://www4.wiwiss.fu-berlin.de/bizer/bsbm/v01/instances/ProductType8","http://www4.wiwiss.fu-berlin.de/bizer/bsbm/v01/vocabulary/productPropertyTextual3"
4,"http://www4.wiwiss.fu-berlin.de/bizer/bsbm/v01/instances/ProductType6","http://www4.wiwiss.fu-berlin.de/bizer/bsbm/v01/vocabulary/productPropertyTextual5"
6,"http://www4.wiwiss.fu-berlin.de/bizer/bsbm/v01/instances/ProductType12","http://www4.wiwiss.fu-berlin.de/bizer/bsbm/v01/vocabulary/productPropertyNumeric1"
1,"http://www4.wiwiss.fu-berlin.de/bizer/bsbm/v01/vocabulary/ProductFeature","http://www.w3.org/1999/02/22-rdf-syntax-ns#type"
7,"http://www4.wiwiss.fu-berlin.de/bizer/bsbm/v01/instances/ProductType11","http://www4.wiwiss.fu-berlin.de/bizer/bsbm/v01/vocabulary/productPropertyNumeric1"
3,"http://www4.wiwiss.fu-berlin.de/bizer/bsbm/v01/vocabulary/Producer","http://www.w3.org/2000/01/rdf-schema#label"
6,"http://www4.wiwiss.fu-berlin.de/bizer/bsbm/v01/instances/ProductType12","http://www4.wiwiss.fu-berlin.de/bizer/bsbm/v01/vocabulary/productPropertyNumeric3"
6,"http://www4.wiwiss.fu-berlin.de/bizer/bsbm/v01/instances/ProductType16","http://www4.wiwiss.fu-berlin.de/bizer/bsbm/v01/vocabulary/productPropertyNumeric3"
3,"http://www4.wiwiss.fu-berlin.de/bizer/bsbm/v01/instances/ProductType10","http://purl.org/dc/elements/1.1/publisher"
5,"http://www4.wiwiss.fu-berlin.de/bizer/bsbm/v01/instances/ProductType15","http://www4.wiwiss.fu-berlin.de/bizer/bsbm/v01/vocabulary/productPropertyTextual3"
8,"http://www4.wiwiss.fu-berlin.de/bizer/bsbm/v01/instances/ProductType7","http://www4.wiwiss.fu-berlin.de/bizer/bsbm/v01/vocabulary/productPropertyNumeric5"
1,"http://www4.wiwiss.fu-berlin.de/bizer/bsbm/v01/vocabulary/Vendor","http://www.w3.org/2000/01/rdf-schema#comment"
3,"http://www4.wiwiss.fu-berlin.de/bizer/bsbm/v01/instances/ProductType17","http://www4.wiwiss.fu-berlin.de/bizer/bsbm/v01/vocabulary/producer"
2,"http://www4.wiwiss.fu-berlin.de/bizer/bsbm/v01/instances/ProductType12","http://purl.org/dc/elements/1.1/publisher"
8,"http://www4.wiwiss.fu-berlin.de/bizer/bsbm/v01/instances/ProductType6","http://www4.wiwiss.fu-berlin.de/bizer/bsbm/v01/vocabulary/productPropertyTextual3"
261,"http://www4.wiwiss.fu-berlin.de/bizer/bsbm/v01/vocabulary/Review","http://purl.org/dc/elements/1.1/date"
3,"http://www4.wiwiss.fu-berlin.de/bizer/bsbm/v01/instances/ProductType14","http://www4.wiwiss.fu-berlin.de/bizer/bsbm/v01/vocabulary/productPropertyNumeric1"
3,"http://www4.wiwiss.fu-berlin.de/bizer/bsbm/v01/instances/ProductType21","http://www4.wiwiss.fu-berlin.de/bizer/bsbm/v01/vocabulary/productPropertyTextual1"
3,"http://www4.wiwiss.fu-berlin.de/bizer/bsbm/v01/instances/ProductType15","http://www4.wiwiss.fu-berlin.de/bizer/bsbm/v01/vocabulary/productPropertyNumeric5"
100,"http://www4.wiwiss.fu-berlin.de/bizer/bsbm/v01/vocabulary/Product","http://www4.wiwiss.fu-berlin.de/bizer/bsbm/v01/vocabulary/productPropertyTextual2"
3,"http://www4.wiwiss.fu-berlin.de/bizer/bsbm/v01/instances/ProductType14","http://www.w3.org/2000/01/rdf-schema#label"
7,"http://www4.wiwiss.fu-berlin.de/bizer/bsbm/v01/instances/ProductType9","http://www4.wiwiss.fu-berlin.de/bizer/bsbm/v01/vocabulary/productPropertyTextual2"
14,"http://www4.wiwiss.fu-berlin.de/bizer/bsbm/v01/instances/ProductType7","http://www.w3.org/2000/01/rdf-schema#comment"
14,"http://www4.wiwiss.fu-berlin.de/bizer/bsbm/v01/instances/ProductType7","http://www4.wiwiss.fu-berlin.de/bizer/bsbm/v01/vocabulary/productPropertyNumeric1"
14,"http://www4.wiwiss.fu-berlin.de/bizer/bsbm/v01/instances/ProductType7","http://www.w3.org/2000/01/rdf-schema#label"
2,"http://www4.wiwiss.fu-berlin.de/bizer/bsbm/v01/instances/ProductType15","http://www4.wiwiss.fu-berlin.de/bizer/bsbm/v01/vocabulary/producer"
1,"http://xmlns.com/foaf/0.1/Person","http://purl.org/dc/elements/1.1/publisher"
2,"http://www4.wiwiss.fu-berlin.de/bizer/bsbm/v01/instances/ProductType14","http://www4.wiwiss.fu-berlin.de/bizer/bsbm/v01/vocabulary/producer"
2,"http://www4.wiwiss.fu-berlin.de/bizer/bsbm/v01/instances/ProductType16","http://purl.org/dc/elements/1.1/publisher"
7,"http://www4.wiwiss.fu-berlin.de/bizer/bsbm/v01/instances/ProductType13","http://www4.wiwiss.fu-berlin.de/bizer/bsbm/v01/vocabulary/productPropertyTextual2"
7,"http://www4.wiwiss.fu-berlin.de/bizer/bsbm/v01/instances/ProductType13","http://purl.org/dc/elements/1.1/date"
1,"http://xmlns.com/foaf/0.1/Person","http://www.w3.org/1999/02/22-rdf-syntax-ns#type"
95,"http://www4.wiwiss.fu-berlin.de/bizer/bsbm/v01/vocabulary/Product","http://www4.wiwiss.fu-berlin.de/bizer/bsbm/v01/vocabulary/productPropertyNumeric1"
49,"http://www4.wiwiss.fu-berlin.de/bizer/bsbm/v01/vocabulary/Product","http://www4.wiwiss.fu-berlin.de/bizer/bsbm/v01/vocabulary/productPropertyTextual4"
1,"http://www4.wiwiss.fu-berlin.de/bizer/bsbm/v01/instances/ProductType6","http://www4.wiwiss.fu-berlin.de/bizer/bsbm/v01/vocabulary/productPropertyTextual6"
8,"http://www4.wiwiss.fu-berlin.de/bizer/bsbm/v01/instances/ProductType6","http://www4.wiwiss.fu-berlin.de/bizer/bsbm/v01/vocabulary/productPropertyNumeric2"
17,"http://www4.wiwiss.fu-berlin.de/bizer/bsbm/v01/vocabulary/Product","http://www4.wiwiss.fu-berlin.de/bizer/bsbm/v01/vocabulary/productPropertyTextual6"
68,"http://www4.wiwiss.fu-berlin.de/bizer/bsbm/v01/instances/ProductType8","http://www4.wiwiss.fu-berlin.de/bizer/bsbm/v01/vocabulary/productFeature"
1,"http://www4.wiwiss.fu-berlin.de/bizer/bsbm/v01/vocabulary/Offer","http://purl.org/dc/elements/1.1/publisher"
7,"http://www4.wiwiss.fu-berlin.de/bizer/bsbm/v01/instances/ProductType17","http://www4.wiwiss.fu-berlin.de/bizer/bsbm/v01/vocabulary/productPropertyNumeric1"
9,"http://www4.wiwiss.fu-berlin.de/bizer/bsbm/v01/instances/ProductType8","http://www4.wiwiss.fu-berlin.de/bizer/bsbm/v01/vocabulary/productPropertyTextual1"
2,"http://www4.wiwiss.fu-berlin.de/bizer/bsbm/v01/instances/ProductType21","http://www4.wiwiss.fu-berlin.de/bizer/bsbm/v01/vocabulary/productPropertyTextual4"
6,"http://www4.wiwiss.fu-berlin.de/bizer/bsbm/v01/instances/ProductType12","http://www.w3.org/2000/01/rdf-schema#comment"
95,"http://www4.wiwiss.fu-berlin.de/bizer/bsbm/v01/vocabulary/Product","http://www4.wiwiss.fu-berlin.de/bizer/bsbm/v01/vocabulary/productPropertyNumeric3"
53,"http://www4.wiwiss.fu-berlin.de/bizer/bsbm/v01/vocabulary/Product","http://www4.wiwiss.fu-berlin.de/bizer/bsbm/v01/vocabulary/productPropertyNumeric5"
21,"http://www4.wiwiss.fu-berlin.de/bizer/bsbm/v01/vocabulary/ProductType","http://www.w3.org/2000/01/rdf-schema#comment"
2,"http://www4.wiwiss.fu-berlin.de/bizer/bsbm/v01/instances/ProductType9","http://www.w3.org/1999/02/22-rdf-syntax-ns#type"
10,"http://www4.wiwiss.fu-berlin.de/bizer/bsbm/v01/instances/ProductType10","http://www4.wiwiss.fu-berlin.de/bizer/bsbm/v01/vocabulary/productPropertyTextual2"
2,"http://www4.wiwiss.fu-berlin.de/bizer/bsbm/v01/instances/ProductType11","http://www4.wiwiss.fu-berlin.de/bizer/bsbm/v01/vocabulary/productPropertyTextual6"
3,"http://www4.wiwiss.fu-berlin.de/bizer/bsbm/v01/instances/ProductType11","http://www4.wiwiss.fu-berlin.de/bizer/bsbm/v01/vocabulary/productPropertyTextual4"
7,"http://www4.wiwiss.fu-berlin.de/bizer/bsbm/v01/instances/ProductType17","http://www4.wiwiss.fu-berlin.de/bizer/bsbm/v01/vocabulary/productPropertyTextual3"
5,"http://www4.wiwiss.fu-berlin.de/bizer/bsbm/v01/instances/ProductType15","http://www4.wiwiss.fu-berlin.de/bizer/bsbm/v01/vocabulary/productPropertyNumeric2"
10,"http://www4.wiwiss.fu-berlin.de/bizer/bsbm/v01/instances/ProductType10","http://www.w3.org/2000/01/rdf-schema#label"
3,"http://www4.wiwiss.fu-berlin.de/bizer/bsbm/v01/instances/ProductType21","http://www4.wiwiss.fu-berlin.de/bizer/bsbm/v01/vocabulary/productPropertyNumeric1"
98,"http://www4.wiwiss.fu-berlin.de/bizer/bsbm/v01/vocabulary/Product","http://purl.org/dc/elements/1.1/date"
8,"http://www4.wiwiss.fu-berlin.de/bizer/bsbm/v01/instances/ProductType6","http://www4.wiwiss.fu-berlin.de/bizer/bsbm/v01/vocabulary/productPropertyNumeric3"
6,"http://www4.wiwiss.fu-berlin.de/bizer/bsbm/v01/instances/ProductType16","http://www4.wiwiss.fu-berlin.de/bizer/bsbm/v01/vocabulary/productPropertyNumeric1"
100,"http://www4.wiwiss.fu-berlin.de/bizer/bsbm/v01/vocabulary/Product","http://www.w3.org/2000/01/rdf-schema#comment"
9,"http://www4.wiwiss.fu-berlin.de/bizer/bsbm/v01/instances/ProductType10","http://purl.org/dc/elements/1.1/date"
2,"http://www4.wiwiss.fu-berlin.de/bizer/bsbm/v01/instances/ProductType17","http://www4.wiwiss.fu-berlin.de/bizer/bsbm/v01/vocabulary/productPropertyNumeric4"
1,"http://www4.wiwiss.fu-berlin.de/bizer/bsbm/v01/vocabulary/Vendor","http://www.w3.org/1999/02/22-rdf-syntax-ns#type"
6,"http://www4.wiwiss.fu-berlin.de/bizer/bsbm/v01/instances/ProductType16","http://www.w3.org/2000/01/rdf-schema#comment"
10,"http://www4.wiwiss.fu-berlin.de/bizer/bsbm/v01/instances/ProductType10","http://www4.wiwiss.fu-berlin.de/bizer/bsbm/v01/vocabulary/productPropertyTextual1"
100,"http://www4.wiwiss.fu-berlin.de/bizer/bsbm/v01/vocabulary/Offer","http://www4.wiwiss.fu-berlin.de/bizer/bsbm/v01/vocabulary/product"
7,"http://www4.wiwiss.fu-berlin.de/bizer/bsbm/v01/instances/ProductType9","http://www4.wiwiss.fu-berlin.de/bizer/bsbm/v01/vocabulary/productPropertyTextual3"
1,"http://www4.wiwiss.fu-berlin.de/bizer/bsbm/v01/instances/ProductType14","http://www4.wiwiss.fu-berlin.de/bizer/bsbm/v01/vocabulary/productPropertyNumeric4"
4,"http://www4.wiwiss.fu-berlin.de/bizer/bsbm/v01/instances/ProductType8","http://www4.wiwiss.fu-berlin.de/bizer/bsbm/v01/vocabulary/productPropertyTextual4"
3,"http://www4.wiwiss.fu-berlin.de/bizer/bsbm/v01/instances/ProductType14","http://www4.wiwiss.fu-berlin.de/bizer/bsbm/v01/vocabulary/productPropertyTextual2"
2,"http://www4.wiwiss.fu-berlin.de/bizer/bsbm/v01/instances/ProductType13","http://purl.org/dc/elements/1.1/publisher"
10,"http://www4.wiwiss.fu-berlin.de/bizer/bsbm/v01/vocabulary/Review","http://www4.wiwiss.fu-berlin.de/bizer/bsbm/v01/vocabulary/rating3"
9,"http://www4.wiwiss.fu-berlin.de/bizer/bsbm/v01/instances/ProductType8","http://www4.wiwiss.fu-berlin.de/bizer/bsbm/v01/vocabulary/productPropertyTextual2"
1,"http://www4.wiwiss.fu-berlin.de/bizer/bsbm/v01/instances/ProductType13","http://www4.wiwiss.fu-berlin.de/bizer/bsbm/v01/vocabulary/productPropertyNumeric4"
3,"http://www4.wiwiss.fu-berlin.de/bizer/bsbm/v01/instances/ProductType17","http://www4.wiwiss.fu-berlin.de/bizer/bsbm/v01/vocabulary/productPropertyTextual6"
7,"http://www4.wiwiss.fu-berlin.de/bizer/bsbm/v01/instances/ProductType9","http://www4.wiwiss.fu-berlin.de/bizer/bsbm/v01/vocabulary/productPropertyTextual1"
3,"http://www4.wiwiss.fu-berlin.de/bizer/bsbm/v01/instances/ProductType8","http://www4.wiwiss.fu-berlin.de/bizer/bsbm/v01/vocabulary/producer"
6,"http://www4.wiwiss.fu-berlin.de/bizer/bsbm/v01/instances/ProductType6","http://www4.wiwiss.fu-berlin.de/bizer/bsbm/v01/vocabulary/productPropertyTextual4"
6,"http://www4.wiwiss.fu-berlin.de/bizer/bsbm/v01/instances/ProductType16","http://www4.wiwiss.fu-berlin.de/bizer/bsbm/v01/vocabulary/productPropertyNumeric5"
1,"http://www4.wiwiss.fu-berlin.de/bizer/bsbm/v01/instances/ProductType15","http://www4.wiwiss.fu-berlin.de/bizer/bsbm/v01/vocabulary/productPropertyNumeric4"
3,"http://www4.wiwiss.fu-berlin.de/bizer/bsbm/v01/instances/ProductType14","http://purl.org/dc/elements/1.1/date"
10,"http://www4.wiwiss.fu-berlin.de/bizer/bsbm/v01/vocabulary/Review","http://www4.wiwiss.fu-berlin.de/bizer/bsbm/v01/vocabulary/rating4"
7,"http://www4.wiwiss.fu-berlin.de/bizer/bsbm/v01/instances/ProductType17","http://www4.wiwiss.fu-berlin.de/bizer/bsbm/v01/vocabulary/productPropertyTextual1"
2,"http://www4.wiwiss.fu-berlin.de/bizer/bsbm/v01/instances/ProductType13","http://www.w3.org/1999/02/22-rdf-syntax-ns#type"
3,"http://www4.wiwiss.fu-berlin.de/bizer/bsbm/v01/instances/ProductType13","http://www4.wiwiss.fu-berlin.de/bizer/bsbm/v01/vocabulary/productPropertyNumeric5"
10,"http://www4.wiwiss.fu-berlin.de/bizer/bsbm/v01/instances/ProductType10","http://www4.wiwiss.fu-berlin.de/bizer/bsbm/v01/vocabulary/productPropertyNumeric2"
5,"http://www4.wiwiss.fu-berlin.de/bizer/bsbm/v01/instances/ProductType15","http://www.w3.org/2000/01/rdf-schema#comment"
3,"http://www4.wiwiss.fu-berlin.de/bizer/bsbm/v01/instances/ProductType9","http://purl.org/dc/elements/1.1/publisher"
3,"http://www4.wiwiss.fu-berlin.de/bizer/bsbm/v01/instances/ProductType21","http://www.w3.org/2000/01/rdf-schema#label"
97,"http://www4.wiwiss.fu-berlin.de/bizer/bsbm/v01/vocabulary/Offer","http://purl.org/dc/elements/1.1/date"
3,"http://www4.wiwiss.fu-berlin.de/bizer/bsbm/v01/instances/ProductType12","http://www4.wiwiss.fu-berlin.de/bizer/bsbm/v01/vocabulary/productPropertyNumeric4"
3,"http://www4.wiwiss.fu-berlin.de/bizer/bsbm/v01/vocabulary/Producer","http://purl.org/dc/elements/1.1/date"
5,"http://www4.wiwiss.fu-berlin.de/bizer/bsbm/v01/instances/ProductType15","http://www4.wiwiss.fu-berlin.de/bizer/bsbm/v01/vocabulary/productPropertyTextual2"
7,"http://www4.wiwiss.fu-berlin.de/bizer/bsbm/v01/instances/ProductType11","http://www4.wiwiss.fu-berlin.de/bizer/bsbm/v01/vocabulary/productPropertyTextual1"
2,"http://www4.wiwiss.fu-berlin.de/bizer/bsbm/v01/instances/ProductType7","http://www4.wiwiss.fu-berlin.de/bizer/bsbm/v01/vocabulary/productPropertyTextual6"
3,"http://www4.wiwiss.fu-berlin.de/bizer/bsbm/v01/instances/ProductType8","http://purl.org/dc/elements/1.1/publisher"
1,"http://www4.wiwiss.fu-berlin.de/bizer/bsbm/v01/instances/ProductType21","http://www4.wiwiss.fu-berlin.de/bizer/bsbm/v01/vocabulary/productPropertyTextual6"
65,"http://www4.wiwiss.fu-berlin.de/bizer/bsbm/v01/instances/ProductType14","http://www4.wiwiss.fu-berlin.de/bizer/bsbm/v01/vocabulary/productFeature"
14,"http://www4.wiwiss.fu-berlin.de/bizer/bsbm/v01/instances/ProductType7","http://www4.wiwiss.fu-berlin.de/bizer/bsbm/v01/vocabulary/productPropertyTextual1"
2,"http://www4.wiwiss.fu-berlin.de/bizer/bsbm/v01/instances/ProductType16","http://www.w3.org/1999/02/22-rdf-syntax-ns#type"
5,"http://www4.wiwiss.fu-berlin.de/bizer/bsbm/v01/instances/ProductType15","http://www4.wiwiss.fu-berlin.de/bizer/bsbm/v01/vocabulary/productPropertyNumeric1"
6,"http://www4.wiwiss.fu-berlin.de/bizer/bsbm/v01/instances/ProductType12","http://purl.org/dc/elements/1.1/date"
2,"http://www4.wiwiss.fu-berlin.de/bizer/bsbm/v01/instances/ProductType21","http://www.w3.org/1999/02/22-rdf-syntax-ns#type"
3,"http://www4.wiwiss.fu-berlin.de/bizer/bsbm/v01/instances/ProductType18","http://purl.org/dc/elements/1.1/publisher"
14,"http://www4.wiwiss.fu-berlin.de/bizer/bsbm/v01/instances/ProductType7","http://www4.wiwiss.fu-berlin.de/bizer/bsbm/v01/vocabulary/productPropertyNumeric3"
5,"http://www4.wiwiss.fu-berlin.de/bizer/bsbm/v01/vocabulary/ProductType","http://www.w3.org/2000/01/rdf-schema#subClassOf"
9,"http://www4.wiwiss.fu-berlin.de/bizer/bsbm/v01/instances/ProductType7","http://www4.wiwiss.fu-berlin.de/bizer/bsbm/v01/vocabulary/productPropertyTextual5"
4,"http://www4.wiwiss.fu-berlin.de/bizer/bsbm/v01/instances/ProductType11","http://www4.wiwiss.fu-berlin.de/bizer/bsbm/v01/vocabulary/productPropertyNumeric5"
10,"http://www4.wiwiss.fu-berlin.de/bizer/bsbm/v01/instances/ProductType10","http://www4.wiwiss.fu-berlin.de/bizer/bsbm/v01/vocabulary/productPropertyNumeric1"
50,"http://www4.wiwiss.fu-berlin.de/bizer/bsbm/v01/vocabulary/Review","http://purl.org/stuff/rev#reviewer"
7,"http://www4.wiwiss.fu-berlin.de/bizer/bsbm/v01/instances/ProductType17","http://www.w3.org/2000/01/rdf-schema#label"
8,"http://www4.wiwiss.fu-berlin.de/bizer/bsbm/v01/instances/ProductType6","http://www.w3.org/2000/01/rdf-schema#comment"
1,"http://www4.wiwiss.fu-berlin.de/bizer/bsbm/v01/vocabulary/Vendor","http://purl.org/dc/elements/1.1/publisher"
6,"http://www4.wiwiss.fu-berlin.de/bizer/bsbm/v01/instances/ProductType6","http://www4.wiwiss.fu-berlin.de/bizer/bsbm/v01/vocabulary/productPropertyNumeric4"
2,"http://www4.wiwiss.fu-berlin.de/bizer/bsbm/v01/instances/ProductType21","http://www4.wiwiss.fu-berlin.de/bizer/bsbm/v01/vocabulary/productPropertyNumeric4"
7,"http://www4.wiwiss.fu-berlin.de/bizer/bsbm/v01/instances/ProductType11","http://www4.wiwiss.fu-berlin.de/bizer/bsbm/v01/vocabulary/productPropertyNumeric3"
2,"http://www4.wiwiss.fu-berlin.de/bizer/bsbm/v01/instances/ProductType10","http://www4.wiwiss.fu-berlin.de/bizer/bsbm/v01/vocabulary/productPropertyNumeric6"
7,"http://www4.wiwiss.fu-berlin.de/bizer/bsbm/v01/instances/ProductType17","http://purl.org/dc/elements/1.1/date"
1,"http://www4.wiwiss.fu-berlin.de/bizer/bsbm/v01/vocabulary/Vendor","http://www4.wiwiss.fu-berlin.de/bizer/bsbm/v01/vocabulary/country"
2,"http://www4.wiwiss.fu-berlin.de/bizer/bsbm/v01/instances/ProductType14","http://purl.org/dc/elements/1.1/publisher"
7,"http://www4.wiwiss.fu-berlin.de/bizer/bsbm/v01/instances/ProductType11","http://www.w3.org/2000/01/rdf-schema#comment"
4,"http://www4.wiwiss.fu-berlin.de/bizer/bsbm/v01/instances/ProductType9","http://www4.wiwiss.fu-berlin.de/bizer/bsbm/v01/vocabulary/productPropertyTextual4"
5,"http://www4.wiwiss.fu-berlin.de/bizer/bsbm/v01/instances/ProductType16","http://www4.wiwiss.fu-berlin.de/bizer/bsbm/v01/vocabulary/productPropertyTextual4"
7,"http://www4.wiwiss.fu-berlin.de/bizer/bsbm/v01/instances/ProductType9","http://www4.wiwiss.fu-berlin.de/bizer/bsbm/v01/vocabulary/productPropertyNumeric2"
2,"http://www4.wiwiss.fu-berlin.de/bizer/bsbm/v01/instances/ProductType11","http://purl.org/dc/elements/1.1/publisher"
10,"http://www4.wiwiss.fu-berlin.de/bizer/bsbm/v01/vocabulary/Review","http://www4.wiwiss.fu-berlin.de/bizer/bsbm/v01/vocabulary/rating2"
8,"http://www4.wiwiss.fu-berlin.de/bizer/bsbm/v01/instances/ProductType18","http://www4.wiwiss.fu-berlin.de/bizer/bsbm/v01/vocabulary/productPropertyNumeric2"
14,"http://www4.wiwiss.fu-berlin.de/bizer/bsbm/v01/instances/ProductType7","http://www4.wiwiss.fu-berlin.de/bizer/bsbm/v01/vocabulary/productPropertyNumeric2"
7,"http://www4.wiwiss.fu-berlin.de/bizer/bsbm/v01/instances/ProductType13","http://www4.wiwiss.fu-berlin.de/bizer/bsbm/v01/vocabulary/productPropertyNumeric1"
7,"http://www4.wiwiss.fu-berlin.de/bizer/bsbm/v01/instances/ProductType13","http://www4.wiwiss.fu-berlin.de/bizer/bsbm/v01/vocabulary/productPropertyTextual1"
5,"http://www4.wiwiss.fu-berlin.de/bizer/bsbm/v01/instances/ProductType9","http://www4.wiwiss.fu-berlin.de/bizer/bsbm/v01/vocabulary/productPropertyTextual5"
2000,"http://www4.wiwiss.fu-berlin.de/bizer/bsbm/v01/vocabulary/Offer","http://www4.wiwiss.fu-berlin.de/bizer/bsbm/v01/vocabulary/offerWebpage"
7,"http://www4.wiwiss.fu-berlin.de/bizer/bsbm/v01/instances/ProductType13","http://www4.wiwiss.fu-berlin.de/bizer/bsbm/v01/vocabulary/productPropertyNumeric2"
2,"http://www4.wiwiss.fu-berlin.de/bizer/bsbm/v01/instances/ProductType7","http://www4.wiwiss.fu-berlin.de/bizer/bsbm/v01/vocabulary/producer"
10,"http://www4.wiwiss.fu-berlin.de/bizer/bsbm/v01/instances/ProductType10","http://www.w3.org/2000/01/rdf-schema#comment"
7,"http://www4.wiwiss.fu-berlin.de/bizer/bsbm/v01/instances/ProductType9","http://www4.wiwiss.fu-berlin.de/bizer/bsbm/v01/vocabulary/productPropertyNumeric3"
15,"http://www4.wiwiss.fu-berlin.de/bizer/bsbm/v01/vocabulary/Product","http://www.w3.org/1999/02/22-rdf-syntax-ns#type"
7,"http://www4.wiwiss.fu-berlin.de/bizer/bsbm/v01/instances/ProductType17","http://www.w3.org/2000/01/rdf-schema#comment"

