count,c
19,http://www4.wiwiss.fu-berlin.de/bizer/bsbm/v01/instances/ProductType69
19,http://www4.wiwiss.fu-berlin.de/bizer/bsbm/v01/instances/ProductType57
19,http://www4.wiwiss.fu-berlin.de/bizer/bsbm/v01/instances/ProductType45
18,http://www4.wiwiss.fu-berlin.de/bizer/bsbm/v01/instances/ProductType121
19,http://www4.wiwiss.fu-berlin.de/bizer/bsbm/v01/instances/ProductType33
19,http://www4.wiwiss.fu-berlin.de/bizer/bsbm/v01/instances/ProductType133
19,http://www4.wiwiss.fu-berlin.de/bizer/bsbm/v01/instances/ProductType29
19,http://www4.wiwiss.fu-berlin.de/bizer/bsbm/v01/instances/ProductType17
19,http://www4.wiwiss.fu-berlin.de/bizer/bsbm/v01/instances/ProductType9
19,http://www4.wiwiss.fu-berlin.de/bizer/bsbm/v01/instances/ProductType61
18,http://www4.wiwiss.fu-berlin.de/bizer/bsbm/v01/instances/ProductType106
19,http://www4.wiwiss.fu-berlin.de/bizer/bsbm/v01/instances/ProductType118
6,http://xmlns.com/foaf/0.1/Person
17,http://www4.wiwiss.fu-berlin.de/bizer/bsbm/v01/instances/ProductType134
19,http://www4.wiwiss.fu-berlin.de/bizer/bsbm/v01/instances/ProductType21
19,http://www4.wiwiss.fu-berlin.de/bizer/bsbm/v01/instances/ProductType146
19,http://www4.wiwiss.fu-berlin.de/bizer/bsbm/v01/instances/ProductType97
19,http://www4.wiwiss.fu-berlin.de/bizer/bsbm/v01/instances/ProductType85
19,http://www4.wiwiss.fu-berlin.de/bizer/bsbm/v01/instances/ProductType73
19,http://www4.wiwiss.fu-berlin.de/bizer/bsbm/v01/instances/ProductType68
19,http://www4.wiwiss.fu-berlin.de/bizer/bsbm/v01/instances/ProductType120
19,http://www4.wiwiss.fu-berlin.de/bizer/bsbm/v01/instances/ProductType56
19,http://www4.wiwiss.fu-berlin.de/bizer/bsbm/v01/instances/ProductType132
18,http://www4.wiwiss.fu-berlin.de/bizer/bsbm/v01/instances/ProductType44
19,http://www4.wiwiss.fu-berlin.de/bizer/bsbm/v01/instances/ProductType144
19,http://www4.wiwiss.fu-berlin.de/bizer/bsbm/v01/instances/ProductType28
19,http://www4.wiwiss.fu-berlin.de/bizer/bsbm/v01/instances/ProductType16
5,http://www4.wiwiss.fu-berlin.de/bizer/bsbm/v01/vocabulary/ProductFeature
19,http://www4.wiwiss.fu-berlin.de/bizer/bsbm/v01/instances/ProductType8
19,http://www4.wiwiss.fu-berlin.de/bizer/bsbm/v01/instances/ProductType72
18,http://www4.wiwiss.fu-berlin.de/bizer/bsbm/v01/instances/ProductType105
18,http://www4.wiwiss.fu-berlin.de/bizer/bsbm/v01/instances/ProductType117
19,http://www4.wiwiss.fu-berlin.de/bizer/bsbm/v01/instances/ProductType60
17,http://www4.wiwiss.fu-berlin.de/bizer/bsbm/v01/instances/ProductType129
19,http://www4.wiwiss.fu-berlin.de/bizer/bsbm/v01/instances/ProductType32
19,http://www4.wiwiss.fu-berlin.de/bizer/bsbm/v01/instances/ProductType20
19,http://www4.wiwiss.fu-berlin.de/bizer/bsbm/v01/instances/ProductType96
18,http://www4.wiwiss.fu-berlin.de/bizer/bsbm/v01/instances/ProductType84
18,http://www4.wiwiss.fu-berlin.de/bizer/bsbm/v01/instances/ProductType47
19,http://www4.wiwiss.fu-berlin.de/bizer/bsbm/v01/instances/ProductType35
19,http://www4.wiwiss.fu-berlin.de/bizer/bsbm/v01/instances/ProductType23
19,http://www4.wiwiss.fu-berlin.de/bizer/bsbm/v01/instances/ProductType11
19,http://www4.wiwiss.fu-berlin.de/bizer/bsbm/v01/instances/ProductType99
19,http://www4.wiwiss.fu-berlin.de/bizer/bsbm/v01/instances/ProductType111
19,http://www4.wiwiss.fu-berlin.de/bizer/bsbm/v01/instances/ProductType59
15,http://www4.wiwiss.fu-berlin.de/bizer/bsbm/v01/instances/ProductType151
19,http://www4.wiwiss.fu-berlin.de/bizer/bsbm/v01/instances/ProductType19
19,http://www4.wiwiss.fu-berlin.de/bizer/bsbm/v01/instances/ProductType7
19,http://www4.wiwiss.fu-berlin.de/bizer/bsbm/v01/instances/ProductType108
19,http://www4.wiwiss.fu-berlin.de/bizer/bsbm/v01/instances/ProductType91
19,http://www4.wiwiss.fu-berlin.de/bizer/bsbm/v01/instances/ProductType87
19,http://www4.wiwiss.fu-berlin.de/bizer/bsbm/v01/instances/ProductType112
19,http://www4.wiwiss.fu-berlin.de/bizer/bsbm/v01/instances/ProductType75
19,http://www4.wiwiss.fu-berlin.de/bizer/bsbm/v01/instances/ProductType124
19,http://www4.wiwiss.fu-berlin.de/bizer/bsbm/v01/instances/ProductType136
19,http://www4.wiwiss.fu-berlin.de/bizer/bsbm/v01/instances/ProductType63
17,http://www4.wiwiss.fu-berlin.de/bizer/bsbm/v01/instances/ProductType148
19,http://www4.wiwiss.fu-berlin.de/bizer/bsbm/v01/instances/ProductType51
19,http://www4.wiwiss.fu-berlin.de/bizer/bsbm/v01/instances/ProductType58
19,http://www4.wiwiss.fu-berlin.de/bizer/bsbm/v01/instances/ProductType46
19,http://www4.wiwiss.fu-berlin.de/bizer/bsbm/v01/instances/ProductType34
19,http://www4.wiwiss.fu-berlin.de/bizer/bsbm/v01/instances/ProductType110
19,http://www4.wiwiss.fu-berlin.de/bizer/bsbm/v01/instances/ProductType22
19,http://www4.wiwiss.fu-berlin.de/bizer/bsbm/v01/instances/ProductType122
19,http://www4.wiwiss.fu-berlin.de/bizer/bsbm/v01/instances/ProductType18
14,http://www4.wiwiss.fu-berlin.de/bizer/bsbm/v01/instances/ProductType150
7,http://www4.wiwiss.fu-berlin.de/bizer/bsbm/v01/vocabulary/Vendor
19,http://www4.wiwiss.fu-berlin.de/bizer/bsbm/v01/instances/ProductType90
19,http://www4.wiwiss.fu-berlin.de/bizer/bsbm/v01/instances/ProductType6
18,http://www4.wiwiss.fu-berlin.de/bizer/bsbm/v01/instances/ProductType50
19,http://www4.wiwiss.fu-berlin.de/bizer/bsbm/v01/instances/ProductType107
19,http://www4.wiwiss.fu-berlin.de/bizer/bsbm/v01/instances/ProductType119
19,http://www4.wiwiss.fu-berlin.de/bizer/bsbm/v01/instances/ProductType98
19,http://www4.wiwiss.fu-berlin.de/bizer/bsbm/v01/instances/ProductType123
19,http://www4.wiwiss.fu-berlin.de/bizer/bsbm/v01/instances/ProductType10
19,http://www4.wiwiss.fu-berlin.de/bizer/bsbm/v01/instances/ProductType86
18,http://www4.wiwiss.fu-berlin.de/bizer/bsbm/v01/instances/ProductType135
19,http://www4.wiwiss.fu-berlin.de/bizer/bsbm/v01/instances/ProductType74
17,http://www4.wiwiss.fu-berlin.de/bizer/bsbm/v01/instances/ProductType147
19,http://www4.wiwiss.fu-berlin.de/bizer/bsbm/v01/instances/ProductType62
19,http://www4.wiwiss.fu-berlin.de/bizer/bsbm/v01/instances/ProductType25
15,http://www4.wiwiss.fu-berlin.de/bizer/bsbm/v01/instances/ProductType141
19,http://www4.wiwiss.fu-berlin.de/bizer/bsbm/v01/instances/ProductType13
19,http://www4.wiwiss.fu-berlin.de/bizer/bsbm/v01/instances/ProductType89
18,http://www4.wiwiss.fu-berlin.de/bizer/bsbm/v01/instances/ProductType77
19,http://www4.wiwiss.fu-berlin.de/bizer/bsbm/v01/instances/ProductType49
19,http://www4.wiwiss.fu-berlin.de/bizer/bsbm/v01/instances/ProductType37
19,http://www4.wiwiss.fu-berlin.de/bizer/bsbm/v01/vocabulary/Product
6,http://www4.wiwiss.fu-berlin.de/bizer/bsbm/v01/vocabulary/ProductType
19,http://www4.wiwiss.fu-berlin.de/bizer/bsbm/v01/instances/ProductType5
18,http://www4.wiwiss.fu-berlin.de/bizer/bsbm/v01/instances/ProductType138
19,http://www4.wiwiss.fu-berlin.de/bizer/bsbm/v01/instances/ProductType93
17,http://www4.wiwiss.fu-berlin.de/bizer/bsbm/v01/instances/ProductType81
19,http://www4.wiwiss.fu-berlin.de/bizer/bsbm/v01/instances/ProductType65
12,http://www4.wiwiss.fu-berlin.de/bizer/bsbm/v01/vocabulary/Review
19,http://www4.wiwiss.fu-berlin.de/bizer/bsbm/v01/instances/ProductType53
19,http://www4.wiwiss.fu-berlin.de/bizer/bsbm/v01/instances/ProductType102
19,http://www4.wiwiss.fu-berlin.de/bizer/bsbm/v01/instances/ProductType41
19,http://www4.wiwiss.fu-berlin.de/bizer/bsbm/v01/instances/ProductType114
19,http://www4.wiwiss.fu-berlin.de/bizer/bsbm/v01/instances/ProductType126
19,http://www4.wiwiss.fu-berlin.de/bizer/bsbm/v01/instances/ProductType36
19,http://www4.wiwiss.fu-berlin.de/bizer/bsbm/v01/instances/ProductType24
19,http://www4.wiwiss.fu-berlin.de/bizer/bsbm/v01/instances/ProductType12
19,http://www4.wiwiss.fu-berlin.de/bizer/bsbm/v01/instances/ProductType88
19,http://www4.wiwiss.fu-berlin.de/bizer/bsbm/v01/instances/ProductType100
19,http://www4.wiwiss.fu-berlin.de/bizer/bsbm/v01/instances/ProductType48
18,http://www4.wiwiss.fu-berlin.de/bizer/bsbm/v01/instances/ProductType140
19,http://www4.wiwiss.fu-berlin.de/bizer/bsbm/v01/instances/ProductType4
19,http://www4.wiwiss.fu-berlin.de/bizer/bsbm/v01/instances/ProductType109
17,http://www4.wiwiss.fu-berlin.de/bizer/bsbm/v01/instances/ProductType149
19,http://www4.wiwiss.fu-berlin.de/bizer/bsbm/v01/instances/ProductType92
19,http://www4.wiwiss.fu-berlin.de/bizer/bsbm/v01/instances/ProductType80
19,http://www4.wiwiss.fu-berlin.de/bizer/bsbm/v01/instances/ProductType101
19,http://www4.wiwiss.fu-berlin.de/bizer/bsbm/v01/instances/ProductType76
19,http://www4.wiwiss.fu-berlin.de/bizer/bsbm/v01/instances/ProductType113
19,http://www4.wiwiss.fu-berlin.de/bizer/bsbm/v01/instances/ProductType64
19,http://www4.wiwiss.fu-berlin.de/bizer/bsbm/v01/instances/ProductType125
19,http://www4.wiwiss.fu-berlin.de/bizer/bsbm/v01/instances/ProductType52
13,http://www4.wiwiss.fu-berlin.de/bizer/bsbm/v01/instances/ProductType137
19,http://www4.wiwiss.fu-berlin.de/bizer/bsbm/v01/instances/ProductType40
17,http://www4.wiwiss.fu-berlin.de/bizer/bsbm/v01/instances/ProductType131
19,http://www4.wiwiss.fu-berlin.de/bizer/bsbm/v01/instances/ProductType79
17,http://www4.wiwiss.fu-berlin.de/bizer/bsbm/v01/instances/ProductType143
10,http://www4.wiwiss.fu-berlin.de/bizer/bsbm/v01/vocabulary/Offer
19,http://www4.wiwiss.fu-berlin.de/bizer/bsbm/v01/instances/ProductType67
15,http://www4.wiwiss.fu-berlin.de/bizer/bsbm/v01/instances/ProductType55
19,http://www4.wiwiss.fu-berlin.de/bizer/bsbm/v01/instances/ProductType39
19,http://www4.wiwiss.fu-berlin.de/bizer/bsbm/v01/instances/ProductType27
19,http://www4.wiwiss.fu-berlin.de/bizer/bsbm/v01/instances/ProductType15
19,http://www4.wiwiss.fu-berlin.de/bizer/bsbm/v01/instances/ProductType3
17,http://www4.wiwiss.fu-berlin.de/bizer/bsbm/v01/instances/ProductType116
19,http://www4.wiwiss.fu-berlin.de/bizer/bsbm/v01/instances/ProductType83
7,http://www4.wiwiss.fu-berlin.de/bizer/bsbm/v01/vocabulary/Producer
19,http://www4.wiwiss.fu-berlin.de/bizer/bsbm/v01/instances/ProductType71
18,http://www4.wiwiss.fu-berlin.de/bizer/bsbm/v01/instances/ProductType128
19,http://www4.wiwiss.fu-berlin.de/bizer/bsbm/v01/instances/ProductType43
19,http://www4.wiwiss.fu-berlin.de/bizer/bsbm/v01/instances/ProductType31
19,http://www4.wiwiss.fu-berlin.de/bizer/bsbm/v01/instances/ProductType104
19,http://www4.wiwiss.fu-berlin.de/bizer/bsbm/v01/instances/ProductType95
19,http://www4.wiwiss.fu-berlin.de/bizer/bsbm/v01/instances/ProductType14
19,http://www4.wiwiss.fu-berlin.de/bizer/bsbm/v01/instances/ProductType130
19,http://www4.wiwiss.fu-berlin.de/bizer/bsbm/v01/instances/ProductType142
19,http://www4.wiwiss.fu-berlin.de/bizer/bsbm/v01/instances/ProductType78
19,http://www4.wiwiss.fu-berlin.de/bizer/bsbm/v01/instances/ProductType66
18,http://www4.wiwiss.fu-berlin.de/bizer/bsbm/v01/instances/ProductType38
19,http://www4.wiwiss.fu-berlin.de/bizer/bsbm/v01/instances/ProductType26
19,http://www4.wiwiss.fu-berlin.de/bizer/bsbm/v01/instances/ProductType1
19,http://www4.wiwiss.fu-berlin.de/bizer/bsbm/v01/instances/ProductType2
19,http://www4.wiwiss.fu-berlin.de/bizer/bsbm/v01/instances/ProductType127
19,http://www4.wiwiss.fu-berlin.de/bizer/bsbm/v01/instances/ProductType94
19,http://www4.wiwiss.fu-berlin.de/bizer/bsbm/v01/instances/ProductType82
19,http://www4.wiwiss.fu-berlin.de/bizer/bsbm/v01/instances/ProductType139
19,http://www4.wiwiss.fu-berlin.de/bizer/bsbm/v01/instances/ProductType70
17,http://www4.wiwiss.fu-berlin.de/bizer/bsbm/v01/instances/ProductType54
19,http://www4.wiwiss.fu-berlin.de/bizer/bsbm/v01/instances/ProductType42
18,http://www4.wiwiss.fu-berlin.de/bizer/bsbm/v01/instances/ProductType103
19,http://www4.wiwiss.fu-berlin.de/bizer/bsbm/v01/instances/ProductType30
19,http://www4.wiwiss.fu-berlin.de/bizer/bsbm/v01/instances/ProductType115
