"count","p","oType"
91,"http://www4.wiwiss.fu-berlin.de/bizer/bsbm/v01/vocabulary/reviewFor","http://www4.wiwiss.fu-berlin.de/bizer/bsbm/v01/instances/ProductType110"
147,"http://www4.wiwiss.fu-berlin.de/bizer/bsbm/v01/vocabulary/product","http://www4.wiwiss.fu-berlin.de/bizer/bsbm/v01/instances/ProductType110"
220,"http://www4.wiwiss.fu-berlin.de/bizer/bsbm/v01/vocabulary/reviewFor","http://www4.wiwiss.fu-berlin.de/bizer/bsbm/v01/instances/ProductType57"
79,"http://www4.wiwiss.fu-berlin.de/bizer/bsbm/v01/vocabulary/reviewFor","http://www4.wiwiss.fu-berlin.de/bizer/bsbm/v01/instances/ProductType85"
226,"http://www4.wiwiss.fu-berlin.de/bizer/bsbm/v01/vocabulary/reviewFor","http://www4.wiwiss.fu-berlin.de/bizer/bsbm/v01/instances/ProductType80"
89,"http://www4.wiwiss.fu-berlin.de/bizer/bsbm/v01/vocabulary/reviewFor","http://www4.wiwiss.fu-berlin.de/bizer/bsbm/v01/instances/ProductType100"
45,"http://www4.wiwiss.fu-berlin.de/bizer/bsbm/v01/vocabulary/reviewFor","http://www4.wiwiss.fu-berlin.de/bizer/bsbm/v01/instances/ProductType131"
185,"http://www4.wiwiss.fu-berlin.de/bizer/bsbm/v01/vocabulary/product","http://www4.wiwiss.fu-berlin.de/bizer/bsbm/v01/instances/ProductType58"
250,"http://www4.wiwiss.fu-berlin.de/bizer/bsbm/v01/vocabulary/product","http://www4.wiwiss.fu-berlin.de/bizer/bsbm/v01/instances/ProductType107"
219,"http://www4.wiwiss.fu-berlin.de/bizer/bsbm/v01/vocabulary/product","http://www4.wiwiss.fu-berlin.de/bizer/bsbm/v01/instances/ProductType91"
35,"http://www4.wiwiss.fu-berlin.de/bizer/bsbm/v01/vocabulary/product","http://www4.wiwiss.fu-berlin.de/bizer/bsbm/v01/instances/ProductType150"
86,"http://www4.wiwiss.fu-berlin.de/bizer/bsbm/v01/vocabulary/product","http://www4.wiwiss.fu-berlin.de/bizer/bsbm/v01/instances/ProductType135"
218,"http://www4.wiwiss.fu-berlin.de/bizer/bsbm/v01/vocabulary/product","http://www4.wiwiss.fu-berlin.de/bizer/bsbm/v01/instances/ProductType104"
261,"http://www4.wiwiss.fu-berlin.de/bizer/bsbm/v01/vocabulary/product","http://www4.wiwiss.fu-berlin.de/bizer/bsbm/v01/instances/ProductType120"
7,"http://www4.wiwiss.fu-berlin.de/bizer/bsbm/v01/vocabulary/reviewFor","http://www4.wiwiss.fu-berlin.de/bizer/bsbm/v01/instances/ProductType137"
378,"http://www4.wiwiss.fu-berlin.de/bizer/bsbm/v01/vocabulary/product","http://www4.wiwiss.fu-berlin.de/bizer/bsbm/v01/instances/ProductType86"
226,"http://www4.wiwiss.fu-berlin.de/bizer/bsbm/v01/vocabulary/product","http://www4.wiwiss.fu-berlin.de/bizer/bsbm/v01/instances/ProductType78"
122,"http://www4.wiwiss.fu-berlin.de/bizer/bsbm/v01/vocabulary/reviewFor","http://www4.wiwiss.fu-berlin.de/bizer/bsbm/v01/instances/ProductType107"
21,"http://www4.wiwiss.fu-berlin.de/bizer/bsbm/v01/vocabulary/reviewFor","http://www4.wiwiss.fu-berlin.de/bizer/bsbm/v01/instances/ProductType116"
97,"http://www4.wiwiss.fu-berlin.de/bizer/bsbm/v01/vocabulary/reviewFor","http://www4.wiwiss.fu-berlin.de/bizer/bsbm/v01/instances/ProductType63"
122,"http://www4.wiwiss.fu-berlin.de/bizer/bsbm/v01/vocabulary/reviewFor","http://www4.wiwiss.fu-berlin.de/bizer/bsbm/v01/instances/ProductType97"
167,"http://www4.wiwiss.fu-berlin.de/bizer/bsbm/v01/vocabulary/reviewFor","http://www4.wiwiss.fu-berlin.de/bizer/bsbm/v01/instances/ProductType62"
218,"http://www4.wiwiss.fu-berlin.de/bizer/bsbm/v01/vocabulary/reviewFor","http://www4.wiwiss.fu-berlin.de/bizer/bsbm/v01/instances/ProductType101"
339,"http://www4.wiwiss.fu-berlin.de/bizer/bsbm/v01/vocabulary/product","http://www4.wiwiss.fu-berlin.de/bizer/bsbm/v01/instances/ProductType56"
175,"http://www4.wiwiss.fu-berlin.de/bizer/bsbm/v01/vocabulary/product","http://www4.wiwiss.fu-berlin.de/bizer/bsbm/v01/instances/ProductType85"
94,"http://www4.wiwiss.fu-berlin.de/bizer/bsbm/v01/vocabulary/product","http://www4.wiwiss.fu-berlin.de/bizer/bsbm/v01/instances/ProductType131"
161,"http://www4.wiwiss.fu-berlin.de/bizer/bsbm/v01/vocabulary/reviewFor","http://www4.wiwiss.fu-berlin.de/bizer/bsbm/v01/instances/ProductType114"
119,"http://www4.wiwiss.fu-berlin.de/bizer/bsbm/v01/vocabulary/reviewFor","http://www4.wiwiss.fu-berlin.de/bizer/bsbm/v01/instances/ProductType96"
60,"http://www4.wiwiss.fu-berlin.de/bizer/bsbm/v01/vocabulary/reviewFor","http://www4.wiwiss.fu-berlin.de/bizer/bsbm/v01/instances/ProductType136"
130,"http://www4.wiwiss.fu-berlin.de/bizer/bsbm/v01/vocabulary/reviewFor","http://www4.wiwiss.fu-berlin.de/bizer/bsbm/v01/instances/ProductType79"
84,"http://www4.wiwiss.fu-berlin.de/bizer/bsbm/v01/vocabulary/product","http://www4.wiwiss.fu-berlin.de/bizer/bsbm/v01/instances/ProductType142"
220,"http://www4.wiwiss.fu-berlin.de/bizer/bsbm/v01/vocabulary/product","http://www4.wiwiss.fu-berlin.de/bizer/bsbm/v01/instances/ProductType112"
44,"http://www4.wiwiss.fu-berlin.de/bizer/bsbm/v01/vocabulary/reviewFor","http://www4.wiwiss.fu-berlin.de/bizer/bsbm/v01/instances/ProductType118"
29,"http://www4.wiwiss.fu-berlin.de/bizer/bsbm/v01/vocabulary/reviewFor","http://www4.wiwiss.fu-berlin.de/bizer/bsbm/v01/instances/ProductType119"
65,"http://www4.wiwiss.fu-berlin.de/bizer/bsbm/v01/vocabulary/reviewFor","http://www4.wiwiss.fu-berlin.de/bizer/bsbm/v01/instances/ProductType130"
203,"http://www4.wiwiss.fu-berlin.de/bizer/bsbm/v01/vocabulary/reviewFor","http://www4.wiwiss.fu-berlin.de/bizer/bsbm/v01/instances/ProductType69"
149,"http://www4.wiwiss.fu-berlin.de/bizer/bsbm/v01/vocabulary/reviewFor","http://www4.wiwiss.fu-berlin.de/bizer/bsbm/v01/instances/ProductType81"
85,"http://www4.wiwiss.fu-berlin.de/bizer/bsbm/v01/vocabulary/product","http://www4.wiwiss.fu-berlin.de/bizer/bsbm/v01/instances/ProductType132"
323,"http://www4.wiwiss.fu-berlin.de/bizer/bsbm/v01/vocabulary/product","http://www4.wiwiss.fu-berlin.de/bizer/bsbm/v01/instances/ProductType62"
195,"http://www4.wiwiss.fu-berlin.de/bizer/bsbm/v01/vocabulary/product","http://www4.wiwiss.fu-berlin.de/bizer/bsbm/v01/instances/ProductType93"
336,"http://www4.wiwiss.fu-berlin.de/bizer/bsbm/v01/vocabulary/product","http://www4.wiwiss.fu-berlin.de/bizer/bsbm/v01/instances/ProductType90"
304,"http://www4.wiwiss.fu-berlin.de/bizer/bsbm/v01/vocabulary/product","http://www4.wiwiss.fu-berlin.de/bizer/bsbm/v01/instances/ProductType64"
96,"http://www4.wiwiss.fu-berlin.de/bizer/bsbm/v01/vocabulary/reviewFor","http://www4.wiwiss.fu-berlin.de/bizer/bsbm/v01/instances/ProductType59"
228,"http://www4.wiwiss.fu-berlin.de/bizer/bsbm/v01/vocabulary/product","http://www4.wiwiss.fu-berlin.de/bizer/bsbm/v01/instances/ProductType111"
88,"http://www4.wiwiss.fu-berlin.de/bizer/bsbm/v01/vocabulary/product","http://www4.wiwiss.fu-berlin.de/bizer/bsbm/v01/instances/ProductType147"
130,"http://www4.wiwiss.fu-berlin.de/bizer/bsbm/v01/vocabulary/reviewFor","http://www4.wiwiss.fu-berlin.de/bizer/bsbm/v01/instances/ProductType104"
107,"http://www4.wiwiss.fu-berlin.de/bizer/bsbm/v01/vocabulary/product","http://www4.wiwiss.fu-berlin.de/bizer/bsbm/v01/instances/ProductType139"
182,"http://www4.wiwiss.fu-berlin.de/bizer/bsbm/v01/vocabulary/reviewFor","http://www4.wiwiss.fu-berlin.de/bizer/bsbm/v01/instances/ProductType86"
108,"http://www4.wiwiss.fu-berlin.de/bizer/bsbm/v01/vocabulary/reviewFor","http://www4.wiwiss.fu-berlin.de/bizer/bsbm/v01/instances/ProductType83"
165,"http://www4.wiwiss.fu-berlin.de/bizer/bsbm/v01/vocabulary/product","http://www4.wiwiss.fu-berlin.de/bizer/bsbm/v01/instances/ProductType125"
214,"http://www4.wiwiss.fu-berlin.de/bizer/bsbm/v01/vocabulary/reviewFor","http://www4.wiwiss.fu-berlin.de/bizer/bsbm/v01/instances/ProductType60"
137,"http://www4.wiwiss.fu-berlin.de/bizer/bsbm/v01/vocabulary/reviewFor","http://www4.wiwiss.fu-berlin.de/bizer/bsbm/v01/instances/ProductType71"
139,"http://www4.wiwiss.fu-berlin.de/bizer/bsbm/v01/vocabulary/reviewFor","http://www4.wiwiss.fu-berlin.de/bizer/bsbm/v01/instances/ProductType109"
311,"http://www4.wiwiss.fu-berlin.de/bizer/bsbm/v01/vocabulary/product","http://www4.wiwiss.fu-berlin.de/bizer/bsbm/v01/instances/ProductType76"
121,"http://www4.wiwiss.fu-berlin.de/bizer/bsbm/v01/vocabulary/product","http://www4.wiwiss.fu-berlin.de/bizer/bsbm/v01/instances/ProductType123"
52,"http://www4.wiwiss.fu-berlin.de/bizer/bsbm/v01/vocabulary/reviewFor","http://www4.wiwiss.fu-berlin.de/bizer/bsbm/v01/instances/ProductType144"
102,"http://www4.wiwiss.fu-berlin.de/bizer/bsbm/v01/vocabulary/reviewFor","http://www4.wiwiss.fu-berlin.de/bizer/bsbm/v01/instances/ProductType111"
162,"http://www4.wiwiss.fu-berlin.de/bizer/bsbm/v01/vocabulary/reviewFor","http://www4.wiwiss.fu-berlin.de/bizer/bsbm/v01/instances/ProductType95"
172,"http://www4.wiwiss.fu-berlin.de/bizer/bsbm/v01/vocabulary/reviewFor","http://www4.wiwiss.fu-berlin.de/bizer/bsbm/v01/instances/ProductType61"
138,"http://www4.wiwiss.fu-berlin.de/bizer/bsbm/v01/vocabulary/product","http://www4.wiwiss.fu-berlin.de/bizer/bsbm/v01/instances/ProductType126"
92,"http://www4.wiwiss.fu-berlin.de/bizer/bsbm/v01/vocabulary/reviewFor","http://www4.wiwiss.fu-berlin.de/bizer/bsbm/v01/instances/ProductType103"
88,"http://www4.wiwiss.fu-berlin.de/bizer/bsbm/v01/vocabulary/reviewFor","http://www4.wiwiss.fu-berlin.de/bizer/bsbm/v01/instances/ProductType84"
96,"http://www4.wiwiss.fu-berlin.de/bizer/bsbm/v01/vocabulary/product","http://www4.wiwiss.fu-berlin.de/bizer/bsbm/v01/instances/ProductType138"
11,"http://www4.wiwiss.fu-berlin.de/bizer/bsbm/v01/vocabulary/reviewFor","http://www4.wiwiss.fu-berlin.de/bizer/bsbm/v01/instances/ProductType151"
1022,"http://purl.org/dc/elements/1.1/publisher","http://www4.wiwiss.fu-berlin.de/bizer/bsbm/v01/vocabulary/Producer"
20012,"http://purl.org/dc/elements/1.1/publisher","http://www4.wiwiss.fu-berlin.de/bizer/bsbm/v01/vocabulary/Vendor"
1000,"http://www4.wiwiss.fu-berlin.de/bizer/bsbm/v01/vocabulary/producer","http://www4.wiwiss.fu-berlin.de/bizer/bsbm/v01/vocabulary/Producer"
101,"http://www4.wiwiss.fu-berlin.de/bizer/bsbm/v01/vocabulary/reviewFor","http://www4.wiwiss.fu-berlin.de/bizer/bsbm/v01/instances/ProductType93"
196,"http://www4.wiwiss.fu-berlin.de/bizer/bsbm/v01/vocabulary/reviewFor","http://www4.wiwiss.fu-berlin.de/bizer/bsbm/v01/instances/ProductType90"
104,"http://www4.wiwiss.fu-berlin.de/bizer/bsbm/v01/vocabulary/reviewFor","http://www4.wiwiss.fu-berlin.de/bizer/bsbm/v01/instances/ProductType74"
138,"http://www4.wiwiss.fu-berlin.de/bizer/bsbm/v01/vocabulary/reviewFor","http://www4.wiwiss.fu-berlin.de/bizer/bsbm/v01/instances/ProductType92"
160,"http://www4.wiwiss.fu-berlin.de/bizer/bsbm/v01/vocabulary/reviewFor","http://www4.wiwiss.fu-berlin.de/bizer/bsbm/v01/instances/ProductType56"
380,"http://www4.wiwiss.fu-berlin.de/bizer/bsbm/v01/vocabulary/product","http://www4.wiwiss.fu-berlin.de/bizer/bsbm/v01/instances/ProductType60"
22,"http://www4.wiwiss.fu-berlin.de/bizer/bsbm/v01/vocabulary/product","http://www4.wiwiss.fu-berlin.de/bizer/bsbm/v01/instances/ProductType148"
284,"http://www4.wiwiss.fu-berlin.de/bizer/bsbm/v01/vocabulary/product","http://www4.wiwiss.fu-berlin.de/bizer/bsbm/v01/instances/ProductType73"
205,"http://www4.wiwiss.fu-berlin.de/bizer/bsbm/v01/vocabulary/product","http://www4.wiwiss.fu-berlin.de/bizer/bsbm/v01/instances/ProductType99"
130,"http://www4.wiwiss.fu-berlin.de/bizer/bsbm/v01/vocabulary/product","http://www4.wiwiss.fu-berlin.de/bizer/bsbm/v01/instances/ProductType127"
358,"http://www4.wiwiss.fu-berlin.de/bizer/bsbm/v01/vocabulary/product","http://www4.wiwiss.fu-berlin.de/bizer/bsbm/v01/instances/ProductType114"
62,"http://www4.wiwiss.fu-berlin.de/bizer/bsbm/v01/vocabulary/product","http://www4.wiwiss.fu-berlin.de/bizer/bsbm/v01/instances/ProductType141"
20,"http://www4.wiwiss.fu-berlin.de/bizer/bsbm/v01/vocabulary/reviewFor","http://www4.wiwiss.fu-berlin.de/bizer/bsbm/v01/instances/ProductType143"
77,"http://www4.wiwiss.fu-berlin.de/bizer/bsbm/v01/vocabulary/reviewFor","http://www4.wiwiss.fu-berlin.de/bizer/bsbm/v01/instances/ProductType125"
20000,"http://www4.wiwiss.fu-berlin.de/bizer/bsbm/v01/vocabulary/product","http://www4.wiwiss.fu-berlin.de/bizer/bsbm/v01/vocabulary/Product"
110,"http://www4.wiwiss.fu-berlin.de/bizer/bsbm/v01/vocabulary/product","http://www4.wiwiss.fu-berlin.de/bizer/bsbm/v01/instances/ProductType117"
117,"http://www4.wiwiss.fu-berlin.de/bizer/bsbm/v01/vocabulary/reviewFor","http://www4.wiwiss.fu-berlin.de/bizer/bsbm/v01/instances/ProductType58"
15,"http://www4.wiwiss.fu-berlin.de/bizer/bsbm/v01/vocabulary/reviewFor","http://www4.wiwiss.fu-berlin.de/bizer/bsbm/v01/instances/ProductType149"
75,"http://www4.wiwiss.fu-berlin.de/bizer/bsbm/v01/vocabulary/reviewFor","http://www4.wiwiss.fu-berlin.de/bizer/bsbm/v01/instances/ProductType124"
208,"http://www4.wiwiss.fu-berlin.de/bizer/bsbm/v01/vocabulary/reviewFor","http://www4.wiwiss.fu-berlin.de/bizer/bsbm/v01/instances/ProductType77"
441,"http://www4.wiwiss.fu-berlin.de/bizer/bsbm/v01/vocabulary/product","http://www4.wiwiss.fu-berlin.de/bizer/bsbm/v01/instances/ProductType57"
407,"http://www4.wiwiss.fu-berlin.de/bizer/bsbm/v01/vocabulary/product","http://www4.wiwiss.fu-berlin.de/bizer/bsbm/v01/instances/ProductType65"
34,"http://www4.wiwiss.fu-berlin.de/bizer/bsbm/v01/vocabulary/product","http://www4.wiwiss.fu-berlin.de/bizer/bsbm/v01/instances/ProductType149"
307,"http://www4.wiwiss.fu-berlin.de/bizer/bsbm/v01/vocabulary/product","http://www4.wiwiss.fu-berlin.de/bizer/bsbm/v01/instances/ProductType82"
106,"http://www4.wiwiss.fu-berlin.de/bizer/bsbm/v01/vocabulary/product","http://www4.wiwiss.fu-berlin.de/bizer/bsbm/v01/instances/ProductType94"
394,"http://www4.wiwiss.fu-berlin.de/bizer/bsbm/v01/vocabulary/product","http://www4.wiwiss.fu-berlin.de/bizer/bsbm/v01/instances/ProductType66"
262,"http://www4.wiwiss.fu-berlin.de/bizer/bsbm/v01/vocabulary/product","http://www4.wiwiss.fu-berlin.de/bizer/bsbm/v01/instances/ProductType92"
112,"http://www4.wiwiss.fu-berlin.de/bizer/bsbm/v01/vocabulary/reviewFor","http://www4.wiwiss.fu-berlin.de/bizer/bsbm/v01/instances/ProductType91"
129,"http://www4.wiwiss.fu-berlin.de/bizer/bsbm/v01/vocabulary/reviewFor","http://www4.wiwiss.fu-berlin.de/bizer/bsbm/v01/instances/ProductType70"
46,"http://www4.wiwiss.fu-berlin.de/bizer/bsbm/v01/vocabulary/reviewFor","http://www4.wiwiss.fu-berlin.de/bizer/bsbm/v01/instances/ProductType121"
10000,"http://purl.org/stuff/rev#reviewer","http://xmlns.com/foaf/0.1/Person"
150,"http://www.w3.org/2000/01/rdf-schema#subClassOf","http://www4.wiwiss.fu-berlin.de/bizer/bsbm/v01/vocabulary/ProductType"
295,"http://www4.wiwiss.fu-berlin.de/bizer/bsbm/v01/vocabulary/product","http://www4.wiwiss.fu-berlin.de/bizer/bsbm/v01/instances/ProductType109"
20000,"http://www4.wiwiss.fu-berlin.de/bizer/bsbm/v01/vocabulary/vendor","http://www4.wiwiss.fu-berlin.de/bizer/bsbm/v01/vocabulary/Vendor"
79,"http://www4.wiwiss.fu-berlin.de/bizer/bsbm/v01/vocabulary/reviewFor","http://www4.wiwiss.fu-berlin.de/bizer/bsbm/v01/instances/ProductType122"
63,"http://www4.wiwiss.fu-berlin.de/bizer/bsbm/v01/vocabulary/reviewFor","http://www4.wiwiss.fu-berlin.de/bizer/bsbm/v01/instances/ProductType127"
236,"http://www4.wiwiss.fu-berlin.de/bizer/bsbm/v01/vocabulary/reviewFor","http://www4.wiwiss.fu-berlin.de/bizer/bsbm/v01/instances/ProductType88"
203,"http://www4.wiwiss.fu-berlin.de/bizer/bsbm/v01/vocabulary/reviewFor","http://www4.wiwiss.fu-berlin.de/bizer/bsbm/v01/instances/ProductType66"
411,"http://www4.wiwiss.fu-berlin.de/bizer/bsbm/v01/vocabulary/product","http://www4.wiwiss.fu-berlin.de/bizer/bsbm/v01/instances/ProductType102"
44,"http://www4.wiwiss.fu-berlin.de/bizer/bsbm/v01/vocabulary/reviewFor","http://www4.wiwiss.fu-berlin.de/bizer/bsbm/v01/instances/ProductType129"
31,"http://www4.wiwiss.fu-berlin.de/bizer/bsbm/v01/vocabulary/reviewFor","http://www4.wiwiss.fu-berlin.de/bizer/bsbm/v01/instances/ProductType128"
116,"http://www4.wiwiss.fu-berlin.de/bizer/bsbm/v01/vocabulary/reviewFor","http://www4.wiwiss.fu-berlin.de/bizer/bsbm/v01/instances/ProductType105"
19,"http://www4.wiwiss.fu-berlin.de/bizer/bsbm/v01/vocabulary/reviewFor","http://www4.wiwiss.fu-berlin.de/bizer/bsbm/v01/instances/ProductType150"
175,"http://www4.wiwiss.fu-berlin.de/bizer/bsbm/v01/vocabulary/product","http://www4.wiwiss.fu-berlin.de/bizer/bsbm/v01/instances/ProductType59"
331,"http://www4.wiwiss.fu-berlin.de/bizer/bsbm/v01/vocabulary/product","http://www4.wiwiss.fu-berlin.de/bizer/bsbm/v01/instances/ProductType61"
48,"http://www4.wiwiss.fu-berlin.de/bizer/bsbm/v01/vocabulary/reviewFor","http://www4.wiwiss.fu-berlin.de/bizer/bsbm/v01/instances/ProductType135"
270,"http://www4.wiwiss.fu-berlin.de/bizer/bsbm/v01/vocabulary/product","http://www4.wiwiss.fu-berlin.de/bizer/bsbm/v01/instances/ProductType98"
154,"http://www4.wiwiss.fu-berlin.de/bizer/bsbm/v01/vocabulary/reviewFor","http://www4.wiwiss.fu-berlin.de/bizer/bsbm/v01/instances/ProductType89"
127,"http://www4.wiwiss.fu-berlin.de/bizer/bsbm/v01/vocabulary/reviewFor","http://www4.wiwiss.fu-berlin.de/bizer/bsbm/v01/instances/ProductType73"
48,"http://www4.wiwiss.fu-berlin.de/bizer/bsbm/v01/vocabulary/reviewFor","http://www4.wiwiss.fu-berlin.de/bizer/bsbm/v01/instances/ProductType132"
177,"http://www4.wiwiss.fu-berlin.de/bizer/bsbm/v01/vocabulary/reviewFor","http://www4.wiwiss.fu-berlin.de/bizer/bsbm/v01/instances/ProductType67"
78,"http://www4.wiwiss.fu-berlin.de/bizer/bsbm/v01/vocabulary/reviewFor","http://www4.wiwiss.fu-berlin.de/bizer/bsbm/v01/instances/ProductType123"
194,"http://www4.wiwiss.fu-berlin.de/bizer/bsbm/v01/vocabulary/product","http://www4.wiwiss.fu-berlin.de/bizer/bsbm/v01/instances/ProductType115"
103,"http://www4.wiwiss.fu-berlin.de/bizer/bsbm/v01/vocabulary/product","http://www4.wiwiss.fu-berlin.de/bizer/bsbm/v01/instances/ProductType146"
267,"http://www4.wiwiss.fu-berlin.de/bizer/bsbm/v01/vocabulary/product","http://www4.wiwiss.fu-berlin.de/bizer/bsbm/v01/instances/ProductType71"
447,"http://www4.wiwiss.fu-berlin.de/bizer/bsbm/v01/vocabulary/product","http://www4.wiwiss.fu-berlin.de/bizer/bsbm/v01/instances/ProductType77"
392,"http://www4.wiwiss.fu-berlin.de/bizer/bsbm/v01/vocabulary/product","http://www4.wiwiss.fu-berlin.de/bizer/bsbm/v01/instances/ProductType80"
91,"http://www4.wiwiss.fu-berlin.de/bizer/bsbm/v01/vocabulary/product","http://www4.wiwiss.fu-berlin.de/bizer/bsbm/v01/instances/ProductType129"
218,"http://www4.wiwiss.fu-berlin.de/bizer/bsbm/v01/vocabulary/product","http://www4.wiwiss.fu-berlin.de/bizer/bsbm/v01/instances/ProductType105"
275,"http://www4.wiwiss.fu-berlin.de/bizer/bsbm/v01/vocabulary/product","http://www4.wiwiss.fu-berlin.de/bizer/bsbm/v01/instances/ProductType72"
133,"http://www4.wiwiss.fu-berlin.de/bizer/bsbm/v01/vocabulary/reviewFor","http://www4.wiwiss.fu-berlin.de/bizer/bsbm/v01/instances/ProductType98"
30,"http://www4.wiwiss.fu-berlin.de/bizer/bsbm/v01/vocabulary/reviewFor","http://www4.wiwiss.fu-berlin.de/bizer/bsbm/v01/instances/ProductType141"
145,"http://www4.wiwiss.fu-berlin.de/bizer/bsbm/v01/vocabulary/reviewFor","http://www4.wiwiss.fu-berlin.de/bizer/bsbm/v01/instances/ProductType120"
92,"http://www4.wiwiss.fu-berlin.de/bizer/bsbm/v01/vocabulary/product","http://www4.wiwiss.fu-berlin.de/bizer/bsbm/v01/instances/ProductType121"
50,"http://www4.wiwiss.fu-berlin.de/bizer/bsbm/v01/vocabulary/product","http://www4.wiwiss.fu-berlin.de/bizer/bsbm/v01/instances/ProductType143"
20548,"http://www4.wiwiss.fu-berlin.de/bizer/bsbm/v01/vocabulary/productFeature","http://www4.wiwiss.fu-berlin.de/bizer/bsbm/v01/vocabulary/ProductFeature"
146,"http://www4.wiwiss.fu-berlin.de/bizer/bsbm/v01/vocabulary/reviewFor","http://www4.wiwiss.fu-berlin.de/bizer/bsbm/v01/instances/ProductType87"
89,"http://www4.wiwiss.fu-berlin.de/bizer/bsbm/v01/vocabulary/reviewFor","http://www4.wiwiss.fu-berlin.de/bizer/bsbm/v01/instances/ProductType112"
303,"http://www4.wiwiss.fu-berlin.de/bizer/bsbm/v01/vocabulary/product","http://www4.wiwiss.fu-berlin.de/bizer/bsbm/v01/instances/ProductType89"
252,"http://www4.wiwiss.fu-berlin.de/bizer/bsbm/v01/vocabulary/product","http://www4.wiwiss.fu-berlin.de/bizer/bsbm/v01/instances/ProductType87"
12,"http://www4.wiwiss.fu-berlin.de/bizer/bsbm/v01/vocabulary/reviewFor","http://www4.wiwiss.fu-berlin.de/bizer/bsbm/v01/instances/ProductType148"
176,"http://www4.wiwiss.fu-berlin.de/bizer/bsbm/v01/vocabulary/reviewFor","http://www4.wiwiss.fu-berlin.de/bizer/bsbm/v01/instances/ProductType75"
50,"http://www4.wiwiss.fu-berlin.de/bizer/bsbm/v01/vocabulary/reviewFor","http://www4.wiwiss.fu-berlin.de/bizer/bsbm/v01/instances/ProductType146"
110,"http://www4.wiwiss.fu-berlin.de/bizer/bsbm/v01/vocabulary/reviewFor","http://www4.wiwiss.fu-berlin.de/bizer/bsbm/v01/instances/ProductType99"
134,"http://www4.wiwiss.fu-berlin.de/bizer/bsbm/v01/vocabulary/reviewFor","http://www4.wiwiss.fu-berlin.de/bizer/bsbm/v01/instances/ProductType68"
52,"http://www4.wiwiss.fu-berlin.de/bizer/bsbm/v01/vocabulary/reviewFor","http://www4.wiwiss.fu-berlin.de/bizer/bsbm/v01/instances/ProductType113"
384,"http://www4.wiwiss.fu-berlin.de/bizer/bsbm/v01/vocabulary/product","http://www4.wiwiss.fu-berlin.de/bizer/bsbm/v01/instances/ProductType67"
34,"http://www4.wiwiss.fu-berlin.de/bizer/bsbm/v01/vocabulary/product","http://www4.wiwiss.fu-berlin.de/bizer/bsbm/v01/instances/ProductType116"
414,"http://www4.wiwiss.fu-berlin.de/bizer/bsbm/v01/vocabulary/product","http://www4.wiwiss.fu-berlin.de/bizer/bsbm/v01/instances/ProductType75"
133,"http://www4.wiwiss.fu-berlin.de/bizer/bsbm/v01/vocabulary/product","http://www4.wiwiss.fu-berlin.de/bizer/bsbm/v01/instances/ProductType122"
238,"http://www4.wiwiss.fu-berlin.de/bizer/bsbm/v01/vocabulary/product","http://www4.wiwiss.fu-berlin.de/bizer/bsbm/v01/instances/ProductType97"
124,"http://www4.wiwiss.fu-berlin.de/bizer/bsbm/v01/vocabulary/product","http://www4.wiwiss.fu-berlin.de/bizer/bsbm/v01/instances/ProductType113"
133,"http://www4.wiwiss.fu-berlin.de/bizer/bsbm/v01/vocabulary/reviewFor","http://www4.wiwiss.fu-berlin.de/bizer/bsbm/v01/instances/ProductType72"
146,"http://www4.wiwiss.fu-berlin.de/bizer/bsbm/v01/vocabulary/reviewFor","http://www4.wiwiss.fu-berlin.de/bizer/bsbm/v01/instances/ProductType108"
43,"http://www4.wiwiss.fu-berlin.de/bizer/bsbm/v01/vocabulary/reviewFor","http://www4.wiwiss.fu-berlin.de/bizer/bsbm/v01/instances/ProductType147"
60,"http://www4.wiwiss.fu-berlin.de/bizer/bsbm/v01/vocabulary/product","http://www4.wiwiss.fu-berlin.de/bizer/bsbm/v01/instances/ProductType128"
336,"http://www4.wiwiss.fu-berlin.de/bizer/bsbm/v01/vocabulary/product","http://www4.wiwiss.fu-berlin.de/bizer/bsbm/v01/instances/ProductType95"
237,"http://www4.wiwiss.fu-berlin.de/bizer/bsbm/v01/vocabulary/product","http://www4.wiwiss.fu-berlin.de/bizer/bsbm/v01/instances/ProductType108"
243,"http://www4.wiwiss.fu-berlin.de/bizer/bsbm/v01/vocabulary/product","http://www4.wiwiss.fu-berlin.de/bizer/bsbm/v01/instances/ProductType70"
55,"http://www4.wiwiss.fu-berlin.de/bizer/bsbm/v01/vocabulary/reviewFor","http://www4.wiwiss.fu-berlin.de/bizer/bsbm/v01/instances/ProductType139"
36,"http://www4.wiwiss.fu-berlin.de/bizer/bsbm/v01/vocabulary/reviewFor","http://www4.wiwiss.fu-berlin.de/bizer/bsbm/v01/instances/ProductType134"
41,"http://www4.wiwiss.fu-berlin.de/bizer/bsbm/v01/vocabulary/reviewFor","http://www4.wiwiss.fu-berlin.de/bizer/bsbm/v01/instances/ProductType138"
128,"http://www4.wiwiss.fu-berlin.de/bizer/bsbm/v01/vocabulary/product","http://www4.wiwiss.fu-berlin.de/bizer/bsbm/v01/instances/ProductType136"
16,"http://www4.wiwiss.fu-berlin.de/bizer/bsbm/v01/vocabulary/product","http://www4.wiwiss.fu-berlin.de/bizer/bsbm/v01/instances/ProductType137"
34,"http://www4.wiwiss.fu-berlin.de/bizer/bsbm/v01/vocabulary/product","http://www4.wiwiss.fu-berlin.de/bizer/bsbm/v01/instances/ProductType140"
243,"http://www4.wiwiss.fu-berlin.de/bizer/bsbm/v01/vocabulary/product","http://www4.wiwiss.fu-berlin.de/bizer/bsbm/v01/instances/ProductType83"
220,"http://www4.wiwiss.fu-berlin.de/bizer/bsbm/v01/vocabulary/reviewFor","http://www4.wiwiss.fu-berlin.de/bizer/bsbm/v01/instances/ProductType65"
87,"http://www4.wiwiss.fu-berlin.de/bizer/bsbm/v01/vocabulary/reviewFor","http://www4.wiwiss.fu-berlin.de/bizer/bsbm/v01/instances/ProductType115"
148,"http://www4.wiwiss.fu-berlin.de/bizer/bsbm/v01/vocabulary/reviewFor","http://www4.wiwiss.fu-berlin.de/bizer/bsbm/v01/instances/ProductType82"
68,"http://www4.wiwiss.fu-berlin.de/bizer/bsbm/v01/vocabulary/reviewFor","http://www4.wiwiss.fu-berlin.de/bizer/bsbm/v01/instances/ProductType94"
56,"http://www4.wiwiss.fu-berlin.de/bizer/bsbm/v01/vocabulary/product","http://www4.wiwiss.fu-berlin.de/bizer/bsbm/v01/instances/ProductType119"
238,"http://www4.wiwiss.fu-berlin.de/bizer/bsbm/v01/vocabulary/product","http://www4.wiwiss.fu-berlin.de/bizer/bsbm/v01/instances/ProductType63"
410,"http://www4.wiwiss.fu-berlin.de/bizer/bsbm/v01/vocabulary/product","http://www4.wiwiss.fu-berlin.de/bizer/bsbm/v01/instances/ProductType88"
326,"http://www4.wiwiss.fu-berlin.de/bizer/bsbm/v01/vocabulary/product","http://www4.wiwiss.fu-berlin.de/bizer/bsbm/v01/instances/ProductType81"
249,"http://www4.wiwiss.fu-berlin.de/bizer/bsbm/v01/vocabulary/product","http://www4.wiwiss.fu-berlin.de/bizer/bsbm/v01/instances/ProductType74"
1000,"http://www.w3.org/1999/02/22-rdf-syntax-ns#type","http://www4.wiwiss.fu-berlin.de/bizer/bsbm/v01/vocabulary/ProductType"
64,"http://www4.wiwiss.fu-berlin.de/bizer/bsbm/v01/vocabulary/reviewFor","http://www4.wiwiss.fu-berlin.de/bizer/bsbm/v01/instances/ProductType126"
125,"http://www4.wiwiss.fu-berlin.de/bizer/bsbm/v01/vocabulary/product","http://www4.wiwiss.fu-berlin.de/bizer/bsbm/v01/instances/ProductType144"
72,"http://www4.wiwiss.fu-berlin.de/bizer/bsbm/v01/vocabulary/reviewFor","http://www4.wiwiss.fu-berlin.de/bizer/bsbm/v01/instances/ProductType106"
227,"http://www4.wiwiss.fu-berlin.de/bizer/bsbm/v01/vocabulary/product","http://www4.wiwiss.fu-berlin.de/bizer/bsbm/v01/instances/ProductType103"
184,"http://www4.wiwiss.fu-berlin.de/bizer/bsbm/v01/vocabulary/product","http://www4.wiwiss.fu-berlin.de/bizer/bsbm/v01/instances/ProductType84"
96,"http://www4.wiwiss.fu-berlin.de/bizer/bsbm/v01/vocabulary/product","http://www4.wiwiss.fu-berlin.de/bizer/bsbm/v01/instances/ProductType134"
10000,"http://www4.wiwiss.fu-berlin.de/bizer/bsbm/v01/vocabulary/reviewFor","http://www4.wiwiss.fu-berlin.de/bizer/bsbm/v01/vocabulary/Product"
42,"http://www4.wiwiss.fu-berlin.de/bizer/bsbm/v01/vocabulary/reviewFor","http://www4.wiwiss.fu-berlin.de/bizer/bsbm/v01/instances/ProductType117"
137,"http://www4.wiwiss.fu-berlin.de/bizer/bsbm/v01/vocabulary/reviewFor","http://www4.wiwiss.fu-berlin.de/bizer/bsbm/v01/instances/ProductType78"
23,"http://www4.wiwiss.fu-berlin.de/bizer/bsbm/v01/vocabulary/reviewFor","http://www4.wiwiss.fu-berlin.de/bizer/bsbm/v01/instances/ProductType133"
150,"http://www4.wiwiss.fu-berlin.de/bizer/bsbm/v01/vocabulary/reviewFor","http://www4.wiwiss.fu-berlin.de/bizer/bsbm/v01/instances/ProductType76"
207,"http://www4.wiwiss.fu-berlin.de/bizer/bsbm/v01/vocabulary/reviewFor","http://www4.wiwiss.fu-berlin.de/bizer/bsbm/v01/instances/ProductType102"
130,"http://www4.wiwiss.fu-berlin.de/bizer/bsbm/v01/vocabulary/reviewFor","http://www4.wiwiss.fu-berlin.de/bizer/bsbm/v01/instances/ProductType64"
93,"http://www4.wiwiss.fu-berlin.de/bizer/bsbm/v01/vocabulary/product","http://www4.wiwiss.fu-berlin.de/bizer/bsbm/v01/instances/ProductType118"
133,"http://www4.wiwiss.fu-berlin.de/bizer/bsbm/v01/vocabulary/product","http://www4.wiwiss.fu-berlin.de/bizer/bsbm/v01/instances/ProductType130"
67,"http://www4.wiwiss.fu-berlin.de/bizer/bsbm/v01/vocabulary/product","http://www4.wiwiss.fu-berlin.de/bizer/bsbm/v01/instances/ProductType133"
153,"http://www4.wiwiss.fu-berlin.de/bizer/bsbm/v01/vocabulary/product","http://www4.wiwiss.fu-berlin.de/bizer/bsbm/v01/instances/ProductType124"
390,"http://www4.wiwiss.fu-berlin.de/bizer/bsbm/v01/vocabulary/product","http://www4.wiwiss.fu-berlin.de/bizer/bsbm/v01/instances/ProductType69"
251,"http://www4.wiwiss.fu-berlin.de/bizer/bsbm/v01/vocabulary/product","http://www4.wiwiss.fu-berlin.de/bizer/bsbm/v01/instances/ProductType96"
283,"http://www4.wiwiss.fu-berlin.de/bizer/bsbm/v01/vocabulary/product","http://www4.wiwiss.fu-berlin.de/bizer/bsbm/v01/instances/ProductType68"
414,"http://www4.wiwiss.fu-berlin.de/bizer/bsbm/v01/vocabulary/product","http://www4.wiwiss.fu-berlin.de/bizer/bsbm/v01/instances/ProductType101"
199,"http://www4.wiwiss.fu-berlin.de/bizer/bsbm/v01/vocabulary/product","http://www4.wiwiss.fu-berlin.de/bizer/bsbm/v01/instances/ProductType100"
33,"http://www4.wiwiss.fu-berlin.de/bizer/bsbm/v01/vocabulary/reviewFor","http://www4.wiwiss.fu-berlin.de/bizer/bsbm/v01/instances/ProductType142"
198,"http://www4.wiwiss.fu-berlin.de/bizer/bsbm/v01/vocabulary/product","http://www4.wiwiss.fu-berlin.de/bizer/bsbm/v01/instances/ProductType79"
178,"http://www4.wiwiss.fu-berlin.de/bizer/bsbm/v01/vocabulary/product","http://www4.wiwiss.fu-berlin.de/bizer/bsbm/v01/instances/ProductType106"
18,"http://www4.wiwiss.fu-berlin.de/bizer/bsbm/v01/vocabulary/reviewFor","http://www4.wiwiss.fu-berlin.de/bizer/bsbm/v01/instances/ProductType140"
24,"http://www4.wiwiss.fu-berlin.de/bizer/bsbm/v01/vocabulary/product","http://www4.wiwiss.fu-berlin.de/bizer/bsbm/v01/instances/ProductType151"

