count,p,oType
2375,http://www4.wiwiss.fu-berlin.de/bizer/bsbm/v01/vocabulary/productFeature,http://www4.wiwiss.fu-berlin.de/bizer/bsbm/v01/vocabulary/ProductFeature
20,http://www.w3.org/2000/01/rdf-schema#subClassOf,http://www4.wiwiss.fu-berlin.de/bizer/bsbm/v01/vocabulary/ProductType
100,http://www.w3.org/1999/02/22-rdf-syntax-ns#type,http://www4.wiwiss.fu-berlin.de/bizer/bsbm/v01/vocabulary/ProductType
207,http://www4.wiwiss.fu-berlin.de/bizer/bsbm/v01/vocabulary/product,http://www4.wiwiss.fu-berlin.de/bizer/bsbm/v01/instances/ProductType10
106,http://www4.wiwiss.fu-berlin.de/bizer/bsbm/v01/vocabulary/reviewFor,http://www4.wiwiss.fu-berlin.de/bizer/bsbm/v01/instances/ProductType10
125,http://www4.wiwiss.fu-berlin.de/bizer/bsbm/v01/vocabulary/product,http://www4.wiwiss.fu-berlin.de/bizer/bsbm/v01/instances/ProductType11
57,http://www4.wiwiss.fu-berlin.de/bizer/bsbm/v01/vocabulary/reviewFor,http://www4.wiwiss.fu-berlin.de/bizer/bsbm/v01/instances/ProductType11
151,http://www4.wiwiss.fu-berlin.de/bizer/bsbm/v01/vocabulary/product,http://www4.wiwiss.fu-berlin.de/bizer/bsbm/v01/instances/ProductType12
73,http://www4.wiwiss.fu-berlin.de/bizer/bsbm/v01/vocabulary/reviewFor,http://www4.wiwiss.fu-berlin.de/bizer/bsbm/v01/instances/ProductType12
36,http://www4.wiwiss.fu-berlin.de/bizer/bsbm/v01/vocabulary/product,http://www4.wiwiss.fu-berlin.de/bizer/bsbm/v01/instances/ProductType14
24,http://www4.wiwiss.fu-berlin.de/bizer/bsbm/v01/vocabulary/reviewFor,http://www4.wiwiss.fu-berlin.de/bizer/bsbm/v01/instances/ProductType14
71,http://www4.wiwiss.fu-berlin.de/bizer/bsbm/v01/vocabulary/product,http://www4.wiwiss.fu-berlin.de/bizer/bsbm/v01/instances/ProductType15
32,http://www4.wiwiss.fu-berlin.de/bizer/bsbm/v01/vocabulary/reviewFor,http://www4.wiwiss.fu-berlin.de/bizer/bsbm/v01/instances/ProductType15
100,http://www4.wiwiss.fu-berlin.de/bizer/bsbm/v01/vocabulary/product,http://www4.wiwiss.fu-berlin.de/bizer/bsbm/v01/instances/ProductType16
43,http://www4.wiwiss.fu-berlin.de/bizer/bsbm/v01/vocabulary/reviewFor,http://www4.wiwiss.fu-berlin.de/bizer/bsbm/v01/instances/ProductType16
146,http://www4.wiwiss.fu-berlin.de/bizer/bsbm/v01/vocabulary/product,http://www4.wiwiss.fu-berlin.de/bizer/bsbm/v01/instances/ProductType17
76,http://www4.wiwiss.fu-berlin.de/bizer/bsbm/v01/vocabulary/reviewFor,http://www4.wiwiss.fu-berlin.de/bizer/bsbm/v01/instances/ProductType17
142,http://www4.wiwiss.fu-berlin.de/bizer/bsbm/v01/vocabulary/product,http://www4.wiwiss.fu-berlin.de/bizer/bsbm/v01/instances/ProductType18
74,http://www4.wiwiss.fu-berlin.de/bizer/bsbm/v01/vocabulary/reviewFor,http://www4.wiwiss.fu-berlin.de/bizer/bsbm/v01/instances/ProductType18
50,http://www4.wiwiss.fu-berlin.de/bizer/bsbm/v01/vocabulary/product,http://www4.wiwiss.fu-berlin.de/bizer/bsbm/v01/instances/ProductType21
30,http://www4.wiwiss.fu-berlin.de/bizer/bsbm/v01/vocabulary/reviewFor,http://www4.wiwiss.fu-berlin.de/bizer/bsbm/v01/instances/ProductType21
122,http://www4.wiwiss.fu-berlin.de/bizer/bsbm/v01/vocabulary/product,http://www4.wiwiss.fu-berlin.de/bizer/bsbm/v01/instances/ProductType6
44,http://www4.wiwiss.fu-berlin.de/bizer/bsbm/v01/vocabulary/reviewFor,http://www4.wiwiss.fu-berlin.de/bizer/bsbm/v01/instances/ProductType6
366,http://www4.wiwiss.fu-berlin.de/bizer/bsbm/v01/vocabulary/product,http://www4.wiwiss.fu-berlin.de/bizer/bsbm/v01/instances/ProductType7
179,http://www4.wiwiss.fu-berlin.de/bizer/bsbm/v01/vocabulary/reviewFor,http://www4.wiwiss.fu-berlin.de/bizer/bsbm/v01/instances/ProductType7
193,http://www4.wiwiss.fu-berlin.de/bizer/bsbm/v01/vocabulary/product,http://www4.wiwiss.fu-berlin.de/bizer/bsbm/v01/instances/ProductType8
100,http://www4.wiwiss.fu-berlin.de/bizer/bsbm/v01/vocabulary/reviewFor,http://www4.wiwiss.fu-berlin.de/bizer/bsbm/v01/instances/ProductType8
119,http://www4.wiwiss.fu-berlin.de/bizer/bsbm/v01/vocabulary/product,http://www4.wiwiss.fu-berlin.de/bizer/bsbm/v01/instances/ProductType9
77,http://www4.wiwiss.fu-berlin.de/bizer/bsbm/v01/vocabulary/reviewFor,http://www4.wiwiss.fu-berlin.de/bizer/bsbm/v01/instances/ProductType9
103,http://purl.org/dc/elements/1.1/publisher,http://www4.wiwiss.fu-berlin.de/bizer/bsbm/v01/vocabulary/Producer
100,http://www4.wiwiss.fu-berlin.de/bizer/bsbm/v01/vocabulary/producer,http://www4.wiwiss.fu-berlin.de/bizer/bsbm/v01/vocabulary/Producer
2000,http://www4.wiwiss.fu-berlin.de/bizer/bsbm/v01/vocabulary/product,http://www4.wiwiss.fu-berlin.de/bizer/bsbm/v01/vocabulary/Product
1000,http://www4.wiwiss.fu-berlin.de/bizer/bsbm/v01/vocabulary/reviewFor,http://www4.wiwiss.fu-berlin.de/bizer/bsbm/v01/vocabulary/Product
172,http://www4.wiwiss.fu-berlin.de/bizer/bsbm/v01/vocabulary/product,http://www4.wiwiss.fu-berlin.de/bizer/bsbm/v01/instances/ProductType13
85,http://www4.wiwiss.fu-berlin.de/bizer/bsbm/v01/vocabulary/reviewFor,http://www4.wiwiss.fu-berlin.de/bizer/bsbm/v01/instances/ProductType13
1000,http://purl.org/stuff/rev#reviewer,http://xmlns.com/foaf/0.1/Person
2001,http://purl.org/dc/elements/1.1/publisher,http://www4.wiwiss.fu-berlin.de/bizer/bsbm/v01/vocabulary/Vendor
2000,http://www4.wiwiss.fu-berlin.de/bizer/bsbm/v01/vocabulary/vendor,http://www4.wiwiss.fu-berlin.de/bizer/bsbm/v01/vocabulary/Vendor
