count,c,p
999,http://www4.wiwiss.fu-berlin.de/bizer/bsbm/v01/vocabulary/ProductFeature,http://purl.org/dc/elements/1.1/date
999,http://www4.wiwiss.fu-berlin.de/bizer/bsbm/v01/vocabulary/ProductFeature,http://purl.org/dc/elements/1.1/publisher
999,http://www4.wiwiss.fu-berlin.de/bizer/bsbm/v01/vocabulary/ProductFeature,http://www.w3.org/1999/02/22-rdf-syntax-ns#type
999,http://www4.wiwiss.fu-berlin.de/bizer/bsbm/v01/vocabulary/ProductFeature,http://www.w3.org/2000/01/rdf-schema#comment
999,http://www4.wiwiss.fu-berlin.de/bizer/bsbm/v01/vocabulary/ProductFeature,http://www.w3.org/2000/01/rdf-schema#label
21,http://www4.wiwiss.fu-berlin.de/bizer/bsbm/v01/vocabulary/ProductType,http://purl.org/dc/elements/1.1/date
21,http://www4.wiwiss.fu-berlin.de/bizer/bsbm/v01/vocabulary/ProductType,http://purl.org/dc/elements/1.1/publisher
21,http://www4.wiwiss.fu-berlin.de/bizer/bsbm/v01/vocabulary/ProductType,http://www.w3.org/1999/02/22-rdf-syntax-ns#type
21,http://www4.wiwiss.fu-berlin.de/bizer/bsbm/v01/vocabulary/ProductType,http://www.w3.org/2000/01/rdf-schema#comment
21,http://www4.wiwiss.fu-berlin.de/bizer/bsbm/v01/vocabulary/ProductType,http://www.w3.org/2000/01/rdf-schema#label
20,http://www4.wiwiss.fu-berlin.de/bizer/bsbm/v01/vocabulary/ProductType,http://www.w3.org/2000/01/rdf-schema#subClassOf
10,http://www4.wiwiss.fu-berlin.de/bizer/bsbm/v01/instances/ProductType10,http://purl.org/dc/elements/1.1/date
10,http://www4.wiwiss.fu-berlin.de/bizer/bsbm/v01/instances/ProductType10,http://purl.org/dc/elements/1.1/publisher
20,http://www4.wiwiss.fu-berlin.de/bizer/bsbm/v01/instances/ProductType10,http://www.w3.org/1999/02/22-rdf-syntax-ns#type
10,http://www4.wiwiss.fu-berlin.de/bizer/bsbm/v01/instances/ProductType10,http://www.w3.org/2000/01/rdf-schema#comment
10,http://www4.wiwiss.fu-berlin.de/bizer/bsbm/v01/instances/ProductType10,http://www.w3.org/2000/01/rdf-schema#label
10,http://www4.wiwiss.fu-berlin.de/bizer/bsbm/v01/instances/ProductType10,http://www4.wiwiss.fu-berlin.de/bizer/bsbm/v01/vocabulary/producer
226,http://www4.wiwiss.fu-berlin.de/bizer/bsbm/v01/instances/ProductType10,http://www4.wiwiss.fu-berlin.de/bizer/bsbm/v01/vocabulary/productFeature
10,http://www4.wiwiss.fu-berlin.de/bizer/bsbm/v01/instances/ProductType10,http://www4.wiwiss.fu-berlin.de/bizer/bsbm/v01/vocabulary/productPropertyNumeric1
10,http://www4.wiwiss.fu-berlin.de/bizer/bsbm/v01/instances/ProductType10,http://www4.wiwiss.fu-berlin.de/bizer/bsbm/v01/vocabulary/productPropertyNumeric2
10,http://www4.wiwiss.fu-berlin.de/bizer/bsbm/v01/instances/ProductType10,http://www4.wiwiss.fu-berlin.de/bizer/bsbm/v01/vocabulary/productPropertyNumeric3
10,http://www4.wiwiss.fu-berlin.de/bizer/bsbm/v01/instances/ProductType10,http://www4.wiwiss.fu-berlin.de/bizer/bsbm/v01/vocabulary/productPropertyTextual1
10,http://www4.wiwiss.fu-berlin.de/bizer/bsbm/v01/instances/ProductType10,http://www4.wiwiss.fu-berlin.de/bizer/bsbm/v01/vocabulary/productPropertyTextual2
10,http://www4.wiwiss.fu-berlin.de/bizer/bsbm/v01/instances/ProductType10,http://www4.wiwiss.fu-berlin.de/bizer/bsbm/v01/vocabulary/productPropertyTextual3
7,http://www4.wiwiss.fu-berlin.de/bizer/bsbm/v01/instances/ProductType11,http://purl.org/dc/elements/1.1/date
7,http://www4.wiwiss.fu-berlin.de/bizer/bsbm/v01/instances/ProductType11,http://purl.org/dc/elements/1.1/publisher
14,http://www4.wiwiss.fu-berlin.de/bizer/bsbm/v01/instances/ProductType11,http://www.w3.org/1999/02/22-rdf-syntax-ns#type
7,http://www4.wiwiss.fu-berlin.de/bizer/bsbm/v01/instances/ProductType11,http://www.w3.org/2000/01/rdf-schema#comment
7,http://www4.wiwiss.fu-berlin.de/bizer/bsbm/v01/instances/ProductType11,http://www.w3.org/2000/01/rdf-schema#label
7,http://www4.wiwiss.fu-berlin.de/bizer/bsbm/v01/instances/ProductType11,http://www4.wiwiss.fu-berlin.de/bizer/bsbm/v01/vocabulary/producer
130,http://www4.wiwiss.fu-berlin.de/bizer/bsbm/v01/instances/ProductType11,http://www4.wiwiss.fu-berlin.de/bizer/bsbm/v01/vocabulary/productFeature
7,http://www4.wiwiss.fu-berlin.de/bizer/bsbm/v01/instances/ProductType11,http://www4.wiwiss.fu-berlin.de/bizer/bsbm/v01/vocabulary/productPropertyNumeric1
7,http://www4.wiwiss.fu-berlin.de/bizer/bsbm/v01/instances/ProductType11,http://www4.wiwiss.fu-berlin.de/bizer/bsbm/v01/vocabulary/productPropertyNumeric2
7,http://www4.wiwiss.fu-berlin.de/bizer/bsbm/v01/instances/ProductType11,http://www4.wiwiss.fu-berlin.de/bizer/bsbm/v01/vocabulary/productPropertyNumeric3
4,http://www4.wiwiss.fu-berlin.de/bizer/bsbm/v01/instances/ProductType11,http://www4.wiwiss.fu-berlin.de/bizer/bsbm/v01/vocabulary/productPropertyNumeric5
7,http://www4.wiwiss.fu-berlin.de/bizer/bsbm/v01/instances/ProductType11,http://www4.wiwiss.fu-berlin.de/bizer/bsbm/v01/vocabulary/productPropertyTextual1
7,http://www4.wiwiss.fu-berlin.de/bizer/bsbm/v01/instances/ProductType11,http://www4.wiwiss.fu-berlin.de/bizer/bsbm/v01/vocabulary/productPropertyTextual2
7,http://www4.wiwiss.fu-berlin.de/bizer/bsbm/v01/instances/ProductType11,http://www4.wiwiss.fu-berlin.de/bizer/bsbm/v01/vocabulary/productPropertyTextual3
3,http://www4.wiwiss.fu-berlin.de/bizer/bsbm/v01/instances/ProductType11,http://www4.wiwiss.fu-berlin.de/bizer/bsbm/v01/vocabulary/productPropertyTextual4
2,http://www4.wiwiss.fu-berlin.de/bizer/bsbm/v01/instances/ProductType11,http://www4.wiwiss.fu-berlin.de/bizer/bsbm/v01/vocabulary/productPropertyNumeric4
3,http://www4.wiwiss.fu-berlin.de/bizer/bsbm/v01/instances/ProductType11,http://www4.wiwiss.fu-berlin.de/bizer/bsbm/v01/vocabulary/productPropertyTextual5
6,http://www4.wiwiss.fu-berlin.de/bizer/bsbm/v01/instances/ProductType12,http://purl.org/dc/elements/1.1/date
6,http://www4.wiwiss.fu-berlin.de/bizer/bsbm/v01/instances/ProductType12,http://purl.org/dc/elements/1.1/publisher
12,http://www4.wiwiss.fu-berlin.de/bizer/bsbm/v01/instances/ProductType12,http://www.w3.org/1999/02/22-rdf-syntax-ns#type
6,http://www4.wiwiss.fu-berlin.de/bizer/bsbm/v01/instances/ProductType12,http://www.w3.org/2000/01/rdf-schema#comment
6,http://www4.wiwiss.fu-berlin.de/bizer/bsbm/v01/instances/ProductType12,http://www.w3.org/2000/01/rdf-schema#label
6,http://www4.wiwiss.fu-berlin.de/bizer/bsbm/v01/instances/ProductType12,http://www4.wiwiss.fu-berlin.de/bizer/bsbm/v01/vocabulary/producer
142,http://www4.wiwiss.fu-berlin.de/bizer/bsbm/v01/instances/ProductType12,http://www4.wiwiss.fu-berlin.de/bizer/bsbm/v01/vocabulary/productFeature
6,http://www4.wiwiss.fu-berlin.de/bizer/bsbm/v01/instances/ProductType12,http://www4.wiwiss.fu-berlin.de/bizer/bsbm/v01/vocabulary/productPropertyNumeric1
6,http://www4.wiwiss.fu-berlin.de/bizer/bsbm/v01/instances/ProductType12,http://www4.wiwiss.fu-berlin.de/bizer/bsbm/v01/vocabulary/productPropertyNumeric2
6,http://www4.wiwiss.fu-berlin.de/bizer/bsbm/v01/instances/ProductType12,http://www4.wiwiss.fu-berlin.de/bizer/bsbm/v01/vocabulary/productPropertyNumeric3
6,http://www4.wiwiss.fu-berlin.de/bizer/bsbm/v01/instances/ProductType12,http://www4.wiwiss.fu-berlin.de/bizer/bsbm/v01/vocabulary/productPropertyTextual1
6,http://www4.wiwiss.fu-berlin.de/bizer/bsbm/v01/instances/ProductType12,http://www4.wiwiss.fu-berlin.de/bizer/bsbm/v01/vocabulary/productPropertyTextual2
6,http://www4.wiwiss.fu-berlin.de/bizer/bsbm/v01/instances/ProductType12,http://www4.wiwiss.fu-berlin.de/bizer/bsbm/v01/vocabulary/productPropertyTextual3
4,http://www4.wiwiss.fu-berlin.de/bizer/bsbm/v01/instances/ProductType12,http://www4.wiwiss.fu-berlin.de/bizer/bsbm/v01/vocabulary/productPropertyTextual4
3,http://www4.wiwiss.fu-berlin.de/bizer/bsbm/v01/instances/ProductType14,http://purl.org/dc/elements/1.1/date
3,http://www4.wiwiss.fu-berlin.de/bizer/bsbm/v01/instances/ProductType14,http://purl.org/dc/elements/1.1/publisher
6,http://www4.wiwiss.fu-berlin.de/bizer/bsbm/v01/instances/ProductType14,http://www.w3.org/1999/02/22-rdf-syntax-ns#type
3,http://www4.wiwiss.fu-berlin.de/bizer/bsbm/v01/instances/ProductType14,http://www.w3.org/2000/01/rdf-schema#comment
3,http://www4.wiwiss.fu-berlin.de/bizer/bsbm/v01/instances/ProductType14,http://www.w3.org/2000/01/rdf-schema#label
3,http://www4.wiwiss.fu-berlin.de/bizer/bsbm/v01/instances/ProductType14,http://www4.wiwiss.fu-berlin.de/bizer/bsbm/v01/vocabulary/producer
81,http://www4.wiwiss.fu-berlin.de/bizer/bsbm/v01/instances/ProductType14,http://www4.wiwiss.fu-berlin.de/bizer/bsbm/v01/vocabulary/productFeature
3,http://www4.wiwiss.fu-berlin.de/bizer/bsbm/v01/instances/ProductType14,http://www4.wiwiss.fu-berlin.de/bizer/bsbm/v01/vocabulary/productPropertyNumeric1
3,http://www4.wiwiss.fu-berlin.de/bizer/bsbm/v01/instances/ProductType14,http://www4.wiwiss.fu-berlin.de/bizer/bsbm/v01/vocabulary/productPropertyNumeric2
3,http://www4.wiwiss.fu-berlin.de/bizer/bsbm/v01/instances/ProductType14,http://www4.wiwiss.fu-berlin.de/bizer/bsbm/v01/vocabulary/productPropertyNumeric3
3,http://www4.wiwiss.fu-berlin.de/bizer/bsbm/v01/instances/ProductType14,http://www4.wiwiss.fu-berlin.de/bizer/bsbm/v01/vocabulary/productPropertyTextual1
3,http://www4.wiwiss.fu-berlin.de/bizer/bsbm/v01/instances/ProductType14,http://www4.wiwiss.fu-berlin.de/bizer/bsbm/v01/vocabulary/productPropertyTextual2
3,http://www4.wiwiss.fu-berlin.de/bizer/bsbm/v01/instances/ProductType14,http://www4.wiwiss.fu-berlin.de/bizer/bsbm/v01/vocabulary/productPropertyTextual3
3,http://www4.wiwiss.fu-berlin.de/bizer/bsbm/v01/instances/ProductType14,http://www4.wiwiss.fu-berlin.de/bizer/bsbm/v01/vocabulary/productPropertyTextual5
5,http://www4.wiwiss.fu-berlin.de/bizer/bsbm/v01/instances/ProductType15,http://purl.org/dc/elements/1.1/date
5,http://www4.wiwiss.fu-berlin.de/bizer/bsbm/v01/instances/ProductType15,http://purl.org/dc/elements/1.1/publisher
10,http://www4.wiwiss.fu-berlin.de/bizer/bsbm/v01/instances/ProductType15,http://www.w3.org/1999/02/22-rdf-syntax-ns#type
5,http://www4.wiwiss.fu-berlin.de/bizer/bsbm/v01/instances/ProductType15,http://www.w3.org/2000/01/rdf-schema#comment
5,http://www4.wiwiss.fu-berlin.de/bizer/bsbm/v01/instances/ProductType15,http://www.w3.org/2000/01/rdf-schema#label
5,http://www4.wiwiss.fu-berlin.de/bizer/bsbm/v01/instances/ProductType15,http://www4.wiwiss.fu-berlin.de/bizer/bsbm/v01/vocabulary/producer
169,http://www4.wiwiss.fu-berlin.de/bizer/bsbm/v01/instances/ProductType15,http://www4.wiwiss.fu-berlin.de/bizer/bsbm/v01/vocabulary/productFeature
5,http://www4.wiwiss.fu-berlin.de/bizer/bsbm/v01/instances/ProductType15,http://www4.wiwiss.fu-berlin.de/bizer/bsbm/v01/vocabulary/productPropertyNumeric1
5,http://www4.wiwiss.fu-berlin.de/bizer/bsbm/v01/instances/ProductType15,http://www4.wiwiss.fu-berlin.de/bizer/bsbm/v01/vocabulary/productPropertyNumeric2
5,http://www4.wiwiss.fu-berlin.de/bizer/bsbm/v01/instances/ProductType15,http://www4.wiwiss.fu-berlin.de/bizer/bsbm/v01/vocabulary/productPropertyNumeric3
5,http://www4.wiwiss.fu-berlin.de/bizer/bsbm/v01/instances/ProductType15,http://www4.wiwiss.fu-berlin.de/bizer/bsbm/v01/vocabulary/productPropertyTextual1
5,http://www4.wiwiss.fu-berlin.de/bizer/bsbm/v01/instances/ProductType15,http://www4.wiwiss.fu-berlin.de/bizer/bsbm/v01/vocabulary/productPropertyTextual2
5,http://www4.wiwiss.fu-berlin.de/bizer/bsbm/v01/instances/ProductType15,http://www4.wiwiss.fu-berlin.de/bizer/bsbm/v01/vocabulary/productPropertyTextual3
2,http://www4.wiwiss.fu-berlin.de/bizer/bsbm/v01/instances/ProductType15,http://www4.wiwiss.fu-berlin.de/bizer/bsbm/v01/vocabulary/productPropertyTextual5
3,http://www4.wiwiss.fu-berlin.de/bizer/bsbm/v01/instances/ProductType15,http://www4.wiwiss.fu-berlin.de/bizer/bsbm/v01/vocabulary/productPropertyNumeric5
1,http://www4.wiwiss.fu-berlin.de/bizer/bsbm/v01/instances/ProductType15,http://www4.wiwiss.fu-berlin.de/bizer/bsbm/v01/vocabulary/productPropertyNumeric6
1,http://www4.wiwiss.fu-berlin.de/bizer/bsbm/v01/instances/ProductType15,http://www4.wiwiss.fu-berlin.de/bizer/bsbm/v01/vocabulary/productPropertyTextual6
6,http://www4.wiwiss.fu-berlin.de/bizer/bsbm/v01/instances/ProductType16,http://purl.org/dc/elements/1.1/date
6,http://www4.wiwiss.fu-berlin.de/bizer/bsbm/v01/instances/ProductType16,http://purl.org/dc/elements/1.1/publisher
12,http://www4.wiwiss.fu-berlin.de/bizer/bsbm/v01/instances/ProductType16,http://www.w3.org/1999/02/22-rdf-syntax-ns#type
6,http://www4.wiwiss.fu-berlin.de/bizer/bsbm/v01/instances/ProductType16,http://www.w3.org/2000/01/rdf-schema#comment
6,http://www4.wiwiss.fu-berlin.de/bizer/bsbm/v01/instances/ProductType16,http://www.w3.org/2000/01/rdf-schema#label
6,http://www4.wiwiss.fu-berlin.de/bizer/bsbm/v01/instances/ProductType16,http://www4.wiwiss.fu-berlin.de/bizer/bsbm/v01/vocabulary/producer
188,http://www4.wiwiss.fu-berlin.de/bizer/bsbm/v01/instances/ProductType16,http://www4.wiwiss.fu-berlin.de/bizer/bsbm/v01/vocabulary/productFeature
6,http://www4.wiwiss.fu-berlin.de/bizer/bsbm/v01/instances/ProductType16,http://www4.wiwiss.fu-berlin.de/bizer/bsbm/v01/vocabulary/productPropertyNumeric1
6,http://www4.wiwiss.fu-berlin.de/bizer/bsbm/v01/instances/ProductType16,http://www4.wiwiss.fu-berlin.de/bizer/bsbm/v01/vocabulary/productPropertyNumeric2
6,http://www4.wiwiss.fu-berlin.de/bizer/bsbm/v01/instances/ProductType16,http://www4.wiwiss.fu-berlin.de/bizer/bsbm/v01/vocabulary/productPropertyNumeric3
5,http://www4.wiwiss.fu-berlin.de/bizer/bsbm/v01/instances/ProductType16,http://www4.wiwiss.fu-berlin.de/bizer/bsbm/v01/vocabulary/productPropertyNumeric4
6,http://www4.wiwiss.fu-berlin.de/bizer/bsbm/v01/instances/ProductType16,http://www4.wiwiss.fu-berlin.de/bizer/bsbm/v01/vocabulary/productPropertyNumeric5
6,http://www4.wiwiss.fu-berlin.de/bizer/bsbm/v01/instances/ProductType16,http://www4.wiwiss.fu-berlin.de/bizer/bsbm/v01/vocabulary/productPropertyTextual1
6,http://www4.wiwiss.fu-berlin.de/bizer/bsbm/v01/instances/ProductType16,http://www4.wiwiss.fu-berlin.de/bizer/bsbm/v01/vocabulary/productPropertyTextual2
6,http://www4.wiwiss.fu-berlin.de/bizer/bsbm/v01/instances/ProductType16,http://www4.wiwiss.fu-berlin.de/bizer/bsbm/v01/vocabulary/productPropertyTextual3
5,http://www4.wiwiss.fu-berlin.de/bizer/bsbm/v01/instances/ProductType16,http://www4.wiwiss.fu-berlin.de/bizer/bsbm/v01/vocabulary/productPropertyTextual4
5,http://www4.wiwiss.fu-berlin.de/bizer/bsbm/v01/instances/ProductType16,http://www4.wiwiss.fu-berlin.de/bizer/bsbm/v01/vocabulary/productPropertyTextual5
7,http://www4.wiwiss.fu-berlin.de/bizer/bsbm/v01/instances/ProductType17,http://purl.org/dc/elements/1.1/date
7,http://www4.wiwiss.fu-berlin.de/bizer/bsbm/v01/instances/ProductType17,http://purl.org/dc/elements/1.1/publisher
14,http://www4.wiwiss.fu-berlin.de/bizer/bsbm/v01/instances/ProductType17,http://www.w3.org/1999/02/22-rdf-syntax-ns#type
7,http://www4.wiwiss.fu-berlin.de/bizer/bsbm/v01/instances/ProductType17,http://www.w3.org/2000/01/rdf-schema#comment
7,http://www4.wiwiss.fu-berlin.de/bizer/bsbm/v01/instances/ProductType17,http://www.w3.org/2000/01/rdf-schema#label
7,http://www4.wiwiss.fu-berlin.de/bizer/bsbm/v01/instances/ProductType17,http://www4.wiwiss.fu-berlin.de/bizer/bsbm/v01/vocabulary/producer
232,http://www4.wiwiss.fu-berlin.de/bizer/bsbm/v01/instances/ProductType17,http://www4.wiwiss.fu-berlin.de/bizer/bsbm/v01/vocabulary/productFeature
7,http://www4.wiwiss.fu-berlin.de/bizer/bsbm/v01/instances/ProductType17,http://www4.wiwiss.fu-berlin.de/bizer/bsbm/v01/vocabulary/productPropertyNumeric1
7,http://www4.wiwiss.fu-berlin.de/bizer/bsbm/v01/instances/ProductType17,http://www4.wiwiss.fu-berlin.de/bizer/bsbm/v01/vocabulary/productPropertyNumeric2
7,http://www4.wiwiss.fu-berlin.de/bizer/bsbm/v01/instances/ProductType17,http://www4.wiwiss.fu-berlin.de/bizer/bsbm/v01/vocabulary/productPropertyNumeric3
3,http://www4.wiwiss.fu-berlin.de/bizer/bsbm/v01/instances/ProductType17,http://www4.wiwiss.fu-berlin.de/bizer/bsbm/v01/vocabulary/productPropertyNumeric5
7,http://www4.wiwiss.fu-berlin.de/bizer/bsbm/v01/instances/ProductType17,http://www4.wiwiss.fu-berlin.de/bizer/bsbm/v01/vocabulary/productPropertyTextual1
7,http://www4.wiwiss.fu-berlin.de/bizer/bsbm/v01/instances/ProductType17,http://www4.wiwiss.fu-berlin.de/bizer/bsbm/v01/vocabulary/productPropertyTextual2
7,http://www4.wiwiss.fu-berlin.de/bizer/bsbm/v01/instances/ProductType17,http://www4.wiwiss.fu-berlin.de/bizer/bsbm/v01/vocabulary/productPropertyTextual3
3,http://www4.wiwiss.fu-berlin.de/bizer/bsbm/v01/instances/ProductType17,http://www4.wiwiss.fu-berlin.de/bizer/bsbm/v01/vocabulary/productPropertyTextual6
8,http://www4.wiwiss.fu-berlin.de/bizer/bsbm/v01/instances/ProductType18,http://purl.org/dc/elements/1.1/date
8,http://www4.wiwiss.fu-berlin.de/bizer/bsbm/v01/instances/ProductType18,http://purl.org/dc/elements/1.1/publisher
16,http://www4.wiwiss.fu-berlin.de/bizer/bsbm/v01/instances/ProductType18,http://www.w3.org/1999/02/22-rdf-syntax-ns#type
8,http://www4.wiwiss.fu-berlin.de/bizer/bsbm/v01/instances/ProductType18,http://www.w3.org/2000/01/rdf-schema#comment
8,http://www4.wiwiss.fu-berlin.de/bizer/bsbm/v01/instances/ProductType18,http://www.w3.org/2000/01/rdf-schema#label
8,http://www4.wiwiss.fu-berlin.de/bizer/bsbm/v01/instances/ProductType18,http://www4.wiwiss.fu-berlin.de/bizer/bsbm/v01/vocabulary/producer
179,http://www4.wiwiss.fu-berlin.de/bizer/bsbm/v01/instances/ProductType18,http://www4.wiwiss.fu-berlin.de/bizer/bsbm/v01/vocabulary/productFeature
8,http://www4.wiwiss.fu-berlin.de/bizer/bsbm/v01/instances/ProductType18,http://www4.wiwiss.fu-berlin.de/bizer/bsbm/v01/vocabulary/productPropertyNumeric1
8,http://www4.wiwiss.fu-berlin.de/bizer/bsbm/v01/instances/ProductType18,http://www4.wiwiss.fu-berlin.de/bizer/bsbm/v01/vocabulary/productPropertyNumeric2
8,http://www4.wiwiss.fu-berlin.de/bizer/bsbm/v01/instances/ProductType18,http://www4.wiwiss.fu-berlin.de/bizer/bsbm/v01/vocabulary/productPropertyNumeric3
8,http://www4.wiwiss.fu-berlin.de/bizer/bsbm/v01/instances/ProductType18,http://www4.wiwiss.fu-berlin.de/bizer/bsbm/v01/vocabulary/productPropertyTextual1
8,http://www4.wiwiss.fu-berlin.de/bizer/bsbm/v01/instances/ProductType18,http://www4.wiwiss.fu-berlin.de/bizer/bsbm/v01/vocabulary/productPropertyTextual2
8,http://www4.wiwiss.fu-berlin.de/bizer/bsbm/v01/instances/ProductType18,http://www4.wiwiss.fu-berlin.de/bizer/bsbm/v01/vocabulary/productPropertyTextual3
4,http://www4.wiwiss.fu-berlin.de/bizer/bsbm/v01/instances/ProductType18,http://www4.wiwiss.fu-berlin.de/bizer/bsbm/v01/vocabulary/productPropertyTextual4
2,http://www4.wiwiss.fu-berlin.de/bizer/bsbm/v01/instances/ProductType18,http://www4.wiwiss.fu-berlin.de/bizer/bsbm/v01/vocabulary/productPropertyNumeric6
3,http://www4.wiwiss.fu-berlin.de/bizer/bsbm/v01/instances/ProductType18,http://www4.wiwiss.fu-berlin.de/bizer/bsbm/v01/vocabulary/productPropertyTextual6
3,http://www4.wiwiss.fu-berlin.de/bizer/bsbm/v01/instances/ProductType21,http://purl.org/dc/elements/1.1/date
3,http://www4.wiwiss.fu-berlin.de/bizer/bsbm/v01/instances/ProductType21,http://purl.org/dc/elements/1.1/publisher
6,http://www4.wiwiss.fu-berlin.de/bizer/bsbm/v01/instances/ProductType21,http://www.w3.org/1999/02/22-rdf-syntax-ns#type
3,http://www4.wiwiss.fu-berlin.de/bizer/bsbm/v01/instances/ProductType21,http://www.w3.org/2000/01/rdf-schema#comment
3,http://www4.wiwiss.fu-berlin.de/bizer/bsbm/v01/instances/ProductType21,http://www.w3.org/2000/01/rdf-schema#label
3,http://www4.wiwiss.fu-berlin.de/bizer/bsbm/v01/instances/ProductType21,http://www4.wiwiss.fu-berlin.de/bizer/bsbm/v01/vocabulary/producer
73,http://www4.wiwiss.fu-berlin.de/bizer/bsbm/v01/instances/ProductType21,http://www4.wiwiss.fu-berlin.de/bizer/bsbm/v01/vocabulary/productFeature
3,http://www4.wiwiss.fu-berlin.de/bizer/bsbm/v01/instances/ProductType21,http://www4.wiwiss.fu-berlin.de/bizer/bsbm/v01/vocabulary/productPropertyNumeric1
3,http://www4.wiwiss.fu-berlin.de/bizer/bsbm/v01/instances/ProductType21,http://www4.wiwiss.fu-berlin.de/bizer/bsbm/v01/vocabulary/productPropertyNumeric2
3,http://www4.wiwiss.fu-berlin.de/bizer/bsbm/v01/instances/ProductType21,http://www4.wiwiss.fu-berlin.de/bizer/bsbm/v01/vocabulary/productPropertyNumeric3
2,http://www4.wiwiss.fu-berlin.de/bizer/bsbm/v01/instances/ProductType21,http://www4.wiwiss.fu-berlin.de/bizer/bsbm/v01/vocabulary/productPropertyNumeric4
3,http://www4.wiwiss.fu-berlin.de/bizer/bsbm/v01/instances/ProductType21,http://www4.wiwiss.fu-berlin.de/bizer/bsbm/v01/vocabulary/productPropertyNumeric5
3,http://www4.wiwiss.fu-berlin.de/bizer/bsbm/v01/instances/ProductType21,http://www4.wiwiss.fu-berlin.de/bizer/bsbm/v01/vocabulary/productPropertyTextual1
3,http://www4.wiwiss.fu-berlin.de/bizer/bsbm/v01/instances/ProductType21,http://www4.wiwiss.fu-berlin.de/bizer/bsbm/v01/vocabulary/productPropertyTextual2
3,http://www4.wiwiss.fu-berlin.de/bizer/bsbm/v01/instances/ProductType21,http://www4.wiwiss.fu-berlin.de/bizer/bsbm/v01/vocabulary/productPropertyTextual3
2,http://www4.wiwiss.fu-berlin.de/bizer/bsbm/v01/instances/ProductType21,http://www4.wiwiss.fu-berlin.de/bizer/bsbm/v01/vocabulary/productPropertyTextual4
2,http://www4.wiwiss.fu-berlin.de/bizer/bsbm/v01/instances/ProductType21,http://www4.wiwiss.fu-berlin.de/bizer/bsbm/v01/vocabulary/productPropertyTextual5
1,http://www4.wiwiss.fu-berlin.de/bizer/bsbm/v01/instances/ProductType21,http://www4.wiwiss.fu-berlin.de/bizer/bsbm/v01/vocabulary/productPropertyNumeric6
1,http://www4.wiwiss.fu-berlin.de/bizer/bsbm/v01/instances/ProductType21,http://www4.wiwiss.fu-berlin.de/bizer/bsbm/v01/vocabulary/productPropertyTextual6
8,http://www4.wiwiss.fu-berlin.de/bizer/bsbm/v01/instances/ProductType6,http://purl.org/dc/elements/1.1/date
8,http://www4.wiwiss.fu-berlin.de/bizer/bsbm/v01/instances/ProductType6,http://purl.org/dc/elements/1.1/publisher
16,http://www4.wiwiss.fu-berlin.de/bizer/bsbm/v01/instances/ProductType6,http://www.w3.org/1999/02/22-rdf-syntax-ns#type
8,http://www4.wiwiss.fu-berlin.de/bizer/bsbm/v01/instances/ProductType6,http://www.w3.org/2000/01/rdf-schema#comment
8,http://www4.wiwiss.fu-berlin.de/bizer/bsbm/v01/instances/ProductType6,http://www.w3.org/2000/01/rdf-schema#label
8,http://www4.wiwiss.fu-berlin.de/bizer/bsbm/v01/instances/ProductType6,http://www4.wiwiss.fu-berlin.de/bizer/bsbm/v01/vocabulary/producer
140,http://www4.wiwiss.fu-berlin.de/bizer/bsbm/v01/instances/ProductType6,http://www4.wiwiss.fu-berlin.de/bizer/bsbm/v01/vocabulary/productFeature
8,http://www4.wiwiss.fu-berlin.de/bizer/bsbm/v01/instances/ProductType6,http://www4.wiwiss.fu-berlin.de/bizer/bsbm/v01/vocabulary/productPropertyNumeric1
8,http://www4.wiwiss.fu-berlin.de/bizer/bsbm/v01/instances/ProductType6,http://www4.wiwiss.fu-berlin.de/bizer/bsbm/v01/vocabulary/productPropertyNumeric2
8,http://www4.wiwiss.fu-berlin.de/bizer/bsbm/v01/instances/ProductType6,http://www4.wiwiss.fu-berlin.de/bizer/bsbm/v01/vocabulary/productPropertyNumeric3
2,http://www4.wiwiss.fu-berlin.de/bizer/bsbm/v01/instances/ProductType6,http://www4.wiwiss.fu-berlin.de/bizer/bsbm/v01/vocabulary/productPropertyNumeric6
8,http://www4.wiwiss.fu-berlin.de/bizer/bsbm/v01/instances/ProductType6,http://www4.wiwiss.fu-berlin.de/bizer/bsbm/v01/vocabulary/productPropertyTextual1
8,http://www4.wiwiss.fu-berlin.de/bizer/bsbm/v01/instances/ProductType6,http://www4.wiwiss.fu-berlin.de/bizer/bsbm/v01/vocabulary/productPropertyTextual2
8,http://www4.wiwiss.fu-berlin.de/bizer/bsbm/v01/instances/ProductType6,http://www4.wiwiss.fu-berlin.de/bizer/bsbm/v01/vocabulary/productPropertyTextual3
6,http://www4.wiwiss.fu-berlin.de/bizer/bsbm/v01/instances/ProductType6,http://www4.wiwiss.fu-berlin.de/bizer/bsbm/v01/vocabulary/productPropertyNumeric4
5,http://www4.wiwiss.fu-berlin.de/bizer/bsbm/v01/instances/ProductType6,http://www4.wiwiss.fu-berlin.de/bizer/bsbm/v01/vocabulary/productPropertyNumeric5
6,http://www4.wiwiss.fu-berlin.de/bizer/bsbm/v01/instances/ProductType6,http://www4.wiwiss.fu-berlin.de/bizer/bsbm/v01/vocabulary/productPropertyTextual4
4,http://www4.wiwiss.fu-berlin.de/bizer/bsbm/v01/instances/ProductType6,http://www4.wiwiss.fu-berlin.de/bizer/bsbm/v01/vocabulary/productPropertyTextual5
14,http://www4.wiwiss.fu-berlin.de/bizer/bsbm/v01/instances/ProductType7,http://purl.org/dc/elements/1.1/date
14,http://www4.wiwiss.fu-berlin.de/bizer/bsbm/v01/instances/ProductType7,http://purl.org/dc/elements/1.1/publisher
28,http://www4.wiwiss.fu-berlin.de/bizer/bsbm/v01/instances/ProductType7,http://www.w3.org/1999/02/22-rdf-syntax-ns#type
14,http://www4.wiwiss.fu-berlin.de/bizer/bsbm/v01/instances/ProductType7,http://www.w3.org/2000/01/rdf-schema#comment
14,http://www4.wiwiss.fu-berlin.de/bizer/bsbm/v01/instances/ProductType7,http://www.w3.org/2000/01/rdf-schema#label
14,http://www4.wiwiss.fu-berlin.de/bizer/bsbm/v01/instances/ProductType7,http://www4.wiwiss.fu-berlin.de/bizer/bsbm/v01/vocabulary/producer
340,http://www4.wiwiss.fu-berlin.de/bizer/bsbm/v01/instances/ProductType7,http://www4.wiwiss.fu-berlin.de/bizer/bsbm/v01/vocabulary/productFeature
14,http://www4.wiwiss.fu-berlin.de/bizer/bsbm/v01/instances/ProductType7,http://www4.wiwiss.fu-berlin.de/bizer/bsbm/v01/vocabulary/productPropertyNumeric1
14,http://www4.wiwiss.fu-berlin.de/bizer/bsbm/v01/instances/ProductType7,http://www4.wiwiss.fu-berlin.de/bizer/bsbm/v01/vocabulary/productPropertyNumeric2
14,http://www4.wiwiss.fu-berlin.de/bizer/bsbm/v01/instances/ProductType7,http://www4.wiwiss.fu-berlin.de/bizer/bsbm/v01/vocabulary/productPropertyNumeric3
7,http://www4.wiwiss.fu-berlin.de/bizer/bsbm/v01/instances/ProductType7,http://www4.wiwiss.fu-berlin.de/bizer/bsbm/v01/vocabulary/productPropertyNumeric4
8,http://www4.wiwiss.fu-berlin.de/bizer/bsbm/v01/instances/ProductType7,http://www4.wiwiss.fu-berlin.de/bizer/bsbm/v01/vocabulary/productPropertyNumeric5
14,http://www4.wiwiss.fu-berlin.de/bizer/bsbm/v01/instances/ProductType7,http://www4.wiwiss.fu-berlin.de/bizer/bsbm/v01/vocabulary/productPropertyTextual1
14,http://www4.wiwiss.fu-berlin.de/bizer/bsbm/v01/instances/ProductType7,http://www4.wiwiss.fu-berlin.de/bizer/bsbm/v01/vocabulary/productPropertyTextual2
14,http://www4.wiwiss.fu-berlin.de/bizer/bsbm/v01/instances/ProductType7,http://www4.wiwiss.fu-berlin.de/bizer/bsbm/v01/vocabulary/productPropertyTextual3
7,http://www4.wiwiss.fu-berlin.de/bizer/bsbm/v01/instances/ProductType7,http://www4.wiwiss.fu-berlin.de/bizer/bsbm/v01/vocabulary/productPropertyTextual4
9,http://www4.wiwiss.fu-berlin.de/bizer/bsbm/v01/instances/ProductType7,http://www4.wiwiss.fu-berlin.de/bizer/bsbm/v01/vocabulary/productPropertyTextual5
4,http://www4.wiwiss.fu-berlin.de/bizer/bsbm/v01/instances/ProductType7,http://www4.wiwiss.fu-berlin.de/bizer/bsbm/v01/vocabulary/productPropertyNumeric6
2,http://www4.wiwiss.fu-berlin.de/bizer/bsbm/v01/instances/ProductType7,http://www4.wiwiss.fu-berlin.de/bizer/bsbm/v01/vocabulary/productPropertyTextual6
9,http://www4.wiwiss.fu-berlin.de/bizer/bsbm/v01/instances/ProductType8,http://purl.org/dc/elements/1.1/date
9,http://www4.wiwiss.fu-berlin.de/bizer/bsbm/v01/instances/ProductType8,http://purl.org/dc/elements/1.1/publisher
18,http://www4.wiwiss.fu-berlin.de/bizer/bsbm/v01/instances/ProductType8,http://www.w3.org/1999/02/22-rdf-syntax-ns#type
9,http://www4.wiwiss.fu-berlin.de/bizer/bsbm/v01/instances/ProductType8,http://www.w3.org/2000/01/rdf-schema#comment
9,http://www4.wiwiss.fu-berlin.de/bizer/bsbm/v01/instances/ProductType8,http://www.w3.org/2000/01/rdf-schema#label
9,http://www4.wiwiss.fu-berlin.de/bizer/bsbm/v01/instances/ProductType8,http://www4.wiwiss.fu-berlin.de/bizer/bsbm/v01/vocabulary/producer
156,http://www4.wiwiss.fu-berlin.de/bizer/bsbm/v01/instances/ProductType8,http://www4.wiwiss.fu-berlin.de/bizer/bsbm/v01/vocabulary/productFeature
9,http://www4.wiwiss.fu-berlin.de/bizer/bsbm/v01/instances/ProductType8,http://www4.wiwiss.fu-berlin.de/bizer/bsbm/v01/vocabulary/productPropertyNumeric1
9,http://www4.wiwiss.fu-berlin.de/bizer/bsbm/v01/instances/ProductType8,http://www4.wiwiss.fu-berlin.de/bizer/bsbm/v01/vocabulary/productPropertyNumeric2
9,http://www4.wiwiss.fu-berlin.de/bizer/bsbm/v01/instances/ProductType8,http://www4.wiwiss.fu-berlin.de/bizer/bsbm/v01/vocabulary/productPropertyNumeric3
9,http://www4.wiwiss.fu-berlin.de/bizer/bsbm/v01/instances/ProductType8,http://www4.wiwiss.fu-berlin.de/bizer/bsbm/v01/vocabulary/productPropertyTextual1
9,http://www4.wiwiss.fu-berlin.de/bizer/bsbm/v01/instances/ProductType8,http://www4.wiwiss.fu-berlin.de/bizer/bsbm/v01/vocabulary/productPropertyTextual2
9,http://www4.wiwiss.fu-berlin.de/bizer/bsbm/v01/instances/ProductType8,http://www4.wiwiss.fu-berlin.de/bizer/bsbm/v01/vocabulary/productPropertyTextual3
4,http://www4.wiwiss.fu-berlin.de/bizer/bsbm/v01/instances/ProductType8,http://www4.wiwiss.fu-berlin.de/bizer/bsbm/v01/vocabulary/productPropertyNumeric4
3,http://www4.wiwiss.fu-berlin.de/bizer/bsbm/v01/instances/ProductType8,http://www4.wiwiss.fu-berlin.de/bizer/bsbm/v01/vocabulary/productPropertyNumeric5
4,http://www4.wiwiss.fu-berlin.de/bizer/bsbm/v01/instances/ProductType8,http://www4.wiwiss.fu-berlin.de/bizer/bsbm/v01/vocabulary/productPropertyTextual4
4,http://www4.wiwiss.fu-berlin.de/bizer/bsbm/v01/instances/ProductType8,http://www4.wiwiss.fu-berlin.de/bizer/bsbm/v01/vocabulary/productPropertyTextual5
7,http://www4.wiwiss.fu-berlin.de/bizer/bsbm/v01/instances/ProductType9,http://purl.org/dc/elements/1.1/date
7,http://www4.wiwiss.fu-berlin.de/bizer/bsbm/v01/instances/ProductType9,http://purl.org/dc/elements/1.1/publisher
14,http://www4.wiwiss.fu-berlin.de/bizer/bsbm/v01/instances/ProductType9,http://www.w3.org/1999/02/22-rdf-syntax-ns#type
7,http://www4.wiwiss.fu-berlin.de/bizer/bsbm/v01/instances/ProductType9,http://www.w3.org/2000/01/rdf-schema#comment
7,http://www4.wiwiss.fu-berlin.de/bizer/bsbm/v01/instances/ProductType9,http://www.w3.org/2000/01/rdf-schema#label
7,http://www4.wiwiss.fu-berlin.de/bizer/bsbm/v01/instances/ProductType9,http://www4.wiwiss.fu-berlin.de/bizer/bsbm/v01/vocabulary/producer
143,http://www4.wiwiss.fu-berlin.de/bizer/bsbm/v01/instances/ProductType9,http://www4.wiwiss.fu-berlin.de/bizer/bsbm/v01/vocabulary/productFeature
7,http://www4.wiwiss.fu-berlin.de/bizer/bsbm/v01/instances/ProductType9,http://www4.wiwiss.fu-berlin.de/bizer/bsbm/v01/vocabulary/productPropertyNumeric1
7,http://www4.wiwiss.fu-berlin.de/bizer/bsbm/v01/instances/ProductType9,http://www4.wiwiss.fu-berlin.de/bizer/bsbm/v01/vocabulary/productPropertyNumeric2
7,http://www4.wiwiss.fu-berlin.de/bizer/bsbm/v01/instances/ProductType9,http://www4.wiwiss.fu-berlin.de/bizer/bsbm/v01/vocabulary/productPropertyNumeric3
4,http://www4.wiwiss.fu-berlin.de/bizer/bsbm/v01/instances/ProductType9,http://www4.wiwiss.fu-berlin.de/bizer/bsbm/v01/vocabulary/productPropertyNumeric4
5,http://www4.wiwiss.fu-berlin.de/bizer/bsbm/v01/instances/ProductType9,http://www4.wiwiss.fu-berlin.de/bizer/bsbm/v01/vocabulary/productPropertyNumeric5
7,http://www4.wiwiss.fu-berlin.de/bizer/bsbm/v01/instances/ProductType9,http://www4.wiwiss.fu-berlin.de/bizer/bsbm/v01/vocabulary/productPropertyTextual1
7,http://www4.wiwiss.fu-berlin.de/bizer/bsbm/v01/instances/ProductType9,http://www4.wiwiss.fu-berlin.de/bizer/bsbm/v01/vocabulary/productPropertyTextual2
7,http://www4.wiwiss.fu-berlin.de/bizer/bsbm/v01/instances/ProductType9,http://www4.wiwiss.fu-berlin.de/bizer/bsbm/v01/vocabulary/productPropertyTextual3
4,http://www4.wiwiss.fu-berlin.de/bizer/bsbm/v01/instances/ProductType9,http://www4.wiwiss.fu-berlin.de/bizer/bsbm/v01/vocabulary/productPropertyTextual4
5,http://www4.wiwiss.fu-berlin.de/bizer/bsbm/v01/instances/ProductType9,http://www4.wiwiss.fu-berlin.de/bizer/bsbm/v01/vocabulary/productPropertyTextual5
3,http://www4.wiwiss.fu-berlin.de/bizer/bsbm/v01/vocabulary/Producer,http://purl.org/dc/elements/1.1/date
3,http://www4.wiwiss.fu-berlin.de/bizer/bsbm/v01/vocabulary/Producer,http://purl.org/dc/elements/1.1/publisher
3,http://www4.wiwiss.fu-berlin.de/bizer/bsbm/v01/vocabulary/Producer,http://www.w3.org/1999/02/22-rdf-syntax-ns#type
3,http://www4.wiwiss.fu-berlin.de/bizer/bsbm/v01/vocabulary/Producer,http://www.w3.org/2000/01/rdf-schema#comment
3,http://www4.wiwiss.fu-berlin.de/bizer/bsbm/v01/vocabulary/Producer,http://www.w3.org/2000/01/rdf-schema#label
3,http://www4.wiwiss.fu-berlin.de/bizer/bsbm/v01/vocabulary/Producer,http://www4.wiwiss.fu-berlin.de/bizer/bsbm/v01/vocabulary/country
3,http://www4.wiwiss.fu-berlin.de/bizer/bsbm/v01/vocabulary/Producer,http://xmlns.com/foaf/0.1/homepage
100,http://www4.wiwiss.fu-berlin.de/bizer/bsbm/v01/vocabulary/Product,http://purl.org/dc/elements/1.1/date
100,http://www4.wiwiss.fu-berlin.de/bizer/bsbm/v01/vocabulary/Product,http://purl.org/dc/elements/1.1/publisher
200,http://www4.wiwiss.fu-berlin.de/bizer/bsbm/v01/vocabulary/Product,http://www.w3.org/1999/02/22-rdf-syntax-ns#type
100,http://www4.wiwiss.fu-berlin.de/bizer/bsbm/v01/vocabulary/Product,http://www.w3.org/2000/01/rdf-schema#comment
100,http://www4.wiwiss.fu-berlin.de/bizer/bsbm/v01/vocabulary/Product,http://www.w3.org/2000/01/rdf-schema#label
100,http://www4.wiwiss.fu-berlin.de/bizer/bsbm/v01/vocabulary/Product,http://www4.wiwiss.fu-berlin.de/bizer/bsbm/v01/vocabulary/producer
2375,http://www4.wiwiss.fu-berlin.de/bizer/bsbm/v01/vocabulary/Product,http://www4.wiwiss.fu-berlin.de/bizer/bsbm/v01/vocabulary/productFeature
100,http://www4.wiwiss.fu-berlin.de/bizer/bsbm/v01/vocabulary/Product,http://www4.wiwiss.fu-berlin.de/bizer/bsbm/v01/vocabulary/productPropertyNumeric1
100,http://www4.wiwiss.fu-berlin.de/bizer/bsbm/v01/vocabulary/Product,http://www4.wiwiss.fu-berlin.de/bizer/bsbm/v01/vocabulary/productPropertyNumeric2
100,http://www4.wiwiss.fu-berlin.de/bizer/bsbm/v01/vocabulary/Product,http://www4.wiwiss.fu-berlin.de/bizer/bsbm/v01/vocabulary/productPropertyNumeric3
53,http://www4.wiwiss.fu-berlin.de/bizer/bsbm/v01/vocabulary/Product,http://www4.wiwiss.fu-berlin.de/bizer/bsbm/v01/vocabulary/productPropertyNumeric5
100,http://www4.wiwiss.fu-berlin.de/bizer/bsbm/v01/vocabulary/Product,http://www4.wiwiss.fu-berlin.de/bizer/bsbm/v01/vocabulary/productPropertyTextual1
100,http://www4.wiwiss.fu-berlin.de/bizer/bsbm/v01/vocabulary/Product,http://www4.wiwiss.fu-berlin.de/bizer/bsbm/v01/vocabulary/productPropertyTextual2
100,http://www4.wiwiss.fu-berlin.de/bizer/bsbm/v01/vocabulary/Product,http://www4.wiwiss.fu-berlin.de/bizer/bsbm/v01/vocabulary/productPropertyTextual3
49,http://www4.wiwiss.fu-berlin.de/bizer/bsbm/v01/vocabulary/Product,http://www4.wiwiss.fu-berlin.de/bizer/bsbm/v01/vocabulary/productPropertyTextual4
44,http://www4.wiwiss.fu-berlin.de/bizer/bsbm/v01/vocabulary/Product,http://www4.wiwiss.fu-berlin.de/bizer/bsbm/v01/vocabulary/productPropertyNumeric4
53,http://www4.wiwiss.fu-berlin.de/bizer/bsbm/v01/vocabulary/Product,http://www4.wiwiss.fu-berlin.de/bizer/bsbm/v01/vocabulary/productPropertyTextual5
16,http://www4.wiwiss.fu-berlin.de/bizer/bsbm/v01/vocabulary/Product,http://www4.wiwiss.fu-berlin.de/bizer/bsbm/v01/vocabulary/productPropertyNumeric6
17,http://www4.wiwiss.fu-berlin.de/bizer/bsbm/v01/vocabulary/Product,http://www4.wiwiss.fu-berlin.de/bizer/bsbm/v01/vocabulary/productPropertyTextual6
3,http://www4.wiwiss.fu-berlin.de/bizer/bsbm/v01/instances/ProductType12,http://www4.wiwiss.fu-berlin.de/bizer/bsbm/v01/vocabulary/productPropertyNumeric4
3,http://www4.wiwiss.fu-berlin.de/bizer/bsbm/v01/instances/ProductType12,http://www4.wiwiss.fu-berlin.de/bizer/bsbm/v01/vocabulary/productPropertyNumeric5
3,http://www4.wiwiss.fu-berlin.de/bizer/bsbm/v01/instances/ProductType12,http://www4.wiwiss.fu-berlin.de/bizer/bsbm/v01/vocabulary/productPropertyTextual5
7,http://www4.wiwiss.fu-berlin.de/bizer/bsbm/v01/instances/ProductType13,http://purl.org/dc/elements/1.1/date
7,http://www4.wiwiss.fu-berlin.de/bizer/bsbm/v01/instances/ProductType13,http://purl.org/dc/elements/1.1/publisher
14,http://www4.wiwiss.fu-berlin.de/bizer/bsbm/v01/instances/ProductType13,http://www.w3.org/1999/02/22-rdf-syntax-ns#type
7,http://www4.wiwiss.fu-berlin.de/bizer/bsbm/v01/instances/ProductType13,http://www.w3.org/2000/01/rdf-schema#comment
7,http://www4.wiwiss.fu-berlin.de/bizer/bsbm/v01/instances/ProductType13,http://www.w3.org/2000/01/rdf-schema#label
7,http://www4.wiwiss.fu-berlin.de/bizer/bsbm/v01/instances/ProductType13,http://www4.wiwiss.fu-berlin.de/bizer/bsbm/v01/vocabulary/producer
176,http://www4.wiwiss.fu-berlin.de/bizer/bsbm/v01/instances/ProductType13,http://www4.wiwiss.fu-berlin.de/bizer/bsbm/v01/vocabulary/productFeature
7,http://www4.wiwiss.fu-berlin.de/bizer/bsbm/v01/instances/ProductType13,http://www4.wiwiss.fu-berlin.de/bizer/bsbm/v01/vocabulary/productPropertyNumeric1
7,http://www4.wiwiss.fu-berlin.de/bizer/bsbm/v01/instances/ProductType13,http://www4.wiwiss.fu-berlin.de/bizer/bsbm/v01/vocabulary/productPropertyNumeric2
7,http://www4.wiwiss.fu-berlin.de/bizer/bsbm/v01/instances/ProductType13,http://www4.wiwiss.fu-berlin.de/bizer/bsbm/v01/vocabulary/productPropertyNumeric3
3,http://www4.wiwiss.fu-berlin.de/bizer/bsbm/v01/instances/ProductType13,http://www4.wiwiss.fu-berlin.de/bizer/bsbm/v01/vocabulary/productPropertyNumeric5
7,http://www4.wiwiss.fu-berlin.de/bizer/bsbm/v01/instances/ProductType13,http://www4.wiwiss.fu-berlin.de/bizer/bsbm/v01/vocabulary/productPropertyTextual1
7,http://www4.wiwiss.fu-berlin.de/bizer/bsbm/v01/instances/ProductType13,http://www4.wiwiss.fu-berlin.de/bizer/bsbm/v01/vocabulary/productPropertyTextual2
7,http://www4.wiwiss.fu-berlin.de/bizer/bsbm/v01/instances/ProductType13,http://www4.wiwiss.fu-berlin.de/bizer/bsbm/v01/vocabulary/productPropertyTextual3
3,http://www4.wiwiss.fu-berlin.de/bizer/bsbm/v01/instances/ProductType13,http://www4.wiwiss.fu-berlin.de/bizer/bsbm/v01/vocabulary/productPropertyTextual4
2,http://www4.wiwiss.fu-berlin.de/bizer/bsbm/v01/instances/ProductType13,http://www4.wiwiss.fu-berlin.de/bizer/bsbm/v01/vocabulary/productPropertyNumeric6
2,http://www4.wiwiss.fu-berlin.de/bizer/bsbm/v01/instances/ProductType13,http://www4.wiwiss.fu-berlin.de/bizer/bsbm/v01/vocabulary/productPropertyTextual5
1,http://www4.wiwiss.fu-berlin.de/bizer/bsbm/v01/instances/ProductType13,http://www4.wiwiss.fu-berlin.de/bizer/bsbm/v01/vocabulary/productPropertyTextual6
3,http://www4.wiwiss.fu-berlin.de/bizer/bsbm/v01/instances/ProductType17,http://www4.wiwiss.fu-berlin.de/bizer/bsbm/v01/vocabulary/productPropertyTextual5
2,http://www4.wiwiss.fu-berlin.de/bizer/bsbm/v01/instances/ProductType17,http://www4.wiwiss.fu-berlin.de/bizer/bsbm/v01/vocabulary/productPropertyNumeric4
2,http://www4.wiwiss.fu-berlin.de/bizer/bsbm/v01/instances/ProductType17,http://www4.wiwiss.fu-berlin.de/bizer/bsbm/v01/vocabulary/productPropertyTextual4
3,http://www4.wiwiss.fu-berlin.de/bizer/bsbm/v01/instances/ProductType18,http://www4.wiwiss.fu-berlin.de/bizer/bsbm/v01/vocabulary/productPropertyNumeric4
2,http://www4.wiwiss.fu-berlin.de/bizer/bsbm/v01/instances/ProductType18,http://www4.wiwiss.fu-berlin.de/bizer/bsbm/v01/vocabulary/productPropertyNumeric5
4,http://www4.wiwiss.fu-berlin.de/bizer/bsbm/v01/instances/ProductType18,http://www4.wiwiss.fu-berlin.de/bizer/bsbm/v01/vocabulary/productPropertyTextual5
2,http://www4.wiwiss.fu-berlin.de/bizer/bsbm/v01/instances/ProductType11,http://www4.wiwiss.fu-berlin.de/bizer/bsbm/v01/vocabulary/productPropertyTextual6
1,http://www4.wiwiss.fu-berlin.de/bizer/bsbm/v01/instances/ProductType11,http://www4.wiwiss.fu-berlin.de/bizer/bsbm/v01/vocabulary/productPropertyNumeric6
3,http://www4.wiwiss.fu-berlin.de/bizer/bsbm/v01/instances/ProductType10,http://www4.wiwiss.fu-berlin.de/bizer/bsbm/v01/vocabulary/productPropertyNumeric5
2,http://www4.wiwiss.fu-berlin.de/bizer/bsbm/v01/instances/ProductType10,http://www4.wiwiss.fu-berlin.de/bizer/bsbm/v01/vocabulary/productPropertyNumeric6
3,http://www4.wiwiss.fu-berlin.de/bizer/bsbm/v01/instances/ProductType10,http://www4.wiwiss.fu-berlin.de/bizer/bsbm/v01/vocabulary/productPropertyNumeric4
4,http://www4.wiwiss.fu-berlin.de/bizer/bsbm/v01/instances/ProductType10,http://www4.wiwiss.fu-berlin.de/bizer/bsbm/v01/vocabulary/productPropertyTextual5
1,http://www4.wiwiss.fu-berlin.de/bizer/bsbm/v01/instances/ProductType10,http://www4.wiwiss.fu-berlin.de/bizer/bsbm/v01/vocabulary/productPropertyTextual6
2,http://www4.wiwiss.fu-berlin.de/bizer/bsbm/v01/instances/ProductType10,http://www4.wiwiss.fu-berlin.de/bizer/bsbm/v01/vocabulary/productPropertyTextual4
1,http://www4.wiwiss.fu-berlin.de/bizer/bsbm/v01/instances/ProductType6,http://www4.wiwiss.fu-berlin.de/bizer/bsbm/v01/vocabulary/productPropertyTextual6
2,http://www4.wiwiss.fu-berlin.de/bizer/bsbm/v01/instances/ProductType14,http://www4.wiwiss.fu-berlin.de/bizer/bsbm/v01/vocabulary/productPropertyNumeric5
2,http://www4.wiwiss.fu-berlin.de/bizer/bsbm/v01/instances/ProductType15,http://www4.wiwiss.fu-berlin.de/bizer/bsbm/v01/vocabulary/productPropertyTextual4
1,http://www4.wiwiss.fu-berlin.de/bizer/bsbm/v01/instances/ProductType15,http://www4.wiwiss.fu-berlin.de/bizer/bsbm/v01/vocabulary/productPropertyNumeric4
1,http://www4.wiwiss.fu-berlin.de/bizer/bsbm/v01/instances/ProductType9,http://www4.wiwiss.fu-berlin.de/bizer/bsbm/v01/vocabulary/productPropertyNumeric6
1,http://www4.wiwiss.fu-berlin.de/bizer/bsbm/v01/instances/ProductType9,http://www4.wiwiss.fu-berlin.de/bizer/bsbm/v01/vocabulary/productPropertyTextual6
1,http://www4.wiwiss.fu-berlin.de/bizer/bsbm/v01/instances/ProductType14,http://www4.wiwiss.fu-berlin.de/bizer/bsbm/v01/vocabulary/productPropertyNumeric4
1,http://www4.wiwiss.fu-berlin.de/bizer/bsbm/v01/instances/ProductType14,http://www4.wiwiss.fu-berlin.de/bizer/bsbm/v01/vocabulary/productPropertyTextual4
1,http://www4.wiwiss.fu-berlin.de/bizer/bsbm/v01/instances/ProductType13,http://www4.wiwiss.fu-berlin.de/bizer/bsbm/v01/vocabulary/productPropertyNumeric4
1,http://www4.wiwiss.fu-berlin.de/bizer/bsbm/v01/instances/ProductType8,http://www4.wiwiss.fu-berlin.de/bizer/bsbm/v01/vocabulary/productPropertyTextual6
50,http://xmlns.com/foaf/0.1/Person,http://purl.org/dc/elements/1.1/date
50,http://xmlns.com/foaf/0.1/Person,http://purl.org/dc/elements/1.1/publisher
50,http://xmlns.com/foaf/0.1/Person,http://www.w3.org/1999/02/22-rdf-syntax-ns#type
50,http://xmlns.com/foaf/0.1/Person,http://www4.wiwiss.fu-berlin.de/bizer/bsbm/v01/vocabulary/country
50,http://xmlns.com/foaf/0.1/Person,http://xmlns.com/foaf/0.1/mbox_sha1sum
50,http://xmlns.com/foaf/0.1/Person,http://xmlns.com/foaf/0.1/name
1,http://www4.wiwiss.fu-berlin.de/bizer/bsbm/v01/vocabulary/Vendor,http://purl.org/dc/elements/1.1/date
1,http://www4.wiwiss.fu-berlin.de/bizer/bsbm/v01/vocabulary/Vendor,http://purl.org/dc/elements/1.1/publisher
1,http://www4.wiwiss.fu-berlin.de/bizer/bsbm/v01/vocabulary/Vendor,http://www.w3.org/1999/02/22-rdf-syntax-ns#type
1,http://www4.wiwiss.fu-berlin.de/bizer/bsbm/v01/vocabulary/Vendor,http://www.w3.org/2000/01/rdf-schema#comment
1,http://www4.wiwiss.fu-berlin.de/bizer/bsbm/v01/vocabulary/Vendor,http://www.w3.org/2000/01/rdf-schema#label
1,http://www4.wiwiss.fu-berlin.de/bizer/bsbm/v01/vocabulary/Vendor,http://www4.wiwiss.fu-berlin.de/bizer/bsbm/v01/vocabulary/country
1,http://www4.wiwiss.fu-berlin.de/bizer/bsbm/v01/vocabulary/Vendor,http://xmlns.com/foaf/0.1/homepage
1000,http://www4.wiwiss.fu-berlin.de/bizer/bsbm/v01/vocabulary/Review,http://purl.org/dc/elements/1.1/date
1000,http://www4.wiwiss.fu-berlin.de/bizer/bsbm/v01/vocabulary/Review,http://purl.org/dc/elements/1.1/publisher
1000,http://www4.wiwiss.fu-berlin.de/bizer/bsbm/v01/vocabulary/Review,http://purl.org/dc/elements/1.1/title
1000,http://www4.wiwiss.fu-berlin.de/bizer/bsbm/v01/vocabulary/Review,http://purl.org/stuff/rev#reviewer
1000,http://www4.wiwiss.fu-berlin.de/bizer/bsbm/v01/vocabulary/Review,http://purl.org/stuff/rev#text
1000,http://www4.wiwiss.fu-berlin.de/bizer/bsbm/v01/vocabulary/Review,http://www.w3.org/1999/02/22-rdf-syntax-ns#type
713,http://www4.wiwiss.fu-berlin.de/bizer/bsbm/v01/vocabulary/Review,http://www4.wiwiss.fu-berlin.de/bizer/bsbm/v01/vocabulary/rating2
691,http://www4.wiwiss.fu-berlin.de/bizer/bsbm/v01/vocabulary/Review,http://www4.wiwiss.fu-berlin.de/bizer/bsbm/v01/vocabulary/rating3
1000,http://www4.wiwiss.fu-berlin.de/bizer/bsbm/v01/vocabulary/Review,http://www4.wiwiss.fu-berlin.de/bizer/bsbm/v01/vocabulary/reviewDate
1000,http://www4.wiwiss.fu-berlin.de/bizer/bsbm/v01/vocabulary/Review,http://www4.wiwiss.fu-berlin.de/bizer/bsbm/v01/vocabulary/reviewFor
717,http://www4.wiwiss.fu-berlin.de/bizer/bsbm/v01/vocabulary/Review,http://www4.wiwiss.fu-berlin.de/bizer/bsbm/v01/vocabulary/rating1
701,http://www4.wiwiss.fu-berlin.de/bizer/bsbm/v01/vocabulary/Review,http://www4.wiwiss.fu-berlin.de/bizer/bsbm/v01/vocabulary/rating4
2000,http://www4.wiwiss.fu-berlin.de/bizer/bsbm/v01/vocabulary/Offer,http://purl.org/dc/elements/1.1/date
2000,http://www4.wiwiss.fu-berlin.de/bizer/bsbm/v01/vocabulary/Offer,http://purl.org/dc/elements/1.1/publisher
2000,http://www4.wiwiss.fu-berlin.de/bizer/bsbm/v01/vocabulary/Offer,http://www.w3.org/1999/02/22-rdf-syntax-ns#type
2000,http://www4.wiwiss.fu-berlin.de/bizer/bsbm/v01/vocabulary/Offer,http://www4.wiwiss.fu-berlin.de/bizer/bsbm/v01/vocabulary/deliveryDays
2000,http://www4.wiwiss.fu-berlin.de/bizer/bsbm/v01/vocabulary/Offer,http://www4.wiwiss.fu-berlin.de/bizer/bsbm/v01/vocabulary/offerWebpage
2000,http://www4.wiwiss.fu-berlin.de/bizer/bsbm/v01/vocabulary/Offer,http://www4.wiwiss.fu-berlin.de/bizer/bsbm/v01/vocabulary/price
2000,http://www4.wiwiss.fu-berlin.de/bizer/bsbm/v01/vocabulary/Offer,http://www4.wiwiss.fu-berlin.de/bizer/bsbm/v01/vocabulary/product
2000,http://www4.wiwiss.fu-berlin.de/bizer/bsbm/v01/vocabulary/Offer,http://www4.wiwiss.fu-berlin.de/bizer/bsbm/v01/vocabulary/validFrom
2000,http://www4.wiwiss.fu-berlin.de/bizer/bsbm/v01/vocabulary/Offer,http://www4.wiwiss.fu-berlin.de/bizer/bsbm/v01/vocabulary/validTo
2000,http://www4.wiwiss.fu-berlin.de/bizer/bsbm/v01/vocabulary/Offer,http://www4.wiwiss.fu-berlin.de/bizer/bsbm/v01/vocabulary/vendor
