"count","c"
4,"http://dbpedia.org/ontology/AmericanFootballLeague"
146,"http://www.opengis.net/gml/_Feature"
4,"http://dbpedia.org/ontology/MusicFestival"
40,"http://dbpedia.org/ontology/Place"
4,"http://dbpedia.org/ontology/Newspaper"
3,"http://dbpedia.org/ontology/Vein"
5,"http://dbpedia.org/ontology/Arachnid"
5,"http://dbpedia.org/ontology/TennisPlayer"
72,"http://xmlns.com/foaf/0.1/Person"
4,"http://dbpedia.org/ontology/Park"
2,"http://dbpedia.org/ontology/Planet"
5,"http://dbpedia.org/ontology/IceHockeyPlayer"
5,"http://dbpedia.org/ontology/ClubMoss"
3,"http://dbpedia.org/ontology/Brain"
6,"http://dbpedia.org/ontology/Writer"
4,"http://dbpedia.org/ontology/MixedMartialArtsLeague"
4,"http://dbpedia.org/ontology/WineRegion"
5,"http://dbpedia.org/ontology/University"
4,"http://dbpedia.org/ontology/CanadianFootballLeague"
6,"http://dbpedia.org/ontology/Cyclist"
4,"http://dbpedia.org/ontology/Film"
6,"http://dbpedia.org/ontology/Fish"
3,"http://dbpedia.org/ontology/AutomobileEngine"
4,"http://dbpedia.org/ontology/SoftballLeague"
4,"http://dbpedia.org/ontology/WorldHeritageSite"
5,"http://dbpedia.org/ontology/Architect"
13,"http://dbpedia.org/ontology/Politician"
4,"http://dbpedia.org/ontology/Legislature"
5,"http://dbpedia.org/ontology/FigureSkater"
14,"http://dbpedia.org/ontology/Animal"
5,"http://dbpedia.org/ontology/BritishRoyalty"
5,"http://dbpedia.org/ontology/VideoGame"
2,"http://dbpedia.org/ontology/OlympicResult"
5,"http://dbpedia.org/ontology/Conifer"
6,"http://dbpedia.org/ontology/Reptile"
5,"http://dbpedia.org/ontology/Crustacean"
4,"http://dbpedia.org/ontology/MilitaryUnit"
3,"http://dbpedia.org/ontology/Game"
4,"http://dbpedia.org/ontology/PoloLeague"
5,"http://dbpedia.org/ontology/Criminal"
26,"http://dbpedia.org/ontology/SportsLeague"
5,"http://dbpedia.org/ontology/Airline"
10,"http://dbpedia.org/ontology/AnatomicalStructure"
6,"http://dbpedia.org/ontology/FictionalCharacter"
4,"http://dbpedia.org/ontology/LunarCrater"
5,"http://dbpedia.org/ontology/ComicsCreator"
3,"http://dbpedia.org/ontology/EthnicGroup"
5,"http://dbpedia.org/ontology/Boxer"
3,"http://dbpedia.org/ontology/Artery"
6,"http://dbpedia.org/ontology/Saint"
1,"http://www.w3.org/1999/02/22-rdf-syntax-ns#Property"
6,"http://dbpedia.org/ontology/PrimeMinister"
5,"http://dbpedia.org/ontology/GrandPrix"
4,"http://dbpedia.org/ontology/FilmFestival"
2,"http://dbpedia.org/ontology/Currency"
4,"http://dbpedia.org/ontology/MotorcycleRacingLeague"
5,"http://dbpedia.org/ontology/Philosopher"
7,"http://dbpedia.org/ontology/AdultActor"
4,"http://dbpedia.org/ontology/Cave"
2,"http://dbpedia.org/ontology/Colour"
4,"http://dbpedia.org/ontology/InlineHockeyLeague"
3,"http://dbpedia.org/ontology/Nerve"
5,"http://dbpedia.org/ontology/GreenAlga"
3,"http://dbpedia.org/ontology/Bone"
15,"http://dbpedia.org/ontology/Plant"
7,"http://dbpedia.org/ontology/GridironFootballPlayer"
4,"http://dbpedia.org/ontology/SiteOfSpecialScientificInterest"
5,"http://dbpedia.org/ontology/SoccerClub"
6,"http://dbpedia.org/ontology/MemberOfParliament"
5,"http://dbpedia.org/ontology/Scientist"
2,"http://dbpedia.org/ontology/Website"
4,"http://dbpedia.org/ontology/PlayboyPlaymate"
23,"http://dbpedia.org/ontology/Athlete"
6,"http://dbpedia.org/ontology/Mayor"
4,"http://dbpedia.org/ontology/VideogamesLeague"
5,"http://dbpedia.org/ontology/Single"
4,"http://dbpedia.org/ontology/IceHockeyLeague"
4,"http://dbpedia.org/ontology/Road"
5,"http://dbpedia.org/ontology/Stadium"
6,"http://dbpedia.org/ontology/BaseballPlayer"
3,"http://dbpedia.org/ontology/Musical"
7,"http://dbpedia.org/ontology/Stream"
4,"http://dbpedia.org/ontology/HandballLeague"
4,"http://dbpedia.org/ontology/Rocket"
5,"http://dbpedia.org/ontology/Ship"
3,"http://dbpedia.org/ontology/Beverage"
5,"http://dbpedia.org/ontology/College"
6,"http://dbpedia.org/ontology/Canal"
4,"http://dbpedia.org/ontology/SpaceShuttle"
7,"http://dbpedia.org/ontology/AmericanFootballPlayer"
3,"http://dbpedia.org/ontology/Bacteria"
5,"http://dbpedia.org/ontology/Olympics"
7,"http://dbpedia.org/ontology/EducationalInstitution"
2,"http://dbpedia.org/ontology/Protein"
4,"http://dbpedia.org/ontology/TelevisionEpisode"
3,"http://dbpedia.org/ontology/Disease"
5,"http://dbpedia.org/ontology/Fern"
12,"http://dbpedia.org/ontology/Artist"
6,"http://dbpedia.org/ontology/Amphibian"
5,"http://dbpedia.org/ontology/Monarch"
5,"http://dbpedia.org/ontology/RecordLabel"
5,"http://dbpedia.org/ontology/Race"
5,"http://dbpedia.org/ontology/Chancellor"
28,"http://dbpedia.org/ontology/Species"
4,"http://dbpedia.org/ontology/BasketballLeague"
5,"http://dbpedia.org/ontology/Device"
4,"http://dbpedia.org/ontology/Mountain"
6,"http://dbpedia.org/ontology/ChristianBishop"
2,"http://dbpedia.org/ontology/PersonFunction"
4,"http://dbpedia.org/ontology/Astronaut"
9,"http://dbpedia.org/ontology/Cleric"
5,"http://dbpedia.org/ontology/School"
3,"http://dbpedia.org/ontology/Automobile"
5,"http://dbpedia.org/ontology/ShoppingMall"
5,"http://dbpedia.org/ontology/Comedian"
5,"http://dbpedia.org/ontology/BadmintonPlayer"
4,"http://dbpedia.org/ontology/FieldHockeyLeague"
5,"http://dbpedia.org/ontology/MilitaryPerson"
5,"http://dbpedia.org/ontology/Lighthouse"
7,"http://dbpedia.org/ontology/Grape"
5,"http://dbpedia.org/ontology/EurovisionSongContestEntry"
5,"http://dbpedia.org/ontology/Country"
6,"http://dbpedia.org/ontology/Mammal"
18,"http://dbpedia.org/ontology/Work"
4,"http://dbpedia.org/ontology/CollegeCoach"
4,"http://dbpedia.org/ontology/Valley"
3,"http://dbpedia.org/ontology/Archaea"
2,"http://dbpedia.org/ontology/ChemicalCompound"
11,"http://dbpedia.org/ontology/MeanOfTransportation"
6,"http://dbpedia.org/ontology/Bird"
4,"http://dbpedia.org/ontology/MixedMartialArtsEvent"
8,"http://dbpedia.org/ontology/SportsTeam"
6,"http://dbpedia.org/ontology/River"
3,"http://dbpedia.org/ontology/Sport"
6,"http://dbpedia.org/ontology/Village"
6,"http://dbpedia.org/ontology/Town"
5,"http://dbpedia.org/ontology/GaelicGamesPlayer"
5,"http://dbpedia.org/ontology/Album"
4,"http://dbpedia.org/ontology/SkiArea"
4,"http://dbpedia.org/ontology/Monument"
5,"http://dbpedia.org/ontology/SoccerManager"
4,"http://dbpedia.org/ontology/Infrastructure"
26,"http://dbpedia.org/ontology/Eukaryote"
4,"http://dbpedia.org/ontology/Journalist"
5,"http://dbpedia.org/ontology/Band"
5,"http://dbpedia.org/ontology/Station"
4,"http://dbpedia.org/ontology/Broadcast"
6,"http://dbpedia.org/ontology/Congressman"
6,"http://dbpedia.org/ontology/Mollusca"
5,"http://dbpedia.org/ontology/Ginkgo"
4,"http://dbpedia.org/ontology/Activity"
4,"http://dbpedia.org/ontology/Model"
5,"http://dbpedia.org/ontology/Book"
3,"http://dbpedia.org/ontology/Embryology"
5,"http://dbpedia.org/ontology/LaunchPad"
5,"http://dbpedia.org/ontology/Continent"
5,"http://dbpedia.org/ontology/WomensTennisAssociationTournament"
5,"http://dbpedia.org/ontology/Bridge"
5,"http://dbpedia.org/ontology/OfficeHolder"
4,"http://dbpedia.org/ontology/VolleyballLeague"
6,"http://dbpedia.org/ontology/City"
5,"http://dbpedia.org/ontology/FormulaOneRacer"
12,"http://dbpedia.org/ontology/PopulatedPlace"
4,"http://dbpedia.org/ontology/SpeedwayLeague"
4,"http://dbpedia.org/ontology/TelevisionShow"
5,"http://dbpedia.org/ontology/MilitaryConflict"
3,"http://dbpedia.org/ontology/Muscle"
4,"http://dbpedia.org/ontology/RadioStation"
8,"http://dbpedia.org/ontology/Settlement"
6,"http://dbpedia.org/ontology/President"
4,"http://dbpedia.org/ontology/LacrosseLeague"
4,"http://dbpedia.org/ontology/AmericanFootballTeam"
5,"http://dbpedia.org/ontology/Cycad"
4,"http://dbpedia.org/ontology/Aircraft"
5,"http://dbpedia.org/ontology/BasketballPlayer"
4,"http://dbpedia.org/ontology/Magazine"
4,"http://dbpedia.org/ontology/AustralianFootballLeague"
4,"http://dbpedia.org/ontology/SpaceMission"
5,"http://dbpedia.org/ontology/Airport"
5,"http://dbpedia.org/ontology/Lake"
5,"http://dbpedia.org/ontology/NationalCollegiateAthleticAssociationAthlete"
4,"http://dbpedia.org/ontology/WrestlingEvent"
3,"http://dbpedia.org/ontology/SupremeCourtOfTheUnitedStatesCase"
8,"http://dbpedia.org/ontology/BodyOfWater"
2,"http://dbpedia.org/ontology/MusicGenre"
17,"http://dbpedia.org/ontology/Event"
5,"http://dbpedia.org/ontology/Pope"
6,"http://dbpedia.org/ontology/Governor"
2,"http://dbpedia.org/ontology/Sales"
4,"http://dbpedia.org/ontology/TennisLeague"
2,"http://dbpedia.org/ontology/Drug"
5,"http://dbpedia.org/ontology/Judge"
5,"http://dbpedia.org/ontology/Insect"
4,"http://dbpedia.org/ontology/PokerPlayer"
4,"http://dbpedia.org/ontology/SoccerLeague"
13,"http://dbpedia.org/ontology/Building"
5,"http://dbpedia.org/ontology/Wrestler"
5,"http://dbpedia.org/ontology/Cardinal"
5,"http://dbpedia.org/ontology/Gnetophytes"
4,"http://dbpedia.org/ontology/ProtectedArea"
4,"http://dbpedia.org/ontology/BaseballLeague"
3,"http://dbpedia.org/ontology/Lymph"
5,"http://dbpedia.org/ontology/Moss"
6,"http://dbpedia.org/ontology/Senator"
7,"http://dbpedia.org/ontology/Company"
5,"http://dbpedia.org/ontology/Island"
3,"http://dbpedia.org/ontology/Language"
5,"http://dbpedia.org/ontology/Cricketer"
4,"http://dbpedia.org/ontology/Non-ProfitOrganisation"
4,"http://dbpedia.org/ontology/TradeUnion"
4,"http://dbpedia.org/ontology/CanadianFootballTeam"
4,"http://dbpedia.org/ontology/Fungus"
5,"http://dbpedia.org/ontology/SoccerPlayer"
1,"http://www.w3.org/2004/02/skos/core#Concept"
5,"http://dbpedia.org/ontology/Skyscraper"
2,"http://dbpedia.org/ontology/Award"
4,"http://dbpedia.org/ontology/CricketLeague"
8,"http://dbpedia.org/ontology/Actor"
4,"http://dbpedia.org/ontology/Weapon"
8,"http://dbpedia.org/ontology/MusicalWork"
4,"http://dbpedia.org/ontology/Convention"
5,"http://dbpedia.org/ontology/Software"
4,"http://dbpedia.org/ontology/RugbyLeague"
4,"http://dbpedia.org/ontology/AutoRacingLeague"
64,"http://dbpedia.org/ontology/Person"
4,"http://dbpedia.org/ontology/Spacecraft"
4,"http://dbpedia.org/ontology/ComicsCharacter"
4,"http://dbpedia.org/ontology/HockeyTeam"
5,"http://dbpedia.org/ontology/AdministrativeRegion"
5,"http://dbpedia.org/ontology/NascarDriver"
4,"http://dbpedia.org/ontology/SpaceStation"
7,"http://dbpedia.org/ontology/VoiceActor"
5,"http://dbpedia.org/ontology/RugbyPlayer"
3,"http://dbpedia.org/ontology/YearInSpaceflight"
5,"http://dbpedia.org/ontology/Hospital"
5,"http://dbpedia.org/ontology/Ambassador"
7,"http://dbpedia.org/ontology/FloweringPlant"
4,"http://dbpedia.org/ontology/HistoricPlace"
4,"http://dbpedia.org/ontology/MountainRange"
10,"http://dbpedia.org/ontology/SportsEvent"
6,"http://dbpedia.org/ontology/MusicalArtist"
46,"http://dbpedia.org/ontology/Organisation"
6,"http://dbpedia.org/ontology/Song"
242,"http://www.w3.org/2002/07/owl#Thing"

