"count","c","p"
10,"http://www4.wiwiss.fu-berlin.de/bizer/bsbm/v01/vocabulary/Product","http://www.w3.org/2000/01/rdf-schema#label"
3,"http://www4.wiwiss.fu-berlin.de/bizer/bsbm/v01/instances/ProductType5","http://www4.wiwiss.fu-berlin.de/bizer/bsbm/v01/vocabulary/productPropertyNumeric5"
4,"http://www4.wiwiss.fu-berlin.de/bizer/bsbm/v01/instances/ProductType5","http://www4.wiwiss.fu-berlin.de/bizer/bsbm/v01/vocabulary/productPropertyNumeric2"
1,"http://www4.wiwiss.fu-berlin.de/bizer/bsbm/v01/instances/ProductType6","http://www4.wiwiss.fu-berlin.de/bizer/bsbm/v01/vocabulary/productPropertyNumeric5"
1,"http://www4.wiwiss.fu-berlin.de/bizer/bsbm/v01/vocabulary/Offer","http://www4.wiwiss.fu-berlin.de/bizer/bsbm/v01/vocabulary/vendor"
6,"http://xmlns.com/foaf/0.1/Person","http://xmlns.com/foaf/0.1/name"
107,"http://www4.wiwiss.fu-berlin.de/bizer/bsbm/v01/vocabulary/Offer","http://www4.wiwiss.fu-berlin.de/bizer/bsbm/v01/vocabulary/validTo"
7,"http://www4.wiwiss.fu-berlin.de/bizer/bsbm/v01/vocabulary/ProductType","http://purl.org/dc/elements/1.1/date"
1,"http://www4.wiwiss.fu-berlin.de/bizer/bsbm/v01/vocabulary/Producer","http://purl.org/dc/elements/1.1/publisher"
1,"http://www4.wiwiss.fu-berlin.de/bizer/bsbm/v01/instances/ProductType6","http://www4.wiwiss.fu-berlin.de/bizer/bsbm/v01/vocabulary/producer"
10,"http://www4.wiwiss.fu-berlin.de/bizer/bsbm/v01/vocabulary/Review","http://www4.wiwiss.fu-berlin.de/bizer/bsbm/v01/vocabulary/reviewFor"
200,"http://www4.wiwiss.fu-berlin.de/bizer/bsbm/v01/vocabulary/Offer","http://www4.wiwiss.fu-berlin.de/bizer/bsbm/v01/vocabulary/price"
4,"http://www4.wiwiss.fu-berlin.de/bizer/bsbm/v01/instances/ProductType5","http://www.w3.org/2000/01/rdf-schema#comment"
1,"http://www4.wiwiss.fu-berlin.de/bizer/bsbm/v01/instances/ProductType4","http://www4.wiwiss.fu-berlin.de/bizer/bsbm/v01/vocabulary/productPropertyNumeric4"
1,"http://www4.wiwiss.fu-berlin.de/bizer/bsbm/v01/vocabulary/Producer","http://www.w3.org/1999/02/22-rdf-syntax-ns#type"
33,"http://www4.wiwiss.fu-berlin.de/bizer/bsbm/v01/vocabulary/ProductFeature","http://purl.org/dc/elements/1.1/date"
1,"http://www4.wiwiss.fu-berlin.de/bizer/bsbm/v01/vocabulary/Product","http://www4.wiwiss.fu-berlin.de/bizer/bsbm/v01/vocabulary/producer"
143,"http://www4.wiwiss.fu-berlin.de/bizer/bsbm/v01/vocabulary/Product","http://www4.wiwiss.fu-berlin.de/bizer/bsbm/v01/vocabulary/productFeature"
1,"http://www4.wiwiss.fu-berlin.de/bizer/bsbm/v01/instances/ProductType4","http://www4.wiwiss.fu-berlin.de/bizer/bsbm/v01/vocabulary/productPropertyTextual3"
10,"http://www4.wiwiss.fu-berlin.de/bizer/bsbm/v01/vocabulary/Product","http://www4.wiwiss.fu-berlin.de/bizer/bsbm/v01/vocabulary/productPropertyTextual1"
10,"http://www4.wiwiss.fu-berlin.de/bizer/bsbm/v01/vocabulary/Product","http://www4.wiwiss.fu-berlin.de/bizer/bsbm/v01/vocabulary/productPropertyTextual3"
1,"http://www4.wiwiss.fu-berlin.de/bizer/bsbm/v01/vocabulary/Offer","http://www.w3.org/1999/02/22-rdf-syntax-ns#type"
1,"http://www4.wiwiss.fu-berlin.de/bizer/bsbm/v01/instances/ProductType4","http://www4.wiwiss.fu-berlin.de/bizer/bsbm/v01/vocabulary/productPropertyNumeric2"
6,"http://xmlns.com/foaf/0.1/Person","http://purl.org/dc/elements/1.1/date"
6,"http://xmlns.com/foaf/0.1/Person","http://xmlns.com/foaf/0.1/mbox_sha1sum"
10,"http://www4.wiwiss.fu-berlin.de/bizer/bsbm/v01/vocabulary/Review","http://www4.wiwiss.fu-berlin.de/bizer/bsbm/v01/vocabulary/rating1"
7,"http://www4.wiwiss.fu-berlin.de/bizer/bsbm/v01/vocabulary/ProductType","http://www.w3.org/2000/01/rdf-schema#label"
10,"http://www4.wiwiss.fu-berlin.de/bizer/bsbm/v01/vocabulary/Product","http://www4.wiwiss.fu-berlin.de/bizer/bsbm/v01/vocabulary/productPropertyNumeric2"
5,"http://www4.wiwiss.fu-berlin.de/bizer/bsbm/v01/instances/ProductType6","http://purl.org/dc/elements/1.1/date"
4,"http://www4.wiwiss.fu-berlin.de/bizer/bsbm/v01/vocabulary/Product","http://www4.wiwiss.fu-berlin.de/bizer/bsbm/v01/vocabulary/productPropertyNumeric4"
2,"http://www4.wiwiss.fu-berlin.de/bizer/bsbm/v01/instances/ProductType5","http://www4.wiwiss.fu-berlin.de/bizer/bsbm/v01/vocabulary/productPropertyTextual4"
4,"http://www4.wiwiss.fu-berlin.de/bizer/bsbm/v01/vocabulary/Product","http://www4.wiwiss.fu-berlin.de/bizer/bsbm/v01/vocabulary/productPropertyTextual5"
1,"http://www4.wiwiss.fu-berlin.de/bizer/bsbm/v01/vocabulary/ProductType","http://purl.org/dc/elements/1.1/publisher"
1,"http://www4.wiwiss.fu-berlin.de/bizer/bsbm/v01/vocabulary/Producer","http://xmlns.com/foaf/0.1/homepage"
1,"http://www4.wiwiss.fu-berlin.de/bizer/bsbm/v01/vocabulary/Product","http://www4.wiwiss.fu-berlin.de/bizer/bsbm/v01/vocabulary/productPropertyNumeric6"
1,"http://www4.wiwiss.fu-berlin.de/bizer/bsbm/v01/vocabulary/Vendor","http://purl.org/dc/elements/1.1/date"
1,"http://www4.wiwiss.fu-berlin.de/bizer/bsbm/v01/vocabulary/Product","http://purl.org/dc/elements/1.1/publisher"
1,"http://www4.wiwiss.fu-berlin.de/bizer/bsbm/v01/instances/ProductType6","http://www4.wiwiss.fu-berlin.de/bizer/bsbm/v01/vocabulary/productPropertyNumeric6"
1,"http://www4.wiwiss.fu-berlin.de/bizer/bsbm/v01/vocabulary/ProductType","http://www.w3.org/1999/02/22-rdf-syntax-ns#type"
1,"http://www4.wiwiss.fu-berlin.de/bizer/bsbm/v01/vocabulary/ProductFeature","http://purl.org/dc/elements/1.1/publisher"
1,"http://www4.wiwiss.fu-berlin.de/bizer/bsbm/v01/vocabulary/Vendor","http://xmlns.com/foaf/0.1/homepage"
100,"http://www4.wiwiss.fu-berlin.de/bizer/bsbm/v01/vocabulary/Review","http://purl.org/dc/elements/1.1/title"
1,"http://www4.wiwiss.fu-berlin.de/bizer/bsbm/v01/instances/ProductType4","http://www4.wiwiss.fu-berlin.de/bizer/bsbm/v01/vocabulary/productPropertyTextual2"
1,"http://www4.wiwiss.fu-berlin.de/bizer/bsbm/v01/instances/ProductType6","http://purl.org/dc/elements/1.1/publisher"
90,"http://www4.wiwiss.fu-berlin.de/bizer/bsbm/v01/vocabulary/Review","http://www4.wiwiss.fu-berlin.de/bizer/bsbm/v01/vocabulary/reviewDate"
4,"http://www4.wiwiss.fu-berlin.de/bizer/bsbm/v01/instances/ProductType5","http://purl.org/dc/elements/1.1/date"
2,"http://www4.wiwiss.fu-berlin.de/bizer/bsbm/v01/instances/ProductType6","http://www.w3.org/1999/02/22-rdf-syntax-ns#type"
1,"http://www4.wiwiss.fu-berlin.de/bizer/bsbm/v01/instances/ProductType4","http://www4.wiwiss.fu-berlin.de/bizer/bsbm/v01/vocabulary/productPropertyTextual1"
289,"http://www4.wiwiss.fu-berlin.de/bizer/bsbm/v01/vocabulary/ProductFeature","http://www.w3.org/2000/01/rdf-schema#label"
5,"http://www4.wiwiss.fu-berlin.de/bizer/bsbm/v01/instances/ProductType6","http://www4.wiwiss.fu-berlin.de/bizer/bsbm/v01/vocabulary/productPropertyTextual1"
1,"http://www4.wiwiss.fu-berlin.de/bizer/bsbm/v01/instances/ProductType4","http://purl.org/dc/elements/1.1/publisher"
5,"http://xmlns.com/foaf/0.1/Person","http://www4.wiwiss.fu-berlin.de/bizer/bsbm/v01/vocabulary/country"
289,"http://www4.wiwiss.fu-berlin.de/bizer/bsbm/v01/vocabulary/ProductFeature","http://www.w3.org/2000/01/rdf-schema#comment"
103,"http://www4.wiwiss.fu-berlin.de/bizer/bsbm/v01/vocabulary/Offer","http://www4.wiwiss.fu-berlin.de/bizer/bsbm/v01/vocabulary/validFrom"
1,"http://www4.wiwiss.fu-berlin.de/bizer/bsbm/v01/vocabulary/Vendor","http://www.w3.org/2000/01/rdf-schema#label"
68,"http://www4.wiwiss.fu-berlin.de/bizer/bsbm/v01/instances/ProductType6","http://www4.wiwiss.fu-berlin.de/bizer/bsbm/v01/vocabulary/productFeature"
4,"http://www4.wiwiss.fu-berlin.de/bizer/bsbm/v01/instances/ProductType5","http://www.w3.org/2000/01/rdf-schema#label"
100,"http://www4.wiwiss.fu-berlin.de/bizer/bsbm/v01/vocabulary/Review","http://purl.org/stuff/rev#text"
8,"http://www4.wiwiss.fu-berlin.de/bizer/bsbm/v01/vocabulary/Offer","http://www4.wiwiss.fu-berlin.de/bizer/bsbm/v01/vocabulary/deliveryDays"
1,"http://www4.wiwiss.fu-berlin.de/bizer/bsbm/v01/vocabulary/Review","http://purl.org/dc/elements/1.1/publisher"
5,"http://www4.wiwiss.fu-berlin.de/bizer/bsbm/v01/instances/ProductType6","http://www4.wiwiss.fu-berlin.de/bizer/bsbm/v01/vocabulary/productPropertyNumeric1"
1,"http://www4.wiwiss.fu-berlin.de/bizer/bsbm/v01/instances/ProductType4","http://www4.wiwiss.fu-berlin.de/bizer/bsbm/v01/vocabulary/productPropertyNumeric3"
2,"http://www4.wiwiss.fu-berlin.de/bizer/bsbm/v01/instances/ProductType5","http://www4.wiwiss.fu-berlin.de/bizer/bsbm/v01/vocabulary/productPropertyNumeric4"
5,"http://www4.wiwiss.fu-berlin.de/bizer/bsbm/v01/instances/ProductType6","http://www4.wiwiss.fu-berlin.de/bizer/bsbm/v01/vocabulary/productPropertyTextual2"
5,"http://www4.wiwiss.fu-berlin.de/bizer/bsbm/v01/instances/ProductType6","http://www.w3.org/2000/01/rdf-schema#label"
1,"http://www4.wiwiss.fu-berlin.de/bizer/bsbm/v01/vocabulary/Review","http://www.w3.org/1999/02/22-rdf-syntax-ns#type"
4,"http://www4.wiwiss.fu-berlin.de/bizer/bsbm/v01/instances/ProductType5","http://www4.wiwiss.fu-berlin.de/bizer/bsbm/v01/vocabulary/productPropertyTextual1"
1,"http://www4.wiwiss.fu-berlin.de/bizer/bsbm/v01/vocabulary/Producer","http://www4.wiwiss.fu-berlin.de/bizer/bsbm/v01/vocabulary/country"
1,"http://www4.wiwiss.fu-berlin.de/bizer/bsbm/v01/vocabulary/Producer","http://www.w3.org/2000/01/rdf-schema#comment"
1,"http://www4.wiwiss.fu-berlin.de/bizer/bsbm/v01/instances/ProductType6","http://www4.wiwiss.fu-berlin.de/bizer/bsbm/v01/vocabulary/productPropertyTextual5"
1,"http://www4.wiwiss.fu-berlin.de/bizer/bsbm/v01/vocabulary/ProductFeature","http://www.w3.org/1999/02/22-rdf-syntax-ns#type"
1,"http://www4.wiwiss.fu-berlin.de/bizer/bsbm/v01/vocabulary/Producer","http://www.w3.org/2000/01/rdf-schema#label"
1,"http://www4.wiwiss.fu-berlin.de/bizer/bsbm/v01/instances/ProductType4","http://www4.wiwiss.fu-berlin.de/bizer/bsbm/v01/vocabulary/productPropertyNumeric5"
1,"http://www4.wiwiss.fu-berlin.de/bizer/bsbm/v01/vocabulary/Vendor","http://www.w3.org/2000/01/rdf-schema#comment"
5,"http://www4.wiwiss.fu-berlin.de/bizer/bsbm/v01/instances/ProductType6","http://www4.wiwiss.fu-berlin.de/bizer/bsbm/v01/vocabulary/productPropertyTextual3"
79,"http://www4.wiwiss.fu-berlin.de/bizer/bsbm/v01/vocabulary/Review","http://purl.org/dc/elements/1.1/date"
10,"http://www4.wiwiss.fu-berlin.de/bizer/bsbm/v01/vocabulary/Product","http://www4.wiwiss.fu-berlin.de/bizer/bsbm/v01/vocabulary/productPropertyTextual2"
1,"http://www4.wiwiss.fu-berlin.de/bizer/bsbm/v01/instances/ProductType4","http://www.w3.org/2000/01/rdf-schema#label"
4,"http://www4.wiwiss.fu-berlin.de/bizer/bsbm/v01/instances/ProductType5","http://www4.wiwiss.fu-berlin.de/bizer/bsbm/v01/vocabulary/productPropertyNumeric3"
1,"http://xmlns.com/foaf/0.1/Person","http://purl.org/dc/elements/1.1/publisher"
51,"http://www4.wiwiss.fu-berlin.de/bizer/bsbm/v01/instances/ProductType5","http://www4.wiwiss.fu-berlin.de/bizer/bsbm/v01/vocabulary/productFeature"
1,"http://xmlns.com/foaf/0.1/Person","http://www.w3.org/1999/02/22-rdf-syntax-ns#type"
10,"http://www4.wiwiss.fu-berlin.de/bizer/bsbm/v01/vocabulary/Product","http://www4.wiwiss.fu-berlin.de/bizer/bsbm/v01/vocabulary/productPropertyNumeric1"
4,"http://www4.wiwiss.fu-berlin.de/bizer/bsbm/v01/vocabulary/Product","http://www4.wiwiss.fu-berlin.de/bizer/bsbm/v01/vocabulary/productPropertyTextual4"
1,"http://www4.wiwiss.fu-berlin.de/bizer/bsbm/v01/instances/ProductType6","http://www4.wiwiss.fu-berlin.de/bizer/bsbm/v01/vocabulary/productPropertyTextual6"
5,"http://www4.wiwiss.fu-berlin.de/bizer/bsbm/v01/instances/ProductType6","http://www4.wiwiss.fu-berlin.de/bizer/bsbm/v01/vocabulary/productPropertyNumeric2"
1,"http://www4.wiwiss.fu-berlin.de/bizer/bsbm/v01/vocabulary/Product","http://www4.wiwiss.fu-berlin.de/bizer/bsbm/v01/vocabulary/productPropertyTextual6"
1,"http://www4.wiwiss.fu-berlin.de/bizer/bsbm/v01/instances/ProductType4","http://www4.wiwiss.fu-berlin.de/bizer/bsbm/v01/vocabulary/productPropertyNumeric1"
1,"http://www4.wiwiss.fu-berlin.de/bizer/bsbm/v01/vocabulary/Offer","http://purl.org/dc/elements/1.1/publisher"
1,"http://www4.wiwiss.fu-berlin.de/bizer/bsbm/v01/instances/ProductType4","http://www4.wiwiss.fu-berlin.de/bizer/bsbm/v01/vocabulary/productPropertyTextual5"
10,"http://www4.wiwiss.fu-berlin.de/bizer/bsbm/v01/vocabulary/Product","http://www4.wiwiss.fu-berlin.de/bizer/bsbm/v01/vocabulary/productPropertyNumeric3"
5,"http://www4.wiwiss.fu-berlin.de/bizer/bsbm/v01/vocabulary/Product","http://www4.wiwiss.fu-berlin.de/bizer/bsbm/v01/vocabulary/productPropertyNumeric5"
7,"http://www4.wiwiss.fu-berlin.de/bizer/bsbm/v01/vocabulary/ProductType","http://www.w3.org/2000/01/rdf-schema#comment"
1,"http://www4.wiwiss.fu-berlin.de/bizer/bsbm/v01/instances/ProductType5","http://www4.wiwiss.fu-berlin.de/bizer/bsbm/v01/vocabulary/producer"
10,"http://www4.wiwiss.fu-berlin.de/bizer/bsbm/v01/vocabulary/Product","http://purl.org/dc/elements/1.1/date"
1,"http://www4.wiwiss.fu-berlin.de/bizer/bsbm/v01/instances/ProductType4","http://www4.wiwiss.fu-berlin.de/bizer/bsbm/v01/vocabulary/productPropertyTextual4"
5,"http://www4.wiwiss.fu-berlin.de/bizer/bsbm/v01/instances/ProductType6","http://www4.wiwiss.fu-berlin.de/bizer/bsbm/v01/vocabulary/productPropertyNumeric3"
10,"http://www4.wiwiss.fu-berlin.de/bizer/bsbm/v01/vocabulary/Product","http://www.w3.org/2000/01/rdf-schema#comment"
4,"http://www4.wiwiss.fu-berlin.de/bizer/bsbm/v01/instances/ProductType5","http://www4.wiwiss.fu-berlin.de/bizer/bsbm/v01/vocabulary/productPropertyNumeric1"
1,"http://www4.wiwiss.fu-berlin.de/bizer/bsbm/v01/vocabulary/Vendor","http://www.w3.org/1999/02/22-rdf-syntax-ns#type"
10,"http://www4.wiwiss.fu-berlin.de/bizer/bsbm/v01/vocabulary/Offer","http://www4.wiwiss.fu-berlin.de/bizer/bsbm/v01/vocabulary/product"
2,"http://www4.wiwiss.fu-berlin.de/bizer/bsbm/v01/instances/ProductType4","http://www.w3.org/1999/02/22-rdf-syntax-ns#type"
10,"http://www4.wiwiss.fu-berlin.de/bizer/bsbm/v01/vocabulary/Review","http://www4.wiwiss.fu-berlin.de/bizer/bsbm/v01/vocabulary/rating3"
2,"http://www4.wiwiss.fu-berlin.de/bizer/bsbm/v01/instances/ProductType5","http://www4.wiwiss.fu-berlin.de/bizer/bsbm/v01/vocabulary/productPropertyTextual5"
4,"http://www4.wiwiss.fu-berlin.de/bizer/bsbm/v01/instances/ProductType5","http://www4.wiwiss.fu-berlin.de/bizer/bsbm/v01/vocabulary/productPropertyTextual2"
2,"http://www4.wiwiss.fu-berlin.de/bizer/bsbm/v01/instances/ProductType5","http://www.w3.org/1999/02/22-rdf-syntax-ns#type"
1,"http://www4.wiwiss.fu-berlin.de/bizer/bsbm/v01/instances/ProductType6","http://www4.wiwiss.fu-berlin.de/bizer/bsbm/v01/vocabulary/productPropertyTextual4"
30,"http://www4.wiwiss.fu-berlin.de/bizer/bsbm/v01/instances/ProductType4","http://www4.wiwiss.fu-berlin.de/bizer/bsbm/v01/vocabulary/productFeature"
10,"http://www4.wiwiss.fu-berlin.de/bizer/bsbm/v01/vocabulary/Review","http://www4.wiwiss.fu-berlin.de/bizer/bsbm/v01/vocabulary/rating4"
81,"http://www4.wiwiss.fu-berlin.de/bizer/bsbm/v01/vocabulary/Offer","http://purl.org/dc/elements/1.1/date"
1,"http://www4.wiwiss.fu-berlin.de/bizer/bsbm/v01/vocabulary/Producer","http://purl.org/dc/elements/1.1/date"
1,"http://www4.wiwiss.fu-berlin.de/bizer/bsbm/v01/instances/ProductType5","http://purl.org/dc/elements/1.1/publisher"
3,"http://www4.wiwiss.fu-berlin.de/bizer/bsbm/v01/vocabulary/ProductType","http://www.w3.org/2000/01/rdf-schema#subClassOf"
4,"http://www4.wiwiss.fu-berlin.de/bizer/bsbm/v01/instances/ProductType5","http://www4.wiwiss.fu-berlin.de/bizer/bsbm/v01/vocabulary/productPropertyTextual3"
6,"http://www4.wiwiss.fu-berlin.de/bizer/bsbm/v01/vocabulary/Review","http://purl.org/stuff/rev#reviewer"
5,"http://www4.wiwiss.fu-berlin.de/bizer/bsbm/v01/instances/ProductType6","http://www.w3.org/2000/01/rdf-schema#comment"
1,"http://www4.wiwiss.fu-berlin.de/bizer/bsbm/v01/vocabulary/Vendor","http://purl.org/dc/elements/1.1/publisher"
1,"http://www4.wiwiss.fu-berlin.de/bizer/bsbm/v01/instances/ProductType6","http://www4.wiwiss.fu-berlin.de/bizer/bsbm/v01/vocabulary/productPropertyNumeric4"
1,"http://www4.wiwiss.fu-berlin.de/bizer/bsbm/v01/instances/ProductType4","http://purl.org/dc/elements/1.1/date"
1,"http://www4.wiwiss.fu-berlin.de/bizer/bsbm/v01/vocabulary/Vendor","http://www4.wiwiss.fu-berlin.de/bizer/bsbm/v01/vocabulary/country"
1,"http://www4.wiwiss.fu-berlin.de/bizer/bsbm/v01/instances/ProductType4","http://www.w3.org/2000/01/rdf-schema#comment"
10,"http://www4.wiwiss.fu-berlin.de/bizer/bsbm/v01/vocabulary/Review","http://www4.wiwiss.fu-berlin.de/bizer/bsbm/v01/vocabulary/rating2"
1,"http://www4.wiwiss.fu-berlin.de/bizer/bsbm/v01/instances/ProductType4","http://www4.wiwiss.fu-berlin.de/bizer/bsbm/v01/vocabulary/producer"
200,"http://www4.wiwiss.fu-berlin.de/bizer/bsbm/v01/vocabulary/Offer","http://www4.wiwiss.fu-berlin.de/bizer/bsbm/v01/vocabulary/offerWebpage"
4,"http://www4.wiwiss.fu-berlin.de/bizer/bsbm/v01/vocabulary/Product","http://www.w3.org/1999/02/22-rdf-syntax-ns#type"

