"count","c","p"
289,"http://www4.wiwiss.fu-berlin.de/bizer/bsbm/v01/vocabulary/ProductFeature","http://www.w3.org/2000/01/rdf-schema#comment"
10,"http://www4.wiwiss.fu-berlin.de/bizer/bsbm/v01/instances/ProductType6","http://www.w3.org/1999/02/22-rdf-syntax-ns#type"
7,"http://www4.wiwiss.fu-berlin.de/bizer/bsbm/v01/vocabulary/ProductType","http://www.w3.org/2000/01/rdf-schema#comment"
1,"http://www4.wiwiss.fu-berlin.de/bizer/bsbm/v01/vocabulary/Producer","http://www.w3.org/2000/01/rdf-schema#comment"
10,"http://www4.wiwiss.fu-berlin.de/bizer/bsbm/v01/vocabulary/Product","http://www.w3.org/2000/01/rdf-schema#comment"
5,"http://www4.wiwiss.fu-berlin.de/bizer/bsbm/v01/instances/ProductType6","http://www.w3.org/2000/01/rdf-schema#comment"
100,"http://www4.wiwiss.fu-berlin.de/bizer/bsbm/v01/vocabulary/Review","http://purl.org/dc/elements/1.1/title"
4,"http://www4.wiwiss.fu-berlin.de/bizer/bsbm/v01/instances/ProductType5","http://purl.org/dc/elements/1.1/publisher"
200,"http://www4.wiwiss.fu-berlin.de/bizer/bsbm/v01/vocabulary/Offer","http://www4.wiwiss.fu-berlin.de/bizer/bsbm/v01/vocabulary/product"
213,"http://www4.wiwiss.fu-berlin.de/bizer/bsbm/v01/vocabulary/Product","http://www4.wiwiss.fu-berlin.de/bizer/bsbm/v01/vocabulary/productFeature"
4,"http://www4.wiwiss.fu-berlin.de/bizer/bsbm/v01/instances/ProductType5","http://www4.wiwiss.fu-berlin.de/bizer/bsbm/v01/vocabulary/productPropertyNumeric2"
4,"http://www4.wiwiss.fu-berlin.de/bizer/bsbm/v01/instances/ProductType5","http://www4.wiwiss.fu-berlin.de/bizer/bsbm/v01/vocabulary/productPropertyTextual2"
10,"http://www4.wiwiss.fu-berlin.de/bizer/bsbm/v01/vocabulary/Product","http://www4.wiwiss.fu-berlin.de/bizer/bsbm/v01/vocabulary/productPropertyTextual3"
108,"http://www4.wiwiss.fu-berlin.de/bizer/bsbm/v01/instances/ProductType6","http://www4.wiwiss.fu-berlin.de/bizer/bsbm/v01/vocabulary/productFeature"
1,"http://www4.wiwiss.fu-berlin.de/bizer/bsbm/v01/instances/ProductType6","http://www4.wiwiss.fu-berlin.de/bizer/bsbm/v01/vocabulary/productPropertyNumeric5"
30,"http://www4.wiwiss.fu-berlin.de/bizer/bsbm/v01/instances/ProductType4","http://www4.wiwiss.fu-berlin.de/bizer/bsbm/v01/vocabulary/productFeature"
1,"http://www4.wiwiss.fu-berlin.de/bizer/bsbm/v01/instances/ProductType4","http://www4.wiwiss.fu-berlin.de/bizer/bsbm/v01/vocabulary/productPropertyTextual5"
5,"http://www4.wiwiss.fu-berlin.de/bizer/bsbm/v01/instances/ProductType6","http://www.w3.org/2000/01/rdf-schema#label"
7,"http://www4.wiwiss.fu-berlin.de/bizer/bsbm/v01/vocabulary/ProductType","http://purl.org/dc/elements/1.1/date"
6,"http://www4.wiwiss.fu-berlin.de/bizer/bsbm/v01/vocabulary/ProductType","http://www.w3.org/2000/01/rdf-schema#subClassOf"
4,"http://www4.wiwiss.fu-berlin.de/bizer/bsbm/v01/instances/ProductType5","http://www.w3.org/2000/01/rdf-schema#comment"
10,"http://www4.wiwiss.fu-berlin.de/bizer/bsbm/v01/vocabulary/Product","http://purl.org/dc/elements/1.1/date"
1,"http://www4.wiwiss.fu-berlin.de/bizer/bsbm/v01/instances/ProductType4","http://purl.org/dc/elements/1.1/date"
1,"http://www4.wiwiss.fu-berlin.de/bizer/bsbm/v01/vocabulary/Vendor","http://www.w3.org/2000/01/rdf-schema#comment"
1,"http://www4.wiwiss.fu-berlin.de/bizer/bsbm/v01/vocabulary/Vendor","http://purl.org/dc/elements/1.1/publisher"
100,"http://www4.wiwiss.fu-berlin.de/bizer/bsbm/v01/vocabulary/Review","http://purl.org/stuff/rev#reviewer"
1,"http://www4.wiwiss.fu-berlin.de/bizer/bsbm/v01/vocabulary/Producer","http://www4.wiwiss.fu-berlin.de/bizer/bsbm/v01/vocabulary/country"
1,"http://www4.wiwiss.fu-berlin.de/bizer/bsbm/v01/vocabulary/Producer","http://xmlns.com/foaf/0.1/homepage"
4,"http://www4.wiwiss.fu-berlin.de/bizer/bsbm/v01/instances/ProductType5","http://www4.wiwiss.fu-berlin.de/bizer/bsbm/v01/vocabulary/producer"
4,"http://www4.wiwiss.fu-berlin.de/bizer/bsbm/v01/vocabulary/Product","http://www4.wiwiss.fu-berlin.de/bizer/bsbm/v01/vocabulary/productPropertyTextual5"
1,"http://www4.wiwiss.fu-berlin.de/bizer/bsbm/v01/instances/ProductType4","http://www4.wiwiss.fu-berlin.de/bizer/bsbm/v01/vocabulary/productPropertyNumeric2"
1,"http://www4.wiwiss.fu-berlin.de/bizer/bsbm/v01/vocabulary/Vendor","http://www4.wiwiss.fu-berlin.de/bizer/bsbm/v01/vocabulary/country"
200,"http://www4.wiwiss.fu-berlin.de/bizer/bsbm/v01/vocabulary/Offer","http://www.w3.org/1999/02/22-rdf-syntax-ns#type"
1,"http://www4.wiwiss.fu-berlin.de/bizer/bsbm/v01/vocabulary/Producer","http://purl.org/dc/elements/1.1/publisher"
66,"http://www4.wiwiss.fu-berlin.de/bizer/bsbm/v01/vocabulary/Review","http://www4.wiwiss.fu-berlin.de/bizer/bsbm/v01/vocabulary/rating3"
200,"http://www4.wiwiss.fu-berlin.de/bizer/bsbm/v01/vocabulary/Offer","http://www4.wiwiss.fu-berlin.de/bizer/bsbm/v01/vocabulary/validFrom"
100,"http://www4.wiwiss.fu-berlin.de/bizer/bsbm/v01/vocabulary/Review","http://purl.org/stuff/rev#text"
4,"http://www4.wiwiss.fu-berlin.de/bizer/bsbm/v01/instances/ProductType5","http://www4.wiwiss.fu-berlin.de/bizer/bsbm/v01/vocabulary/productPropertyTextual1"
5,"http://www4.wiwiss.fu-berlin.de/bizer/bsbm/v01/instances/ProductType6","http://www4.wiwiss.fu-berlin.de/bizer/bsbm/v01/vocabulary/productPropertyNumeric2"
5,"http://www4.wiwiss.fu-berlin.de/bizer/bsbm/v01/instances/ProductType6","http://www4.wiwiss.fu-berlin.de/bizer/bsbm/v01/vocabulary/productPropertyTextual3"
100,"http://www4.wiwiss.fu-berlin.de/bizer/bsbm/v01/vocabulary/Review","http://www.w3.org/1999/02/22-rdf-syntax-ns#type"
1,"http://www4.wiwiss.fu-berlin.de/bizer/bsbm/v01/vocabulary/Producer","http://www.w3.org/2000/01/rdf-schema#label"
6,"http://xmlns.com/foaf/0.1/Person","http://purl.org/dc/elements/1.1/publisher"
1,"http://www4.wiwiss.fu-berlin.de/bizer/bsbm/v01/instances/ProductType4","http://www.w3.org/2000/01/rdf-schema#comment"
75,"http://www4.wiwiss.fu-berlin.de/bizer/bsbm/v01/instances/ProductType5","http://www4.wiwiss.fu-berlin.de/bizer/bsbm/v01/vocabulary/productFeature"
4,"http://www4.wiwiss.fu-berlin.de/bizer/bsbm/v01/instances/ProductType5","http://www4.wiwiss.fu-berlin.de/bizer/bsbm/v01/vocabulary/productPropertyNumeric1"
10,"http://www4.wiwiss.fu-berlin.de/bizer/bsbm/v01/vocabulary/Product","http://www4.wiwiss.fu-berlin.de/bizer/bsbm/v01/vocabulary/productPropertyNumeric1"
4,"http://www4.wiwiss.fu-berlin.de/bizer/bsbm/v01/instances/ProductType5","http://www4.wiwiss.fu-berlin.de/bizer/bsbm/v01/vocabulary/productPropertyNumeric3"
5,"http://www4.wiwiss.fu-berlin.de/bizer/bsbm/v01/vocabulary/Product","http://www4.wiwiss.fu-berlin.de/bizer/bsbm/v01/vocabulary/productPropertyNumeric5"
4,"http://www4.wiwiss.fu-berlin.de/bizer/bsbm/v01/vocabulary/Product","http://www4.wiwiss.fu-berlin.de/bizer/bsbm/v01/vocabulary/productPropertyTextual4"
5,"http://www4.wiwiss.fu-berlin.de/bizer/bsbm/v01/instances/ProductType6","http://www4.wiwiss.fu-berlin.de/bizer/bsbm/v01/vocabulary/productPropertyNumeric3"
1,"http://www4.wiwiss.fu-berlin.de/bizer/bsbm/v01/instances/ProductType4","http://www4.wiwiss.fu-berlin.de/bizer/bsbm/v01/vocabulary/productPropertyTextual2"
289,"http://www4.wiwiss.fu-berlin.de/bizer/bsbm/v01/vocabulary/ProductFeature","http://www.w3.org/1999/02/22-rdf-syntax-ns#type"
1,"http://www4.wiwiss.fu-berlin.de/bizer/bsbm/v01/instances/ProductType4","http://www.w3.org/2000/01/rdf-schema#label"
100,"http://www4.wiwiss.fu-berlin.de/bizer/bsbm/v01/vocabulary/Review","http://purl.org/dc/elements/1.1/date"
200,"http://www4.wiwiss.fu-berlin.de/bizer/bsbm/v01/vocabulary/Offer","http://purl.org/dc/elements/1.1/date"
5,"http://www4.wiwiss.fu-berlin.de/bizer/bsbm/v01/instances/ProductType6","http://purl.org/dc/elements/1.1/publisher"
67,"http://www4.wiwiss.fu-berlin.de/bizer/bsbm/v01/vocabulary/Review","http://www4.wiwiss.fu-berlin.de/bizer/bsbm/v01/vocabulary/rating4"
6,"http://xmlns.com/foaf/0.1/Person","http://www4.wiwiss.fu-berlin.de/bizer/bsbm/v01/vocabulary/country"
5,"http://www4.wiwiss.fu-berlin.de/bizer/bsbm/v01/instances/ProductType6","http://www4.wiwiss.fu-berlin.de/bizer/bsbm/v01/vocabulary/productPropertyTextual1"
1,"http://www4.wiwiss.fu-berlin.de/bizer/bsbm/v01/instances/ProductType4","http://www4.wiwiss.fu-berlin.de/bizer/bsbm/v01/vocabulary/productPropertyTextual1"
7,"http://www4.wiwiss.fu-berlin.de/bizer/bsbm/v01/vocabulary/ProductType","http://www.w3.org/1999/02/22-rdf-syntax-ns#type"
1,"http://www4.wiwiss.fu-berlin.de/bizer/bsbm/v01/vocabulary/Producer","http://www.w3.org/1999/02/22-rdf-syntax-ns#type"
4,"http://www4.wiwiss.fu-berlin.de/bizer/bsbm/v01/instances/ProductType5","http://www.w3.org/2000/01/rdf-schema#label"
10,"http://www4.wiwiss.fu-berlin.de/bizer/bsbm/v01/vocabulary/Product","http://www.w3.org/2000/01/rdf-schema#label"
1,"http://www4.wiwiss.fu-berlin.de/bizer/bsbm/v01/instances/ProductType4","http://purl.org/dc/elements/1.1/publisher"
2,"http://www4.wiwiss.fu-berlin.de/bizer/bsbm/v01/instances/ProductType5","http://www4.wiwiss.fu-berlin.de/bizer/bsbm/v01/vocabulary/productPropertyNumeric4"
1,"http://www4.wiwiss.fu-berlin.de/bizer/bsbm/v01/instances/ProductType4","http://www4.wiwiss.fu-berlin.de/bizer/bsbm/v01/vocabulary/productPropertyNumeric3"
1,"http://www4.wiwiss.fu-berlin.de/bizer/bsbm/v01/instances/ProductType4","http://www4.wiwiss.fu-berlin.de/bizer/bsbm/v01/vocabulary/productPropertyTextual4"
1,"http://www4.wiwiss.fu-berlin.de/bizer/bsbm/v01/vocabulary/Vendor","http://xmlns.com/foaf/0.1/homepage"
6,"http://xmlns.com/foaf/0.1/Person","http://www.w3.org/1999/02/22-rdf-syntax-ns#type"
289,"http://www4.wiwiss.fu-berlin.de/bizer/bsbm/v01/vocabulary/ProductFeature","http://www.w3.org/2000/01/rdf-schema#label"
7,"http://www4.wiwiss.fu-berlin.de/bizer/bsbm/v01/vocabulary/ProductType","http://www.w3.org/2000/01/rdf-schema#label"
2,"http://www4.wiwiss.fu-berlin.de/bizer/bsbm/v01/instances/ProductType4","http://www.w3.org/1999/02/22-rdf-syntax-ns#type"
6,"http://xmlns.com/foaf/0.1/Person","http://purl.org/dc/elements/1.1/date"
200,"http://www4.wiwiss.fu-berlin.de/bizer/bsbm/v01/vocabulary/Offer","http://purl.org/dc/elements/1.1/publisher"
7,"http://www4.wiwiss.fu-berlin.de/bizer/bsbm/v01/vocabulary/ProductType","http://purl.org/dc/elements/1.1/publisher"
78,"http://www4.wiwiss.fu-berlin.de/bizer/bsbm/v01/vocabulary/Review","http://www4.wiwiss.fu-berlin.de/bizer/bsbm/v01/vocabulary/rating2"
100,"http://www4.wiwiss.fu-berlin.de/bizer/bsbm/v01/vocabulary/Review","http://www4.wiwiss.fu-berlin.de/bizer/bsbm/v01/vocabulary/reviewFor"
6,"http://xmlns.com/foaf/0.1/Person","http://xmlns.com/foaf/0.1/name"
10,"http://www4.wiwiss.fu-berlin.de/bizer/bsbm/v01/vocabulary/Product","http://www4.wiwiss.fu-berlin.de/bizer/bsbm/v01/vocabulary/producer"
10,"http://www4.wiwiss.fu-berlin.de/bizer/bsbm/v01/vocabulary/Product","http://www4.wiwiss.fu-berlin.de/bizer/bsbm/v01/vocabulary/productPropertyNumeric2"
1,"http://www4.wiwiss.fu-berlin.de/bizer/bsbm/v01/instances/ProductType6","http://www4.wiwiss.fu-berlin.de/bizer/bsbm/v01/vocabulary/productPropertyTextual6"
4,"http://www4.wiwiss.fu-berlin.de/bizer/bsbm/v01/instances/ProductType5","http://purl.org/dc/elements/1.1/date"
1,"http://www4.wiwiss.fu-berlin.de/bizer/bsbm/v01/vocabulary/Vendor","http://purl.org/dc/elements/1.1/date"
200,"http://www4.wiwiss.fu-berlin.de/bizer/bsbm/v01/vocabulary/Offer","http://www4.wiwiss.fu-berlin.de/bizer/bsbm/v01/vocabulary/price"
2,"http://www4.wiwiss.fu-berlin.de/bizer/bsbm/v01/instances/ProductType5","http://www4.wiwiss.fu-berlin.de/bizer/bsbm/v01/vocabulary/productPropertyTextual4"
2,"http://www4.wiwiss.fu-berlin.de/bizer/bsbm/v01/instances/ProductType5","http://www4.wiwiss.fu-berlin.de/bizer/bsbm/v01/vocabulary/productPropertyTextual5"
5,"http://www4.wiwiss.fu-berlin.de/bizer/bsbm/v01/instances/ProductType6","http://www4.wiwiss.fu-berlin.de/bizer/bsbm/v01/vocabulary/producer"
1,"http://www4.wiwiss.fu-berlin.de/bizer/bsbm/v01/vocabulary/Product","http://www4.wiwiss.fu-berlin.de/bizer/bsbm/v01/vocabulary/productPropertyNumeric6"
1,"http://www4.wiwiss.fu-berlin.de/bizer/bsbm/v01/instances/ProductType4","http://www4.wiwiss.fu-berlin.de/bizer/bsbm/v01/vocabulary/productPropertyTextual3"
20,"http://www4.wiwiss.fu-berlin.de/bizer/bsbm/v01/vocabulary/Product","http://www.w3.org/1999/02/22-rdf-syntax-ns#type"
1,"http://www4.wiwiss.fu-berlin.de/bizer/bsbm/v01/vocabulary/Vendor","http://www.w3.org/1999/02/22-rdf-syntax-ns#type"
100,"http://www4.wiwiss.fu-berlin.de/bizer/bsbm/v01/vocabulary/Review","http://purl.org/dc/elements/1.1/publisher"
1,"http://www4.wiwiss.fu-berlin.de/bizer/bsbm/v01/vocabulary/Producer","http://purl.org/dc/elements/1.1/date"
10,"http://www4.wiwiss.fu-berlin.de/bizer/bsbm/v01/vocabulary/Product","http://purl.org/dc/elements/1.1/publisher"
78,"http://www4.wiwiss.fu-berlin.de/bizer/bsbm/v01/vocabulary/Review","http://www4.wiwiss.fu-berlin.de/bizer/bsbm/v01/vocabulary/rating1"
200,"http://www4.wiwiss.fu-berlin.de/bizer/bsbm/v01/vocabulary/Offer","http://www4.wiwiss.fu-berlin.de/bizer/bsbm/v01/vocabulary/validTo"
10,"http://www4.wiwiss.fu-berlin.de/bizer/bsbm/v01/vocabulary/Product","http://www4.wiwiss.fu-berlin.de/bizer/bsbm/v01/vocabulary/productPropertyNumeric3"
3,"http://www4.wiwiss.fu-berlin.de/bizer/bsbm/v01/instances/ProductType5","http://www4.wiwiss.fu-berlin.de/bizer/bsbm/v01/vocabulary/productPropertyNumeric5"
10,"http://www4.wiwiss.fu-berlin.de/bizer/bsbm/v01/vocabulary/Product","http://www4.wiwiss.fu-berlin.de/bizer/bsbm/v01/vocabulary/productPropertyTextual1"
4,"http://www4.wiwiss.fu-berlin.de/bizer/bsbm/v01/instances/ProductType5","http://www4.wiwiss.fu-berlin.de/bizer/bsbm/v01/vocabulary/productPropertyTextual3"
5,"http://www4.wiwiss.fu-berlin.de/bizer/bsbm/v01/instances/ProductType6","http://www4.wiwiss.fu-berlin.de/bizer/bsbm/v01/vocabulary/productPropertyNumeric1"
1,"http://www4.wiwiss.fu-berlin.de/bizer/bsbm/v01/instances/ProductType6","http://www4.wiwiss.fu-berlin.de/bizer/bsbm/v01/vocabulary/productPropertyTextual4"
8,"http://www4.wiwiss.fu-berlin.de/bizer/bsbm/v01/instances/ProductType5","http://www.w3.org/1999/02/22-rdf-syntax-ns#type"
289,"http://www4.wiwiss.fu-berlin.de/bizer/bsbm/v01/vocabulary/ProductFeature","http://purl.org/dc/elements/1.1/date"
5,"http://www4.wiwiss.fu-berlin.de/bizer/bsbm/v01/instances/ProductType6","http://purl.org/dc/elements/1.1/date"
200,"http://www4.wiwiss.fu-berlin.de/bizer/bsbm/v01/vocabulary/Offer","http://www4.wiwiss.fu-berlin.de/bizer/bsbm/v01/vocabulary/offerWebpage"
289,"http://www4.wiwiss.fu-berlin.de/bizer/bsbm/v01/vocabulary/ProductFeature","http://purl.org/dc/elements/1.1/publisher"
100,"http://www4.wiwiss.fu-berlin.de/bizer/bsbm/v01/vocabulary/Review","http://www4.wiwiss.fu-berlin.de/bizer/bsbm/v01/vocabulary/reviewDate"
200,"http://www4.wiwiss.fu-berlin.de/bizer/bsbm/v01/vocabulary/Offer","http://www4.wiwiss.fu-berlin.de/bizer/bsbm/v01/vocabulary/vendor"
4,"http://www4.wiwiss.fu-berlin.de/bizer/bsbm/v01/vocabulary/Product","http://www4.wiwiss.fu-berlin.de/bizer/bsbm/v01/vocabulary/productPropertyNumeric4"
1,"http://www4.wiwiss.fu-berlin.de/bizer/bsbm/v01/instances/ProductType6","http://www4.wiwiss.fu-berlin.de/bizer/bsbm/v01/vocabulary/productPropertyTextual5"
1,"http://www4.wiwiss.fu-berlin.de/bizer/bsbm/v01/instances/ProductType6","http://www4.wiwiss.fu-berlin.de/bizer/bsbm/v01/vocabulary/productPropertyNumeric6"
1,"http://www4.wiwiss.fu-berlin.de/bizer/bsbm/v01/vocabulary/Product","http://www4.wiwiss.fu-berlin.de/bizer/bsbm/v01/vocabulary/productPropertyTextual6"
1,"http://www4.wiwiss.fu-berlin.de/bizer/bsbm/v01/instances/ProductType4","http://www4.wiwiss.fu-berlin.de/bizer/bsbm/v01/vocabulary/productPropertyNumeric1"
1,"http://www4.wiwiss.fu-berlin.de/bizer/bsbm/v01/vocabulary/Vendor","http://www.w3.org/2000/01/rdf-schema#label"
200,"http://www4.wiwiss.fu-berlin.de/bizer/bsbm/v01/vocabulary/Offer","http://www4.wiwiss.fu-berlin.de/bizer/bsbm/v01/vocabulary/deliveryDays"
6,"http://xmlns.com/foaf/0.1/Person","http://xmlns.com/foaf/0.1/mbox_sha1sum"
10,"http://www4.wiwiss.fu-berlin.de/bizer/bsbm/v01/vocabulary/Product","http://www4.wiwiss.fu-berlin.de/bizer/bsbm/v01/vocabulary/productPropertyTextual2"
5,"http://www4.wiwiss.fu-berlin.de/bizer/bsbm/v01/instances/ProductType6","http://www4.wiwiss.fu-berlin.de/bizer/bsbm/v01/vocabulary/productPropertyTextual2"
1,"http://www4.wiwiss.fu-berlin.de/bizer/bsbm/v01/instances/ProductType6","http://www4.wiwiss.fu-berlin.de/bizer/bsbm/v01/vocabulary/productPropertyNumeric4"
1,"http://www4.wiwiss.fu-berlin.de/bizer/bsbm/v01/instances/ProductType4","http://www4.wiwiss.fu-berlin.de/bizer/bsbm/v01/vocabulary/producer"
1,"http://www4.wiwiss.fu-berlin.de/bizer/bsbm/v01/instances/ProductType4","http://www4.wiwiss.fu-berlin.de/bizer/bsbm/v01/vocabulary/productPropertyNumeric4"
1,"http://www4.wiwiss.fu-berlin.de/bizer/bsbm/v01/instances/ProductType4","http://www4.wiwiss.fu-berlin.de/bizer/bsbm/v01/vocabulary/productPropertyNumeric5"

