count,p
289,http://purl.org/dc/elements/1.1/date
289,http://purl.org/dc/elements/1.1/publisher
289,http://www.w3.org/1999/02/22-rdf-syntax-ns#type
289,http://www.w3.org/2000/01/rdf-schema#comment
289,http://www.w3.org/2000/01/rdf-schema#label
7,http://purl.org/dc/elements/1.1/date
7,http://purl.org/dc/elements/1.1/publisher
7,http://www.w3.org/1999/02/22-rdf-syntax-ns#type
7,http://www.w3.org/2000/01/rdf-schema#comment
7,http://www.w3.org/2000/01/rdf-schema#label
6,http://www.w3.org/2000/01/rdf-schema#subClassOf
1,http://purl.org/dc/elements/1.1/date
1,http://purl.org/dc/elements/1.1/publisher
2,http://www.w3.org/1999/02/22-rdf-syntax-ns#type
1,http://www.w3.org/2000/01/rdf-schema#comment
1,http://www.w3.org/2000/01/rdf-schema#label
1,http://www4.wiwiss.fu-berlin.de/bizer/bsbm/v01/vocabulary/producer
30,http://www4.wiwiss.fu-berlin.de/bizer/bsbm/v01/vocabulary/productFeature
1,http://www4.wiwiss.fu-berlin.de/bizer/bsbm/v01/vocabulary/productPropertyNumeric1
1,http://www4.wiwiss.fu-berlin.de/bizer/bsbm/v01/vocabulary/productPropertyNumeric2
1,http://www4.wiwiss.fu-berlin.de/bizer/bsbm/v01/vocabulary/productPropertyNumeric3
1,http://www4.wiwiss.fu-berlin.de/bizer/bsbm/v01/vocabulary/productPropertyNumeric4
1,http://www4.wiwiss.fu-berlin.de/bizer/bsbm/v01/vocabulary/productPropertyNumeric5
1,http://www4.wiwiss.fu-berlin.de/bizer/bsbm/v01/vocabulary/productPropertyTextual1
1,http://www4.wiwiss.fu-berlin.de/bizer/bsbm/v01/vocabulary/productPropertyTextual2
1,http://www4.wiwiss.fu-berlin.de/bizer/bsbm/v01/vocabulary/productPropertyTextual3
1,http://www4.wiwiss.fu-berlin.de/bizer/bsbm/v01/vocabulary/productPropertyTextual4
1,http://www4.wiwiss.fu-berlin.de/bizer/bsbm/v01/vocabulary/productPropertyTextual5
4,http://purl.org/dc/elements/1.1/date
4,http://purl.org/dc/elements/1.1/publisher
8,http://www.w3.org/1999/02/22-rdf-syntax-ns#type
4,http://www.w3.org/2000/01/rdf-schema#comment
4,http://www.w3.org/2000/01/rdf-schema#label
4,http://www4.wiwiss.fu-berlin.de/bizer/bsbm/v01/vocabulary/producer
75,http://www4.wiwiss.fu-berlin.de/bizer/bsbm/v01/vocabulary/productFeature
4,http://www4.wiwiss.fu-berlin.de/bizer/bsbm/v01/vocabulary/productPropertyNumeric1
4,http://www4.wiwiss.fu-berlin.de/bizer/bsbm/v01/vocabulary/productPropertyNumeric2
4,http://www4.wiwiss.fu-berlin.de/bizer/bsbm/v01/vocabulary/productPropertyNumeric3
3,http://www4.wiwiss.fu-berlin.de/bizer/bsbm/v01/vocabulary/productPropertyNumeric5
4,http://www4.wiwiss.fu-berlin.de/bizer/bsbm/v01/vocabulary/productPropertyTextual1
4,http://www4.wiwiss.fu-berlin.de/bizer/bsbm/v01/vocabulary/productPropertyTextual2
4,http://www4.wiwiss.fu-berlin.de/bizer/bsbm/v01/vocabulary/productPropertyTextual3
2,http://www4.wiwiss.fu-berlin.de/bizer/bsbm/v01/vocabulary/productPropertyTextual4
2,http://www4.wiwiss.fu-berlin.de/bizer/bsbm/v01/vocabulary/productPropertyNumeric4
2,http://www4.wiwiss.fu-berlin.de/bizer/bsbm/v01/vocabulary/productPropertyTextual5
5,http://purl.org/dc/elements/1.1/date
5,http://purl.org/dc/elements/1.1/publisher
10,http://www.w3.org/1999/02/22-rdf-syntax-ns#type
5,http://www.w3.org/2000/01/rdf-schema#comment
5,http://www.w3.org/2000/01/rdf-schema#label
5,http://www4.wiwiss.fu-berlin.de/bizer/bsbm/v01/vocabulary/producer
108,http://www4.wiwiss.fu-berlin.de/bizer/bsbm/v01/vocabulary/productFeature
5,http://www4.wiwiss.fu-berlin.de/bizer/bsbm/v01/vocabulary/productPropertyNumeric1
5,http://www4.wiwiss.fu-berlin.de/bizer/bsbm/v01/vocabulary/productPropertyNumeric2
5,http://www4.wiwiss.fu-berlin.de/bizer/bsbm/v01/vocabulary/productPropertyNumeric3
1,http://www4.wiwiss.fu-berlin.de/bizer/bsbm/v01/vocabulary/productPropertyNumeric5
5,http://www4.wiwiss.fu-berlin.de/bizer/bsbm/v01/vocabulary/productPropertyTextual1
5,http://www4.wiwiss.fu-berlin.de/bizer/bsbm/v01/vocabulary/productPropertyTextual2
5,http://www4.wiwiss.fu-berlin.de/bizer/bsbm/v01/vocabulary/productPropertyTextual3
1,http://www4.wiwiss.fu-berlin.de/bizer/bsbm/v01/vocabulary/productPropertyTextual5
1,http://www4.wiwiss.fu-berlin.de/bizer/bsbm/v01/vocabulary/productPropertyNumeric6
1,http://www4.wiwiss.fu-berlin.de/bizer/bsbm/v01/vocabulary/productPropertyTextual6
1,http://www4.wiwiss.fu-berlin.de/bizer/bsbm/v01/vocabulary/productPropertyNumeric4
1,http://www4.wiwiss.fu-berlin.de/bizer/bsbm/v01/vocabulary/productPropertyTextual4
1,http://purl.org/dc/elements/1.1/date
1,http://purl.org/dc/elements/1.1/publisher
1,http://www.w3.org/1999/02/22-rdf-syntax-ns#type
1,http://www.w3.org/2000/01/rdf-schema#comment
1,http://www.w3.org/2000/01/rdf-schema#label
1,http://www4.wiwiss.fu-berlin.de/bizer/bsbm/v01/vocabulary/country
1,http://xmlns.com/foaf/0.1/homepage
10,http://purl.org/dc/elements/1.1/date
10,http://purl.org/dc/elements/1.1/publisher
20,http://www.w3.org/1999/02/22-rdf-syntax-ns#type
10,http://www.w3.org/2000/01/rdf-schema#comment
10,http://www.w3.org/2000/01/rdf-schema#label
10,http://www4.wiwiss.fu-berlin.de/bizer/bsbm/v01/vocabulary/producer
213,http://www4.wiwiss.fu-berlin.de/bizer/bsbm/v01/vocabulary/productFeature
10,http://www4.wiwiss.fu-berlin.de/bizer/bsbm/v01/vocabulary/productPropertyNumeric1
10,http://www4.wiwiss.fu-berlin.de/bizer/bsbm/v01/vocabulary/productPropertyNumeric2
10,http://www4.wiwiss.fu-berlin.de/bizer/bsbm/v01/vocabulary/productPropertyNumeric3
5,http://www4.wiwiss.fu-berlin.de/bizer/bsbm/v01/vocabulary/productPropertyNumeric5
10,http://www4.wiwiss.fu-berlin.de/bizer/bsbm/v01/vocabulary/productPropertyTextual1
10,http://www4.wiwiss.fu-berlin.de/bizer/bsbm/v01/vocabulary/productPropertyTextual2
10,http://www4.wiwiss.fu-berlin.de/bizer/bsbm/v01/vocabulary/productPropertyTextual3
4,http://www4.wiwiss.fu-berlin.de/bizer/bsbm/v01/vocabulary/productPropertyTextual4
4,http://www4.wiwiss.fu-berlin.de/bizer/bsbm/v01/vocabulary/productPropertyNumeric4
4,http://www4.wiwiss.fu-berlin.de/bizer/bsbm/v01/vocabulary/productPropertyTextual5
1,http://www4.wiwiss.fu-berlin.de/bizer/bsbm/v01/vocabulary/productPropertyNumeric6
1,http://www4.wiwiss.fu-berlin.de/bizer/bsbm/v01/vocabulary/productPropertyTextual6
6,http://purl.org/dc/elements/1.1/date
6,http://purl.org/dc/elements/1.1/publisher
6,http://www.w3.org/1999/02/22-rdf-syntax-ns#type
6,http://www4.wiwiss.fu-berlin.de/bizer/bsbm/v01/vocabulary/country
6,http://xmlns.com/foaf/0.1/mbox_sha1sum
6,http://xmlns.com/foaf/0.1/name
1,http://purl.org/dc/elements/1.1/date
1,http://purl.org/dc/elements/1.1/publisher
1,http://www.w3.org/1999/02/22-rdf-syntax-ns#type
1,http://www.w3.org/2000/01/rdf-schema#comment
1,http://www.w3.org/2000/01/rdf-schema#label
1,http://www4.wiwiss.fu-berlin.de/bizer/bsbm/v01/vocabulary/country
1,http://xmlns.com/foaf/0.1/homepage
100,http://purl.org/dc/elements/1.1/date
100,http://purl.org/dc/elements/1.1/publisher
100,http://purl.org/dc/elements/1.1/title
100,http://purl.org/stuff/rev#reviewer
100,http://purl.org/stuff/rev#text
100,http://www.w3.org/1999/02/22-rdf-syntax-ns#type
78,http://www4.wiwiss.fu-berlin.de/bizer/bsbm/v01/vocabulary/rating2
66,http://www4.wiwiss.fu-berlin.de/bizer/bsbm/v01/vocabulary/rating3
100,http://www4.wiwiss.fu-berlin.de/bizer/bsbm/v01/vocabulary/reviewDate
100,http://www4.wiwiss.fu-berlin.de/bizer/bsbm/v01/vocabulary/reviewFor
78,http://www4.wiwiss.fu-berlin.de/bizer/bsbm/v01/vocabulary/rating1
67,http://www4.wiwiss.fu-berlin.de/bizer/bsbm/v01/vocabulary/rating4
200,http://purl.org/dc/elements/1.1/date
200,http://purl.org/dc/elements/1.1/publisher
200,http://www.w3.org/1999/02/22-rdf-syntax-ns#type
200,http://www4.wiwiss.fu-berlin.de/bizer/bsbm/v01/vocabulary/deliveryDays
200,http://www4.wiwiss.fu-berlin.de/bizer/bsbm/v01/vocabulary/offerWebpage
200,http://www4.wiwiss.fu-berlin.de/bizer/bsbm/v01/vocabulary/price
200,http://www4.wiwiss.fu-berlin.de/bizer/bsbm/v01/vocabulary/product
200,http://www4.wiwiss.fu-berlin.de/bizer/bsbm/v01/vocabulary/validFrom
200,http://www4.wiwiss.fu-berlin.de/bizer/bsbm/v01/vocabulary/validTo
200,http://www4.wiwiss.fu-berlin.de/bizer/bsbm/v01/vocabulary/vendor
