"count","c"
115839,"http://dbpedia.org/ontology/Eukaryote"
777,"http://dbpedia.org/ontology/Game"
283,"http://dbpedia.org/ontology/Artery"
14,"http://dbpedia.org/ontology/AutoRacingLeague"
445,"http://dbpedia.org/ontology/PokerPlayer"
1078,"http://dbpedia.org/ontology/ShoppingMall"
2208,"http://dbpedia.org/ontology/Cyclist"
2,"http://dbpedia.org/ontology/PoloLeague"
15632,"http://dbpedia.org/ontology/Software"
1539,"http://dbpedia.org/ontology/Congressman"
40154,"http://xmlns.com/foaf/0.1/Person"
8808,"http://dbpedia.org/ontology/Ship"
518,"http://dbpedia.org/ontology/Fern"
1573,"http://dbpedia.org/ontology/Magazine"
3059,"http://dbpedia.org/ontology/Automobile"
737,"http://dbpedia.org/ontology/Lighthouse"
1244,"http://dbpedia.org/ontology/RecordLabel"
518,"http://dbpedia.org/ontology/Comedian"
21432,"http://dbpedia.org/ontology/Single"
105,"http://dbpedia.org/ontology/Cave"
6385,"http://dbpedia.org/ontology/Road"
50,"http://dbpedia.org/ontology/College"
65,"http://dbpedia.org/ontology/Sport"
9655,"http://dbpedia.org/ontology/City"
1403,"http://dbpedia.org/ontology/Arachnid"
2894,"http://dbpedia.org/ontology/CollegeCoach"
3656,"http://dbpedia.org/ontology/BritishRoyalty"
1079,"http://dbpedia.org/ontology/Non-ProfitOrganisation"
13404,"http://dbpedia.org/ontology/OfficeHolder"
7053,"http://dbpedia.org/ontology/Mollusca"
8224,"http://dbpedia.org/ontology/FloweringPlant"
3,"http://dbpedia.org/ontology/AustralianFootballLeague"
10,"http://dbpedia.org/ontology/LacrosseLeague"
3436,"http://dbpedia.org/ontology/ProtectedArea"
3738,"http://dbpedia.org/ontology/Disease"
4264,"http://dbpedia.org/ontology/Cleric"
199,"http://dbpedia.org/ontology/Race"
296,"http://dbpedia.org/ontology/SiteOfSpecialScientificInterest"
20583,"http://dbpedia.org/ontology/MusicalArtist"
1288,"http://dbpedia.org/ontology/Crustacean"
43,"http://dbpedia.org/ontology/WomensTennisAssociationTournament"
52,"http://dbpedia.org/ontology/Olympics"
514,"http://dbpedia.org/ontology/PlayboyPlaymate"
118,"http://dbpedia.org/ontology/FilmFestival"
49677,"http://dbpedia.org/ontology/AdministrativeRegion"
105,"http://dbpedia.org/ontology/BaseballLeague"
17008,"http://dbpedia.org/ontology/MeanOfTransportation"
2,"http://dbpedia.org/ontology/SpeedwayLeague"
93607,"http://dbpedia.org/ontology/Organisation"
21459,"http://dbpedia.org/ontology/EducationalInstitution"
428,"http://dbpedia.org/ontology/MusicFestival"
12545,"http://dbpedia.org/ontology/GridironFootballPlayer"
77181,"http://dbpedia.org/ontology/Animal"
730,"http://dbpedia.org/ontology/Judge"
842,"http://dbpedia.org/ontology/Activity"
104,"http://dbpedia.org/ontology/Cycad"
24258,"http://dbpedia.org/ontology/Town"
341,"http://dbpedia.org/ontology/VoiceActor"
308376,"http://dbpedia.org/ontology/Place"
8,"http://dbpedia.org/ontology/MotorcycleRacingLeague"
604,"http://dbpedia.org/ontology/FormulaOneRacer"
63972,"http://dbpedia.org/ontology/Artist"
62,"http://dbpedia.org/ontology/Spacecraft"
13881,"http://dbpedia.org/ontology/Device"
8516,"http://dbpedia.org/ontology/Fish"
678,"http://dbpedia.org/ontology/Model"
23364,"http://dbpedia.org/ontology/Company"
1653,"http://dbpedia.org/ontology/Bridge"
26,"http://dbpedia.org/ontology/Gnetophytes"
3326,"http://dbpedia.org/ontology/MemberOfParliament"
721,"http://dbpedia.org/ontology/GrandPrix"
3742,"http://dbpedia.org/ontology/ComicsCharacter"
318,"http://dbpedia.org/ontology/Bone"
536,"http://dbpedia.org/ontology/Architect"
167,"http://dbpedia.org/ontology/Vein"
1922,"http://dbpedia.org/ontology/EthnicGroup"
7,"http://dbpedia.org/ontology/Continent"
10,"http://dbpedia.org/ontology/InlineHockeyLeague"
4943,"http://dbpedia.org/ontology/Aircraft"
117,"http://dbpedia.org/ontology/SoccerLeague"
236,"http://dbpedia.org/ontology/Currency"
1,"http://dbpedia.org/ontology/SoftballLeague"
4,"http://dbpedia.org/ontology/TennisLeague"
468,"http://dbpedia.org/ontology/MusicGenre"
30,"http://dbpedia.org/ontology/Valley"
452,"http://dbpedia.org/ontology/Award"
637,"http://dbpedia.org/ontology/Mayor"
1755,"http://dbpedia.org/ontology/SportsEvent"
12320,"http://dbpedia.org/ontology/Planet"
134,"http://dbpedia.org/ontology/Archaea"
19987,"http://dbpedia.org/ontology/BodyOfWater"
16,"http://dbpedia.org/ontology/VolleyballLeague"
4986,"http://dbpedia.org/ontology/ChemicalCompound"
3,"http://dbpedia.org/ontology/HandballLeague"
73,"http://dbpedia.org/ontology/Canal"
31115,"http://dbpedia.org/ontology/Film"
30083,"http://dbpedia.org/ontology/Insect"
1767,"http://dbpedia.org/ontology/Country"
279,"http://dbpedia.org/ontology/BadmintonPlayer"
205,"http://dbpedia.org/ontology/Ambassador"
7268,"http://dbpedia.org/ontology/Airport"
48,"http://dbpedia.org/ontology/LaunchPad"
449,"http://dbpedia.org/ontology/NascarDriver"
5,"http://dbpedia.org/ontology/CricketLeague"
1294,"http://dbpedia.org/ontology/PrimeMinister"
12,"http://dbpedia.org/ontology/FieldHockeyLeague"
4522,"http://dbpedia.org/ontology/Reptile"
1298,"http://dbpedia.org/ontology/GaelicGamesPlayer"
350,"http://dbpedia.org/ontology/NationalCollegiateAthleticAssociationAthlete"
262,"http://dbpedia.org/ontology/Pope"
7872,"http://dbpedia.org/ontology/RadioStation"
185,"http://dbpedia.org/ontology/Grape"
267,"http://dbpedia.org/ontology/Convention"
10008,"http://dbpedia.org/ontology/TelevisionShow"
2448,"http://dbpedia.org/ontology/RugbyPlayer"
407,"http://dbpedia.org/ontology/Brain"
93203,"http://dbpedia.org/ontology/Athlete"
61762,"http://dbpedia.org/ontology/Album"
6450,"http://dbpedia.org/ontology/Mammal"
232288,"http://dbpedia.org/ontology/PopulatedPlace"
6385,"http://dbpedia.org/ontology/Infrastructure"
3,"http://dbpedia.org/ontology/CanadianFootballLeague"
7339,"http://dbpedia.org/ontology/AmericanFootballPlayer"
964,"http://dbpedia.org/ontology/Boxer"
14,"http://dbpedia.org/ontology/CanadianFootballTeam"
2680,"http://dbpedia.org/ontology/Song"
7,"http://dbpedia.org/ontology/SpaceShuttle"
8182,"http://dbpedia.org/ontology/MilitaryUnit"
2,"http://dbpedia.org/ontology/Monument"
558,"http://dbpedia.org/ontology/OlympicResult"
1755,"http://dbpedia.org/ontology/Governor"
201,"http://dbpedia.org/ontology/Muscle"
10899,"http://dbpedia.org/ontology/MilitaryPerson"
650,"http://dbpedia.org/ontology/Sales"
9044,"http://dbpedia.org/ontology/SoccerClub"
148,"http://dbpedia.org/ontology/BasketballLeague"
1291,"http://dbpedia.org/ontology/AdultActor"
266,"http://dbpedia.org/ontology/Moss"
49,"http://dbpedia.org/ontology/AmericanFootballLeague"
30775,"http://dbpedia.org/ontology/Actor"
64,"http://dbpedia.org/ontology/RugbyLeague"
8683,"http://dbpedia.org/ontology/Bird"
293,"http://dbpedia.org/ontology/Legislature"
1114,"http://dbpedia.org/ontology/Journalist"
889,"http://dbpedia.org/ontology/Hospital"
47,"http://dbpedia.org/ontology/HockeyTeam"
1297,"http://dbpedia.org/ontology/SupremeCourtOfTheUnitedStatesCase"
3439,"http://dbpedia.org/ontology/Stadium"
53,"http://dbpedia.org/ontology/YearInSpaceflight"
5807,"http://dbpedia.org/ontology/Fungus"
2285,"http://dbpedia.org/ontology/Language"
617,"http://dbpedia.org/ontology/Conifer"
67,"http://dbpedia.org/ontology/Chancellor"
253,"http://dbpedia.org/ontology/Nerve"
13262,"http://dbpedia.org/ontology/River"
528,"http://dbpedia.org/ontology/Cardinal"
725,"http://dbpedia.org/ontology/Senator"
1089,"http://dbpedia.org/ontology/TennisPlayer"
104,"http://dbpedia.org/ontology/IceHockeyLeague"
9447,"http://dbpedia.org/ontology/Event"
478969,"http://www.w3.org/2004/02/skos/core#Concept"
276,"http://dbpedia.org/ontology/GreenAlga"
48,"http://dbpedia.org/ontology/ClubMoss"
1899,"http://dbpedia.org/ontology/Airline"
6685,"http://dbpedia.org/ontology/SoccerManager"
14110,"http://dbpedia.org/ontology/Band"
1995,"http://dbpedia.org/ontology/Newspaper"
1187,"http://dbpedia.org/ontology/Monarch"
644,"http://dbpedia.org/ontology/Park"
93,"http://dbpedia.org/ontology/SpaceMission"
4603,"http://dbpedia.org/ontology/TelevisionEpisode"
116,"http://dbpedia.org/ontology/Bacteria"
3,"http://dbpedia.org/ontology/Ginkgo"
1411,"http://dbpedia.org/ontology/Island"
14508,"http://dbpedia.org/ontology/School"
1930,"http://dbpedia.org/ontology/Skyscraper"
59,"http://dbpedia.org/ontology/Lymph"
601,"http://dbpedia.org/ontology/WorldHeritageSite"
13360,"http://dbpedia.org/ontology/Stream"
203,"http://dbpedia.org/ontology/WineRegion"
1750,"http://dbpedia.org/ontology/President"
1312,"http://dbpedia.org/ontology/FigureSkater"
1730,"http://dbpedia.org/ontology/Saint"
9130,"http://dbpedia.org/ontology/SportsTeam"
1105,"http://dbpedia.org/ontology/BasketballPlayer"
11179,"http://dbpedia.org/ontology/AutomobileEngine"
474,"http://dbpedia.org/ontology/MixedMartialArtsEvent"
256256,"http://dbpedia.org/ontology/Person"
1293,"http://dbpedia.org/ontology/Website"
1071,"http://dbpedia.org/ontology/MountainRange"
4913,"http://dbpedia.org/ontology/Cricketer"
10,"http://dbpedia.org/ontology/SpaceStation"
17122,"http://dbpedia.org/ontology/HistoricPlace"
266,"http://dbpedia.org/ontology/WrestlingEvent"
25,"http://dbpedia.org/ontology/AmericanFootballTeam"
179426,"http://dbpedia.org/ontology/Settlement"
5198,"http://dbpedia.org/ontology/IceHockeyPlayer"
969,"http://dbpedia.org/ontology/Protein"
298,"http://dbpedia.org/ontology/SkiArea"
773,"http://dbpedia.org/ontology/Criminal"
445,"http://dbpedia.org/ontology/Astronaut"
47441,"http://dbpedia.org/ontology/SoccerPlayer"
85874,"http://dbpedia.org/ontology/MusicalWork"
9322,"http://dbpedia.org/ontology/BaseballPlayer"
364,"http://dbpedia.org/ontology/Beverage"
1567,"http://dbpedia.org/ontology/ComicsCreator"
781,"http://dbpedia.org/ontology/Philosopher"
784,"http://dbpedia.org/ontology/EurovisionSongContestEntry"
120,"http://dbpedia.org/ontology/Embryology"
6783,"http://dbpedia.org/ontology/Mountain"
5899,"http://dbpedia.org/ontology/FictionalCharacter"
6901,"http://dbpedia.org/ontology/University"
6733,"http://dbpedia.org/ontology/MilitaryConflict"
44019,"http://dbpedia.org/ontology/Village"
7057,"http://dbpedia.org/ontology/Scientist"
766,"http://dbpedia.org/ontology/SportsLeague"
656,"http://dbpedia.org/ontology/Musical"
119,"http://dbpedia.org/ontology/Rocket"
3573,"http://dbpedia.org/ontology/Drug"
3,"http://dbpedia.org/ontology/VideogamesLeague"
168,"http://dbpedia.org/ontology/Colour"
5345,"http://dbpedia.org/ontology/Station"
6623,"http://dbpedia.org/ontology/Lake"
386141,"http://www.opengis.net/gml/_Feature"
24038,"http://dbpedia.org/ontology/Building"
15774,"http://dbpedia.org/ontology/Politician"
162177,"http://dbpedia.org/ontology/Work"
5993,"http://dbpedia.org/ontology/Amphibian"
32450,"http://dbpedia.org/ontology/Plant"
10721,"http://dbpedia.org/ontology/Book"
2940,"http://dbpedia.org/ontology/AnatomicalStructure"
2702,"http://dbpedia.org/ontology/Weapon"
1744,"http://dbpedia.org/ontology/ChristianBishop"
1,"http://dbpedia.org/ontology/MixedMartialArtsLeague"
1130,"http://dbpedia.org/ontology/LunarCrater"
4098,"http://dbpedia.org/ontology/Broadcast"
117959,"http://dbpedia.org/ontology/Species"
1678,"http://dbpedia.org/ontology/Wrestler"
7179,"http://dbpedia.org/ontology/Writer"
18088,"http://dbpedia.org/ontology/PersonFunction"
10377,"http://dbpedia.org/ontology/VideoGame"
936,"http://dbpedia.org/ontology/TradeUnion"
1042245,"http://www.w3.org/2002/07/owl#Thing"

